Oct 30, 2014 12:11:44 PM org.apache.coyote.http11.Http11Protocol pause
INFO: Pausing Coyote HTTP/1.1 on http-8090
Oct 30, 2014 12:11:45 PM org.apache.catalina.core.StandardService stop
INFO: Stopping service Catalina
Oct 30, 2014 12:11:46 PM org.apache.catalina.loader.WebappClassLoader clearReferencesJdbc
SEVERE: The web application [/messageprocessor] registered the JDBC driver [org.hsqldb.jdbc.JDBCDriver] but failed to unregister it when the web application was stopped. To prevent a memory leak, the JDBC Driver has been forcibly unregistered.
Oct 30, 2014 12:11:46 PM org.apache.catalina.loader.WebappClassLoader clearThreadLocalMap
SEVERE: The web application [/messageprocessor] created a ThreadLocal with key of type [com.tplus.transform.runtime.vm.WeakThreadLocal] (value [com.tplus.transform.runtime.vm.WeakThreadLocal@116c00a]) and a value of type [java.lang.ref.WeakReference] (value [java.lang.ref.WeakReference@99fe37]) but failed to remove it when the web application was stopped. This is very likely to create a memory leak.
Oct 30, 2014 12:11:46 PM org.apache.catalina.loader.WebappClassLoader clearThreadLocalMap
SEVERE: The web application [/messageprocessor] created a ThreadLocal with key of type [java.lang.ThreadLocal] (value [java.lang.ThreadLocal@1007a]) and a value of type [com.volante.component.server.transaction.TransactionManagerImpl.ThreadInfo] (value [com.volante.component.server.transaction.TransactionManagerImpl$ThreadInfo@1c66756]) but failed to remove it when the web application was stopped. This is very likely to create a memory leak.
Oct 30, 2014 12:11:46 PM org.apache.catalina.loader.WebappClassLoader clearThreadLocalMap
SEVERE: The web application [/messageprocessor] created a ThreadLocal with key of type [com.tplus.transform.runtime.vm.WeakThreadLocal] (value [com.tplus.transform.runtime.vm.WeakThreadLocal@116c00a]) and a value of type [java.lang.ref.WeakReference] (value [java.lang.ref.WeakReference@aa4b4b]) but failed to remove it when the web application was stopped. This is very likely to create a memory leak.
Oct 30, 2014 12:11:46 PM org.apache.catalina.loader.WebappClassLoader clearThreadLocalMap
SEVERE: The web application [/messageprocessor] created a ThreadLocal with key of type [com.tplus.transform.lang.FloatingDecimal$1] (value [com.tplus.transform.lang.FloatingDecimal$1@355b88]) and a value of type [char[]] (value [[C@10c4b29]) but failed to remove it when the web application was stopped. This is very likely to create a memory leak.
Oct 30, 2014 12:11:46 PM org.apache.catalina.loader.WebappClassLoader clearThreadLocalMap
SEVERE: The web application [/messageprocessor] created a ThreadLocal with key of type [java.lang.ThreadLocal] (value [java.lang.ThreadLocal@1007a]) and a value of type [com.volante.component.server.transaction.TransactionManagerImpl.ThreadInfo] (value [com.volante.component.server.transaction.TransactionManagerImpl$ThreadInfo@1a83bf]) but failed to remove it when the web application was stopped. This is very likely to create a memory leak.
Oct 30, 2014 12:11:46 PM org.apache.catalina.loader.WebappClassLoader clearThreadLocalMap
SEVERE: The web application [/messageprocessor] created a ThreadLocal with key of type [com.tplus.transform.runtime.vm.WeakThreadLocal] (value [com.tplus.transform.runtime.vm.WeakThreadLocal@116c00a]) and a value of type [java.lang.ref.WeakReference] (value [java.lang.ref.WeakReference@bf969b]) but failed to remove it when the web application was stopped. This is very likely to create a memory leak.
Oct 30, 2014 12:11:46 PM org.apache.catalina.loader.WebappClassLoader clearThreadLocalMap
SEVERE: The web application [/messageprocessor] created a ThreadLocal with key of type [com.tplus.transform.lang.FloatingDecimal$1] (value [com.tplus.transform.lang.FloatingDecimal$1@355b88]) and a value of type [char[]] (value [[C@38a3ba]) but failed to remove it when the web application was stopped. This is very likely to create a memory leak.
Oct 30, 2014 12:11:46 PM org.apache.catalina.loader.WebappClassLoader clearThreadLocalMap
SEVERE: The web application [/messageprocessor] created a ThreadLocal with key of type [java.lang.ThreadLocal] (value [java.lang.ThreadLocal@1007a]) and a value of type [com.volante.component.server.transaction.TransactionManagerImpl.ThreadInfo] (value [com.volante.component.server.transaction.TransactionManagerImpl$ThreadInfo@8539b0]) but failed to remove it when the web application was stopped. This is very likely to create a memory leak.
Oct 30, 2014 12:11:49 PM org.apache.coyote.http11.Http11Protocol destroy
INFO: Stopping Coyote HTTP/1.1 on http-8090
