Aug 15, 2013 6:44:06 PM org.apache.catalina.core.AprLifecycleListener init
INFO: The APR based Apache Tomcat Native library which allows optimal performance in production environments was not found on the java.library.path: D:\Volante_Installs\Volante_R500B1400\jre\bin;C:\Windows\Sun\Java\bin;C:\Windows\system32;C:\Windows;D:\Oracle_XE\app\oracle\product\11.2.0\server\bin;;C:\Program Files\Common Files\Microsoft Shared\Windows Live;C:\Program Files (x86)\Common Files\Microsoft Shared\Windows Live;C:\Program Files (x86)\Intel\iCLS Client\;C:\Program Files\Intel\iCLS Client\;C:\Program Files (x86)\NVIDIA Corporation\PhysX\Common;C:\Windows\system32;C:\Windows;C:\Windows\System32\Wbem;C:\Program Files\Intel\Intel(R) Management Engine Components\DAL;C:\Program Files\Intel\Intel(R) Management Engine Components\IPT;C:\Program Files (x86)\Intel\Intel(R) Management Engine Components\DAL;C:\Program Files (x86)\Intel\Intel(R) Management Engine Components\IPT;C:\Program Files (x86)\Windows Live\Shared;C:\Program Files (x86)\Intel\OpenCL SDK\2.0\bin\x86;C:\Program Files (x86)\Intel\OpenCL SDK\2.0\bin\x64;D:\Program Files (x86)\jZip;C:\Program Files (x86)\Java\jre7\bin;D:\Program Files (x86)\apache-ant-1.8.4\bin;C:\Windows\System32\WindowsPowerShell\v1.0\;D:\Volante_Installs\utils\apache-maven-3.0.4\bin;D:\Volante_Installs\utils\apache-ant-1.9.0\bin;C:\Windows\System32\WindowsPowerShell\v1.0\;D:\Program Files (x86)\UltraEdit-32;.
Aug 15, 2013 6:44:07 PM org.apache.tomcat.util.digester.SetPropertiesRule begin
WARNING: [SetPropertiesRule]{Server/Service/Engine/Host/Context} Setting property 'debug' to '0' did not find a matching property.
Aug 15, 2013 6:44:08 PM org.apache.coyote.http11.Http11Protocol init
INFO: Initializing Coyote HTTP/1.1 on http-8090
Aug 15, 2013 6:44:08 PM org.apache.catalina.startup.Catalina load
INFO: Initialization processed in 2161 ms
Aug 15, 2013 6:44:08 PM org.apache.catalina.core.StandardService start
INFO: Starting service Catalina
Aug 15, 2013 6:44:08 PM org.apache.catalina.core.StandardEngine start
INFO: Starting Servlet Engine: Apache Tomcat/6.0.35
Aug 15, 2013 6:44:09 PM org.apache.catalina.startup.HostConfig deployDescriptor
INFO: Deploying configuration descriptor host-manager.xml
Aug 15, 2013 6:44:09 PM org.apache.catalina.startup.HostConfig deployDescriptor
INFO: Deploying configuration descriptor manager.xml
Aug 15, 2013 6:44:09 PM org.apache.catalina.startup.HostConfig deployDescriptor
INFO: Deploying configuration descriptor messageprocessor.xml
Aug 15, 2013 6:44:09 PM org.apache.catalina.startup.HostConfig deployDescriptor
INFO: Deploying configuration descriptor webformrepair.xml
Aug 15, 2013 6:44:09 PM org.apache.catalina.startup.HostConfig deployWAR
INFO: Deploying web application archive OTCReporting.war
Aug 15, 2013 6:44:11 PM org.apache.catalina.loader.WebappClassLoader validateJarFile
INFO: validateJarFile(D:\Volante_Installs\Volante_R500B1400\runtime\apache-tomcat\webapps\OTCReporting\WEB-INF\lib\servlet-api-2.5-20081211.jar) - jar not loaded. See Servlet Spec 2.3, section 9.7.2. Offending class: javax/servlet/Servlet.class
Aug 15, 2013 6:44:11 PM org.apache.catalina.loader.WebappClassLoader validateJarFile
INFO: validateJarFile(D:\Volante_Installs\Volante_R500B1400\runtime\apache-tomcat\webapps\OTCReporting\WEB-INF\lib\servlet-api-2.5-6.1.14.jar) - jar not loaded. See Servlet Spec 2.3, section 9.7.2. Offending class: javax/servlet/Servlet.class
Aug 15, 2013 6:44:18 PM org.apache.catalina.startup.HostConfig deployWAR
INFO: Deploying web application archive vte.war
Aug 15, 2013 6:44:19 PM org.apache.catalina.startup.HostConfig deployDirectory
INFO: Deploying web application directory docs
Aug 15, 2013 6:44:19 PM org.apache.catalina.startup.HostConfig deployDirectory
INFO: Deploying web application directory examples
Aug 15, 2013 6:44:19 PM org.apache.catalina.startup.HostConfig deployDirectory
INFO: Deploying web application directory ROOT
Aug 15, 2013 6:44:19 PM org.apache.coyote.http11.Http11Protocol start
INFO: Starting Coyote HTTP/1.1 on http-8090
Aug 15, 2013 6:44:19 PM org.apache.jk.common.ChannelSocket init
INFO: JK: ajp13 listening on /0.0.0.0:8009
Aug 15, 2013 6:44:19 PM org.apache.jk.server.JkMain start
INFO: Jk running ID=0 time=0/62  config=null
Aug 15, 2013 6:44:19 PM org.apache.catalina.startup.Catalina start
INFO: Server startup in 11550 ms
Aug 15, 2013 6:46:03 PM org.apache.coyote.http11.Http11Protocol pause
INFO: Pausing Coyote HTTP/1.1 on http-8090
Aug 15, 2013 6:46:04 PM org.apache.catalina.core.StandardService stop
INFO: Stopping service Catalina
Aug 15, 2013 6:46:10 PM org.apache.catalina.loader.WebappClassLoader clearReferencesJdbc
SEVERE: The web application [/OTCReporting] registered the JDBC driver [oracle.jdbc.driver.OracleDriver] but failed to unregister it when the web application was stopped. To prevent a memory leak, the JDBC Driver has been forcibly unregistered.
Aug 15, 2013 6:46:10 PM org.apache.catalina.loader.WebappClassLoader clearReferencesThreads
SEVERE: The web application [/OTCReporting] appears to have started a thread named [ActiveMQ Task-1] but has failed to stop it. This is very likely to create a memory leak.
Aug 15, 2013 6:46:10 PM org.apache.catalina.loader.WebappClassLoader clearThreadLocalMap
SEVERE: The web application [/OTCReporting] created a ThreadLocal with key of type [com.sun.xml.bind.v2.ClassFactory$1] (value [com.sun.xml.bind.v2.ClassFactory$1@1d3aff]) and a value of type [java.util.WeakHashMap] (value [{class javax.xml.bind.annotation.adapters.CollapsedStringAdapter=java.lang.ref.WeakReference@aa630d, class org.apache.camel.model.ConvertBodyDefinition=java.lang.ref.WeakReference@4d11cd, class org.apache.camel.model.LogDefinition=java.lang.ref.WeakReference@1cbcdc9, class org.apache.camel.model.language.SimpleExpression=java.lang.ref.WeakReference@1337f6f, class org.apache.camel.model.FilterDefinition=java.lang.ref.WeakReference@1f3813d, class org.apache.camel.model.ToDefinition=java.lang.ref.WeakReference@1a9e35c, class org.apache.camel.model.FromDefinition=java.lang.ref.WeakReference@8dd4d9, class org.apache.camel.model.RouteDefinition=java.lang.ref.WeakReference@19119d2, class org.apache.camel.spring.CamelContextFactoryBean=java.lang.ref.WeakReference@1366544}]) but failed to remove it when the web application was stopped. This is very likely to create a memory leak.
Aug 15, 2013 6:46:11 PM org.apache.catalina.loader.WebappClassLoader clearReferencesJdbc
SEVERE: The web application [/repository] registered the JDBC driver [org.hsqldb.jdbcDriver] but failed to unregister it when the web application was stopped. To prevent a memory leak, the JDBC Driver has been forcibly unregistered.
