Aug 22, 2014 1:04:25 PM org.apache.coyote.http11.Http11Protocol pause
INFO: Pausing Coyote HTTP/1.1 on http-8090
Aug 22, 2014 1:04:26 PM org.apache.catalina.core.StandardService stop
INFO: Stopping service Catalina
Aug 22, 2014 1:04:26 PM org.apache.catalina.loader.WebappClassLoader clearReferencesJdbc
SEVERE: The web application [/sadcdemodash] registered the JDBC driver [org.hsqldb.jdbc.JDBCDriver] but failed to unregister it when the web application was stopped. To prevent a memory leak, the JDBC Driver has been forcibly unregistered.
Aug 22, 2014 1:04:26 PM org.apache.catalina.loader.WebappClassLoader clearThreadLocalMap
SEVERE: The web application [/sadcdemodash] created a ThreadLocal with key of type [com.tplus.transform.runtime.vm.WeakThreadLocal] (value [com.tplus.transform.runtime.vm.WeakThreadLocal@1881d7e]) and a value of type [java.lang.ref.WeakReference] (value [java.lang.ref.WeakReference@148411c]) but failed to remove it when the web application was stopped. This is very likely to create a memory leak.
Aug 22, 2014 1:04:26 PM org.apache.catalina.loader.WebappClassLoader clearThreadLocalMap
SEVERE: The web application [/sadcdemodash] created a ThreadLocal with key of type [java.lang.ThreadLocal] (value [java.lang.ThreadLocal@aaa02e]) and a value of type [com.volante.component.server.transaction.TransactionManagerImpl.ThreadInfo] (value [com.volante.component.server.transaction.TransactionManagerImpl$ThreadInfo@1fa4a19]) but failed to remove it when the web application was stopped. This is very likely to create a memory leak.
Aug 22, 2014 1:04:26 PM org.apache.catalina.loader.WebappClassLoader clearThreadLocalMap
SEVERE: The web application [/sadcdemodash] created a ThreadLocal with key of type [com.tplus.transform.runtime.vm.WeakThreadLocal] (value [com.tplus.transform.runtime.vm.WeakThreadLocal@1881d7e]) and a value of type [java.lang.ref.WeakReference] (value [java.lang.ref.WeakReference@116bb9b]) but failed to remove it when the web application was stopped. This is very likely to create a memory leak.
Aug 22, 2014 1:04:26 PM org.apache.catalina.loader.WebappClassLoader clearThreadLocalMap
SEVERE: The web application [/sadcdemodash] created a ThreadLocal with key of type [java.lang.ThreadLocal] (value [java.lang.ThreadLocal@aaa02e]) and a value of type [com.volante.component.server.transaction.TransactionManagerImpl.ThreadInfo] (value [com.volante.component.server.transaction.TransactionManagerImpl$ThreadInfo@176d64a]) but failed to remove it when the web application was stopped. This is very likely to create a memory leak.
Aug 22, 2014 1:04:26 PM org.apache.catalina.loader.WebappClassLoader clearThreadLocalMap
SEVERE: The web application [/sadcdemodash] created a ThreadLocal with key of type [com.tplus.transform.runtime.vm.WeakThreadLocal] (value [com.tplus.transform.runtime.vm.WeakThreadLocal@1881d7e]) and a value of type [java.lang.ref.WeakReference] (value [java.lang.ref.WeakReference@eebafa]) but failed to remove it when the web application was stopped. This is very likely to create a memory leak.
Aug 22, 2014 1:04:26 PM org.apache.catalina.loader.WebappClassLoader clearThreadLocalMap
SEVERE: The web application [/sadcdemodash] created a ThreadLocal with key of type [java.lang.ThreadLocal] (value [java.lang.ThreadLocal@aaa02e]) and a value of type [com.volante.component.server.transaction.TransactionManagerImpl.ThreadInfo] (value [com.volante.component.server.transaction.TransactionManagerImpl$ThreadInfo@135a7e1]) but failed to remove it when the web application was stopped. This is very likely to create a memory leak.
Aug 22, 2014 1:04:27 PM org.apache.catalina.loader.WebappClassLoader clearReferencesJdbc
SEVERE: The web application [/messageprocessor] registered the JDBC driver [org.hsqldb.jdbc.JDBCDriver] but failed to unregister it when the web application was stopped. To prevent a memory leak, the JDBC Driver has been forcibly unregistered.
Aug 22, 2014 1:04:27 PM org.apache.catalina.loader.WebappClassLoader clearThreadLocalMap
SEVERE: The web application [/messageprocessor] created a ThreadLocal with key of type [com.tplus.transform.runtime.vm.WeakThreadLocal] (value [com.tplus.transform.runtime.vm.WeakThreadLocal@c9e1f9]) and a value of type [java.lang.ref.WeakReference] (value [java.lang.ref.WeakReference@12c2a3]) but failed to remove it when the web application was stopped. This is very likely to create a memory leak.
Aug 22, 2014 1:04:27 PM org.apache.catalina.loader.WebappClassLoader clearThreadLocalMap
SEVERE: The web application [/messageprocessor] created a ThreadLocal with key of type [com.tplus.transform.lang.FloatingDecimal$1] (value [com.tplus.transform.lang.FloatingDecimal$1@1a87817]) and a value of type [char[]] (value [[C@1645af6]) but failed to remove it when the web application was stopped. This is very likely to create a memory leak.
Aug 22, 2014 1:04:27 PM org.apache.catalina.loader.WebappClassLoader clearThreadLocalMap
SEVERE: The web application [/messageprocessor] created a ThreadLocal with key of type [java.lang.ThreadLocal] (value [java.lang.ThreadLocal@19008b0]) and a value of type [com.volante.component.server.transaction.TransactionManagerImpl.ThreadInfo] (value [com.volante.component.server.transaction.TransactionManagerImpl$ThreadInfo@12a62cb]) but failed to remove it when the web application was stopped. This is very likely to create a memory leak.
Aug 22, 2014 1:04:27 PM org.apache.catalina.loader.WebappClassLoader clearThreadLocalMap
SEVERE: The web application [/messageprocessor] created a ThreadLocal with key of type [com.tplus.transform.runtime.vm.WeakThreadLocal] (value [com.tplus.transform.runtime.vm.WeakThreadLocal@c9e1f9]) and a value of type [java.lang.ref.WeakReference] (value [java.lang.ref.WeakReference@1bc1abf]) but failed to remove it when the web application was stopped. This is very likely to create a memory leak.
Aug 22, 2014 1:04:28 PM org.apache.catalina.loader.WebappClassLoader clearThreadLocalMap
SEVERE: The web application [/vte] created a ThreadLocal with key of type [com.tplus.transform.runtime.vm.WeakThreadLocal] (value [com.tplus.transform.runtime.vm.WeakThreadLocal@3f2e65]) and a value of type [java.lang.ref.WeakReference] (value [java.lang.ref.WeakReference@1ff2589]) but failed to remove it when the web application was stopped. This is very likely to create a memory leak.
Aug 22, 2014 1:04:28 PM org.apache.catalina.loader.WebappClassLoader clearThreadLocalMap
SEVERE: The web application [/vte] created a ThreadLocal with key of type [java.lang.ThreadLocal] (value [java.lang.ThreadLocal@1f95cf6]) and a value of type [com.volante.component.server.transaction.TransactionManagerImpl.ThreadInfo] (value [com.volante.component.server.transaction.TransactionManagerImpl$ThreadInfo@46406b]) but failed to remove it when the web application was stopped. This is very likely to create a memory leak.
Aug 22, 2014 1:04:30 PM org.apache.coyote.http11.Http11Protocol destroy
INFO: Stopping Coyote HTTP/1.1 on http-8090
