Sep 04, 2015 10:49:22 AM org.apache.catalina.core.AprLifecycleListener init
INFO: The APR based Apache Tomcat Native library which allows optimal performance in production environments was not found on the java.library.path: D:\Volante_Installs\Volante_R500B1400\jre\bin;C:\Windows\Sun\Java\bin;C:\Windows\system32;C:\Windows;C:\Program Files\Common Files\Microsoft Shared\Microsoft Online Services;C:\Program Files (x86)\Common Files\Microsoft Shared\Microsoft Online Services;D:\Oracle_XE\app\oracle\product\11.2.0\server\bin;;C:\Program Files (x86)\NVIDIA Corporation\PhysX\Common;D:\IBM\MQ\java\lib;D:\IBM\MQ\java\lib64;C:\Program Files (x86)\Intel\iCLS Client\;C:\Program Files\Intel\iCLS Client\;C:\Windows\system32;C:\Windows;C:\Windows\System32\Wbem;C:\Windows\System32\WindowsPowerShell\v1.0\;C:\Program Files (x86)\Intel\OpenCL SDK\2.0\bin\x86;C:\Program Files (x86)\Intel\OpenCL SDK\2.0\bin\x64;C:\Program Files\Intel\Intel(R) Management Engine Components\DAL;C:\Program Files\Intel\Intel(R) Management Engine Components\IPT;C:\Program Files (x86)\Intel\Intel(R) Management Engine Components\DAL;C:\Program Files (x86)\Intel\Intel(R) Management Engine Components\IPT;C:\Program Files\Intel\WiFi\bin\;C:\Program Files\Common Files\Intel\WirelessCommon\;D:\Program Files (x86)\jZip\jZip;C:\Program Files\Java\jdk1.7.0_60\bin;D:\Volante_Installs\utils\apache-ant-1.9.0\bin;D:\Volante_Installs\utils\apache-maven-3.0.4\bin;D:\IBM\MQ\bin64;D:\IBM\MQ\bin;D:\IBM\MQ\tools\c\samples\bin;C:\Program Files (x86)\Microsoft SQL Server\100\Tools\Binn\;C:\Program Files\Microsoft SQL Server\100\Tools\Binn\;C:\Program Files\Microsoft SQL Server\100\DTS\Binn\;C:\Windows\Microsoft.NET\Framework64\v4.0.30319;D:\MSSQLServer\Client SDK\ODBC\110\Tools\Binn\;D:\MSSQLServer\x86\120\Tools\Binn\;D:\MSSQLServer\120\Tools\Binn\;D:\MSSQLServer\120\DTS\Binn\;D:\MSSQLServer\x86\120\Tools\Binn\ManagementStudio\;D:\MSSQLServer\x86\120\DTS\Binn\;C:\Program Files (x86)\Skype\Phone\;C:\Program Files\Intel\WiFi\bin\;C:\Program Files\Common Files\Intel\WirelessCommon\;.;;.
Sep 04, 2015 10:49:22 AM org.apache.tomcat.util.digester.SetPropertiesRule begin
WARNING: [SetPropertiesRule]{Server/Service/Engine/Host/Context} Setting property 'debug' to 'true' did not find a matching property.
Sep 04, 2015 10:49:22 AM org.apache.tomcat.util.digester.SetPropertiesRule begin
WARNING: [SetPropertiesRule]{Server/Service/Engine/Host/Context} Setting property 'debug' to 'true' did not find a matching property.
Sep 04, 2015 10:49:23 AM org.apache.coyote.http11.Http11Protocol init
INFO: Initializing Coyote HTTP/1.1 on http-8090
Sep 04, 2015 10:49:23 AM org.apache.catalina.startup.Catalina load
INFO: Initialization processed in 1242 ms
Sep 04, 2015 10:49:23 AM org.apache.catalina.core.StandardService start
INFO: Starting service Catalina
Sep 04, 2015 10:49:23 AM org.apache.catalina.core.StandardEngine start
INFO: Starting Servlet Engine: Apache Tomcat/6.0.35
Sep 04, 2015 10:49:25 AM org.apache.catalina.startup.HostConfig deployDescriptor
INFO: Deploying configuration descriptor host-manager.xml
Sep 04, 2015 10:49:25 AM org.apache.catalina.startup.HostConfig deployDescriptor
INFO: Deploying configuration descriptor manager.xml
Sep 04, 2015 10:49:25 AM org.apache.catalina.startup.HostConfig deployWAR
INFO: Deploying web application archive camel-CDM-to-ISO-to-CDM-large-file-2.10.6.war
Sep 04, 2015 10:49:25 AM org.apache.catalina.core.StandardContext start
SEVERE: Error listenerStart
Sep 04, 2015 10:49:25 AM org.apache.catalina.core.StandardContext start
SEVERE: Context [/camel-CDM-to-ISO-to-CDM-large-file-2.10.6] startup failed due to previous errors
Sep 04, 2015 10:49:25 AM org.apache.catalina.startup.HostConfig deployWAR
INFO: Deploying web application archive messageprocessor.war
Sep 04, 2015 10:49:26 AM org.apache.catalina.startup.HostConfig deployWAR
INFO: Deploying web application archive vte.war
Sep 04, 2015 10:49:27 AM org.apache.catalina.startup.HostConfig deployDirectory
INFO: Deploying web application directory docs
Sep 04, 2015 10:49:27 AM org.apache.catalina.startup.HostConfig deployDirectory
INFO: Deploying web application directory examples
Sep 04, 2015 10:49:27 AM org.apache.catalina.startup.HostConfig deployDirectory
INFO: Deploying web application directory ROOT
Sep 04, 2015 10:49:27 AM org.apache.coyote.http11.Http11Protocol start
INFO: Starting Coyote HTTP/1.1 on http-8090
Sep 04, 2015 10:49:28 AM org.apache.jk.common.ChannelSocket init
INFO: JK: ajp13 listening on /0.0.0.0:8009
Sep 04, 2015 10:49:28 AM org.apache.jk.server.JkMain start
INFO: Jk running ID=0 time=0/41  config=null
Sep 04, 2015 10:49:28 AM org.apache.catalina.startup.Catalina start
INFO: Server startup in 5008 ms
Sep 04, 2015 10:49:39 AM org.apache.coyote.http11.Http11Protocol pause
INFO: Pausing Coyote HTTP/1.1 on http-8090
Sep 04, 2015 10:49:40 AM org.apache.catalina.core.StandardService stop
INFO: Stopping service Catalina
Sep 04, 2015 10:49:40 AM org.apache.coyote.http11.Http11Protocol destroy
INFO: Stopping Coyote HTTP/1.1 on http-8090
Sep 04, 2015 11:14:24 AM org.apache.catalina.core.AprLifecycleListener init
INFO: The APR based Apache Tomcat Native library which allows optimal performance in production environments was not found on the java.library.path: D:\Volante_Installs\Volante_R500B1400\jre\bin;C:\Windows\Sun\Java\bin;C:\Windows\system32;C:\Windows;C:\Program Files\Common Files\Microsoft Shared\Microsoft Online Services;C:\Program Files (x86)\Common Files\Microsoft Shared\Microsoft Online Services;D:\Oracle_XE\app\oracle\product\11.2.0\server\bin;;C:\Program Files (x86)\NVIDIA Corporation\PhysX\Common;D:\IBM\MQ\java\lib;D:\IBM\MQ\java\lib64;C:\Program Files (x86)\Intel\iCLS Client\;C:\Program Files\Intel\iCLS Client\;C:\Windows\system32;C:\Windows;C:\Windows\System32\Wbem;C:\Windows\System32\WindowsPowerShell\v1.0\;C:\Program Files (x86)\Intel\OpenCL SDK\2.0\bin\x86;C:\Program Files (x86)\Intel\OpenCL SDK\2.0\bin\x64;C:\Program Files\Intel\Intel(R) Management Engine Components\DAL;C:\Program Files\Intel\Intel(R) Management Engine Components\IPT;C:\Program Files (x86)\Intel\Intel(R) Management Engine Components\DAL;C:\Program Files (x86)\Intel\Intel(R) Management Engine Components\IPT;C:\Program Files\Intel\WiFi\bin\;C:\Program Files\Common Files\Intel\WirelessCommon\;D:\Program Files (x86)\jZip\jZip;C:\Program Files\Java\jdk1.7.0_60\bin;D:\Volante_Installs\utils\apache-ant-1.9.0\bin;D:\Volante_Installs\utils\apache-maven-3.0.4\bin;D:\IBM\MQ\bin64;D:\IBM\MQ\bin;D:\IBM\MQ\tools\c\samples\bin;C:\Program Files (x86)\Microsoft SQL Server\100\Tools\Binn\;C:\Program Files\Microsoft SQL Server\100\Tools\Binn\;C:\Program Files\Microsoft SQL Server\100\DTS\Binn\;C:\Windows\Microsoft.NET\Framework64\v4.0.30319;D:\MSSQLServer\Client SDK\ODBC\110\Tools\Binn\;D:\MSSQLServer\x86\120\Tools\Binn\;D:\MSSQLServer\120\Tools\Binn\;D:\MSSQLServer\120\DTS\Binn\;D:\MSSQLServer\x86\120\Tools\Binn\ManagementStudio\;D:\MSSQLServer\x86\120\DTS\Binn\;C:\Program Files (x86)\Skype\Phone\;C:\Program Files\Intel\WiFi\bin\;C:\Program Files\Common Files\Intel\WirelessCommon\;.;;.
Sep 04, 2015 11:14:24 AM org.apache.tomcat.util.digester.SetPropertiesRule begin
WARNING: [SetPropertiesRule]{Server/Service/Engine/Host/Context} Setting property 'debug' to 'true' did not find a matching property.
Sep 04, 2015 11:14:24 AM org.apache.tomcat.util.digester.SetPropertiesRule begin
WARNING: [SetPropertiesRule]{Server/Service/Engine/Host/Context} Setting property 'debug' to 'true' did not find a matching property.
Sep 04, 2015 11:14:24 AM org.apache.coyote.http11.Http11Protocol init
INFO: Initializing Coyote HTTP/1.1 on http-8090
Sep 04, 2015 11:14:24 AM org.apache.catalina.startup.Catalina load
INFO: Initialization processed in 539 ms
Sep 04, 2015 11:14:24 AM org.apache.catalina.core.StandardService start
INFO: Starting service Catalina
Sep 04, 2015 11:14:24 AM org.apache.catalina.core.StandardEngine start
INFO: Starting Servlet Engine: Apache Tomcat/6.0.35
Sep 04, 2015 11:14:24 AM org.apache.catalina.startup.HostConfig deployDescriptor
INFO: Deploying configuration descriptor host-manager.xml
Sep 04, 2015 11:14:25 AM org.apache.catalina.startup.HostConfig deployDescriptor
INFO: Deploying configuration descriptor manager.xml
Sep 04, 2015 11:14:25 AM org.apache.catalina.startup.HostConfig deployWAR
INFO: Deploying web application archive camel-CDM-to-ISO-to-CDM-large-file-2.10.6.war
Sep 04, 2015 11:14:25 AM org.apache.catalina.core.StandardContext start
SEVERE: Error listenerStart
Sep 04, 2015 11:14:25 AM org.apache.catalina.core.StandardContext start
SEVERE: Context [/camel-CDM-to-ISO-to-CDM-large-file-2.10.6] startup failed due to previous errors
Sep 04, 2015 11:14:25 AM org.apache.catalina.startup.HostConfig deployWAR
INFO: Deploying web application archive messageprocessor.war
Sep 04, 2015 11:14:25 AM org.apache.catalina.startup.HostConfig deployWAR
INFO: Deploying web application archive vte.war
Sep 04, 2015 11:14:25 AM org.apache.catalina.startup.HostConfig deployDirectory
INFO: Deploying web application directory docs
Sep 04, 2015 11:14:25 AM org.apache.catalina.startup.HostConfig deployDirectory
INFO: Deploying web application directory examples
Sep 04, 2015 11:14:26 AM org.apache.catalina.startup.HostConfig deployDirectory
INFO: Deploying web application directory ROOT
Sep 04, 2015 11:14:26 AM org.apache.coyote.http11.Http11Protocol start
INFO: Starting Coyote HTTP/1.1 on http-8090
Sep 04, 2015 11:14:26 AM org.apache.jk.common.ChannelSocket init
INFO: JK: ajp13 listening on /0.0.0.0:8009
Sep 04, 2015 11:14:26 AM org.apache.jk.server.JkMain start
INFO: Jk running ID=0 time=0/21  config=null
Sep 04, 2015 11:14:26 AM org.apache.catalina.startup.Catalina start
INFO: Server startup in 1614 ms
Sep 04, 2015 11:15:18 AM org.apache.coyote.http11.Http11Protocol pause
INFO: Pausing Coyote HTTP/1.1 on http-8090
Sep 04, 2015 11:15:19 AM org.apache.catalina.core.StandardService stop
INFO: Stopping service Catalina
Sep 04, 2015 11:15:19 AM org.apache.coyote.http11.Http11Protocol destroy
INFO: Stopping Coyote HTTP/1.1 on http-8090
Sep 04, 2015 11:16:38 AM org.apache.catalina.core.AprLifecycleListener init
INFO: The APR based Apache Tomcat Native library which allows optimal performance in production environments was not found on the java.library.path: D:\Volante_Installs\Volante_R500B1400\jre\bin;C:\Windows\Sun\Java\bin;C:\Windows\system32;C:\Windows;C:\Program Files\Common Files\Microsoft Shared\Microsoft Online Services;C:\Program Files (x86)\Common Files\Microsoft Shared\Microsoft Online Services;D:\Oracle_XE\app\oracle\product\11.2.0\server\bin;;C:\Program Files (x86)\NVIDIA Corporation\PhysX\Common;D:\IBM\MQ\java\lib;D:\IBM\MQ\java\lib64;C:\Program Files (x86)\Intel\iCLS Client\;C:\Program Files\Intel\iCLS Client\;C:\Windows\system32;C:\Windows;C:\Windows\System32\Wbem;C:\Windows\System32\WindowsPowerShell\v1.0\;C:\Program Files (x86)\Intel\OpenCL SDK\2.0\bin\x86;C:\Program Files (x86)\Intel\OpenCL SDK\2.0\bin\x64;C:\Program Files\Intel\Intel(R) Management Engine Components\DAL;C:\Program Files\Intel\Intel(R) Management Engine Components\IPT;C:\Program Files (x86)\Intel\Intel(R) Management Engine Components\DAL;C:\Program Files (x86)\Intel\Intel(R) Management Engine Components\IPT;C:\Program Files\Intel\WiFi\bin\;C:\Program Files\Common Files\Intel\WirelessCommon\;D:\Program Files (x86)\jZip\jZip;C:\Program Files\Java\jdk1.7.0_60\bin;D:\Volante_Installs\utils\apache-ant-1.9.0\bin;D:\Volante_Installs\utils\apache-maven-3.0.4\bin;D:\IBM\MQ\bin64;D:\IBM\MQ\bin;D:\IBM\MQ\tools\c\samples\bin;C:\Program Files (x86)\Microsoft SQL Server\100\Tools\Binn\;C:\Program Files\Microsoft SQL Server\100\Tools\Binn\;C:\Program Files\Microsoft SQL Server\100\DTS\Binn\;C:\Windows\Microsoft.NET\Framework64\v4.0.30319;D:\MSSQLServer\Client SDK\ODBC\110\Tools\Binn\;D:\MSSQLServer\x86\120\Tools\Binn\;D:\MSSQLServer\120\Tools\Binn\;D:\MSSQLServer\120\DTS\Binn\;D:\MSSQLServer\x86\120\Tools\Binn\ManagementStudio\;D:\MSSQLServer\x86\120\DTS\Binn\;C:\Program Files (x86)\Skype\Phone\;C:\Program Files\Intel\WiFi\bin\;C:\Program Files\Common Files\Intel\WirelessCommon\;.;;.
Sep 04, 2015 11:16:38 AM org.apache.tomcat.util.digester.SetPropertiesRule begin
WARNING: [SetPropertiesRule]{Server/Service/Engine/Host/Context} Setting property 'debug' to 'true' did not find a matching property.
Sep 04, 2015 11:16:38 AM org.apache.tomcat.util.digester.SetPropertiesRule begin
WARNING: [SetPropertiesRule]{Server/Service/Engine/Host/Context} Setting property 'debug' to 'true' did not find a matching property.
Sep 04, 2015 11:16:38 AM org.apache.coyote.http11.Http11Protocol init
INFO: Initializing Coyote HTTP/1.1 on http-8090
Sep 04, 2015 11:16:38 AM org.apache.catalina.startup.Catalina load
INFO: Initialization processed in 517 ms
Sep 04, 2015 11:16:38 AM org.apache.catalina.core.StandardService start
INFO: Starting service Catalina
Sep 04, 2015 11:16:38 AM org.apache.catalina.core.StandardEngine start
INFO: Starting Servlet Engine: Apache Tomcat/6.0.35
Sep 04, 2015 11:16:38 AM org.apache.catalina.startup.HostConfig deployDescriptor
INFO: Deploying configuration descriptor host-manager.xml
Sep 04, 2015 11:16:38 AM org.apache.catalina.startup.HostConfig deployDescriptor
INFO: Deploying configuration descriptor manager.xml
Sep 04, 2015 11:16:38 AM org.apache.catalina.startup.HostConfig deployWAR
INFO: Deploying web application archive camel-CDM-to-ISO-to-CDM-large-file-2.10.6.war
Sep 04, 2015 11:16:39 AM org.apache.catalina.core.StandardContext start
SEVERE: Error listenerStart
Sep 04, 2015 11:16:39 AM org.apache.catalina.core.StandardContext start
SEVERE: Context [/camel-CDM-to-ISO-to-CDM-large-file-2.10.6] startup failed due to previous errors
Sep 04, 2015 11:16:39 AM org.apache.catalina.startup.HostConfig deployWAR
INFO: Deploying web application archive messageprocessor.war
Sep 04, 2015 11:16:39 AM org.apache.catalina.startup.HostConfig deployWAR
INFO: Deploying web application archive vte.war
Sep 04, 2015 11:16:39 AM org.apache.catalina.startup.HostConfig deployDirectory
INFO: Deploying web application directory docs
Sep 04, 2015 11:16:39 AM org.apache.catalina.startup.HostConfig deployDirectory
INFO: Deploying web application directory examples
Sep 04, 2015 11:16:39 AM org.apache.catalina.startup.HostConfig deployDirectory
INFO: Deploying web application directory ROOT
Sep 04, 2015 11:16:39 AM org.apache.coyote.http11.Http11Protocol start
INFO: Starting Coyote HTTP/1.1 on http-8090
Sep 04, 2015 11:16:39 AM org.apache.jk.common.ChannelSocket init
INFO: JK: ajp13 listening on /0.0.0.0:8009
Sep 04, 2015 11:16:39 AM org.apache.jk.server.JkMain start
INFO: Jk running ID=0 time=0/21  config=null
Sep 04, 2015 11:16:39 AM org.apache.catalina.startup.Catalina start
INFO: Server startup in 1562 ms
Sep 04, 2015 11:17:20 AM org.apache.coyote.http11.Http11Protocol pause
INFO: Pausing Coyote HTTP/1.1 on http-8090
Sep 04, 2015 11:17:21 AM org.apache.catalina.core.StandardService stop
INFO: Stopping service Catalina
Sep 04, 2015 11:17:21 AM org.apache.coyote.http11.Http11Protocol destroy
INFO: Stopping Coyote HTTP/1.1 on http-8090
Sep 04, 2015 11:19:40 AM org.apache.catalina.core.AprLifecycleListener init
INFO: The APR based Apache Tomcat Native library which allows optimal performance in production environments was not found on the java.library.path: D:\Volante_Installs\Volante_R500B1400\jre\bin;C:\Windows\Sun\Java\bin;C:\Windows\system32;C:\Windows;C:\Program Files\Common Files\Microsoft Shared\Microsoft Online Services;C:\Program Files (x86)\Common Files\Microsoft Shared\Microsoft Online Services;D:\Oracle_XE\app\oracle\product\11.2.0\server\bin;;C:\Program Files (x86)\NVIDIA Corporation\PhysX\Common;D:\IBM\MQ\java\lib;D:\IBM\MQ\java\lib64;C:\Program Files (x86)\Intel\iCLS Client\;C:\Program Files\Intel\iCLS Client\;C:\Windows\system32;C:\Windows;C:\Windows\System32\Wbem;C:\Windows\System32\WindowsPowerShell\v1.0\;C:\Program Files (x86)\Intel\OpenCL SDK\2.0\bin\x86;C:\Program Files (x86)\Intel\OpenCL SDK\2.0\bin\x64;C:\Program Files\Intel\Intel(R) Management Engine Components\DAL;C:\Program Files\Intel\Intel(R) Management Engine Components\IPT;C:\Program Files (x86)\Intel\Intel(R) Management Engine Components\DAL;C:\Program Files (x86)\Intel\Intel(R) Management Engine Components\IPT;C:\Program Files\Intel\WiFi\bin\;C:\Program Files\Common Files\Intel\WirelessCommon\;D:\Program Files (x86)\jZip\jZip;C:\Program Files\Java\jdk1.7.0_60\bin;D:\Volante_Installs\utils\apache-ant-1.9.0\bin;D:\Volante_Installs\utils\apache-maven-3.0.4\bin;D:\IBM\MQ\bin64;D:\IBM\MQ\bin;D:\IBM\MQ\tools\c\samples\bin;C:\Program Files (x86)\Microsoft SQL Server\100\Tools\Binn\;C:\Program Files\Microsoft SQL Server\100\Tools\Binn\;C:\Program Files\Microsoft SQL Server\100\DTS\Binn\;C:\Windows\Microsoft.NET\Framework64\v4.0.30319;D:\MSSQLServer\Client SDK\ODBC\110\Tools\Binn\;D:\MSSQLServer\x86\120\Tools\Binn\;D:\MSSQLServer\120\Tools\Binn\;D:\MSSQLServer\120\DTS\Binn\;D:\MSSQLServer\x86\120\Tools\Binn\ManagementStudio\;D:\MSSQLServer\x86\120\DTS\Binn\;C:\Program Files (x86)\Skype\Phone\;C:\Program Files\Intel\WiFi\bin\;C:\Program Files\Common Files\Intel\WirelessCommon\;.;;.
Sep 04, 2015 11:19:40 AM org.apache.tomcat.util.digester.SetPropertiesRule begin
WARNING: [SetPropertiesRule]{Server/Service/Engine/Host/Context} Setting property 'debug' to 'true' did not find a matching property.
Sep 04, 2015 11:19:40 AM org.apache.tomcat.util.digester.SetPropertiesRule begin
WARNING: [SetPropertiesRule]{Server/Service/Engine/Host/Context} Setting property 'debug' to 'true' did not find a matching property.
Sep 04, 2015 11:19:40 AM org.apache.coyote.http11.Http11Protocol init
INFO: Initializing Coyote HTTP/1.1 on http-8090
Sep 04, 2015 11:19:40 AM org.apache.catalina.startup.Catalina load
INFO: Initialization processed in 525 ms
Sep 04, 2015 11:19:40 AM org.apache.catalina.core.StandardService start
INFO: Starting service Catalina
Sep 04, 2015 11:19:40 AM org.apache.catalina.core.StandardEngine start
INFO: Starting Servlet Engine: Apache Tomcat/6.0.35
Sep 04, 2015 11:19:40 AM org.apache.catalina.startup.HostConfig deployDescriptor
INFO: Deploying configuration descriptor host-manager.xml
Sep 04, 2015 11:19:40 AM org.apache.catalina.startup.HostConfig deployDescriptor
INFO: Deploying configuration descriptor manager.xml
Sep 04, 2015 11:19:40 AM org.apache.catalina.startup.HostConfig deployWAR
INFO: Deploying web application archive camel-CDM-to-ISO-to-CDM-large-file-2.10.6.war
Sep 04, 2015 11:19:41 AM org.apache.catalina.core.StandardContext start
SEVERE: Error listenerStart
Sep 04, 2015 11:19:41 AM org.apache.catalina.core.StandardContext start
SEVERE: Context [/camel-CDM-to-ISO-to-CDM-large-file-2.10.6] startup failed due to previous errors
Sep 04, 2015 11:19:41 AM org.apache.catalina.startup.HostConfig deployWAR
INFO: Deploying web application archive messageprocessor.war
Sep 04, 2015 11:19:41 AM org.apache.catalina.startup.HostConfig deployWAR
INFO: Deploying web application archive vte.war
Sep 04, 2015 11:19:41 AM org.apache.catalina.startup.HostConfig deployDirectory
INFO: Deploying web application directory docs
Sep 04, 2015 11:19:41 AM org.apache.catalina.startup.HostConfig deployDirectory
INFO: Deploying web application directory examples
Sep 04, 2015 11:19:41 AM org.apache.catalina.startup.HostConfig deployDirectory
INFO: Deploying web application directory ROOT
Sep 04, 2015 11:19:41 AM org.apache.coyote.http11.Http11Protocol start
INFO: Starting Coyote HTTP/1.1 on http-8090
Sep 04, 2015 11:19:41 AM org.apache.jk.common.ChannelSocket init
INFO: JK: ajp13 listening on /0.0.0.0:8009
Sep 04, 2015 11:19:41 AM org.apache.jk.server.JkMain start
INFO: Jk running ID=0 time=0/21  config=null
Sep 04, 2015 11:19:42 AM org.apache.catalina.startup.Catalina start
INFO: Server startup in 1595 ms
Sep 04, 2015 11:23:41 AM org.apache.coyote.http11.Http11Protocol pause
INFO: Pausing Coyote HTTP/1.1 on http-8090
Sep 04, 2015 11:23:42 AM org.apache.catalina.core.StandardService stop
INFO: Stopping service Catalina
Sep 04, 2015 11:23:42 AM org.apache.coyote.http11.Http11Protocol destroy
INFO: Stopping Coyote HTTP/1.1 on http-8090
