Mar 16, 2017 9:49:56 AM com.tplus.transform.runtime.rest.server.RestServer info
INFO: REST RequestURI=/CBLMT_REST/rest/convertcbtomt
Mar 16, 2017 9:49:56 AM com.tplus.transform.runtime.rest.server.RestServer handleImpl
INFO: Matching operation CobCbToMTFlow
Mar 16, 2017 9:49:56 AM com.tplus.transform.runtime.rest.server.RestServer handleImpl
INFO: Param Value = <?xml version="1.0" encoding="UTF-8"?>__<Input>__	<Payload>PTSAIN10-103-NVR-0006 0000            000000USD091120  000000000015000SPXAIN N                                                                      RECEIVERS CORRESPONDENT           NEW YORK BRANCH                                                                                                                                                                      RECEIVERS CORRESPONDENTNEW YORK BRA                                                                                                                                                                                                                                                              BENEFICIARY CUSTOMER NAME                                                                                                               BENEFICIARY CUSTOMER NAME                                                                                                                          /REC/INSTRUCTION FOR RECEIVER                                                                                                                                           00015000USD    SHAUSD</Payload>__</Input>__
Mar 16, 2017 10:13:11 AM com.tplus.transform.runtime.rest.server.RestServer info
INFO: REST RequestURI=/CBLMT_REST/rest/convertcbtomt
Mar 16, 2017 10:13:11 AM com.tplus.transform.runtime.rest.server.RestServer handleImpl
INFO: Matching operation CobCbToMTFlow
Mar 16, 2017 10:13:11 AM com.tplus.transform.runtime.rest.server.RestServer handleImpl
INFO: Param Value = <?xml version="1.0" encoding="UTF-8"?>__<Input>__	<Payload>PTSAIN10-103-NVR-0006 0000            000000USD091120  000000000015000SPXAIN N                                                                      RECEIVERS CORRESPONDENT           NEW YORK BRANCH                                                                                                                                                                      RECEIVERS CORRESPONDENTNEW YORK BRA                                                                                                                                                                                                                                                              BENEFICIARY CUSTOMER NAME                                                                                                               BENEFICIARY CUSTOMER NAME                                                                                                                          /REC/INSTRUCTION FOR RECEIVER                                                                                                                                           00015000USD    SHAUSD</Payload>__</Input>__
Mar 16, 2017 10:16:00 AM com.tplus.transform.runtime.rest.server.RestServer info
INFO: REST RequestURI=/CBLMT_REST/rest/convertmttocb
Mar 16, 2017 10:16:00 AM com.tplus.transform.runtime.rest.server.RestServer handleImpl
INFO: Matching operation MTToCobCbFlow
Mar 16, 2017 10:16:00 AM com.tplus.transform.runtime.rest.server.RestServer handleImpl
INFO: Param Value = <?xml version="1.0" encoding="UTF-8"?>__<Input>__	<Payload>{1:F01PTSAINJJAXXX0000000000}{2:I103SPXAINJJXXXXN}{3:{108:10-103-NVR-0006}}{4:_:20:10-103-NVR-0006_:13C:/CLSTIME/0945+0100_:23B:CRED_:23E:CHQB_:32A:091120USD15000,00_:33B:USD15000,00_:50F:CCPT/US/123456PP_1/Name of the ordering customer_7/US/1234567_:52A:/D/23456789_SWHQBEBB_:53B:/D/23456789_NEW YORK BRANCH_:54D:RECEIVERS CORRESPONDENT_NEW YORK BRANCH_:55D:/456789_THIRD REIMBURSEMENT INSTITUTION_NEW YORK_:57B:NEWYORK BRANCH_:59:BENEFICIARY CUSTOMER NAME_:70:/INV/070717, 12345, INVOICE_NUMBERS 24578, 54789,_354789, 545884, 578822_:71A:SHA_:71F:USD100,00_:72:/REC/INSTRUCTION FOR RECEIVER_:77B:/ORDERRES/US//ADDITONAL INFO_//CONTINUATION OF ADDITIONAL INFO_//CONTINUATION_-}</Payload>__</Input>__
Mar 16, 2017 10:20:45 AM org.apache.coyote.http11.Http11Protocol pause
INFO: Pausing Coyote HTTP/1.1 on http-8090
Mar 16, 2017 10:20:46 AM org.apache.catalina.core.StandardService stop
INFO: Stopping service Catalina
Mar 16, 2017 10:20:47 AM org.apache.catalina.loader.WebappClassLoader clearThreadLocalMap
SEVERE: The web application [/CBLMT_REST] created a ThreadLocal with key of type [com.tplus.transform.runtime.vm.WeakThreadLocal] (value [com.tplus.transform.runtime.vm.WeakThreadLocal@10d2de1]) and a value of type [java.lang.ref.WeakReference] (value [java.lang.ref.WeakReference@3f115e]) but failed to remove it when the web application was stopped. This is very likely to create a memory leak.
Mar 16, 2017 10:20:47 AM org.apache.catalina.loader.WebappClassLoader clearThreadLocalMap
SEVERE: The web application [/CBLMT_REST] created a ThreadLocal with key of type [java.lang.ThreadLocal] (value [java.lang.ThreadLocal@8d44e9]) and a value of type [com.tplus.transform.runtime.Functions.FunctionsServiceElement] (value [com.tplus.transform.runtime.Functions$FunctionsServiceElement@a731cb]) but failed to remove it when the web application was stopped. This is very likely to create a memory leak.
Mar 16, 2017 10:20:47 AM org.apache.catalina.loader.WebappClassLoader clearThreadLocalMap
SEVERE: The web application [/CBLMT_REST] created a ThreadLocal with key of type [java.lang.ThreadLocal] (value [java.lang.ThreadLocal@b630d1]) and a value of type [com.volante.component.server.transaction.TransactionManagerImpl.ThreadInfo] (value [com.volante.component.server.transaction.TransactionManagerImpl$ThreadInfo@13f19eb]) but failed to remove it when the web application was stopped. This is very likely to create a memory leak.
Mar 16, 2017 10:20:47 AM org.apache.catalina.loader.WebappClassLoader clearThreadLocalMap
SEVERE: The web application [/CBLMT_REST] created a ThreadLocal with key of type [com.tplus.transform.lang.FloatingDecimal$1] (value [com.tplus.transform.lang.FloatingDecimal$1@1be9911]) and a value of type [char[]] (value [[C@335a25]) but failed to remove it when the web application was stopped. This is very likely to create a memory leak.
Mar 16, 2017 10:20:47 AM org.apache.catalina.loader.WebappClassLoader clearThreadLocalMap
SEVERE: The web application [/CBLMT_REST] created a ThreadLocal with key of type [com.tplus.transform.runtime.formula.DateFunctions$1] (value [com.tplus.transform.runtime.formula.DateFunctions$1@163530a]) and a value of type [java.util.GregorianCalendar] (value [java.util.GregorianCalendar[time=1489622400000,areFieldsSet=true,areAllFieldsSet=false,lenient=true,zone=sun.util.calendar.ZoneInfo[id="Europe/London",offset=0,dstSavings=3600000,useDaylight=true,transitions=242,lastRule=java.util.SimpleTimeZone[id=Europe/London,offset=0,dstSavings=3600000,useDaylight=true,startYear=0,startMode=2,startMonth=2,startDay=-1,startDayOfWeek=1,startTime=3600000,startTimeMode=2,endMode=2,endMonth=9,endDay=-1,endDayOfWeek=1,endTime=3600000,endTimeMode=2]],firstDayOfWeek=1,minimalDaysInFirstWeek=1,ERA=?,YEAR=2017,MONTH=2,WEEK_OF_YEAR=?,WEEK_OF_MONTH=?,DAY_OF_MONTH=16,DAY_OF_YEAR=?,DAY_OF_WEEK=?,DAY_OF_WEEK_IN_MONTH=?,AM_PM=?,HOUR=?,HOUR_OF_DAY=?,MINUTE=?,SECOND=?,MILLISECOND=?,ZONE_OFFSET=?,DST_OFFSET=?]]) but failed to remove it when the web application was stopped. This is very likely to create a memory leak.
Mar 16, 2017 10:20:48 AM org.apache.coyote.http11.Http11Protocol destroy
INFO: Stopping Coyote HTTP/1.1 on http-8090
