May 15, 2015 1:16:53 PM org.apache.coyote.http11.Http11Protocol pause
INFO: Pausing Coyote HTTP/1.1 on http-8090
May 15, 2015 1:16:54 PM org.apache.catalina.core.StandardService stop
INFO: Stopping service Catalina
May 15, 2015 1:16:56 PM org.apache.catalina.loader.WebappClassLoader clearReferencesJdbc
SEVERE: The web application [/messageprocessor] registered the JDBC driver [org.hsqldb.jdbc.JDBCDriver] but failed to unregister it when the web application was stopped. To prevent a memory leak, the JDBC Driver has been forcibly unregistered.
May 15, 2015 1:16:56 PM org.apache.catalina.loader.WebappClassLoader clearThreadLocalMap
SEVERE: The web application [/messageprocessor] created a ThreadLocal with key of type [com.tplus.transform.runtime.vm.WeakThreadLocal] (value [com.tplus.transform.runtime.vm.WeakThreadLocal@ca1e8b]) and a value of type [java.lang.ref.WeakReference] (value [java.lang.ref.WeakReference@19b7186]) but failed to remove it when the web application was stopped. This is very likely to create a memory leak.
May 15, 2015 1:16:56 PM org.apache.catalina.loader.WebappClassLoader clearThreadLocalMap
SEVERE: The web application [/messageprocessor] created a ThreadLocal with key of type [java.lang.ThreadLocal] (value [java.lang.ThreadLocal@3a4887]) and a value of type [com.volante.component.server.transaction.TransactionManagerImpl.ThreadInfo] (value [com.volante.component.server.transaction.TransactionManagerImpl$ThreadInfo@6fb802]) but failed to remove it when the web application was stopped. This is very likely to create a memory leak.
May 15, 2015 1:16:56 PM org.apache.catalina.loader.WebappClassLoader clearThreadLocalMap
SEVERE: The web application [/messageprocessor] created a ThreadLocal with key of type [org.apache.xmlbeans.XmlBeans$1] (value [org.apache.xmlbeans.XmlBeans$1@99a52c]) and a value of type [java.lang.ref.SoftReference] (value [java.lang.ref.SoftReference@12b0ee3]) but failed to remove it when the web application was stopped. This is very likely to create a memory leak.
May 15, 2015 1:16:56 PM org.apache.catalina.loader.WebappClassLoader clearThreadLocalMap
SEVERE: The web application [/messageprocessor] created a ThreadLocal with key of type [org.apache.xmlbeans.impl.schema.SchemaTypeLoaderImpl$1] (value [org.apache.xmlbeans.impl.schema.SchemaTypeLoaderImpl$1@1de7b88]) and a value of type [java.util.ArrayList] (value [[java.lang.ref.SoftReference@1803e7a]]) but failed to remove it when the web application was stopped. This is very likely to create a memory leak.
May 15, 2015 1:16:56 PM org.apache.catalina.loader.WebappClassLoader clearThreadLocalMap
SEVERE: The web application [/messageprocessor] created a ThreadLocal with key of type [org.apache.xmlbeans.impl.store.Locale$1] (value [org.apache.xmlbeans.impl.store.Locale$1@85cfd8]) and a value of type [java.lang.ref.SoftReference] (value [java.lang.ref.SoftReference@1109942]) but failed to remove it when the web application was stopped. This is very likely to create a memory leak.
May 15, 2015 1:16:56 PM org.apache.catalina.loader.WebappClassLoader clearThreadLocalMap
SEVERE: The web application [/messageprocessor] created a ThreadLocal with key of type [com.tplus.transform.lang.FloatingDecimal$1] (value [com.tplus.transform.lang.FloatingDecimal$1@bdcaf6]) and a value of type [char[]] (value [[C@57f36c]) but failed to remove it when the web application was stopped. This is very likely to create a memory leak.
May 15, 2015 1:16:56 PM org.apache.catalina.loader.WebappClassLoader clearThreadLocalMap
SEVERE: The web application [/messageprocessor] created a ThreadLocal with key of type [org.apache.xmlbeans.impl.store.CharUtil$1] (value [org.apache.xmlbeans.impl.store.CharUtil$1@2e68de]) and a value of type [java.lang.ref.SoftReference] (value [java.lang.ref.SoftReference@e6de81]) but failed to remove it when the web application was stopped. This is very likely to create a memory leak.
May 15, 2015 1:16:56 PM org.apache.catalina.loader.WebappClassLoader clearThreadLocalMap
SEVERE: The web application [/messageprocessor] created a ThreadLocal with key of type [com.tplus.transform.runtime.formula.DateFunctions$1] (value [com.tplus.transform.runtime.formula.DateFunctions$1@11a1cf5]) and a value of type [java.util.GregorianCalendar] (value [java.util.GregorianCalendar[time=1431558000000,areFieldsSet=true,areAllFieldsSet=false,lenient=true,zone=sun.util.calendar.ZoneInfo[id="Europe/London",offset=0,dstSavings=3600000,useDaylight=true,transitions=242,lastRule=java.util.SimpleTimeZone[id=Europe/London,offset=0,dstSavings=3600000,useDaylight=true,startYear=0,startMode=2,startMonth=2,startDay=-1,startDayOfWeek=1,startTime=3600000,startTimeMode=2,endMode=2,endMonth=9,endDay=-1,endDayOfWeek=1,endTime=3600000,endTimeMode=2]],firstDayOfWeek=2,minimalDaysInFirstWeek=4,ERA=?,YEAR=2015,MONTH=4,WEEK_OF_YEAR=?,WEEK_OF_MONTH=?,DAY_OF_MONTH=14,DAY_OF_YEAR=?,DAY_OF_WEEK=?,DAY_OF_WEEK_IN_MONTH=?,AM_PM=?,HOUR=?,HOUR_OF_DAY=?,MINUTE=?,SECOND=?,MILLISECOND=?,ZONE_OFFSET=?,DST_OFFSET=?]]) but failed to remove it when the web application was stopped. This is very likely to create a memory leak.
May 15, 2015 1:17:01 PM org.apache.coyote.http11.Http11Protocol destroy
INFO: Stopping Coyote HTTP/1.1 on http-8090
