May 21, 2013 2:31:33 PM org.apache.catalina.core.AprLifecycleListener init
INFO: The APR based Apache Tomcat Native library which allows optimal performance in production environments was not found on the java.library.path: F:\Volante\jre\bin;C:\Windows\Sun\Java\bin;C:\Windows\system32;C:\Windows;C:\Program Files (x86)\IBM\WebSphere MQ\Java\lib;C:\Program Files (x86)\IBM\WebSphere MQ\Java\lib64;C:\oraclexe\app\oracle\product\11.2.0\server\bin;;C:\Windows\system32;C:\Windows;C:\Windows\System32\Wbem;C:\Windows\System32\WindowsPowerShell\v1.0\;C:\j2sdk1.4.2_19\bin;C:\Program Files (x86)\Microsoft SQL Server\100\Tools\Binn\;C:\Program Files\Microsoft SQL Server\100\Tools\Binn\;C:\Program Files\Microsoft SQL Server\100\DTS\Binn\;C:\tools\apache-ant-1.7.1\bin;c:\tools;C:\Program Files (x86)\Graphviz 2.28\bin;D:\tools\apache-maven-3.0.4\bin;C:\Program Files (x86)\IBM\WebSphere MQ\bin64;C:\Program Files (x86)\IBM\WebSphere MQ\bin;C:\Program Files (x86)\IBM\WebSphere MQ\tools\c\samples\bin;C:\Program Files (x86)\SlikSvn\bin;D:\tools\apache-maven-3.0.4\bin;C:\Program Files (x86)\QuickTime\QTSystem\;.
May 21, 2013 2:31:34 PM org.apache.coyote.http11.Http11Protocol init
INFO: Initializing Coyote HTTP/1.1 on http-8090
May 21, 2013 2:31:34 PM org.apache.catalina.startup.Catalina load
INFO: Initialization processed in 1360 ms
May 21, 2013 2:31:34 PM org.apache.catalina.core.StandardService start
INFO: Starting service Catalina
May 21, 2013 2:31:34 PM org.apache.catalina.core.StandardEngine start
INFO: Starting Servlet Engine: Apache Tomcat/6.0.35
May 21, 2013 2:31:34 PM org.apache.catalina.startup.HostConfig deployDescriptor
INFO: Deploying configuration descriptor host-manager.xml
May 21, 2013 2:31:35 PM org.apache.catalina.startup.HostConfig deployDescriptor
INFO: Deploying configuration descriptor manager.xml
May 21, 2013 2:31:35 PM org.apache.catalina.startup.HostConfig deployDescriptor
INFO: Deploying configuration descriptor messageprocessor.xml
May 21, 2013 2:31:35 PM org.apache.catalina.startup.HostConfig deployDescriptor
INFO: Deploying configuration descriptor repository.xml
May 21, 2013 2:31:35 PM org.apache.catalina.startup.HostConfig deployDescriptor
INFO: Deploying configuration descriptor webformrepair.xml
May 21, 2013 2:31:36 PM org.apache.catalina.startup.HostConfig deployDirectory
INFO: Deploying web application directory docs
May 21, 2013 2:31:36 PM org.apache.catalina.startup.HostConfig deployDirectory
INFO: Deploying web application directory examples
May 21, 2013 2:31:36 PM org.apache.catalina.startup.HostConfig deployDirectory
INFO: Deploying web application directory ROOT
May 21, 2013 2:31:36 PM org.apache.coyote.http11.Http11Protocol start
INFO: Starting Coyote HTTP/1.1 on http-8090
May 21, 2013 2:31:36 PM org.apache.jk.common.ChannelSocket init
INFO: JK: ajp13 listening on /0.0.0.0:8009
May 21, 2013 2:31:36 PM org.apache.jk.server.JkMain start
INFO: Jk running ID=0 time=0/57  config=null
May 21, 2013 2:31:36 PM org.apache.catalina.startup.Catalina start
INFO: Server startup in 1978 ms
May 21, 2013 2:35:21 PM org.apache.coyote.http11.Http11Protocol pause
INFO: Pausing Coyote HTTP/1.1 on http-8090
May 21, 2013 2:35:22 PM org.apache.catalina.core.StandardService stop
INFO: Stopping service Catalina
May 21, 2013 2:35:22 PM org.apache.catalina.loader.WebappClassLoader clearReferencesJdbc
SEVERE: The web application [/webformrepair] registered the JDBC driver [org.hsqldb.jdbc.JDBCDriver] but failed to unregister it when the web application was stopped. To prevent a memory leak, the JDBC Driver has been forcibly unregistered.
May 21, 2013 2:35:22 PM org.apache.catalina.loader.WebappClassLoader clearReferencesThreads
SEVERE: The web application [/webformrepair] appears to have started a thread named [Timer-0] but has failed to stop it. This is very likely to create a memory leak.
May 21, 2013 2:35:22 PM org.apache.catalina.loader.WebappClassLoader clearThreadLocalMap
SEVERE: The web application [/webformrepair] created a ThreadLocal with key of type [com.tplus.transform.runtime.vm.WeakThreadLocal] (value [com.tplus.transform.runtime.vm.WeakThreadLocal@198d967]) and a value of type [java.lang.ref.WeakReference] (value [java.lang.ref.WeakReference@1e915b5]) but failed to remove it when the web application was stopped. This is very likely to create a memory leak.
May 21, 2013 2:35:22 PM org.apache.catalina.loader.WebappClassLoader clearThreadLocalMap
SEVERE: The web application [/webformrepair] created a ThreadLocal with key of type [java.lang.ThreadLocal] (value [java.lang.ThreadLocal@1902849]) and a value of type [com.volante.component.server.transaction.TransactionManagerImpl.ThreadInfo] (value [com.volante.component.server.transaction.TransactionManagerImpl$ThreadInfo@144e6f7]) but failed to remove it when the web application was stopped. This is very likely to create a memory leak.
May 21, 2013 2:35:22 PM org.apache.catalina.loader.WebappClassLoader clearThreadLocalMap
SEVERE: The web application [/webformrepair] created a ThreadLocal with key of type [com.tplus.transform.runtime.formula.DateFunctions$1] (value [com.tplus.transform.runtime.formula.DateFunctions$1@15cd305]) and a value of type [java.util.GregorianCalendar] (value [java.util.GregorianCalendar[time=1369074600000,areFieldsSet=true,areAllFieldsSet=false,lenient=true,zone=sun.util.calendar.ZoneInfo[id="Asia/Calcutta",offset=19800000,dstSavings=0,useDaylight=false,transitions=6,lastRule=null],firstDayOfWeek=1,minimalDaysInFirstWeek=1,ERA=?,YEAR=2013,MONTH=4,WEEK_OF_YEAR=?,WEEK_OF_MONTH=?,DAY_OF_MONTH=21,DAY_OF_YEAR=?,DAY_OF_WEEK=?,DAY_OF_WEEK_IN_MONTH=?,AM_PM=?,HOUR=?,HOUR_OF_DAY=?,MINUTE=?,SECOND=?,MILLISECOND=?,ZONE_OFFSET=?,DST_OFFSET=?]]) but failed to remove it when the web application was stopped. This is very likely to create a memory leak.
May 21, 2013 2:35:22 PM org.apache.catalina.loader.WebappClassLoader clearThreadLocalMap
SEVERE: The web application [/webformrepair] created a ThreadLocal with key of type [com.tplus.transform.runtime.vm.WeakThreadLocal] (value [com.tplus.transform.runtime.vm.WeakThreadLocal@198d967]) and a value of type [java.lang.ref.WeakReference] (value [java.lang.ref.WeakReference@121f838]) but failed to remove it when the web application was stopped. This is very likely to create a memory leak.
May 21, 2013 2:35:22 PM org.apache.coyote.http11.Http11Protocol destroy
INFO: Stopping Coyote HTTP/1.1 on http-8090
May 21, 2013 2:35:26 PM org.apache.catalina.core.AprLifecycleListener init
INFO: The APR based Apache Tomcat Native library which allows optimal performance in production environments was not found on the java.library.path: F:\Volante\jre\bin;C:\Windows\Sun\Java\bin;C:\Windows\system32;C:\Windows;C:\Program Files (x86)\IBM\WebSphere MQ\Java\lib;C:\Program Files (x86)\IBM\WebSphere MQ\Java\lib64;C:\oraclexe\app\oracle\product\11.2.0\server\bin;;C:\Windows\system32;C:\Windows;C:\Windows\System32\Wbem;C:\Windows\System32\WindowsPowerShell\v1.0\;C:\j2sdk1.4.2_19\bin;C:\Program Files (x86)\Microsoft SQL Server\100\Tools\Binn\;C:\Program Files\Microsoft SQL Server\100\Tools\Binn\;C:\Program Files\Microsoft SQL Server\100\DTS\Binn\;C:\tools\apache-ant-1.7.1\bin;c:\tools;C:\Program Files (x86)\Graphviz 2.28\bin;D:\tools\apache-maven-3.0.4\bin;C:\Program Files (x86)\IBM\WebSphere MQ\bin64;C:\Program Files (x86)\IBM\WebSphere MQ\bin;C:\Program Files (x86)\IBM\WebSphere MQ\tools\c\samples\bin;C:\Program Files (x86)\SlikSvn\bin;D:\tools\apache-maven-3.0.4\bin;C:\Program Files (x86)\QuickTime\QTSystem\;.
May 21, 2013 2:35:26 PM org.apache.coyote.http11.Http11Protocol init
INFO: Initializing Coyote HTTP/1.1 on http-8090
May 21, 2013 2:35:26 PM org.apache.catalina.startup.Catalina load
INFO: Initialization processed in 260 ms
May 21, 2013 2:35:26 PM org.apache.catalina.core.StandardService start
INFO: Starting service Catalina
May 21, 2013 2:35:26 PM org.apache.catalina.core.StandardEngine start
INFO: Starting Servlet Engine: Apache Tomcat/6.0.35
May 21, 2013 2:35:26 PM org.apache.catalina.startup.HostConfig deployDescriptor
INFO: Deploying configuration descriptor host-manager.xml
May 21, 2013 2:35:26 PM org.apache.catalina.startup.HostConfig deployDescriptor
INFO: Deploying configuration descriptor manager.xml
May 21, 2013 2:35:26 PM org.apache.catalina.startup.HostConfig deployDescriptor
INFO: Deploying configuration descriptor messageprocessor.xml
May 21, 2013 2:35:26 PM org.apache.catalina.startup.HostConfig deployDescriptor
INFO: Deploying configuration descriptor repository.xml
May 21, 2013 2:35:26 PM org.apache.catalina.startup.HostConfig deployDescriptor
INFO: Deploying configuration descriptor webformrepair.xml
May 21, 2013 2:35:27 PM org.apache.catalina.startup.HostConfig deployDirectory
INFO: Deploying web application directory docs
May 21, 2013 2:35:27 PM org.apache.catalina.startup.HostConfig deployDirectory
INFO: Deploying web application directory examples
May 21, 2013 2:35:27 PM org.apache.catalina.startup.HostConfig deployDirectory
INFO: Deploying web application directory ROOT
May 21, 2013 2:35:27 PM org.apache.coyote.http11.Http11Protocol start
INFO: Starting Coyote HTTP/1.1 on http-8090
May 21, 2013 2:35:27 PM org.apache.jk.common.ChannelSocket init
INFO: JK: ajp13 listening on /0.0.0.0:8009
May 21, 2013 2:35:27 PM org.apache.jk.server.JkMain start
INFO: Jk running ID=0 time=1/22  config=null
May 21, 2013 2:35:27 PM org.apache.catalina.startup.Catalina start
INFO: Server startup in 1003 ms
May 21, 2013 2:37:36 PM org.apache.coyote.http11.Http11Protocol pause
INFO: Pausing Coyote HTTP/1.1 on http-8090
May 21, 2013 2:37:37 PM org.apache.catalina.core.StandardService stop
INFO: Stopping service Catalina
May 21, 2013 2:37:37 PM org.apache.catalina.loader.WebappClassLoader clearReferencesJdbc
SEVERE: The web application [/webformrepair] registered the JDBC driver [org.hsqldb.jdbc.JDBCDriver] but failed to unregister it when the web application was stopped. To prevent a memory leak, the JDBC Driver has been forcibly unregistered.
May 21, 2013 2:37:37 PM org.apache.catalina.loader.WebappClassLoader clearReferencesThreads
SEVERE: The web application [/webformrepair] appears to have started a thread named [Timer-0] but has failed to stop it. This is very likely to create a memory leak.
May 21, 2013 2:37:37 PM org.apache.catalina.loader.WebappClassLoader clearThreadLocalMap
SEVERE: The web application [/webformrepair] created a ThreadLocal with key of type [com.tplus.transform.runtime.vm.WeakThreadLocal] (value [com.tplus.transform.runtime.vm.WeakThreadLocal@1f94203]) and a value of type [java.lang.ref.WeakReference] (value [java.lang.ref.WeakReference@15cf2be]) but failed to remove it when the web application was stopped. This is very likely to create a memory leak.
May 21, 2013 2:37:37 PM org.apache.catalina.loader.WebappClassLoader clearThreadLocalMap
SEVERE: The web application [/webformrepair] created a ThreadLocal with key of type [java.lang.ThreadLocal] (value [java.lang.ThreadLocal@144b457]) and a value of type [com.volante.component.server.transaction.TransactionManagerImpl.ThreadInfo] (value [com.volante.component.server.transaction.TransactionManagerImpl$ThreadInfo@19bd819]) but failed to remove it when the web application was stopped. This is very likely to create a memory leak.
May 21, 2013 2:37:37 PM org.apache.catalina.loader.WebappClassLoader clearThreadLocalMap
SEVERE: The web application [/webformrepair] created a ThreadLocal with key of type [com.tplus.transform.runtime.formula.DateFunctions$1] (value [com.tplus.transform.runtime.formula.DateFunctions$1@5b27dc]) and a value of type [java.util.GregorianCalendar] (value [java.util.GregorianCalendar[time=1369074600000,areFieldsSet=true,areAllFieldsSet=false,lenient=true,zone=sun.util.calendar.ZoneInfo[id="Asia/Calcutta",offset=19800000,dstSavings=0,useDaylight=false,transitions=6,lastRule=null],firstDayOfWeek=1,minimalDaysInFirstWeek=1,ERA=?,YEAR=2013,MONTH=4,WEEK_OF_YEAR=?,WEEK_OF_MONTH=?,DAY_OF_MONTH=21,DAY_OF_YEAR=?,DAY_OF_WEEK=?,DAY_OF_WEEK_IN_MONTH=?,AM_PM=?,HOUR=?,HOUR_OF_DAY=?,MINUTE=?,SECOND=?,MILLISECOND=?,ZONE_OFFSET=?,DST_OFFSET=?]]) but failed to remove it when the web application was stopped. This is very likely to create a memory leak.
May 21, 2013 2:37:37 PM org.apache.catalina.loader.WebappClassLoader clearThreadLocalMap
SEVERE: The web application [/webformrepair] created a ThreadLocal with key of type [com.tplus.transform.runtime.vm.WeakThreadLocal] (value [com.tplus.transform.runtime.vm.WeakThreadLocal@1f94203]) and a value of type [java.lang.ref.WeakReference] (value [java.lang.ref.WeakReference@95f865]) but failed to remove it when the web application was stopped. This is very likely to create a memory leak.
May 21, 2013 2:37:37 PM org.apache.coyote.http11.Http11Protocol destroy
INFO: Stopping Coyote HTTP/1.1 on http-8090
