Sep 23, 2013 5:00:10 PM org.apache.catalina.core.AprLifecycleListener init
INFO: The APR based Apache Tomcat Native library which allows optimal performance in production environments was not found on the java.library.path: D:\Volante_Installs\Volante_R500B1400\jre\bin;C:\Windows\Sun\Java\bin;C:\Windows\system32;C:\Windows;D:\Oracle_XE\app\oracle\product\11.2.0\server\bin;;C:\Program Files\Common Files\Microsoft Shared\Windows Live;C:\Program Files (x86)\Common Files\Microsoft Shared\Windows Live;C:\Program Files (x86)\Intel\iCLS Client\;C:\Program Files\Intel\iCLS Client\;C:\Program Files (x86)\NVIDIA Corporation\PhysX\Common;C:\Windows\system32;C:\Windows;C:\Windows\System32\Wbem;C:\Program Files\Intel\Intel(R) Management Engine Components\DAL;C:\Program Files\Intel\Intel(R) Management Engine Components\IPT;C:\Program Files (x86)\Intel\Intel(R) Management Engine Components\DAL;C:\Program Files (x86)\Intel\Intel(R) Management Engine Components\IPT;C:\Program Files (x86)\Windows Live\Shared;C:\Program Files (x86)\Intel\OpenCL SDK\2.0\bin\x86;C:\Program Files (x86)\Intel\OpenCL SDK\2.0\bin\x64;D:\Program Files (x86)\jZip;C:\Program Files (x86)\Java\jre7\bin;D:\Program Files (x86)\apache-ant-1.8.4\bin;C:\Windows\System32\WindowsPowerShell\v1.0\;D:\Volante_Installs\utils\apache-maven-3.0.4\bin;D:\Volante_Installs\utils\apache-ant-1.9.0\bin;C:\Windows\System32\WindowsPowerShell\v1.0\;D:\Program Files (x86)\UltraEdit-32;.
Sep 23, 2013 5:00:11 PM org.apache.tomcat.util.digester.SetPropertiesRule begin
WARNING: [SetPropertiesRule]{Server/Service/Engine/Host/Context} Setting property 'debug' to 'true' did not find a matching property.
Sep 23, 2013 5:00:11 PM org.apache.tomcat.util.digester.SetPropertiesRule begin
WARNING: [SetPropertiesRule]{Server/Service/Engine/Host/Context} Setting property 'debug' to 'true' did not find a matching property.
Sep 23, 2013 5:00:11 PM org.apache.coyote.http11.Http11Protocol init
INFO: Initializing Coyote HTTP/1.1 on http-8090
Sep 23, 2013 5:00:11 PM org.apache.catalina.startup.Catalina load
INFO: Initialization processed in 1970 ms
Sep 23, 2013 5:00:11 PM org.apache.catalina.core.StandardService start
INFO: Starting service Catalina
Sep 23, 2013 5:00:11 PM org.apache.catalina.core.StandardEngine start
INFO: Starting Servlet Engine: Apache Tomcat/6.0.35
Sep 23, 2013 5:00:14 PM org.apache.catalina.startup.HostConfig deployDescriptor
INFO: Deploying configuration descriptor host-manager.xml
Sep 23, 2013 5:00:14 PM org.apache.catalina.startup.HostConfig deployDescriptor
INFO: Deploying configuration descriptor manager.xml
Sep 23, 2013 5:00:14 PM org.apache.catalina.startup.HostConfig deployWAR
INFO: Deploying web application archive vte.war
Sep 23, 2013 5:00:15 PM org.apache.catalina.startup.HostConfig deployDirectory
INFO: Deploying web application directory docs
Sep 23, 2013 5:00:15 PM org.apache.catalina.startup.HostConfig deployDirectory
INFO: Deploying web application directory examples
Sep 23, 2013 5:00:15 PM org.apache.catalina.startup.HostConfig deployDirectory
INFO: Deploying web application directory ROOT
Sep 23, 2013 5:00:15 PM org.apache.coyote.http11.Http11Protocol start
INFO: Starting Coyote HTTP/1.1 on http-8090
Sep 23, 2013 5:00:15 PM org.apache.jk.common.ChannelSocket init
INFO: JK: ajp13 listening on /0.0.0.0:8009
Sep 23, 2013 5:00:15 PM org.apache.jk.server.JkMain start
INFO: Jk running ID=0 time=0/64  config=null
Sep 23, 2013 5:00:15 PM org.apache.catalina.startup.Catalina start
INFO: Server startup in 3655 ms
Sep 23, 2013 5:35:43 PM org.apache.coyote.http11.Http11Protocol pause
INFO: Pausing Coyote HTTP/1.1 on http-8090
Sep 23, 2013 5:35:44 PM org.apache.catalina.core.StandardService stop
INFO: Stopping service Catalina
Sep 23, 2013 5:35:44 PM org.apache.catalina.loader.WebappClassLoader clearThreadLocalMap
SEVERE: The web application [/vte] created a ThreadLocal with key of type [com.tplus.transform.lang.FloatingDecimal$1] (value [com.tplus.transform.lang.FloatingDecimal$1@1f4e49e]) and a value of type [char[]] (value [[C@cd6f35]) but failed to remove it when the web application was stopped. This is very likely to create a memory leak.
Sep 23, 2013 5:35:44 PM org.apache.catalina.loader.WebappClassLoader clearThreadLocalMap
SEVERE: The web application [/vte] created a ThreadLocal with key of type [java.lang.ThreadLocal] (value [java.lang.ThreadLocal@140302c]) and a value of type [com.volante.component.server.transaction.TransactionManagerImpl.ThreadInfo] (value [com.volante.component.server.transaction.TransactionManagerImpl$ThreadInfo@11ab2fd]) but failed to remove it when the web application was stopped. This is very likely to create a memory leak.
Sep 23, 2013 5:35:44 PM org.apache.catalina.loader.WebappClassLoader clearThreadLocalMap
SEVERE: The web application [/vte] created a ThreadLocal with key of type [com.tplus.transform.runtime.vm.WeakThreadLocal] (value [com.tplus.transform.runtime.vm.WeakThreadLocal@1dd1e5b]) and a value of type [java.lang.ref.WeakReference] (value [java.lang.ref.WeakReference@1f41467]) but failed to remove it when the web application was stopped. This is very likely to create a memory leak.
Sep 23, 2013 5:35:44 PM org.apache.catalina.loader.WebappClassLoader clearThreadLocalMap
SEVERE: The web application [/vte] created a ThreadLocal with key of type [com.tplus.transform.lang.FloatingDecimal$1] (value [com.tplus.transform.lang.FloatingDecimal$1@1f4e49e]) and a value of type [char[]] (value [[C@1678aaf]) but failed to remove it when the web application was stopped. This is very likely to create a memory leak.
Sep 23, 2013 5:35:44 PM org.apache.catalina.loader.WebappClassLoader clearThreadLocalMap
SEVERE: The web application [/vte] created a ThreadLocal with key of type [java.lang.ThreadLocal] (value [java.lang.ThreadLocal@140302c]) and a value of type [com.volante.component.server.transaction.TransactionManagerImpl.ThreadInfo] (value [com.volante.component.server.transaction.TransactionManagerImpl$ThreadInfo@c1ebfb]) but failed to remove it when the web application was stopped. This is very likely to create a memory leak.
Sep 23, 2013 5:35:44 PM org.apache.catalina.loader.WebappClassLoader clearThreadLocalMap
SEVERE: The web application [/vte] created a ThreadLocal with key of type [com.tplus.transform.runtime.vm.WeakThreadLocal] (value [com.tplus.transform.runtime.vm.WeakThreadLocal@1dd1e5b]) and a value of type [java.lang.ref.WeakReference] (value [java.lang.ref.WeakReference@16be385]) but failed to remove it when the web application was stopped. This is very likely to create a memory leak.
Sep 23, 2013 5:35:45 PM org.apache.coyote.http11.Http11Protocol destroy
INFO: Stopping Coyote HTTP/1.1 on http-8090
