May 12, 2015 2:55:24 PM org.apache.coyote.http11.Http11Protocol pause
INFO: Pausing Coyote HTTP/1.1 on http-8090
May 12, 2015 2:55:25 PM org.apache.catalina.core.StandardService stop
INFO: Stopping service Catalina
May 12, 2015 2:55:25 PM org.apache.catalina.loader.WebappClassLoader clearReferencesJdbc
SEVERE: The web application [/messageprocessor] registered the JDBC driver [org.hsqldb.jdbc.JDBCDriver] but failed to unregister it when the web application was stopped. To prevent a memory leak, the JDBC Driver has been forcibly unregistered.
May 12, 2015 2:55:25 PM org.apache.catalina.loader.WebappClassLoader clearThreadLocalMap
SEVERE: The web application [/messageprocessor] created a ThreadLocal with key of type [com.tplus.transform.runtime.formula.DateFunctions$1] (value [com.tplus.transform.runtime.formula.DateFunctions$1@1f98858]) and a value of type [java.util.GregorianCalendar] (value [java.util.GregorianCalendar[time=1431298800000,areFieldsSet=true,areAllFieldsSet=false,lenient=true,zone=sun.util.calendar.ZoneInfo[id="Europe/London",offset=0,dstSavings=3600000,useDaylight=true,transitions=242,lastRule=java.util.SimpleTimeZone[id=Europe/London,offset=0,dstSavings=3600000,useDaylight=true,startYear=0,startMode=2,startMonth=2,startDay=-1,startDayOfWeek=1,startTime=3600000,startTimeMode=2,endMode=2,endMonth=9,endDay=-1,endDayOfWeek=1,endTime=3600000,endTimeMode=2]],firstDayOfWeek=2,minimalDaysInFirstWeek=4,ERA=?,YEAR=2015,MONTH=4,WEEK_OF_YEAR=?,WEEK_OF_MONTH=?,DAY_OF_MONTH=11,DAY_OF_YEAR=?,DAY_OF_WEEK=?,DAY_OF_WEEK_IN_MONTH=?,AM_PM=?,HOUR=?,HOUR_OF_DAY=?,MINUTE=?,SECOND=?,MILLISECOND=?,ZONE_OFFSET=?,DST_OFFSET=?]]) but failed to remove it when the web application was stopped. This is very likely to create a memory leak.
May 12, 2015 2:55:25 PM org.apache.catalina.loader.WebappClassLoader clearThreadLocalMap
SEVERE: The web application [/messageprocessor] created a ThreadLocal with key of type [com.tplus.transform.lang.FloatingDecimal$1] (value [com.tplus.transform.lang.FloatingDecimal$1@16688fe]) and a value of type [char[]] (value [[C@abfa29]) but failed to remove it when the web application was stopped. This is very likely to create a memory leak.
May 12, 2015 2:55:25 PM org.apache.catalina.loader.WebappClassLoader clearThreadLocalMap
SEVERE: The web application [/messageprocessor] created a ThreadLocal with key of type [java.lang.ThreadLocal] (value [java.lang.ThreadLocal@b4bf05]) and a value of type [com.volante.component.server.transaction.TransactionManagerImpl.ThreadInfo] (value [com.volante.component.server.transaction.TransactionManagerImpl$ThreadInfo@68eadb]) but failed to remove it when the web application was stopped. This is very likely to create a memory leak.
May 12, 2015 2:55:25 PM org.apache.catalina.loader.WebappClassLoader clearThreadLocalMap
SEVERE: The web application [/messageprocessor] created a ThreadLocal with key of type [com.tplus.transform.runtime.vm.WeakThreadLocal] (value [com.tplus.transform.runtime.vm.WeakThreadLocal@12dc62]) and a value of type [java.lang.ref.WeakReference] (value [java.lang.ref.WeakReference@42ae2c]) but failed to remove it when the web application was stopped. This is very likely to create a memory leak.
May 12, 2015 2:55:30 PM org.apache.coyote.http11.Http11Protocol destroy
INFO: Stopping Coyote HTTP/1.1 on http-8090
May 12, 2015 2:56:53 PM org.apache.catalina.core.AprLifecycleListener init
INFO: The APR based Apache Tomcat Native library which allows optimal performance in production environments was not found on the java.library.path: D:\Volante_Installs\Volante_R500B1400\jre\bin;C:\Windows\Sun\Java\bin;C:\Windows\system32;C:\Windows;C:\Program Files\Common Files\Microsoft Shared\Microsoft Online Services;C:\Program Files (x86)\Common Files\Microsoft Shared\Microsoft Online Services;D:\Oracle_XE\app\oracle\product\11.2.0\server\bin;;C:\Program Files (x86)\NVIDIA Corporation\PhysX\Common;D:\IBM\MQ\java\lib;D:\IBM\MQ\java\lib64;C:\Program Files (x86)\Intel\iCLS Client\;C:\Program Files\Intel\iCLS Client\;C:\Windows\system32;C:\Windows;C:\Windows\System32\Wbem;C:\Windows\System32\WindowsPowerShell\v1.0\;C:\Program Files (x86)\Intel\OpenCL SDK\2.0\bin\x86;C:\Program Files (x86)\Intel\OpenCL SDK\2.0\bin\x64;C:\Program Files\Intel\Intel(R) Management Engine Components\DAL;C:\Program Files\Intel\Intel(R) Management Engine Components\IPT;C:\Program Files (x86)\Intel\Intel(R) Management Engine Components\DAL;C:\Program Files (x86)\Intel\Intel(R) Management Engine Components\IPT;C:\Program Files\Intel\WiFi\bin\;C:\Program Files\Common Files\Intel\WirelessCommon\;D:\Program Files (x86)\jZip\jZip;C:\Program Files\Java\jdk1.7.0_60\bin;D:\Volante_Installs\utils\apache-ant-1.9.0\bin;D:\Volante_Installs\utils\apache-maven-3.0.4\bin;D:\IBM\MQ\bin64;D:\IBM\MQ\bin;D:\IBM\MQ\tools\c\samples\bin;C:\Program Files (x86)\Microsoft SQL Server\100\Tools\Binn\;C:\Program Files\Microsoft SQL Server\100\Tools\Binn\;C:\Program Files\Microsoft SQL Server\100\DTS\Binn\;C:\Windows\Microsoft.NET\Framework64\v4.0.30319;C:\Program Files (x86)\Skype\Phone\;D:\MSSQLServer\Client SDK\ODBC\110\Tools\Binn\;D:\MSSQLServer\x86\120\Tools\Binn\;D:\MSSQLServer\120\Tools\Binn\;D:\MSSQLServer\120\DTS\Binn\;D:\MSSQLServer\x86\120\Tools\Binn\ManagementStudio\;D:\MSSQLServer\x86\120\DTS\Binn\;C:\Program Files\Intel\WiFi\bin\;C:\Program Files\Common Files\Intel\WirelessCommon\;.;;.
May 12, 2015 2:56:54 PM org.apache.tomcat.util.digester.SetPropertiesRule begin
WARNING: [SetPropertiesRule]{Server/Service/Engine/Host/Context} Setting property 'debug' to 'true' did not find a matching property.
May 12, 2015 2:56:54 PM org.apache.tomcat.util.digester.SetPropertiesRule begin
WARNING: [SetPropertiesRule]{Server/Service/Engine/Host/Context} Setting property 'debug' to 'true' did not find a matching property.
May 12, 2015 2:56:55 PM org.apache.coyote.http11.Http11Protocol init
INFO: Initializing Coyote HTTP/1.1 on http-8090
May 12, 2015 2:56:55 PM org.apache.catalina.startup.Catalina load
INFO: Initialization processed in 1811 ms
May 12, 2015 2:56:55 PM org.apache.catalina.core.StandardService start
INFO: Starting service Catalina
May 12, 2015 2:56:55 PM org.apache.catalina.core.StandardEngine start
INFO: Starting Servlet Engine: Apache Tomcat/6.0.35
May 12, 2015 2:56:56 PM org.apache.catalina.startup.HostConfig deployDescriptor
INFO: Deploying configuration descriptor host-manager.xml
May 12, 2015 2:56:56 PM org.apache.catalina.startup.HostConfig deployDescriptor
INFO: Deploying configuration descriptor manager.xml
May 12, 2015 2:56:56 PM org.apache.catalina.startup.HostConfig deployWAR
INFO: Deploying web application archive messageprocessor.war
May 12, 2015 2:56:57 PM org.apache.catalina.startup.HostConfig deployWAR
INFO: Deploying web application archive vte.war
May 12, 2015 2:56:57 PM org.apache.catalina.startup.HostConfig deployDirectory
INFO: Deploying web application directory docs
May 12, 2015 2:56:57 PM org.apache.catalina.startup.HostConfig deployDirectory
INFO: Deploying web application directory examples
May 12, 2015 2:56:58 PM org.apache.catalina.startup.HostConfig deployDirectory
INFO: Deploying web application directory ROOT
May 12, 2015 2:56:58 PM org.apache.coyote.http11.Http11Protocol start
INFO: Starting Coyote HTTP/1.1 on http-8090
May 12, 2015 2:56:58 PM org.apache.jk.common.ChannelSocket init
INFO: JK: ajp13 listening on /0.0.0.0:8009
May 12, 2015 2:56:58 PM org.apache.jk.server.JkMain start
INFO: Jk running ID=0 time=0/46  config=null
May 12, 2015 2:56:58 PM org.apache.catalina.startup.Catalina start
INFO: Server startup in 3179 ms
May 12, 2015 3:28:33 PM org.apache.coyote.http11.Http11Protocol pause
INFO: Pausing Coyote HTTP/1.1 on http-8090
May 12, 2015 3:28:34 PM org.apache.catalina.core.StandardService stop
INFO: Stopping service Catalina
May 12, 2015 3:28:34 PM org.apache.catalina.loader.WebappClassLoader clearReferencesJdbc
SEVERE: The web application [/messageprocessor] registered the JDBC driver [org.hsqldb.jdbc.JDBCDriver] but failed to unregister it when the web application was stopped. To prevent a memory leak, the JDBC Driver has been forcibly unregistered.
May 12, 2015 3:28:34 PM org.apache.catalina.loader.WebappClassLoader clearThreadLocalMap
SEVERE: The web application [/messageprocessor] created a ThreadLocal with key of type [com.tplus.transform.runtime.formula.DateFunctions$1] (value [com.tplus.transform.runtime.formula.DateFunctions$1@1565730]) and a value of type [java.util.GregorianCalendar] (value [java.util.GregorianCalendar[time=1431385200000,areFieldsSet=true,areAllFieldsSet=false,lenient=true,zone=sun.util.calendar.ZoneInfo[id="Europe/London",offset=0,dstSavings=3600000,useDaylight=true,transitions=242,lastRule=java.util.SimpleTimeZone[id=Europe/London,offset=0,dstSavings=3600000,useDaylight=true,startYear=0,startMode=2,startMonth=2,startDay=-1,startDayOfWeek=1,startTime=3600000,startTimeMode=2,endMode=2,endMonth=9,endDay=-1,endDayOfWeek=1,endTime=3600000,endTimeMode=2]],firstDayOfWeek=2,minimalDaysInFirstWeek=4,ERA=?,YEAR=2015,MONTH=4,WEEK_OF_YEAR=?,WEEK_OF_MONTH=?,DAY_OF_MONTH=12,DAY_OF_YEAR=?,DAY_OF_WEEK=?,DAY_OF_WEEK_IN_MONTH=?,AM_PM=?,HOUR=?,HOUR_OF_DAY=?,MINUTE=?,SECOND=?,MILLISECOND=?,ZONE_OFFSET=?,DST_OFFSET=?]]) but failed to remove it when the web application was stopped. This is very likely to create a memory leak.
May 12, 2015 3:28:34 PM org.apache.catalina.loader.WebappClassLoader clearThreadLocalMap
SEVERE: The web application [/messageprocessor] created a ThreadLocal with key of type [com.tplus.transform.lang.FloatingDecimal$1] (value [com.tplus.transform.lang.FloatingDecimal$1@2c9d7e]) and a value of type [char[]] (value [[C@117f9dc]) but failed to remove it when the web application was stopped. This is very likely to create a memory leak.
May 12, 2015 3:28:34 PM org.apache.catalina.loader.WebappClassLoader clearThreadLocalMap
SEVERE: The web application [/messageprocessor] created a ThreadLocal with key of type [java.lang.ThreadLocal] (value [java.lang.ThreadLocal@114de27]) and a value of type [com.volante.component.server.transaction.TransactionManagerImpl.ThreadInfo] (value [com.volante.component.server.transaction.TransactionManagerImpl$ThreadInfo@104eeb1]) but failed to remove it when the web application was stopped. This is very likely to create a memory leak.
May 12, 2015 3:28:34 PM org.apache.catalina.loader.WebappClassLoader clearThreadLocalMap
SEVERE: The web application [/messageprocessor] created a ThreadLocal with key of type [com.tplus.transform.runtime.vm.WeakThreadLocal] (value [com.tplus.transform.runtime.vm.WeakThreadLocal@d2c4bc]) and a value of type [java.lang.ref.WeakReference] (value [java.lang.ref.WeakReference@17233e3]) but failed to remove it when the web application was stopped. This is very likely to create a memory leak.
May 12, 2015 3:28:34 PM org.apache.coyote.http11.Http11Protocol destroy
INFO: Stopping Coyote HTTP/1.1 on http-8090
May 12, 2015 3:29:56 PM org.apache.catalina.core.AprLifecycleListener init
INFO: The APR based Apache Tomcat Native library which allows optimal performance in production environments was not found on the java.library.path: D:\Volante_Installs\Volante_R500B1400\jre\bin;C:\Windows\Sun\Java\bin;C:\Windows\system32;C:\Windows;C:\Program Files\Common Files\Microsoft Shared\Microsoft Online Services;C:\Program Files (x86)\Common Files\Microsoft Shared\Microsoft Online Services;D:\Oracle_XE\app\oracle\product\11.2.0\server\bin;;C:\Program Files (x86)\NVIDIA Corporation\PhysX\Common;D:\IBM\MQ\java\lib;D:\IBM\MQ\java\lib64;C:\Program Files (x86)\Intel\iCLS Client\;C:\Program Files\Intel\iCLS Client\;C:\Windows\system32;C:\Windows;C:\Windows\System32\Wbem;C:\Windows\System32\WindowsPowerShell\v1.0\;C:\Program Files (x86)\Intel\OpenCL SDK\2.0\bin\x86;C:\Program Files (x86)\Intel\OpenCL SDK\2.0\bin\x64;C:\Program Files\Intel\Intel(R) Management Engine Components\DAL;C:\Program Files\Intel\Intel(R) Management Engine Components\IPT;C:\Program Files (x86)\Intel\Intel(R) Management Engine Components\DAL;C:\Program Files (x86)\Intel\Intel(R) Management Engine Components\IPT;C:\Program Files\Intel\WiFi\bin\;C:\Program Files\Common Files\Intel\WirelessCommon\;D:\Program Files (x86)\jZip\jZip;C:\Program Files\Java\jdk1.7.0_60\bin;D:\Volante_Installs\utils\apache-ant-1.9.0\bin;D:\Volante_Installs\utils\apache-maven-3.0.4\bin;D:\IBM\MQ\bin64;D:\IBM\MQ\bin;D:\IBM\MQ\tools\c\samples\bin;C:\Program Files (x86)\Microsoft SQL Server\100\Tools\Binn\;C:\Program Files\Microsoft SQL Server\100\Tools\Binn\;C:\Program Files\Microsoft SQL Server\100\DTS\Binn\;C:\Windows\Microsoft.NET\Framework64\v4.0.30319;C:\Program Files (x86)\Skype\Phone\;D:\MSSQLServer\Client SDK\ODBC\110\Tools\Binn\;D:\MSSQLServer\x86\120\Tools\Binn\;D:\MSSQLServer\120\Tools\Binn\;D:\MSSQLServer\120\DTS\Binn\;D:\MSSQLServer\x86\120\Tools\Binn\ManagementStudio\;D:\MSSQLServer\x86\120\DTS\Binn\;C:\Program Files\Intel\WiFi\bin\;C:\Program Files\Common Files\Intel\WirelessCommon\;.;;.
May 12, 2015 3:29:56 PM org.apache.tomcat.util.digester.SetPropertiesRule begin
WARNING: [SetPropertiesRule]{Server/Service/Engine/Host/Context} Setting property 'debug' to 'true' did not find a matching property.
May 12, 2015 3:29:56 PM org.apache.tomcat.util.digester.SetPropertiesRule begin
WARNING: [SetPropertiesRule]{Server/Service/Engine/Host/Context} Setting property 'debug' to 'true' did not find a matching property.
May 12, 2015 3:29:56 PM org.apache.coyote.http11.Http11Protocol init
INFO: Initializing Coyote HTTP/1.1 on http-8090
May 12, 2015 3:29:56 PM org.apache.catalina.startup.Catalina load
INFO: Initialization processed in 717 ms
May 12, 2015 3:29:56 PM org.apache.catalina.core.StandardService start
INFO: Starting service Catalina
May 12, 2015 3:29:56 PM org.apache.catalina.core.StandardEngine start
INFO: Starting Servlet Engine: Apache Tomcat/6.0.35
May 12, 2015 3:29:57 PM org.apache.catalina.startup.HostConfig deployDescriptor
INFO: Deploying configuration descriptor host-manager.xml
May 12, 2015 3:29:57 PM org.apache.catalina.startup.HostConfig deployDescriptor
INFO: Deploying configuration descriptor manager.xml
May 12, 2015 3:29:57 PM org.apache.catalina.startup.HostConfig deployWAR
INFO: Deploying web application archive messageprocessor.war
May 12, 2015 3:29:58 PM org.apache.catalina.startup.HostConfig deployWAR
INFO: Deploying web application archive vte.war
May 12, 2015 3:29:58 PM org.apache.catalina.startup.HostConfig deployDirectory
INFO: Deploying web application directory docs
May 12, 2015 3:29:58 PM org.apache.catalina.startup.HostConfig deployDirectory
INFO: Deploying web application directory examples
May 12, 2015 3:29:58 PM org.apache.catalina.startup.HostConfig deployDirectory
INFO: Deploying web application directory ROOT
May 12, 2015 3:29:58 PM org.apache.coyote.http11.Http11Protocol start
INFO: Starting Coyote HTTP/1.1 on http-8090
May 12, 2015 3:29:58 PM org.apache.jk.common.ChannelSocket init
INFO: JK: ajp13 listening on /0.0.0.0:8009
May 12, 2015 3:29:58 PM org.apache.jk.server.JkMain start
INFO: Jk running ID=0 time=0/27  config=null
May 12, 2015 3:29:58 PM org.apache.catalina.startup.Catalina start
INFO: Server startup in 2128 ms
May 12, 2015 3:56:27 PM org.apache.coyote.http11.Http11Protocol pause
INFO: Pausing Coyote HTTP/1.1 on http-8090
May 12, 2015 3:56:28 PM org.apache.catalina.core.StandardService stop
INFO: Stopping service Catalina
May 12, 2015 3:56:28 PM org.apache.catalina.loader.WebappClassLoader clearReferencesJdbc
SEVERE: The web application [/messageprocessor] registered the JDBC driver [org.hsqldb.jdbc.JDBCDriver] but failed to unregister it when the web application was stopped. To prevent a memory leak, the JDBC Driver has been forcibly unregistered.
May 12, 2015 3:56:28 PM org.apache.catalina.loader.WebappClassLoader clearThreadLocalMap
SEVERE: The web application [/messageprocessor] created a ThreadLocal with key of type [com.tplus.transform.runtime.vm.WeakThreadLocal] (value [com.tplus.transform.runtime.vm.WeakThreadLocal@15faad4]) and a value of type [java.lang.ref.WeakReference] (value [java.lang.ref.WeakReference@1c84b28]) but failed to remove it when the web application was stopped. This is very likely to create a memory leak.
May 12, 2015 3:56:28 PM org.apache.catalina.loader.WebappClassLoader clearThreadLocalMap
SEVERE: The web application [/messageprocessor] created a ThreadLocal with key of type [com.tplus.transform.lang.FloatingDecimal$1] (value [com.tplus.transform.lang.FloatingDecimal$1@be3108]) and a value of type [char[]] (value [[C@852ea8]) but failed to remove it when the web application was stopped. This is very likely to create a memory leak.
May 12, 2015 3:56:28 PM org.apache.catalina.loader.WebappClassLoader clearThreadLocalMap
SEVERE: The web application [/messageprocessor] created a ThreadLocal with key of type [java.lang.ThreadLocal] (value [java.lang.ThreadLocal@1ba3abd]) and a value of type [com.volante.component.server.transaction.TransactionManagerImpl.ThreadInfo] (value [com.volante.component.server.transaction.TransactionManagerImpl$ThreadInfo@1665034]) but failed to remove it when the web application was stopped. This is very likely to create a memory leak.
May 12, 2015 3:56:28 PM org.apache.catalina.loader.WebappClassLoader clearThreadLocalMap
SEVERE: The web application [/messageprocessor] created a ThreadLocal with key of type [org.apache.xmlbeans.XmlBeans$1] (value [org.apache.xmlbeans.XmlBeans$1@1ba256]) and a value of type [java.lang.ref.SoftReference] (value [java.lang.ref.SoftReference@3ecb8b]) but failed to remove it when the web application was stopped. This is very likely to create a memory leak.
May 12, 2015 3:56:28 PM org.apache.catalina.loader.WebappClassLoader clearThreadLocalMap
SEVERE: The web application [/messageprocessor] created a ThreadLocal with key of type [org.apache.xmlbeans.impl.schema.SchemaTypeLoaderImpl$1] (value [org.apache.xmlbeans.impl.schema.SchemaTypeLoaderImpl$1@a52751]) and a value of type [java.util.ArrayList] (value [[java.lang.ref.SoftReference@b850d0]]) but failed to remove it when the web application was stopped. This is very likely to create a memory leak.
May 12, 2015 3:56:28 PM org.apache.catalina.loader.WebappClassLoader clearThreadLocalMap
SEVERE: The web application [/messageprocessor] created a ThreadLocal with key of type [org.apache.xmlbeans.impl.store.Locale$1] (value [org.apache.xmlbeans.impl.store.Locale$1@c1c59b]) and a value of type [java.lang.ref.SoftReference] (value [java.lang.ref.SoftReference@19449a8]) but failed to remove it when the web application was stopped. This is very likely to create a memory leak.
May 12, 2015 3:56:28 PM org.apache.catalina.loader.WebappClassLoader clearThreadLocalMap
SEVERE: The web application [/messageprocessor] created a ThreadLocal with key of type [org.apache.xmlbeans.impl.store.CharUtil$1] (value [org.apache.xmlbeans.impl.store.CharUtil$1@6fb774]) and a value of type [java.lang.ref.SoftReference] (value [java.lang.ref.SoftReference@7546d9]) but failed to remove it when the web application was stopped. This is very likely to create a memory leak.
May 12, 2015 3:56:28 PM org.apache.catalina.loader.WebappClassLoader clearThreadLocalMap
SEVERE: The web application [/messageprocessor] created a ThreadLocal with key of type [com.tplus.transform.runtime.formula.DateFunctions$1] (value [com.tplus.transform.runtime.formula.DateFunctions$1@17e8830]) and a value of type [java.util.GregorianCalendar] (value [java.util.GregorianCalendar[time=1431385200000,areFieldsSet=true,areAllFieldsSet=false,lenient=true,zone=sun.util.calendar.ZoneInfo[id="Europe/London",offset=0,dstSavings=3600000,useDaylight=true,transitions=242,lastRule=java.util.SimpleTimeZone[id=Europe/London,offset=0,dstSavings=3600000,useDaylight=true,startYear=0,startMode=2,startMonth=2,startDay=-1,startDayOfWeek=1,startTime=3600000,startTimeMode=2,endMode=2,endMonth=9,endDay=-1,endDayOfWeek=1,endTime=3600000,endTimeMode=2]],firstDayOfWeek=2,minimalDaysInFirstWeek=4,ERA=?,YEAR=2015,MONTH=4,WEEK_OF_YEAR=?,WEEK_OF_MONTH=?,DAY_OF_MONTH=12,DAY_OF_YEAR=?,DAY_OF_WEEK=?,DAY_OF_WEEK_IN_MONTH=?,AM_PM=?,HOUR=?,HOUR_OF_DAY=?,MINUTE=?,SECOND=?,MILLISECOND=?,ZONE_OFFSET=?,DST_OFFSET=?]]) but failed to remove it when the web application was stopped. This is very likely to create a memory leak.
May 12, 2015 3:56:28 PM org.apache.coyote.http11.Http11Protocol destroy
INFO: Stopping Coyote HTTP/1.1 on http-8090
May 12, 2015 3:57:38 PM org.apache.catalina.core.AprLifecycleListener init
INFO: The APR based Apache Tomcat Native library which allows optimal performance in production environments was not found on the java.library.path: D:\Volante_Installs\Volante_R500B1400\jre\bin;C:\Windows\Sun\Java\bin;C:\Windows\system32;C:\Windows;C:\Program Files\Common Files\Microsoft Shared\Microsoft Online Services;C:\Program Files (x86)\Common Files\Microsoft Shared\Microsoft Online Services;D:\Oracle_XE\app\oracle\product\11.2.0\server\bin;;C:\Program Files (x86)\NVIDIA Corporation\PhysX\Common;D:\IBM\MQ\java\lib;D:\IBM\MQ\java\lib64;C:\Program Files (x86)\Intel\iCLS Client\;C:\Program Files\Intel\iCLS Client\;C:\Windows\system32;C:\Windows;C:\Windows\System32\Wbem;C:\Windows\System32\WindowsPowerShell\v1.0\;C:\Program Files (x86)\Intel\OpenCL SDK\2.0\bin\x86;C:\Program Files (x86)\Intel\OpenCL SDK\2.0\bin\x64;C:\Program Files\Intel\Intel(R) Management Engine Components\DAL;C:\Program Files\Intel\Intel(R) Management Engine Components\IPT;C:\Program Files (x86)\Intel\Intel(R) Management Engine Components\DAL;C:\Program Files (x86)\Intel\Intel(R) Management Engine Components\IPT;C:\Program Files\Intel\WiFi\bin\;C:\Program Files\Common Files\Intel\WirelessCommon\;D:\Program Files (x86)\jZip\jZip;C:\Program Files\Java\jdk1.7.0_60\bin;D:\Volante_Installs\utils\apache-ant-1.9.0\bin;D:\Volante_Installs\utils\apache-maven-3.0.4\bin;D:\IBM\MQ\bin64;D:\IBM\MQ\bin;D:\IBM\MQ\tools\c\samples\bin;C:\Program Files (x86)\Microsoft SQL Server\100\Tools\Binn\;C:\Program Files\Microsoft SQL Server\100\Tools\Binn\;C:\Program Files\Microsoft SQL Server\100\DTS\Binn\;C:\Windows\Microsoft.NET\Framework64\v4.0.30319;C:\Program Files (x86)\Skype\Phone\;D:\MSSQLServer\Client SDK\ODBC\110\Tools\Binn\;D:\MSSQLServer\x86\120\Tools\Binn\;D:\MSSQLServer\120\Tools\Binn\;D:\MSSQLServer\120\DTS\Binn\;D:\MSSQLServer\x86\120\Tools\Binn\ManagementStudio\;D:\MSSQLServer\x86\120\DTS\Binn\;C:\Program Files\Intel\WiFi\bin\;C:\Program Files\Common Files\Intel\WirelessCommon\;.;;.
May 12, 2015 3:57:38 PM org.apache.tomcat.util.digester.SetPropertiesRule begin
WARNING: [SetPropertiesRule]{Server/Service/Engine/Host/Context} Setting property 'debug' to 'true' did not find a matching property.
May 12, 2015 3:57:38 PM org.apache.tomcat.util.digester.SetPropertiesRule begin
WARNING: [SetPropertiesRule]{Server/Service/Engine/Host/Context} Setting property 'debug' to 'true' did not find a matching property.
May 12, 2015 3:57:38 PM org.apache.coyote.http11.Http11Protocol init
INFO: Initializing Coyote HTTP/1.1 on http-8090
May 12, 2015 3:57:38 PM org.apache.catalina.startup.Catalina load
INFO: Initialization processed in 304 ms
May 12, 2015 3:57:38 PM org.apache.catalina.core.StandardService start
INFO: Starting service Catalina
May 12, 2015 3:57:38 PM org.apache.catalina.core.StandardEngine start
INFO: Starting Servlet Engine: Apache Tomcat/6.0.35
May 12, 2015 3:57:38 PM org.apache.catalina.startup.HostConfig deployDescriptor
INFO: Deploying configuration descriptor host-manager.xml
May 12, 2015 3:57:38 PM org.apache.catalina.startup.HostConfig deployDescriptor
INFO: Deploying configuration descriptor manager.xml
May 12, 2015 3:57:38 PM org.apache.catalina.startup.HostConfig deployWAR
INFO: Deploying web application archive messageprocessor.war
May 12, 2015 3:57:39 PM org.apache.catalina.startup.HostConfig deployWAR
INFO: Deploying web application archive vte.war
May 12, 2015 3:57:39 PM org.apache.catalina.startup.HostConfig deployDirectory
INFO: Deploying web application directory docs
May 12, 2015 3:57:39 PM org.apache.catalina.startup.HostConfig deployDirectory
INFO: Deploying web application directory examples
May 12, 2015 3:57:39 PM org.apache.catalina.startup.HostConfig deployDirectory
INFO: Deploying web application directory ROOT
May 12, 2015 3:57:39 PM org.apache.coyote.http11.Http11Protocol start
INFO: Starting Coyote HTTP/1.1 on http-8090
May 12, 2015 3:57:39 PM org.apache.jk.common.ChannelSocket init
INFO: JK: ajp13 listening on /0.0.0.0:8009
May 12, 2015 3:57:39 PM org.apache.jk.server.JkMain start
INFO: Jk running ID=0 time=0/12  config=null
May 12, 2015 3:57:39 PM org.apache.catalina.startup.Catalina start
INFO: Server startup in 1100 ms
