Jul 13, 2015 9:41:29 AM org.apache.catalina.core.AprLifecycleListener init
INFO: The APR based Apache Tomcat Native library which allows optimal performance in production environments was not found on the java.library.path: D:\Volante_Installs\Volante_R500B1400\jre\bin;C:\Windows\Sun\Java\bin;C:\Windows\system32;C:\Windows;C:\Program Files\Common Files\Microsoft Shared\Microsoft Online Services;C:\Program Files (x86)\Common Files\Microsoft Shared\Microsoft Online Services;D:\Oracle_XE\app\oracle\product\11.2.0\server\bin;;C:\Program Files (x86)\NVIDIA Corporation\PhysX\Common;D:\IBM\MQ\java\lib;D:\IBM\MQ\java\lib64;C:\Program Files (x86)\Intel\iCLS Client\;C:\Program Files\Intel\iCLS Client\;C:\Windows\system32;C:\Windows;C:\Windows\System32\Wbem;C:\Windows\System32\WindowsPowerShell\v1.0\;C:\Program Files (x86)\Intel\OpenCL SDK\2.0\bin\x86;C:\Program Files (x86)\Intel\OpenCL SDK\2.0\bin\x64;C:\Program Files\Intel\Intel(R) Management Engine Components\DAL;C:\Program Files\Intel\Intel(R) Management Engine Components\IPT;C:\Program Files (x86)\Intel\Intel(R) Management Engine Components\DAL;C:\Program Files (x86)\Intel\Intel(R) Management Engine Components\IPT;C:\Program Files\Intel\WiFi\bin\;C:\Program Files\Common Files\Intel\WirelessCommon\;D:\Program Files (x86)\jZip\jZip;C:\Program Files\Java\jdk1.7.0_60\bin;D:\Volante_Installs\utils\apache-ant-1.9.0\bin;D:\Volante_Installs\utils\apache-maven-3.0.4\bin;D:\IBM\MQ\bin64;D:\IBM\MQ\bin;D:\IBM\MQ\tools\c\samples\bin;C:\Program Files (x86)\Microsoft SQL Server\100\Tools\Binn\;C:\Program Files\Microsoft SQL Server\100\Tools\Binn\;C:\Program Files\Microsoft SQL Server\100\DTS\Binn\;C:\Windows\Microsoft.NET\Framework64\v4.0.30319;C:\Program Files (x86)\Skype\Phone\;D:\MSSQLServer\Client SDK\ODBC\110\Tools\Binn\;D:\MSSQLServer\x86\120\Tools\Binn\;D:\MSSQLServer\120\Tools\Binn\;D:\MSSQLServer\120\DTS\Binn\;D:\MSSQLServer\x86\120\Tools\Binn\ManagementStudio\;D:\MSSQLServer\x86\120\DTS\Binn\;C:\Program Files\Intel\WiFi\bin\;C:\Program Files\Common Files\Intel\WirelessCommon\;.;;.
Jul 13, 2015 9:41:29 AM org.apache.tomcat.util.digester.SetPropertiesRule begin
WARNING: [SetPropertiesRule]{Server/Service/Engine/Host/Context} Setting property 'debug' to 'true' did not find a matching property.
Jul 13, 2015 9:41:29 AM org.apache.tomcat.util.digester.SetPropertiesRule begin
WARNING: [SetPropertiesRule]{Server/Service/Engine/Host/Context} Setting property 'debug' to 'true' did not find a matching property.
Jul 13, 2015 9:41:30 AM org.apache.coyote.http11.Http11Protocol init
INFO: Initializing Coyote HTTP/1.1 on http-8090
Jul 13, 2015 9:41:30 AM org.apache.catalina.startup.Catalina load
INFO: Initialization processed in 1703 ms
Jul 13, 2015 9:41:30 AM org.apache.catalina.core.StandardService start
INFO: Starting service Catalina
Jul 13, 2015 9:41:30 AM org.apache.catalina.core.StandardEngine start
INFO: Starting Servlet Engine: Apache Tomcat/6.0.35
Jul 13, 2015 9:41:32 AM org.apache.catalina.startup.HostConfig deployDescriptor
INFO: Deploying configuration descriptor host-manager.xml
Jul 13, 2015 9:41:32 AM org.apache.catalina.startup.HostConfig deployDescriptor
INFO: Deploying configuration descriptor manager.xml
Jul 13, 2015 9:41:32 AM org.apache.catalina.startup.HostConfig deployWAR
INFO: Deploying web application archive messageprocessor.war
Jul 13, 2015 9:41:34 AM org.apache.catalina.startup.HostConfig deployWAR
INFO: Deploying web application archive vte.war
Jul 13, 2015 9:41:35 AM org.apache.catalina.startup.HostConfig deployDirectory
INFO: Deploying web application directory docs
Jul 13, 2015 9:41:35 AM org.apache.catalina.startup.HostConfig deployDirectory
INFO: Deploying web application directory examples
Jul 13, 2015 9:41:35 AM org.apache.catalina.startup.HostConfig deployDirectory
INFO: Deploying web application directory ROOT
Jul 13, 2015 9:41:35 AM org.apache.coyote.http11.Http11Protocol start
INFO: Starting Coyote HTTP/1.1 on http-8090
Jul 13, 2015 9:41:35 AM org.apache.jk.common.ChannelSocket init
INFO: JK: ajp13 listening on /0.0.0.0:8009
Jul 13, 2015 9:41:35 AM org.apache.jk.server.JkMain start
INFO: Jk running ID=0 time=0/38  config=null
Jul 13, 2015 9:41:35 AM org.apache.catalina.startup.Catalina start
INFO: Server startup in 5345 ms
Jul 13, 2015 3:20:04 PM org.apache.coyote.http11.Http11Protocol pause
INFO: Pausing Coyote HTTP/1.1 on http-8090
Jul 13, 2015 3:20:05 PM org.apache.catalina.core.StandardService stop
INFO: Stopping service Catalina
Jul 13, 2015 3:20:05 PM org.apache.catalina.loader.WebappClassLoader clearReferencesJdbc
SEVERE: The web application [/messageprocessor] registered the JDBC driver [org.hsqldb.jdbc.JDBCDriver] but failed to unregister it when the web application was stopped. To prevent a memory leak, the JDBC Driver has been forcibly unregistered.
Jul 13, 2015 3:20:05 PM org.apache.catalina.loader.WebappClassLoader clearThreadLocalMap
SEVERE: The web application [/messageprocessor] created a ThreadLocal with key of type [com.tplus.transform.runtime.vm.WeakThreadLocal] (value [com.tplus.transform.runtime.vm.WeakThreadLocal@1b3cbc9]) and a value of type [java.lang.ref.WeakReference] (value [java.lang.ref.WeakReference@1080026]) but failed to remove it when the web application was stopped. This is very likely to create a memory leak.
Jul 13, 2015 3:20:05 PM org.apache.catalina.loader.WebappClassLoader clearThreadLocalMap
SEVERE: The web application [/messageprocessor] created a ThreadLocal with key of type [com.tplus.transform.lang.FloatingDecimal$1] (value [com.tplus.transform.lang.FloatingDecimal$1@41ca9a]) and a value of type [char[]] (value [[C@15c4bc6]) but failed to remove it when the web application was stopped. This is very likely to create a memory leak.
Jul 13, 2015 3:20:05 PM org.apache.catalina.loader.WebappClassLoader clearThreadLocalMap
SEVERE: The web application [/messageprocessor] created a ThreadLocal with key of type [org.apache.xmlbeans.XmlBeans$1] (value [org.apache.xmlbeans.XmlBeans$1@72b4dc]) and a value of type [java.lang.ref.SoftReference] (value [java.lang.ref.SoftReference@c001cd]) but failed to remove it when the web application was stopped. This is very likely to create a memory leak.
Jul 13, 2015 3:20:05 PM org.apache.catalina.loader.WebappClassLoader clearThreadLocalMap
SEVERE: The web application [/messageprocessor] created a ThreadLocal with key of type [java.lang.ThreadLocal] (value [java.lang.ThreadLocal@1b66f75]) and a value of type [com.volante.component.server.transaction.TransactionManagerImpl.ThreadInfo] (value [com.volante.component.server.transaction.TransactionManagerImpl$ThreadInfo@4f7575]) but failed to remove it when the web application was stopped. This is very likely to create a memory leak.
Jul 13, 2015 3:20:05 PM org.apache.catalina.loader.WebappClassLoader clearThreadLocalMap
SEVERE: The web application [/messageprocessor] created a ThreadLocal with key of type [org.apache.xmlbeans.impl.schema.SchemaTypeLoaderImpl$1] (value [org.apache.xmlbeans.impl.schema.SchemaTypeLoaderImpl$1@a89415]) and a value of type [java.util.ArrayList] (value [[java.lang.ref.SoftReference@19211ea]]) but failed to remove it when the web application was stopped. This is very likely to create a memory leak.
Jul 13, 2015 3:20:06 PM org.apache.catalina.loader.WebappClassLoader clearThreadLocalMap
SEVERE: The web application [/messageprocessor] created a ThreadLocal with key of type [org.apache.xmlbeans.impl.store.Locale$1] (value [org.apache.xmlbeans.impl.store.Locale$1@d625bc]) and a value of type [java.lang.ref.SoftReference] (value [java.lang.ref.SoftReference@1479697]) but failed to remove it when the web application was stopped. This is very likely to create a memory leak.
Jul 13, 2015 3:20:06 PM org.apache.catalina.loader.WebappClassLoader clearThreadLocalMap
SEVERE: The web application [/messageprocessor] created a ThreadLocal with key of type [org.apache.xmlbeans.impl.store.CharUtil$1] (value [org.apache.xmlbeans.impl.store.CharUtil$1@efc773]) and a value of type [java.lang.ref.SoftReference] (value [java.lang.ref.SoftReference@f6f4c]) but failed to remove it when the web application was stopped. This is very likely to create a memory leak.
Jul 13, 2015 3:20:06 PM org.apache.catalina.loader.WebappClassLoader clearThreadLocalMap
SEVERE: The web application [/messageprocessor] created a ThreadLocal with key of type [com.tplus.transform.runtime.formula.DateFunctions$1] (value [com.tplus.transform.runtime.formula.DateFunctions$1@154200e]) and a value of type [java.util.GregorianCalendar] (value [java.util.GregorianCalendar[time=1436742000000,areFieldsSet=true,areAllFieldsSet=false,lenient=true,zone=sun.util.calendar.ZoneInfo[id="Europe/London",offset=0,dstSavings=3600000,useDaylight=true,transitions=242,lastRule=java.util.SimpleTimeZone[id=Europe/London,offset=0,dstSavings=3600000,useDaylight=true,startYear=0,startMode=2,startMonth=2,startDay=-1,startDayOfWeek=1,startTime=3600000,startTimeMode=2,endMode=2,endMonth=9,endDay=-1,endDayOfWeek=1,endTime=3600000,endTimeMode=2]],firstDayOfWeek=2,minimalDaysInFirstWeek=4,ERA=?,YEAR=2015,MONTH=6,WEEK_OF_YEAR=?,WEEK_OF_MONTH=?,DAY_OF_MONTH=13,DAY_OF_YEAR=?,DAY_OF_WEEK=?,DAY_OF_WEEK_IN_MONTH=?,AM_PM=?,HOUR=?,HOUR_OF_DAY=?,MINUTE=?,SECOND=?,MILLISECOND=?,ZONE_OFFSET=?,DST_OFFSET=?]]) but failed to remove it when the web application was stopped. This is very likely to create a memory leak.
Jul 13, 2015 3:20:07 PM org.apache.coyote.http11.Http11Protocol destroy
INFO: Stopping Coyote HTTP/1.1 on http-8090
