May 07, 2014 10:50:13 AM org.apache.catalina.core.AprLifecycleListener init
INFO: The APR based Apache Tomcat Native library which allows optimal performance in production environments was not found on the java.library.path: D:\Volante_Installs\Volante_R500B1400\jre\bin;C:\Windows\Sun\Java\bin;C:\Windows\system32;C:\Windows;D:\Sybase\ASE-15_0\jobscheduler\bin;D:\Sybase\ASE-15_0\dll;D:\Sybase\ASE-15_0\bin;D:\Sybase\SCC-3_2\bin;D:\Sybase\DBISQL\bin;D:\Sybase\DataAccess64\ADONET\dll;D:\Sybase\DataAccess\ADONET\dll;D:\Sybase\DataAccess64\ODBC\dll;D:\Sybase\DataAccess\ODBC\dll;D:\Sybase\OCS-15_0\lib3p64;D:\Sybase\OCS-15_0\lib3p;D:\Sybase\OCS-15_0\dll;D:\Sybase\OCS-15_0\bin;D:\Sybase\DataAccess64\OLEDB\dll;D:\Sybase\DataAccess\OLEDB\dll;D:\Oracle_XE\app\oracle\product\11.2.0\server\bin;C:\Program Files\Common Files\Microsoft Shared\Windows Live;C:\Program Files (x86)\Common Files\Microsoft Shared\Windows Live;C:\Program Files (x86)\Intel\iCLS Client\;C:\Program Files\Intel\iCLS Client\;C:\Program Files (x86)\NVIDIA Corporation\PhysX\Common;C:\Windows\system32;C:\Windows;C:\Windows\System32\Wbem;C:\Program Files\Intel\Intel(R) Management Engine Components\DAL;C:\Program Files\Intel\Intel(R) Management Engine Components\IPT;C:\Program Files (x86)\Intel\Intel(R) Management Engine Components\DAL;C:\Program Files (x86)\Intel\Intel(R) Management Engine Components\IPT;C:\Program Files (x86)\Windows Live\Shared;C:\Program Files (x86)\Intel\OpenCL SDK\2.0\bin\x86;C:\Program Files (x86)\Intel\OpenCL SDK\2.0\bin\x64;D:\Program Files (x86)\jZip;C:\Program Files (x86)\Java\jre7\bin;D:\Program Files (x86)\apache-ant-1.8.4\bin;C:\Windows\System32\WindowsPowerShell\v1.0\;D:\Volante_Installs\utils\apache-maven-3.0.4\bin;D:\Volante_Installs\utils\apache-ant-1.9.0\bin;C:\Windows\System32\WindowsPowerShell\v1.0\;D:\Program Files (x86)\UltraEdit-32;.;;.
May 07, 2014 10:50:13 AM org.apache.tomcat.util.digester.SetPropertiesRule begin
WARNING: [SetPropertiesRule]{Server/Service/Engine/Host/Context} Setting property 'debug' to 'true' did not find a matching property.
May 07, 2014 10:50:13 AM org.apache.tomcat.util.digester.SetPropertiesRule begin
WARNING: [SetPropertiesRule]{Server/Service/Engine/Host/Context} Setting property 'debug' to 'true' did not find a matching property.
May 07, 2014 10:50:14 AM org.apache.coyote.http11.Http11Protocol init
INFO: Initializing Coyote HTTP/1.1 on http-8090
May 07, 2014 10:50:14 AM org.apache.catalina.startup.Catalina load
INFO: Initialization processed in 1950 ms
May 07, 2014 10:50:14 AM org.apache.catalina.core.StandardService start
INFO: Starting service Catalina
May 07, 2014 10:50:14 AM org.apache.catalina.core.StandardEngine start
INFO: Starting Servlet Engine: Apache Tomcat/6.0.35
May 07, 2014 10:50:17 AM org.apache.catalina.startup.HostConfig deployDescriptor
INFO: Deploying configuration descriptor host-manager.xml
May 07, 2014 10:50:17 AM org.apache.catalina.startup.HostConfig deployDescriptor
INFO: Deploying configuration descriptor manager.xml
May 07, 2014 10:50:17 AM org.apache.catalina.startup.HostConfig deployWAR
INFO: Deploying web application archive messageprocessor.war
May 07, 2014 10:50:18 AM org.apache.catalina.startup.HostConfig deployWAR
INFO: Deploying web application archive vte.war
May 07, 2014 10:50:18 AM org.apache.catalina.startup.HostConfig deployDirectory
INFO: Deploying web application directory docs
May 07, 2014 10:50:18 AM org.apache.catalina.startup.HostConfig deployDirectory
INFO: Deploying web application directory examples
May 07, 2014 10:50:18 AM org.apache.catalina.startup.HostConfig deployDirectory
INFO: Deploying web application directory ROOT
May 07, 2014 10:50:18 AM org.apache.coyote.http11.Http11Protocol start
INFO: Starting Coyote HTTP/1.1 on http-8090
May 07, 2014 10:50:19 AM org.apache.jk.common.ChannelSocket init
INFO: JK: ajp13 listening on /0.0.0.0:8009
May 07, 2014 10:50:19 AM org.apache.jk.server.JkMain start
INFO: Jk running ID=0 time=0/58  config=null
May 07, 2014 10:50:19 AM org.apache.catalina.startup.Catalina start
INFO: Server startup in 4471 ms
May 07, 2014 11:32:39 AM org.apache.coyote.http11.Http11Protocol pause
INFO: Pausing Coyote HTTP/1.1 on http-8090
May 07, 2014 11:32:40 AM org.apache.catalina.core.StandardService stop
INFO: Stopping service Catalina
May 07, 2014 11:32:40 AM org.apache.catalina.loader.WebappClassLoader clearThreadLocalMap
SEVERE: The web application [/vte] created a ThreadLocal with key of type [com.tplus.transform.runtime.vm.WeakThreadLocal] (value [com.tplus.transform.runtime.vm.WeakThreadLocal@25ab3f]) and a value of type [java.lang.ref.WeakReference] (value [java.lang.ref.WeakReference@10dbe67]) but failed to remove it when the web application was stopped. This is very likely to create a memory leak.
May 07, 2014 11:32:41 AM org.apache.coyote.http11.Http11Protocol destroy
INFO: Stopping Coyote HTTP/1.1 on http-8090
May 07, 2014 11:32:45 AM org.apache.catalina.core.AprLifecycleListener init
INFO: The APR based Apache Tomcat Native library which allows optimal performance in production environments was not found on the java.library.path: D:\Volante_Installs\Volante_R500B1400\jre\bin;C:\Windows\Sun\Java\bin;C:\Windows\system32;C:\Windows;D:\Sybase\ASE-15_0\jobscheduler\bin;D:\Sybase\ASE-15_0\dll;D:\Sybase\ASE-15_0\bin;D:\Sybase\SCC-3_2\bin;D:\Sybase\DBISQL\bin;D:\Sybase\DataAccess64\ADONET\dll;D:\Sybase\DataAccess\ADONET\dll;D:\Sybase\DataAccess64\ODBC\dll;D:\Sybase\DataAccess\ODBC\dll;D:\Sybase\OCS-15_0\lib3p64;D:\Sybase\OCS-15_0\lib3p;D:\Sybase\OCS-15_0\dll;D:\Sybase\OCS-15_0\bin;D:\Sybase\DataAccess64\OLEDB\dll;D:\Sybase\DataAccess\OLEDB\dll;D:\Oracle_XE\app\oracle\product\11.2.0\server\bin;C:\Program Files\Common Files\Microsoft Shared\Windows Live;C:\Program Files (x86)\Common Files\Microsoft Shared\Windows Live;C:\Program Files (x86)\Intel\iCLS Client\;C:\Program Files\Intel\iCLS Client\;C:\Program Files (x86)\NVIDIA Corporation\PhysX\Common;C:\Windows\system32;C:\Windows;C:\Windows\System32\Wbem;C:\Program Files\Intel\Intel(R) Management Engine Components\DAL;C:\Program Files\Intel\Intel(R) Management Engine Components\IPT;C:\Program Files (x86)\Intel\Intel(R) Management Engine Components\DAL;C:\Program Files (x86)\Intel\Intel(R) Management Engine Components\IPT;C:\Program Files (x86)\Windows Live\Shared;C:\Program Files (x86)\Intel\OpenCL SDK\2.0\bin\x86;C:\Program Files (x86)\Intel\OpenCL SDK\2.0\bin\x64;D:\Program Files (x86)\jZip;C:\Program Files (x86)\Java\jre7\bin;D:\Program Files (x86)\apache-ant-1.8.4\bin;C:\Windows\System32\WindowsPowerShell\v1.0\;D:\Volante_Installs\utils\apache-maven-3.0.4\bin;D:\Volante_Installs\utils\apache-ant-1.9.0\bin;C:\Windows\System32\WindowsPowerShell\v1.0\;D:\Program Files (x86)\UltraEdit-32;.;;.
May 07, 2014 11:32:45 AM org.apache.tomcat.util.digester.SetPropertiesRule begin
WARNING: [SetPropertiesRule]{Server/Service/Engine/Host/Context} Setting property 'debug' to 'true' did not find a matching property.
May 07, 2014 11:32:45 AM org.apache.tomcat.util.digester.SetPropertiesRule begin
WARNING: [SetPropertiesRule]{Server/Service/Engine/Host/Context} Setting property 'debug' to 'true' did not find a matching property.
May 07, 2014 11:32:45 AM org.apache.coyote.http11.Http11Protocol init
INFO: Initializing Coyote HTTP/1.1 on http-8090
May 07, 2014 11:32:45 AM org.apache.catalina.startup.Catalina load
INFO: Initialization processed in 320 ms
May 07, 2014 11:32:45 AM org.apache.catalina.core.StandardService start
INFO: Starting service Catalina
May 07, 2014 11:32:45 AM org.apache.catalina.core.StandardEngine start
INFO: Starting Servlet Engine: Apache Tomcat/6.0.35
May 07, 2014 11:32:46 AM org.apache.catalina.startup.HostConfig deployDescriptor
INFO: Deploying configuration descriptor host-manager.xml
May 07, 2014 11:32:46 AM org.apache.catalina.startup.HostConfig deployDescriptor
INFO: Deploying configuration descriptor manager.xml
May 07, 2014 11:32:46 AM org.apache.catalina.startup.HostConfig deployWAR
INFO: Deploying web application archive messageprocessor.war
May 07, 2014 11:32:46 AM org.apache.catalina.startup.HostConfig deployWAR
INFO: Deploying web application archive vte.war
May 07, 2014 11:32:46 AM org.apache.catalina.startup.HostConfig deployDirectory
INFO: Deploying web application directory docs
May 07, 2014 11:32:46 AM org.apache.catalina.startup.HostConfig deployDirectory
INFO: Deploying web application directory examples
May 07, 2014 11:32:46 AM org.apache.catalina.startup.HostConfig deployDirectory
INFO: Deploying web application directory ROOT
May 07, 2014 11:32:46 AM org.apache.coyote.http11.Http11Protocol start
INFO: Starting Coyote HTTP/1.1 on http-8090
May 07, 2014 11:32:46 AM org.apache.jk.common.ChannelSocket init
INFO: JK: ajp13 listening on /0.0.0.0:8009
May 07, 2014 11:32:46 AM org.apache.jk.server.JkMain start
INFO: Jk running ID=0 time=0/12  config=null
May 07, 2014 11:32:46 AM org.apache.catalina.startup.Catalina start
INFO: Server startup in 596 ms
May 07, 2014 11:35:28 AM org.apache.coyote.http11.Http11Protocol pause
INFO: Pausing Coyote HTTP/1.1 on http-8090
May 07, 2014 11:35:29 AM org.apache.catalina.core.StandardService stop
INFO: Stopping service Catalina
May 07, 2014 11:35:29 AM org.apache.catalina.loader.WebappClassLoader clearReferencesJdbc
SEVERE: The web application [/messageprocessor] registered the JDBC driver [org.hsqldb.jdbc.JDBCDriver] but failed to unregister it when the web application was stopped. To prevent a memory leak, the JDBC Driver has been forcibly unregistered.
May 07, 2014 11:35:29 AM org.apache.catalina.loader.WebappClassLoader clearThreadLocalMap
SEVERE: The web application [/messageprocessor] created a ThreadLocal with key of type [com.tplus.transform.runtime.vm.WeakThreadLocal] (value [com.tplus.transform.runtime.vm.WeakThreadLocal@156cf6c]) and a value of type [java.lang.ref.WeakReference] (value [java.lang.ref.WeakReference@4bddfd]) but failed to remove it when the web application was stopped. This is very likely to create a memory leak.
May 07, 2014 11:35:29 AM org.apache.catalina.loader.WebappClassLoader clearThreadLocalMap
SEVERE: The web application [/messageprocessor] created a ThreadLocal with key of type [java.lang.ThreadLocal] (value [java.lang.ThreadLocal@db4abe]) and a value of type [com.volante.component.server.transaction.TransactionManagerImpl.ThreadInfo] (value [com.volante.component.server.transaction.TransactionManagerImpl$ThreadInfo@1081f28]) but failed to remove it when the web application was stopped. This is very likely to create a memory leak.
May 07, 2014 11:35:29 AM org.apache.catalina.loader.WebappClassLoader clearThreadLocalMap
SEVERE: The web application [/messageprocessor] created a ThreadLocal with key of type [com.tplus.transform.lang.FloatingDecimal$1] (value [com.tplus.transform.lang.FloatingDecimal$1@1e7cecf]) and a value of type [char[]] (value [[C@1ba9cea]) but failed to remove it when the web application was stopped. This is very likely to create a memory leak.
May 07, 2014 11:35:29 AM org.apache.catalina.loader.WebappClassLoader clearThreadLocalMap
SEVERE: The web application [/messageprocessor] created a ThreadLocal with key of type [com.tplus.transform.runtime.vm.WeakThreadLocal] (value [com.tplus.transform.runtime.vm.WeakThreadLocal@156cf6c]) and a value of type [java.lang.ref.WeakReference] (value [java.lang.ref.WeakReference@93e963]) but failed to remove it when the web application was stopped. This is very likely to create a memory leak.
May 07, 2014 11:35:30 AM org.apache.coyote.http11.Http11Protocol destroy
INFO: Stopping Coyote HTTP/1.1 on http-8090
May 07, 2014 11:35:55 AM org.apache.catalina.core.AprLifecycleListener init
INFO: The APR based Apache Tomcat Native library which allows optimal performance in production environments was not found on the java.library.path: D:\Volante_Installs\Volante_R500B1400\jre\bin;C:\Windows\Sun\Java\bin;C:\Windows\system32;C:\Windows;D:\Sybase\ASE-15_0\jobscheduler\bin;D:\Sybase\ASE-15_0\dll;D:\Sybase\ASE-15_0\bin;D:\Sybase\SCC-3_2\bin;D:\Sybase\DBISQL\bin;D:\Sybase\DataAccess64\ADONET\dll;D:\Sybase\DataAccess\ADONET\dll;D:\Sybase\DataAccess64\ODBC\dll;D:\Sybase\DataAccess\ODBC\dll;D:\Sybase\OCS-15_0\lib3p64;D:\Sybase\OCS-15_0\lib3p;D:\Sybase\OCS-15_0\dll;D:\Sybase\OCS-15_0\bin;D:\Sybase\DataAccess64\OLEDB\dll;D:\Sybase\DataAccess\OLEDB\dll;D:\Oracle_XE\app\oracle\product\11.2.0\server\bin;C:\Program Files\Common Files\Microsoft Shared\Windows Live;C:\Program Files (x86)\Common Files\Microsoft Shared\Windows Live;C:\Program Files (x86)\Intel\iCLS Client\;C:\Program Files\Intel\iCLS Client\;C:\Program Files (x86)\NVIDIA Corporation\PhysX\Common;C:\Windows\system32;C:\Windows;C:\Windows\System32\Wbem;C:\Program Files\Intel\Intel(R) Management Engine Components\DAL;C:\Program Files\Intel\Intel(R) Management Engine Components\IPT;C:\Program Files (x86)\Intel\Intel(R) Management Engine Components\DAL;C:\Program Files (x86)\Intel\Intel(R) Management Engine Components\IPT;C:\Program Files (x86)\Windows Live\Shared;C:\Program Files (x86)\Intel\OpenCL SDK\2.0\bin\x86;C:\Program Files (x86)\Intel\OpenCL SDK\2.0\bin\x64;D:\Program Files (x86)\jZip;C:\Program Files (x86)\Java\jre7\bin;D:\Program Files (x86)\apache-ant-1.8.4\bin;C:\Windows\System32\WindowsPowerShell\v1.0\;D:\Volante_Installs\utils\apache-maven-3.0.4\bin;D:\Volante_Installs\utils\apache-ant-1.9.0\bin;C:\Windows\System32\WindowsPowerShell\v1.0\;D:\Program Files (x86)\UltraEdit-32;.;;.
May 07, 2014 11:35:55 AM org.apache.tomcat.util.digester.SetPropertiesRule begin
WARNING: [SetPropertiesRule]{Server/Service/Engine/Host/Context} Setting property 'debug' to 'true' did not find a matching property.
May 07, 2014 11:35:55 AM org.apache.tomcat.util.digester.SetPropertiesRule begin
WARNING: [SetPropertiesRule]{Server/Service/Engine/Host/Context} Setting property 'debug' to 'true' did not find a matching property.
May 07, 2014 11:35:55 AM org.apache.coyote.http11.Http11Protocol init
INFO: Initializing Coyote HTTP/1.1 on http-8090
May 07, 2014 11:35:55 AM org.apache.catalina.startup.Catalina load
INFO: Initialization processed in 294 ms
May 07, 2014 11:35:55 AM org.apache.catalina.core.StandardService start
INFO: Starting service Catalina
May 07, 2014 11:35:55 AM org.apache.catalina.core.StandardEngine start
INFO: Starting Servlet Engine: Apache Tomcat/6.0.35
May 07, 2014 11:35:56 AM org.apache.catalina.startup.HostConfig deployDescriptor
INFO: Deploying configuration descriptor host-manager.xml
May 07, 2014 11:35:56 AM org.apache.catalina.startup.HostConfig deployDescriptor
INFO: Deploying configuration descriptor manager.xml
May 07, 2014 11:35:56 AM org.apache.catalina.startup.HostConfig deployWAR
INFO: Deploying web application archive messageprocessor.war
May 07, 2014 11:35:56 AM org.apache.catalina.startup.HostConfig deployWAR
INFO: Deploying web application archive vte.war
May 07, 2014 11:35:56 AM org.apache.catalina.startup.HostConfig deployDirectory
INFO: Deploying web application directory docs
May 07, 2014 11:35:56 AM org.apache.catalina.startup.HostConfig deployDirectory
INFO: Deploying web application directory examples
May 07, 2014 11:35:56 AM org.apache.catalina.startup.HostConfig deployDirectory
INFO: Deploying web application directory ROOT
May 07, 2014 11:35:56 AM org.apache.coyote.http11.Http11Protocol start
INFO: Starting Coyote HTTP/1.1 on http-8090
May 07, 2014 11:35:56 AM org.apache.jk.common.ChannelSocket init
INFO: JK: ajp13 listening on /0.0.0.0:8009
May 07, 2014 11:35:56 AM org.apache.jk.server.JkMain start
INFO: Jk running ID=0 time=0/11  config=null
May 07, 2014 11:35:56 AM org.apache.catalina.startup.Catalina start
INFO: Server startup in 582 ms
May 07, 2014 11:52:50 AM org.apache.coyote.http11.Http11Protocol pause
INFO: Pausing Coyote HTTP/1.1 on http-8090
May 07, 2014 11:52:51 AM org.apache.catalina.core.StandardService stop
INFO: Stopping service Catalina
May 07, 2014 11:52:51 AM org.apache.catalina.loader.WebappClassLoader clearReferencesJdbc
SEVERE: The web application [/messageprocessor] registered the JDBC driver [org.hsqldb.jdbc.JDBCDriver] but failed to unregister it when the web application was stopped. To prevent a memory leak, the JDBC Driver has been forcibly unregistered.
May 07, 2014 11:52:51 AM org.apache.catalina.loader.WebappClassLoader clearThreadLocalMap
SEVERE: The web application [/messageprocessor] created a ThreadLocal with key of type [java.lang.ThreadLocal] (value [java.lang.ThreadLocal@246a00]) and a value of type [com.volante.component.server.transaction.TransactionManagerImpl.ThreadInfo] (value [com.volante.component.server.transaction.TransactionManagerImpl$ThreadInfo@ab608b]) but failed to remove it when the web application was stopped. This is very likely to create a memory leak.
May 07, 2014 11:52:51 AM org.apache.catalina.loader.WebappClassLoader clearThreadLocalMap
SEVERE: The web application [/messageprocessor] created a ThreadLocal with key of type [com.tplus.transform.runtime.vm.WeakThreadLocal] (value [com.tplus.transform.runtime.vm.WeakThreadLocal@14f60b0]) and a value of type [java.lang.ref.WeakReference] (value [java.lang.ref.WeakReference@54f3b2]) but failed to remove it when the web application was stopped. This is very likely to create a memory leak.
May 07, 2014 11:52:51 AM org.apache.catalina.loader.WebappClassLoader clearThreadLocalMap
SEVERE: The web application [/messageprocessor] created a ThreadLocal with key of type [com.tplus.transform.lang.FloatingDecimal$1] (value [com.tplus.transform.lang.FloatingDecimal$1@14b565f]) and a value of type [char[]] (value [[C@11381e5]) but failed to remove it when the web application was stopped. This is very likely to create a memory leak.
May 07, 2014 11:52:51 AM org.apache.catalina.loader.WebappClassLoader clearThreadLocalMap
SEVERE: The web application [/messageprocessor] created a ThreadLocal with key of type [java.lang.ThreadLocal] (value [java.lang.ThreadLocal@246a00]) and a value of type [com.volante.component.server.transaction.TransactionManagerImpl.ThreadInfo] (value [com.volante.component.server.transaction.TransactionManagerImpl$ThreadInfo@1b4e3fd]) but failed to remove it when the web application was stopped. This is very likely to create a memory leak.
May 07, 2014 11:52:51 AM org.apache.catalina.loader.WebappClassLoader clearThreadLocalMap
SEVERE: The web application [/messageprocessor] created a ThreadLocal with key of type [com.tplus.transform.runtime.vm.WeakThreadLocal] (value [com.tplus.transform.runtime.vm.WeakThreadLocal@14f60b0]) and a value of type [java.lang.ref.WeakReference] (value [java.lang.ref.WeakReference@e419c5]) but failed to remove it when the web application was stopped. This is very likely to create a memory leak.
May 07, 2014 11:52:51 AM org.apache.coyote.http11.Http11Protocol destroy
INFO: Stopping Coyote HTTP/1.1 on http-8090
May 07, 2014 11:54:41 AM org.apache.catalina.core.AprLifecycleListener init
INFO: The APR based Apache Tomcat Native library which allows optimal performance in production environments was not found on the java.library.path: D:\Volante_Installs\Volante_R500B1400\jre\bin;C:\Windows\Sun\Java\bin;C:\Windows\system32;C:\Windows;D:\Sybase\ASE-15_0\jobscheduler\bin;D:\Sybase\ASE-15_0\dll;D:\Sybase\ASE-15_0\bin;D:\Sybase\SCC-3_2\bin;D:\Sybase\DBISQL\bin;D:\Sybase\DataAccess64\ADONET\dll;D:\Sybase\DataAccess\ADONET\dll;D:\Sybase\DataAccess64\ODBC\dll;D:\Sybase\DataAccess\ODBC\dll;D:\Sybase\OCS-15_0\lib3p64;D:\Sybase\OCS-15_0\lib3p;D:\Sybase\OCS-15_0\dll;D:\Sybase\OCS-15_0\bin;D:\Sybase\DataAccess64\OLEDB\dll;D:\Sybase\DataAccess\OLEDB\dll;D:\Oracle_XE\app\oracle\product\11.2.0\server\bin;C:\Program Files\Common Files\Microsoft Shared\Windows Live;C:\Program Files (x86)\Common Files\Microsoft Shared\Windows Live;C:\Program Files (x86)\Intel\iCLS Client\;C:\Program Files\Intel\iCLS Client\;C:\Program Files (x86)\NVIDIA Corporation\PhysX\Common;C:\Windows\system32;C:\Windows;C:\Windows\System32\Wbem;C:\Program Files\Intel\Intel(R) Management Engine Components\DAL;C:\Program Files\Intel\Intel(R) Management Engine Components\IPT;C:\Program Files (x86)\Intel\Intel(R) Management Engine Components\DAL;C:\Program Files (x86)\Intel\Intel(R) Management Engine Components\IPT;C:\Program Files (x86)\Windows Live\Shared;C:\Program Files (x86)\Intel\OpenCL SDK\2.0\bin\x86;C:\Program Files (x86)\Intel\OpenCL SDK\2.0\bin\x64;D:\Program Files (x86)\jZip;C:\Program Files (x86)\Java\jre7\bin;D:\Program Files (x86)\apache-ant-1.8.4\bin;C:\Windows\System32\WindowsPowerShell\v1.0\;D:\Volante_Installs\utils\apache-maven-3.0.4\bin;D:\Volante_Installs\utils\apache-ant-1.9.0\bin;C:\Windows\System32\WindowsPowerShell\v1.0\;D:\Program Files (x86)\UltraEdit-32;.;;.
May 07, 2014 11:54:41 AM org.apache.tomcat.util.digester.SetPropertiesRule begin
WARNING: [SetPropertiesRule]{Server/Service/Engine/Host/Context} Setting property 'debug' to 'true' did not find a matching property.
May 07, 2014 11:54:41 AM org.apache.tomcat.util.digester.SetPropertiesRule begin
WARNING: [SetPropertiesRule]{Server/Service/Engine/Host/Context} Setting property 'debug' to 'true' did not find a matching property.
May 07, 2014 11:54:41 AM org.apache.coyote.http11.Http11Protocol init
INFO: Initializing Coyote HTTP/1.1 on http-8090
May 07, 2014 11:54:41 AM org.apache.catalina.startup.Catalina load
INFO: Initialization processed in 306 ms
May 07, 2014 11:54:41 AM org.apache.catalina.core.StandardService start
INFO: Starting service Catalina
May 07, 2014 11:54:41 AM org.apache.catalina.core.StandardEngine start
INFO: Starting Servlet Engine: Apache Tomcat/6.0.35
May 07, 2014 11:54:42 AM org.apache.catalina.startup.HostConfig deployDescriptor
INFO: Deploying configuration descriptor host-manager.xml
May 07, 2014 11:54:42 AM org.apache.catalina.startup.HostConfig deployDescriptor
INFO: Deploying configuration descriptor manager.xml
May 07, 2014 11:54:42 AM org.apache.catalina.startup.HostConfig deployWAR
INFO: Deploying web application archive messageprocessor.war
May 07, 2014 11:54:42 AM org.apache.catalina.session.StandardManager doLoad
SEVERE: IOException while loading persisted sessions: java.io.InvalidClassException: com.tplus.transform.runtime.AbstractDataObject; local class incompatible: stream classdesc serialVersionUID = -8775396387686758490, local class serialVersionUID = 5790360386732279308
java.io.InvalidClassException: com.tplus.transform.runtime.AbstractDataObject; local class incompatible: stream classdesc serialVersionUID = -8775396387686758490, local class serialVersionUID = 5790360386732279308
	at java.io.ObjectStreamClass.initNonProxy(Unknown Source)
	at java.io.ObjectInputStream.readNonProxyDesc(Unknown Source)
	at java.io.ObjectInputStream.readClassDesc(Unknown Source)
	at java.io.ObjectInputStream.readNonProxyDesc(Unknown Source)
	at java.io.ObjectInputStream.readClassDesc(Unknown Source)
	at java.io.ObjectInputStream.readNonProxyDesc(Unknown Source)
	at java.io.ObjectInputStream.readClassDesc(Unknown Source)
	at java.io.ObjectInputStream.readOrdinaryObject(Unknown Source)
	at java.io.ObjectInputStream.readObject0(Unknown Source)
	at java.io.ObjectInputStream.defaultReadFields(Unknown Source)
	at java.io.ObjectInputStream.readSerialData(Unknown Source)
	at java.io.ObjectInputStream.readOrdinaryObject(Unknown Source)
	at java.io.ObjectInputStream.readObject0(Unknown Source)
	at java.io.ObjectInputStream.readObject(Unknown Source)
	at org.apache.catalina.session.StandardSession.readObject(StandardSession.java:1509)
	at org.apache.catalina.session.StandardSession.readObjectData(StandardSession.java:998)
	at org.apache.catalina.session.StandardManager.doLoad(StandardManager.java:394)
	at org.apache.catalina.session.StandardManager.load(StandardManager.java:321)
	at org.apache.catalina.session.StandardManager.start(StandardManager.java:648)
	at org.apache.catalina.core.ContainerBase.setManager(ContainerBase.java:446)
	at org.apache.catalina.core.StandardContext.start(StandardContext.java:4631)
	at org.apache.catalina.core.ContainerBase.addChildInternal(ContainerBase.java:799)
	at org.apache.catalina.core.ContainerBase.addChild(ContainerBase.java:779)
	at org.apache.catalina.core.StandardHost.addChild(StandardHost.java:601)
	at org.apache.catalina.startup.HostConfig.deployWAR(HostConfig.java:943)
	at org.apache.catalina.startup.HostConfig.deployWARs(HostConfig.java:778)
	at org.apache.catalina.startup.HostConfig.deployApps(HostConfig.java:504)
	at org.apache.catalina.startup.HostConfig.start(HostConfig.java:1317)
	at org.apache.catalina.startup.HostConfig.lifecycleEvent(HostConfig.java:324)
	at org.apache.catalina.util.LifecycleSupport.fireLifecycleEvent(LifecycleSupport.java:142)
	at org.apache.catalina.core.ContainerBase.start(ContainerBase.java:1065)
	at org.apache.catalina.core.StandardHost.start(StandardHost.java:840)
	at org.apache.catalina.core.ContainerBase.start(ContainerBase.java:1057)
	at org.apache.catalina.core.StandardEngine.start(StandardEngine.java:463)
	at org.apache.catalina.core.StandardService.start(StandardService.java:525)
	at org.apache.catalina.core.StandardServer.start(StandardServer.java:754)
	at org.apache.catalina.startup.Catalina.start(Catalina.java:595)
	at sun.reflect.NativeMethodAccessorImpl.invoke0(Native Method)
	at sun.reflect.NativeMethodAccessorImpl.invoke(Unknown Source)
	at sun.reflect.DelegatingMethodAccessorImpl.invoke(Unknown Source)
	at java.lang.reflect.Method.invoke(Unknown Source)
	at org.apache.catalina.startup.Bootstrap.start(Bootstrap.java:289)
	at org.apache.catalina.startup.Bootstrap.main(Bootstrap.java:414)

May 07, 2014 11:54:42 AM org.apache.catalina.session.StandardManager start
SEVERE: Exception loading sessions from persistent storage
java.io.InvalidClassException: com.tplus.transform.runtime.AbstractDataObject; local class incompatible: stream classdesc serialVersionUID = -8775396387686758490, local class serialVersionUID = 5790360386732279308
	at java.io.ObjectStreamClass.initNonProxy(Unknown Source)
	at java.io.ObjectInputStream.readNonProxyDesc(Unknown Source)
	at java.io.ObjectInputStream.readClassDesc(Unknown Source)
	at java.io.ObjectInputStream.readNonProxyDesc(Unknown Source)
	at java.io.ObjectInputStream.readClassDesc(Unknown Source)
	at java.io.ObjectInputStream.readNonProxyDesc(Unknown Source)
	at java.io.ObjectInputStream.readClassDesc(Unknown Source)
	at java.io.ObjectInputStream.readOrdinaryObject(Unknown Source)
	at java.io.ObjectInputStream.readObject0(Unknown Source)
	at java.io.ObjectInputStream.defaultReadFields(Unknown Source)
	at java.io.ObjectInputStream.readSerialData(Unknown Source)
	at java.io.ObjectInputStream.readOrdinaryObject(Unknown Source)
	at java.io.ObjectInputStream.readObject0(Unknown Source)
	at java.io.ObjectInputStream.readObject(Unknown Source)
	at org.apache.catalina.session.StandardSession.readObject(StandardSession.java:1509)
	at org.apache.catalina.session.StandardSession.readObjectData(StandardSession.java:998)
	at org.apache.catalina.session.StandardManager.doLoad(StandardManager.java:394)
	at org.apache.catalina.session.StandardManager.load(StandardManager.java:321)
	at org.apache.catalina.session.StandardManager.start(StandardManager.java:648)
	at org.apache.catalina.core.ContainerBase.setManager(ContainerBase.java:446)
	at org.apache.catalina.core.StandardContext.start(StandardContext.java:4631)
	at org.apache.catalina.core.ContainerBase.addChildInternal(ContainerBase.java:799)
	at org.apache.catalina.core.ContainerBase.addChild(ContainerBase.java:779)
	at org.apache.catalina.core.StandardHost.addChild(StandardHost.java:601)
	at org.apache.catalina.startup.HostConfig.deployWAR(HostConfig.java:943)
	at org.apache.catalina.startup.HostConfig.deployWARs(HostConfig.java:778)
	at org.apache.catalina.startup.HostConfig.deployApps(HostConfig.java:504)
	at org.apache.catalina.startup.HostConfig.start(HostConfig.java:1317)
	at org.apache.catalina.startup.HostConfig.lifecycleEvent(HostConfig.java:324)
	at org.apache.catalina.util.LifecycleSupport.fireLifecycleEvent(LifecycleSupport.java:142)
	at org.apache.catalina.core.ContainerBase.start(ContainerBase.java:1065)
	at org.apache.catalina.core.StandardHost.start(StandardHost.java:840)
	at org.apache.catalina.core.ContainerBase.start(ContainerBase.java:1057)
	at org.apache.catalina.core.StandardEngine.start(StandardEngine.java:463)
	at org.apache.catalina.core.StandardService.start(StandardService.java:525)
	at org.apache.catalina.core.StandardServer.start(StandardServer.java:754)
	at org.apache.catalina.startup.Catalina.start(Catalina.java:595)
	at sun.reflect.NativeMethodAccessorImpl.invoke0(Native Method)
	at sun.reflect.NativeMethodAccessorImpl.invoke(Unknown Source)
	at sun.reflect.DelegatingMethodAccessorImpl.invoke(Unknown Source)
	at java.lang.reflect.Method.invoke(Unknown Source)
	at org.apache.catalina.startup.Bootstrap.start(Bootstrap.java:289)
	at org.apache.catalina.startup.Bootstrap.main(Bootstrap.java:414)

May 07, 2014 11:54:42 AM org.apache.catalina.startup.HostConfig deployWAR
INFO: Deploying web application archive vte.war
May 07, 2014 11:54:42 AM org.apache.catalina.startup.HostConfig deployDirectory
INFO: Deploying web application directory docs
May 07, 2014 11:54:42 AM org.apache.catalina.startup.HostConfig deployDirectory
INFO: Deploying web application directory examples
May 07, 2014 11:54:42 AM org.apache.catalina.startup.HostConfig deployDirectory
INFO: Deploying web application directory ROOT
May 07, 2014 11:54:42 AM org.apache.coyote.http11.Http11Protocol start
INFO: Starting Coyote HTTP/1.1 on http-8090
May 07, 2014 11:54:42 AM org.apache.jk.common.ChannelSocket init
INFO: JK: ajp13 listening on /0.0.0.0:8009
May 07, 2014 11:54:42 AM org.apache.jk.server.JkMain start
INFO: Jk running ID=0 time=0/15  config=null
May 07, 2014 11:54:42 AM org.apache.catalina.startup.Catalina start
INFO: Server startup in 1047 ms
May 07, 2014 11:55:16 AM org.apache.coyote.http11.Http11Protocol pause
INFO: Pausing Coyote HTTP/1.1 on http-8090
May 07, 2014 11:55:17 AM org.apache.catalina.core.StandardService stop
INFO: Stopping service Catalina
May 07, 2014 11:55:18 AM org.apache.coyote.http11.Http11Protocol destroy
INFO: Stopping Coyote HTTP/1.1 on http-8090
May 07, 2014 11:55:28 AM org.apache.catalina.core.AprLifecycleListener init
INFO: The APR based Apache Tomcat Native library which allows optimal performance in production environments was not found on the java.library.path: D:\Volante_Installs\Volante_R500B1400\jre\bin;C:\Windows\Sun\Java\bin;C:\Windows\system32;C:\Windows;D:\Sybase\ASE-15_0\jobscheduler\bin;D:\Sybase\ASE-15_0\dll;D:\Sybase\ASE-15_0\bin;D:\Sybase\SCC-3_2\bin;D:\Sybase\DBISQL\bin;D:\Sybase\DataAccess64\ADONET\dll;D:\Sybase\DataAccess\ADONET\dll;D:\Sybase\DataAccess64\ODBC\dll;D:\Sybase\DataAccess\ODBC\dll;D:\Sybase\OCS-15_0\lib3p64;D:\Sybase\OCS-15_0\lib3p;D:\Sybase\OCS-15_0\dll;D:\Sybase\OCS-15_0\bin;D:\Sybase\DataAccess64\OLEDB\dll;D:\Sybase\DataAccess\OLEDB\dll;D:\Oracle_XE\app\oracle\product\11.2.0\server\bin;C:\Program Files\Common Files\Microsoft Shared\Windows Live;C:\Program Files (x86)\Common Files\Microsoft Shared\Windows Live;C:\Program Files (x86)\Intel\iCLS Client\;C:\Program Files\Intel\iCLS Client\;C:\Program Files (x86)\NVIDIA Corporation\PhysX\Common;C:\Windows\system32;C:\Windows;C:\Windows\System32\Wbem;C:\Program Files\Intel\Intel(R) Management Engine Components\DAL;C:\Program Files\Intel\Intel(R) Management Engine Components\IPT;C:\Program Files (x86)\Intel\Intel(R) Management Engine Components\DAL;C:\Program Files (x86)\Intel\Intel(R) Management Engine Components\IPT;C:\Program Files (x86)\Windows Live\Shared;C:\Program Files (x86)\Intel\OpenCL SDK\2.0\bin\x86;C:\Program Files (x86)\Intel\OpenCL SDK\2.0\bin\x64;D:\Program Files (x86)\jZip;C:\Program Files (x86)\Java\jre7\bin;D:\Program Files (x86)\apache-ant-1.8.4\bin;C:\Windows\System32\WindowsPowerShell\v1.0\;D:\Volante_Installs\utils\apache-maven-3.0.4\bin;D:\Volante_Installs\utils\apache-ant-1.9.0\bin;C:\Windows\System32\WindowsPowerShell\v1.0\;D:\Program Files (x86)\UltraEdit-32;.;;.
May 07, 2014 11:55:28 AM org.apache.tomcat.util.digester.SetPropertiesRule begin
WARNING: [SetPropertiesRule]{Server/Service/Engine/Host/Context} Setting property 'debug' to 'true' did not find a matching property.
May 07, 2014 11:55:28 AM org.apache.tomcat.util.digester.SetPropertiesRule begin
WARNING: [SetPropertiesRule]{Server/Service/Engine/Host/Context} Setting property 'debug' to 'true' did not find a matching property.
May 07, 2014 11:55:28 AM org.apache.coyote.http11.Http11Protocol init
INFO: Initializing Coyote HTTP/1.1 on http-8090
May 07, 2014 11:55:28 AM org.apache.catalina.startup.Catalina load
INFO: Initialization processed in 301 ms
May 07, 2014 11:55:28 AM org.apache.catalina.core.StandardService start
INFO: Starting service Catalina
May 07, 2014 11:55:28 AM org.apache.catalina.core.StandardEngine start
INFO: Starting Servlet Engine: Apache Tomcat/6.0.35
May 07, 2014 11:55:28 AM org.apache.catalina.startup.HostConfig deployDescriptor
INFO: Deploying configuration descriptor host-manager.xml
May 07, 2014 11:55:28 AM org.apache.catalina.startup.HostConfig deployDescriptor
INFO: Deploying configuration descriptor manager.xml
May 07, 2014 11:55:28 AM org.apache.catalina.startup.HostConfig deployWAR
INFO: Deploying web application archive messageprocessor.war
May 07, 2014 11:55:28 AM org.apache.catalina.startup.HostConfig deployWAR
INFO: Deploying web application archive vte.war
May 07, 2014 11:55:29 AM org.apache.catalina.startup.HostConfig deployDirectory
INFO: Deploying web application directory docs
May 07, 2014 11:55:29 AM org.apache.catalina.startup.HostConfig deployDirectory
INFO: Deploying web application directory examples
May 07, 2014 11:55:29 AM org.apache.catalina.startup.HostConfig deployDirectory
INFO: Deploying web application directory ROOT
May 07, 2014 11:55:29 AM org.apache.coyote.http11.Http11Protocol start
INFO: Starting Coyote HTTP/1.1 on http-8090
May 07, 2014 11:55:29 AM org.apache.jk.common.ChannelSocket init
INFO: JK: ajp13 listening on /0.0.0.0:8009
May 07, 2014 11:55:29 AM org.apache.jk.server.JkMain start
INFO: Jk running ID=0 time=0/12  config=null
May 07, 2014 11:55:29 AM org.apache.catalina.startup.Catalina start
INFO: Server startup in 594 ms
May 07, 2014 11:55:46 AM org.apache.coyote.http11.Http11Protocol pause
INFO: Pausing Coyote HTTP/1.1 on http-8090
May 07, 2014 11:55:47 AM org.apache.catalina.core.StandardService stop
INFO: Stopping service Catalina
May 07, 2014 11:55:48 AM org.apache.coyote.http11.Http11Protocol destroy
INFO: Stopping Coyote HTTP/1.1 on http-8090
May 07, 2014 11:56:02 AM org.apache.catalina.core.AprLifecycleListener init
INFO: The APR based Apache Tomcat Native library which allows optimal performance in production environments was not found on the java.library.path: D:\Volante_Installs\Volante_R500B1400\jre\bin;C:\Windows\Sun\Java\bin;C:\Windows\system32;C:\Windows;D:\Sybase\ASE-15_0\jobscheduler\bin;D:\Sybase\ASE-15_0\dll;D:\Sybase\ASE-15_0\bin;D:\Sybase\SCC-3_2\bin;D:\Sybase\DBISQL\bin;D:\Sybase\DataAccess64\ADONET\dll;D:\Sybase\DataAccess\ADONET\dll;D:\Sybase\DataAccess64\ODBC\dll;D:\Sybase\DataAccess\ODBC\dll;D:\Sybase\OCS-15_0\lib3p64;D:\Sybase\OCS-15_0\lib3p;D:\Sybase\OCS-15_0\dll;D:\Sybase\OCS-15_0\bin;D:\Sybase\DataAccess64\OLEDB\dll;D:\Sybase\DataAccess\OLEDB\dll;D:\Oracle_XE\app\oracle\product\11.2.0\server\bin;C:\Program Files\Common Files\Microsoft Shared\Windows Live;C:\Program Files (x86)\Common Files\Microsoft Shared\Windows Live;C:\Program Files (x86)\Intel\iCLS Client\;C:\Program Files\Intel\iCLS Client\;C:\Program Files (x86)\NVIDIA Corporation\PhysX\Common;C:\Windows\system32;C:\Windows;C:\Windows\System32\Wbem;C:\Program Files\Intel\Intel(R) Management Engine Components\DAL;C:\Program Files\Intel\Intel(R) Management Engine Components\IPT;C:\Program Files (x86)\Intel\Intel(R) Management Engine Components\DAL;C:\Program Files (x86)\Intel\Intel(R) Management Engine Components\IPT;C:\Program Files (x86)\Windows Live\Shared;C:\Program Files (x86)\Intel\OpenCL SDK\2.0\bin\x86;C:\Program Files (x86)\Intel\OpenCL SDK\2.0\bin\x64;D:\Program Files (x86)\jZip;C:\Program Files (x86)\Java\jre7\bin;D:\Program Files (x86)\apache-ant-1.8.4\bin;C:\Windows\System32\WindowsPowerShell\v1.0\;D:\Volante_Installs\utils\apache-maven-3.0.4\bin;D:\Volante_Installs\utils\apache-ant-1.9.0\bin;C:\Windows\System32\WindowsPowerShell\v1.0\;D:\Program Files (x86)\UltraEdit-32;.;;.
May 07, 2014 11:56:02 AM org.apache.tomcat.util.digester.SetPropertiesRule begin
WARNING: [SetPropertiesRule]{Server/Service/Engine/Host/Context} Setting property 'debug' to 'true' did not find a matching property.
May 07, 2014 11:56:02 AM org.apache.tomcat.util.digester.SetPropertiesRule begin
WARNING: [SetPropertiesRule]{Server/Service/Engine/Host/Context} Setting property 'debug' to 'true' did not find a matching property.
May 07, 2014 11:56:02 AM org.apache.coyote.http11.Http11Protocol init
INFO: Initializing Coyote HTTP/1.1 on http-8090
May 07, 2014 11:56:02 AM org.apache.catalina.startup.Catalina load
INFO: Initialization processed in 307 ms
May 07, 2014 11:56:02 AM org.apache.catalina.core.StandardService start
INFO: Starting service Catalina
May 07, 2014 11:56:02 AM org.apache.catalina.core.StandardEngine start
INFO: Starting Servlet Engine: Apache Tomcat/6.0.35
May 07, 2014 11:56:02 AM org.apache.catalina.startup.HostConfig deployDescriptor
INFO: Deploying configuration descriptor host-manager.xml
May 07, 2014 11:56:02 AM org.apache.catalina.startup.HostConfig deployDescriptor
INFO: Deploying configuration descriptor manager.xml
May 07, 2014 11:56:02 AM org.apache.catalina.startup.HostConfig deployWAR
INFO: Deploying web application archive messageprocessor.war
May 07, 2014 11:56:02 AM org.apache.catalina.startup.HostConfig deployWAR
INFO: Deploying web application archive vte.war
May 07, 2014 11:56:02 AM org.apache.catalina.startup.HostConfig deployDirectory
INFO: Deploying web application directory docs
May 07, 2014 11:56:02 AM org.apache.catalina.startup.HostConfig deployDirectory
INFO: Deploying web application directory examples
May 07, 2014 11:56:03 AM org.apache.catalina.startup.HostConfig deployDirectory
INFO: Deploying web application directory ROOT
May 07, 2014 11:56:03 AM org.apache.coyote.http11.Http11Protocol start
INFO: Starting Coyote HTTP/1.1 on http-8090
May 07, 2014 11:56:03 AM org.apache.jk.common.ChannelSocket init
INFO: JK: ajp13 listening on /0.0.0.0:8009
May 07, 2014 11:56:03 AM org.apache.jk.server.JkMain start
INFO: Jk running ID=0 time=0/12  config=null
May 07, 2014 11:56:03 AM org.apache.catalina.startup.Catalina start
INFO: Server startup in 590 ms
May 07, 2014 11:57:45 AM org.apache.coyote.http11.Http11Protocol pause
INFO: Pausing Coyote HTTP/1.1 on http-8090
May 07, 2014 11:57:46 AM org.apache.catalina.core.StandardService stop
INFO: Stopping service Catalina
May 07, 2014 11:57:46 AM org.apache.catalina.loader.WebappClassLoader clearReferencesJdbc
SEVERE: The web application [/messageprocessor] registered the JDBC driver [org.hsqldb.jdbc.JDBCDriver] but failed to unregister it when the web application was stopped. To prevent a memory leak, the JDBC Driver has been forcibly unregistered.
May 07, 2014 11:57:46 AM org.apache.catalina.loader.WebappClassLoader clearThreadLocalMap
SEVERE: The web application [/messageprocessor] created a ThreadLocal with key of type [java.lang.ThreadLocal] (value [java.lang.ThreadLocal@16bafde]) and a value of type [com.volante.component.server.transaction.TransactionManagerImpl.ThreadInfo] (value [com.volante.component.server.transaction.TransactionManagerImpl$ThreadInfo@e73024]) but failed to remove it when the web application was stopped. This is very likely to create a memory leak.
May 07, 2014 11:57:46 AM org.apache.catalina.loader.WebappClassLoader clearThreadLocalMap
SEVERE: The web application [/messageprocessor] created a ThreadLocal with key of type [com.tplus.transform.runtime.vm.WeakThreadLocal] (value [com.tplus.transform.runtime.vm.WeakThreadLocal@9afd9]) and a value of type [java.lang.ref.WeakReference] (value [java.lang.ref.WeakReference@1f80b13]) but failed to remove it when the web application was stopped. This is very likely to create a memory leak.
May 07, 2014 11:57:46 AM org.apache.catalina.loader.WebappClassLoader clearThreadLocalMap
SEVERE: The web application [/messageprocessor] created a ThreadLocal with key of type [java.lang.ThreadLocal] (value [java.lang.ThreadLocal@16bafde]) and a value of type [com.volante.component.server.transaction.TransactionManagerImpl.ThreadInfo] (value [com.volante.component.server.transaction.TransactionManagerImpl$ThreadInfo@19f20e5]) but failed to remove it when the web application was stopped. This is very likely to create a memory leak.
May 07, 2014 11:57:46 AM org.apache.catalina.loader.WebappClassLoader clearThreadLocalMap
SEVERE: The web application [/messageprocessor] created a ThreadLocal with key of type [com.tplus.transform.runtime.vm.WeakThreadLocal] (value [com.tplus.transform.runtime.vm.WeakThreadLocal@9afd9]) and a value of type [java.lang.ref.WeakReference] (value [java.lang.ref.WeakReference@28a15f]) but failed to remove it when the web application was stopped. This is very likely to create a memory leak.
May 07, 2014 11:57:47 AM org.apache.coyote.http11.Http11Protocol destroy
INFO: Stopping Coyote HTTP/1.1 on http-8090
May 07, 2014 11:59:25 AM org.apache.catalina.core.AprLifecycleListener init
INFO: The APR based Apache Tomcat Native library which allows optimal performance in production environments was not found on the java.library.path: D:\Volante_Installs\Volante_R500B1400\jre\bin;C:\Windows\Sun\Java\bin;C:\Windows\system32;C:\Windows;D:\Sybase\ASE-15_0\jobscheduler\bin;D:\Sybase\ASE-15_0\dll;D:\Sybase\ASE-15_0\bin;D:\Sybase\SCC-3_2\bin;D:\Sybase\DBISQL\bin;D:\Sybase\DataAccess64\ADONET\dll;D:\Sybase\DataAccess\ADONET\dll;D:\Sybase\DataAccess64\ODBC\dll;D:\Sybase\DataAccess\ODBC\dll;D:\Sybase\OCS-15_0\lib3p64;D:\Sybase\OCS-15_0\lib3p;D:\Sybase\OCS-15_0\dll;D:\Sybase\OCS-15_0\bin;D:\Sybase\DataAccess64\OLEDB\dll;D:\Sybase\DataAccess\OLEDB\dll;D:\Oracle_XE\app\oracle\product\11.2.0\server\bin;C:\Program Files\Common Files\Microsoft Shared\Windows Live;C:\Program Files (x86)\Common Files\Microsoft Shared\Windows Live;C:\Program Files (x86)\Intel\iCLS Client\;C:\Program Files\Intel\iCLS Client\;C:\Program Files (x86)\NVIDIA Corporation\PhysX\Common;C:\Windows\system32;C:\Windows;C:\Windows\System32\Wbem;C:\Program Files\Intel\Intel(R) Management Engine Components\DAL;C:\Program Files\Intel\Intel(R) Management Engine Components\IPT;C:\Program Files (x86)\Intel\Intel(R) Management Engine Components\DAL;C:\Program Files (x86)\Intel\Intel(R) Management Engine Components\IPT;C:\Program Files (x86)\Windows Live\Shared;C:\Program Files (x86)\Intel\OpenCL SDK\2.0\bin\x86;C:\Program Files (x86)\Intel\OpenCL SDK\2.0\bin\x64;D:\Program Files (x86)\jZip;C:\Program Files (x86)\Java\jre7\bin;D:\Program Files (x86)\apache-ant-1.8.4\bin;C:\Windows\System32\WindowsPowerShell\v1.0\;D:\Volante_Installs\utils\apache-maven-3.0.4\bin;D:\Volante_Installs\utils\apache-ant-1.9.0\bin;C:\Windows\System32\WindowsPowerShell\v1.0\;D:\Program Files (x86)\UltraEdit-32;.;;.
May 07, 2014 11:59:25 AM org.apache.tomcat.util.digester.SetPropertiesRule begin
WARNING: [SetPropertiesRule]{Server/Service/Engine/Host/Context} Setting property 'debug' to 'true' did not find a matching property.
May 07, 2014 11:59:25 AM org.apache.tomcat.util.digester.SetPropertiesRule begin
WARNING: [SetPropertiesRule]{Server/Service/Engine/Host/Context} Setting property 'debug' to 'true' did not find a matching property.
May 07, 2014 11:59:25 AM org.apache.coyote.http11.Http11Protocol init
INFO: Initializing Coyote HTTP/1.1 on http-8090
May 07, 2014 11:59:25 AM org.apache.catalina.startup.Catalina load
INFO: Initialization processed in 289 ms
May 07, 2014 11:59:25 AM org.apache.catalina.core.StandardService start
INFO: Starting service Catalina
May 07, 2014 11:59:25 AM org.apache.catalina.core.StandardEngine start
INFO: Starting Servlet Engine: Apache Tomcat/6.0.35
May 07, 2014 11:59:26 AM org.apache.catalina.startup.HostConfig deployDescriptor
INFO: Deploying configuration descriptor host-manager.xml
May 07, 2014 11:59:26 AM org.apache.catalina.startup.HostConfig deployDescriptor
INFO: Deploying configuration descriptor manager.xml
May 07, 2014 11:59:26 AM org.apache.catalina.startup.HostConfig deployWAR
INFO: Deploying web application archive messageprocessor.war
May 07, 2014 11:59:26 AM org.apache.catalina.startup.HostConfig deployWAR
INFO: Deploying web application archive vte.war
May 07, 2014 11:59:26 AM org.apache.catalina.startup.HostConfig deployDirectory
INFO: Deploying web application directory docs
May 07, 2014 11:59:26 AM org.apache.catalina.startup.HostConfig deployDirectory
INFO: Deploying web application directory examples
May 07, 2014 11:59:27 AM org.apache.catalina.startup.HostConfig deployDirectory
INFO: Deploying web application directory ROOT
May 07, 2014 11:59:27 AM org.apache.coyote.http11.Http11Protocol start
INFO: Starting Coyote HTTP/1.1 on http-8090
May 07, 2014 11:59:27 AM org.apache.jk.common.ChannelSocket init
INFO: JK: ajp13 listening on /0.0.0.0:8009
May 07, 2014 11:59:27 AM org.apache.jk.server.JkMain start
INFO: Jk running ID=0 time=0/11  config=null
May 07, 2014 11:59:27 AM org.apache.catalina.startup.Catalina start
INFO: Server startup in 1189 ms
May 07, 2014 5:52:24 PM org.apache.coyote.http11.Http11Protocol pause
INFO: Pausing Coyote HTTP/1.1 on http-8090
May 07, 2014 5:52:25 PM org.apache.catalina.core.StandardService stop
INFO: Stopping service Catalina
May 07, 2014 5:52:25 PM org.apache.catalina.loader.WebappClassLoader clearReferencesJdbc
SEVERE: The web application [/messageprocessor] registered the JDBC driver [org.hsqldb.jdbc.JDBCDriver] but failed to unregister it when the web application was stopped. To prevent a memory leak, the JDBC Driver has been forcibly unregistered.
May 07, 2014 5:52:25 PM org.apache.catalina.loader.WebappClassLoader clearThreadLocalMap
SEVERE: The web application [/messageprocessor] created a ThreadLocal with key of type [com.tplus.transform.runtime.vm.WeakThreadLocal] (value [com.tplus.transform.runtime.vm.WeakThreadLocal@16c530a]) and a value of type [java.lang.ref.WeakReference] (value [java.lang.ref.WeakReference@bfc49d]) but failed to remove it when the web application was stopped. This is very likely to create a memory leak.
May 07, 2014 5:52:25 PM org.apache.catalina.loader.WebappClassLoader clearThreadLocalMap
SEVERE: The web application [/messageprocessor] created a ThreadLocal with key of type [com.tplus.transform.lang.FloatingDecimal$1] (value [com.tplus.transform.lang.FloatingDecimal$1@53972]) and a value of type [char[]] (value [[C@fe925b]) but failed to remove it when the web application was stopped. This is very likely to create a memory leak.
May 07, 2014 5:52:25 PM org.apache.catalina.loader.WebappClassLoader clearThreadLocalMap
SEVERE: The web application [/messageprocessor] created a ThreadLocal with key of type [java.lang.ThreadLocal] (value [java.lang.ThreadLocal@13acb3d]) and a value of type [com.volante.component.server.transaction.TransactionManagerImpl.ThreadInfo] (value [com.volante.component.server.transaction.TransactionManagerImpl$ThreadInfo@f54ad7]) but failed to remove it when the web application was stopped. This is very likely to create a memory leak.
May 07, 2014 5:52:25 PM org.apache.coyote.http11.Http11Protocol destroy
INFO: Stopping Coyote HTTP/1.1 on http-8090
