Oct 13, 2016 1:36:13 PM org.apache.catalina.core.AprLifecycleListener init
INFO: The APR based Apache Tomcat Native library which allows optimal performance in production environments was not found on the java.library.path: D:\Volante_Installs\Volante_R500B1400\jre\bin;C:\WINDOWS\Sun\Java\bin;C:\WINDOWS\system32;C:\WINDOWS;D:\IBM\MQ\java\lib;D:\IBM\MQ\java\lib64;C:\ProgramData\Oracle\Java\javapath;C:\Program Files\Common Files\Microsoft Shared\Microsoft Online Services;C:\Program Files (x86)\Common Files\Microsoft Shared\Microsoft Online Services;D:\Oracle_XE\app\oracle\product\11.2.0\server\bin;;C:\Program Files (x86)\NVIDIA Corporation\PhysX\Common;C:\Program Files (x86)\Intel\iCLS Client\;C:\Program Files\Intel\iCLS Client\;C:\WINDOWS\system32;C:\WINDOWS;C:\WINDOWS\System32\Wbem;C:\WINDOWS\System32\WindowsPowerShell\v1.0\;C:\Program Files (x86)\Intel\OpenCL SDK\2.0\bin\x86;C:\Program Files (x86)\Intel\OpenCL SDK\2.0\bin\x64;C:\Program Files\Intel\Intel(R) Management Engine Components\DAL;C:\Program Files\Intel\Intel(R) Management Engine Components\IPT;C:\Program Files (x86)\Intel\Intel(R) Management Engine Components\DAL;C:\Program Files (x86)\Intel\Intel(R) Management Engine Components\IPT;C:\Program Files\Intel\WiFi\bin\;C:\Program Files\Common Files\Intel\WirelessCommon\;D:\Program Files (x86)\jZip\jZip;C:\Program Files\Java\jdk1.8.0_102\bin;D:\Volante_Installs\utils\apache-ant-1.9.0\bin;D:\Volante_Installs\utils\apache-maven-3.3.3\bin;C:\Program Files (x86)\Microsoft SQL Server\100\Tools\Binn\;C:\Program Files\Microsoft SQL Server\100\Tools\Binn\;C:\Program Files\Microsoft SQL Server\100\DTS\Binn\;C:\Windows\Microsoft.NET\Framework64\v4.0.30319;D:\MSSQLServer\Client SDK\ODBC\110\Tools\Binn\;D:\MSSQLServer\x86\120\Tools\Binn\;D:\MSSQLServer\120\Tools\Binn\;D:\MSSQLServer\120\DTS\Binn\;D:\MSSQLServer\x86\120\Tools\Binn\ManagementStudio\;D:\MSSQLServer\x86\120\DTS\Binn\;C:\Program Files (x86)\Skype\Phone\;D:\IBM\MQ\bin64;D:\IBM\MQ\bin;D:\IBM\MQ\tools\c\samples\bin;C:\Program Files\Intel\WiFi\bin\;C:\Program Files\Common Files\Intel\WirelessCommon\;%USERPROFILE%\AppData\Local\Microsoft\WindowsApps;;.
Oct 13, 2016 1:36:13 PM org.apache.tomcat.util.digester.SetPropertiesRule begin
WARNING: [SetPropertiesRule]{Server/Service/Engine/Host/Context} Setting property 'debug' to 'true' did not find a matching property.
Oct 13, 2016 1:36:13 PM org.apache.tomcat.util.digester.SetPropertiesRule begin
WARNING: [SetPropertiesRule]{Server/Service/Engine/Host/Context} Setting property 'debug' to 'true' did not find a matching property.
Oct 13, 2016 1:36:14 PM org.apache.coyote.http11.Http11Protocol init
INFO: Initializing Coyote HTTP/1.1 on http-8090
Oct 13, 2016 1:36:14 PM org.apache.catalina.startup.Catalina load
INFO: Initialization processed in 1738 ms
Oct 13, 2016 1:36:14 PM org.apache.catalina.core.StandardService start
INFO: Starting service Catalina
Oct 13, 2016 1:36:14 PM org.apache.catalina.core.StandardEngine start
INFO: Starting Servlet Engine: Apache Tomcat/6.0.35
Oct 13, 2016 1:36:16 PM org.apache.catalina.startup.HostConfig deployDescriptor
INFO: Deploying configuration descriptor host-manager.xml
Oct 13, 2016 1:36:16 PM org.apache.catalina.startup.HostConfig deployDescriptor
INFO: Deploying configuration descriptor manager.xml
Oct 13, 2016 1:36:16 PM org.apache.catalina.startup.HostConfig deployWAR
INFO: Deploying web application archive RestTest.war
Oct 13, 2016 1:36:16 PM com.tplus.transform.runtime.rest.VolanteRestServlet init
INFO: Initializing REST Servlet at - /RestTest
Oct 13, 2016 1:36:16 PM org.apache.catalina.startup.HostConfig deployDirectory
INFO: Deploying web application directory docs
Oct 13, 2016 1:36:16 PM org.apache.catalina.startup.HostConfig deployDirectory
INFO: Deploying web application directory examples
Oct 13, 2016 1:36:16 PM org.apache.catalina.startup.HostConfig deployDirectory
INFO: Deploying web application directory ROOT
Oct 13, 2016 1:36:16 PM org.apache.coyote.http11.Http11Protocol start
INFO: Starting Coyote HTTP/1.1 on http-8090
Oct 13, 2016 1:36:17 PM org.apache.jk.common.ChannelSocket init
INFO: JK: ajp13 listening on /0.0.0.0:8009
Oct 13, 2016 1:36:17 PM org.apache.jk.server.JkMain start
INFO: Jk running ID=0 time=0/65  config=null
Oct 13, 2016 1:36:17 PM org.apache.catalina.startup.Catalina start
INFO: Server startup in 2843 ms
Oct 13, 2016 1:36:26 PM com.tplus.transform.runtime.rest.RestServer info
INFO: REST RequestURI=/RestTest/rest/stox
Oct 13, 2016 1:36:26 PM com.tplus.transform.runtime.rest.RestServer handleImpl
INFO: Matching operation SWIFTToXML
Oct 13, 2016 1:36:26 PM com.tplus.transform.runtime.simple.SimpleServer getInstance
INFO: Starting Simple runtime ...
Oct 13, 2016 1:36:27 PM com.tplus.transform.runtime.rest.RestServer handleImpl
INFO: Param Value = <?xml version="1.0" encoding="UTF-8"?>__<Input>__	<Payload>{1:F01IRVTUS33XXXX0230023948}{2:O1030905041029TESTCNVTXXXX00004554540410291005N}{4:_:20:00074_:23B:CRTS_:32A:161118USD3,34_:50A:/12345_IRVTUS33_:52D:/D/34x_4X35x_:59A:/78922_TESTGB55XXX_:71A:SHA_:72:/REJT/12A/A2_/AC01/_/MREF/16x_/TREF/16x_/CHGS/USD1,34_/TEXT/29x_-}{5:{CHK:0664BF97687E}{TNG:}}</Payload>__</Input>__
Oct 13, 2016 2:02:26 PM org.apache.coyote.http11.Http11Protocol pause
INFO: Pausing Coyote HTTP/1.1 on http-8090
Oct 13, 2016 2:02:27 PM org.apache.catalina.core.StandardService stop
INFO: Stopping service Catalina
Oct 13, 2016 2:02:27 PM org.apache.catalina.loader.WebappClassLoader clearThreadLocalMap
SEVERE: The web application [/RestTest] created a ThreadLocal with key of type [com.tplus.transform.runtime.vm.WeakThreadLocal] (value [com.tplus.transform.runtime.vm.WeakThreadLocal@107ff5f]) and a value of type [java.lang.ref.WeakReference] (value [java.lang.ref.WeakReference@ed339]) but failed to remove it when the web application was stopped. This is very likely to create a memory leak.
Oct 13, 2016 2:02:27 PM org.apache.catalina.loader.WebappClassLoader clearThreadLocalMap
SEVERE: The web application [/RestTest] created a ThreadLocal with key of type [com.tplus.transform.lang.FloatingDecimal$1] (value [com.tplus.transform.lang.FloatingDecimal$1@15c2181]) and a value of type [char[]] (value [[C@19ba407]) but failed to remove it when the web application was stopped. This is very likely to create a memory leak.
Oct 13, 2016 2:02:27 PM org.apache.catalina.loader.WebappClassLoader clearThreadLocalMap
SEVERE: The web application [/RestTest] created a ThreadLocal with key of type [java.lang.ThreadLocal] (value [java.lang.ThreadLocal@12dfdbb]) and a value of type [com.volante.component.server.transaction.TransactionManagerImpl.ThreadInfo] (value [com.volante.component.server.transaction.TransactionManagerImpl$ThreadInfo@6d35ef]) but failed to remove it when the web application was stopped. This is very likely to create a memory leak.
Oct 13, 2016 2:02:27 PM org.apache.coyote.http11.Http11Protocol destroy
INFO: Stopping Coyote HTTP/1.1 on http-8090
Oct 13, 2016 2:11:07 PM org.apache.catalina.core.AprLifecycleListener init
INFO: The APR based Apache Tomcat Native library which allows optimal performance in production environments was not found on the java.library.path: D:\Volante_Installs\Volante_R500B1400\jre\bin;C:\WINDOWS\Sun\Java\bin;C:\WINDOWS\system32;C:\WINDOWS;D:\IBM\MQ\java\lib;D:\IBM\MQ\java\lib64;C:\ProgramData\Oracle\Java\javapath;C:\Program Files\Common Files\Microsoft Shared\Microsoft Online Services;C:\Program Files (x86)\Common Files\Microsoft Shared\Microsoft Online Services;D:\Oracle_XE\app\oracle\product\11.2.0\server\bin;;C:\Program Files (x86)\NVIDIA Corporation\PhysX\Common;C:\Program Files (x86)\Intel\iCLS Client\;C:\Program Files\Intel\iCLS Client\;C:\WINDOWS\system32;C:\WINDOWS;C:\WINDOWS\System32\Wbem;C:\WINDOWS\System32\WindowsPowerShell\v1.0\;C:\Program Files (x86)\Intel\OpenCL SDK\2.0\bin\x86;C:\Program Files (x86)\Intel\OpenCL SDK\2.0\bin\x64;C:\Program Files\Intel\Intel(R) Management Engine Components\DAL;C:\Program Files\Intel\Intel(R) Management Engine Components\IPT;C:\Program Files (x86)\Intel\Intel(R) Management Engine Components\DAL;C:\Program Files (x86)\Intel\Intel(R) Management Engine Components\IPT;C:\Program Files\Intel\WiFi\bin\;C:\Program Files\Common Files\Intel\WirelessCommon\;D:\Program Files (x86)\jZip\jZip;C:\Program Files\Java\jdk1.8.0_102\bin;D:\Volante_Installs\utils\apache-ant-1.9.0\bin;D:\Volante_Installs\utils\apache-maven-3.3.3\bin;C:\Program Files (x86)\Microsoft SQL Server\100\Tools\Binn\;C:\Program Files\Microsoft SQL Server\100\Tools\Binn\;C:\Program Files\Microsoft SQL Server\100\DTS\Binn\;C:\Windows\Microsoft.NET\Framework64\v4.0.30319;D:\MSSQLServer\Client SDK\ODBC\110\Tools\Binn\;D:\MSSQLServer\x86\120\Tools\Binn\;D:\MSSQLServer\120\Tools\Binn\;D:\MSSQLServer\120\DTS\Binn\;D:\MSSQLServer\x86\120\Tools\Binn\ManagementStudio\;D:\MSSQLServer\x86\120\DTS\Binn\;C:\Program Files (x86)\Skype\Phone\;D:\IBM\MQ\bin64;D:\IBM\MQ\bin;D:\IBM\MQ\tools\c\samples\bin;C:\Program Files\Intel\WiFi\bin\;C:\Program Files\Common Files\Intel\WirelessCommon\;%USERPROFILE%\AppData\Local\Microsoft\WindowsApps;;.
Oct 13, 2016 2:11:07 PM org.apache.tomcat.util.digester.SetPropertiesRule begin
WARNING: [SetPropertiesRule]{Server/Service/Engine/Host/Context} Setting property 'debug' to 'true' did not find a matching property.
Oct 13, 2016 2:11:07 PM org.apache.tomcat.util.digester.SetPropertiesRule begin
WARNING: [SetPropertiesRule]{Server/Service/Engine/Host/Context} Setting property 'debug' to 'true' did not find a matching property.
Oct 13, 2016 2:11:07 PM org.apache.coyote.http11.Http11Protocol init
INFO: Initializing Coyote HTTP/1.1 on http-8090
Oct 13, 2016 2:11:07 PM org.apache.catalina.startup.Catalina load
INFO: Initialization processed in 297 ms
Oct 13, 2016 2:11:07 PM org.apache.catalina.core.StandardService start
INFO: Starting service Catalina
Oct 13, 2016 2:11:07 PM org.apache.catalina.core.StandardEngine start
INFO: Starting Servlet Engine: Apache Tomcat/6.0.35
Oct 13, 2016 2:11:08 PM org.apache.catalina.startup.HostConfig deployDescriptor
INFO: Deploying configuration descriptor host-manager.xml
Oct 13, 2016 2:11:08 PM org.apache.catalina.startup.HostConfig deployDescriptor
INFO: Deploying configuration descriptor manager.xml
Oct 13, 2016 2:11:08 PM org.apache.catalina.startup.HostConfig deployWAR
INFO: Deploying web application archive RestTest.war
Oct 13, 2016 2:11:08 PM com.tplus.transform.runtime.rest.VolanteRestServlet init
INFO: Initializing REST Servlet at - /RestTest
Oct 13, 2016 2:11:08 PM org.apache.catalina.startup.HostConfig deployWAR
INFO: Deploying web application archive UAEFundsTransferSystem.war
Oct 13, 2016 2:11:08 PM org.apache.catalina.startup.HostConfig deployDirectory
INFO: Deploying web application directory docs
Oct 13, 2016 2:11:08 PM org.apache.catalina.startup.HostConfig deployDirectory
INFO: Deploying web application directory examples
Oct 13, 2016 2:11:08 PM org.apache.catalina.startup.HostConfig deployDirectory
INFO: Deploying web application directory ROOT
Oct 13, 2016 2:11:08 PM org.apache.coyote.http11.Http11Protocol start
INFO: Starting Coyote HTTP/1.1 on http-8090
Oct 13, 2016 2:11:08 PM org.apache.jk.common.ChannelSocket init
INFO: JK: ajp13 listening on /0.0.0.0:8009
Oct 13, 2016 2:11:08 PM org.apache.jk.server.JkMain start
INFO: Jk running ID=0 time=0/16  config=null
Oct 13, 2016 2:11:08 PM org.apache.catalina.startup.Catalina start
INFO: Server startup in 701 ms
Oct 13, 2016 2:11:44 PM org.apache.coyote.http11.Http11Protocol pause
INFO: Pausing Coyote HTTP/1.1 on http-8090
Oct 13, 2016 2:11:45 PM org.apache.catalina.core.StandardService stop
INFO: Stopping service Catalina
Oct 13, 2016 2:11:45 PM org.apache.coyote.http11.Http11Protocol destroy
INFO: Stopping Coyote HTTP/1.1 on http-8090
