Dec 04, 2013 11:50:34 AM org.apache.catalina.core.AprLifecycleListener init
INFO: The APR based Apache Tomcat Native library which allows optimal performance in production environments was not found on the java.library.path: D:\Volante_Installs\Volante_R500B1400\jre\bin;C:\Windows\Sun\Java\bin;C:\Windows\system32;C:\Windows;D:\Sybase\ASE-15_0\jobscheduler\bin;D:\Sybase\ASE-15_0\dll;D:\Sybase\ASE-15_0\bin;D:\Sybase\SCC-3_2\bin;D:\Sybase\DBISQL\bin;D:\Sybase\DataAccess64\ADONET\dll;D:\Sybase\DataAccess\ADONET\dll;D:\Sybase\DataAccess64\ODBC\dll;D:\Sybase\DataAccess\ODBC\dll;D:\Sybase\OCS-15_0\lib3p64;D:\Sybase\OCS-15_0\lib3p;D:\Sybase\OCS-15_0\dll;D:\Sybase\OCS-15_0\bin;D:\Sybase\DataAccess64\OLEDB\dll;D:\Sybase\DataAccess\OLEDB\dll;D:\Oracle_XE\app\oracle\product\11.2.0\server\bin;C:\Program Files\Common Files\Microsoft Shared\Windows Live;C:\Program Files (x86)\Common Files\Microsoft Shared\Windows Live;C:\Program Files (x86)\Intel\iCLS Client\;C:\Program Files\Intel\iCLS Client\;C:\Program Files (x86)\NVIDIA Corporation\PhysX\Common;C:\Windows\system32;C:\Windows;C:\Windows\System32\Wbem;C:\Program Files\Intel\Intel(R) Management Engine Components\DAL;C:\Program Files\Intel\Intel(R) Management Engine Components\IPT;C:\Program Files (x86)\Intel\Intel(R) Management Engine Components\DAL;C:\Program Files (x86)\Intel\Intel(R) Management Engine Components\IPT;C:\Program Files (x86)\Windows Live\Shared;C:\Program Files (x86)\Intel\OpenCL SDK\2.0\bin\x86;C:\Program Files (x86)\Intel\OpenCL SDK\2.0\bin\x64;D:\Program Files (x86)\jZip;C:\Program Files (x86)\Java\jre7\bin;D:\Program Files (x86)\apache-ant-1.8.4\bin;C:\Windows\System32\WindowsPowerShell\v1.0\;D:\Volante_Installs\utils\apache-maven-3.0.4\bin;D:\Volante_Installs\utils\apache-ant-1.9.0\bin;C:\Windows\System32\WindowsPowerShell\v1.0\;D:\Program Files (x86)\UltraEdit-32;.
Dec 04, 2013 11:50:34 AM org.apache.tomcat.util.digester.SetPropertiesRule begin
WARNING: [SetPropertiesRule]{Server/Service/Engine/Host/Context} Setting property 'debug' to 'true' did not find a matching property.
Dec 04, 2013 11:50:34 AM org.apache.tomcat.util.digester.SetPropertiesRule begin
WARNING: [SetPropertiesRule]{Server/Service/Engine/Host/Context} Setting property 'debug' to 'true' did not find a matching property.
Dec 04, 2013 11:50:35 AM org.apache.coyote.http11.Http11Protocol init
INFO: Initializing Coyote HTTP/1.1 on http-8090
Dec 04, 2013 11:50:35 AM org.apache.catalina.startup.Catalina load
INFO: Initialization processed in 1922 ms
Dec 04, 2013 11:50:35 AM org.apache.catalina.core.StandardService start
INFO: Starting service Catalina
Dec 04, 2013 11:50:35 AM org.apache.catalina.core.StandardEngine start
INFO: Starting Servlet Engine: Apache Tomcat/6.0.35
Dec 04, 2013 11:50:38 AM org.apache.catalina.startup.HostConfig deployDescriptor
INFO: Deploying configuration descriptor host-manager.xml
Dec 04, 2013 11:50:38 AM org.apache.catalina.startup.HostConfig deployDescriptor
INFO: Deploying configuration descriptor manager.xml
Dec 04, 2013 11:50:38 AM org.apache.catalina.startup.HostConfig deployWAR
INFO: Deploying web application archive vte.war
Dec 04, 2013 11:50:39 AM org.apache.catalina.startup.HostConfig deployDirectory
INFO: Deploying web application directory docs
Dec 04, 2013 11:50:39 AM org.apache.catalina.startup.HostConfig deployDirectory
INFO: Deploying web application directory examples
Dec 04, 2013 11:50:40 AM org.apache.catalina.startup.HostConfig deployDirectory
INFO: Deploying web application directory ROOT
Dec 04, 2013 11:50:40 AM org.apache.coyote.http11.Http11Protocol start
INFO: Starting Coyote HTTP/1.1 on http-8090
Dec 04, 2013 11:50:40 AM org.apache.jk.common.ChannelSocket init
INFO: JK: ajp13 listening on /0.0.0.0:8009
Dec 04, 2013 11:50:40 AM org.apache.jk.server.JkMain start
INFO: Jk running ID=0 time=0/72  config=null
Dec 04, 2013 11:50:40 AM org.apache.catalina.startup.Catalina start
INFO: Server startup in 4650 ms
Dec 04, 2013 11:53:21 AM org.apache.coyote.http11.Http11Protocol pause
INFO: Pausing Coyote HTTP/1.1 on http-8090
Dec 04, 2013 11:53:22 AM org.apache.catalina.core.StandardService stop
INFO: Stopping service Catalina
Dec 04, 2013 11:53:22 AM org.apache.catalina.loader.WebappClassLoader clearThreadLocalMap
SEVERE: The web application [/vte] created a ThreadLocal with key of type [com.tplus.transform.runtime.vm.WeakThreadLocal] (value [com.tplus.transform.runtime.vm.WeakThreadLocal@a81f43]) and a value of type [java.lang.ref.WeakReference] (value [java.lang.ref.WeakReference@19c745a]) but failed to remove it when the web application was stopped. This is very likely to create a memory leak.
Dec 04, 2013 11:53:22 AM org.apache.catalina.loader.WebappClassLoader clearThreadLocalMap
SEVERE: The web application [/vte] created a ThreadLocal with key of type [com.tplus.transform.lang.FloatingDecimal$1] (value [com.tplus.transform.lang.FloatingDecimal$1@109fce5]) and a value of type [char[]] (value [[C@ba533c]) but failed to remove it when the web application was stopped. This is very likely to create a memory leak.
Dec 04, 2013 11:53:22 AM org.apache.catalina.loader.WebappClassLoader clearThreadLocalMap
SEVERE: The web application [/vte] created a ThreadLocal with key of type [java.lang.ThreadLocal] (value [java.lang.ThreadLocal@aea957]) and a value of type [com.volante.component.server.transaction.TransactionManagerImpl.ThreadInfo] (value [com.volante.component.server.transaction.TransactionManagerImpl$ThreadInfo@ef9335]) but failed to remove it when the web application was stopped. This is very likely to create a memory leak.
Dec 04, 2013 11:53:22 AM org.apache.catalina.loader.WebappClassLoader clearThreadLocalMap
SEVERE: The web application [/vte] created a ThreadLocal with key of type [com.tplus.transform.lang.FloatingDecimal$1] (value [com.tplus.transform.lang.FloatingDecimal$1@109fce5]) and a value of type [char[]] (value [[C@a97e14]) but failed to remove it when the web application was stopped. This is very likely to create a memory leak.
Dec 04, 2013 11:53:22 AM org.apache.coyote.http11.Http11Protocol destroy
INFO: Stopping Coyote HTTP/1.1 on http-8090
