May 20, 2013 11:39:04 AM org.apache.catalina.core.AprLifecycleListener init
INFO: The APR based Apache Tomcat Native library which allows optimal performance in production environments was not found on the java.library.path: F:\Volante\jre\bin;C:\Windows\Sun\Java\bin;C:\Windows\system32;C:\Windows;C:\Program Files (x86)\IBM\WebSphere MQ\Java\lib;C:\Program Files (x86)\IBM\WebSphere MQ\Java\lib64;C:\oraclexe\app\oracle\product\11.2.0\server\bin;;C:\Windows\system32;C:\Windows;C:\Windows\System32\Wbem;C:\Windows\System32\WindowsPowerShell\v1.0\;C:\j2sdk1.4.2_19\bin;C:\Program Files (x86)\Microsoft SQL Server\100\Tools\Binn\;C:\Program Files\Microsoft SQL Server\100\Tools\Binn\;C:\Program Files\Microsoft SQL Server\100\DTS\Binn\;C:\tools\apache-ant-1.7.1\bin;c:\tools;C:\Program Files (x86)\Graphviz 2.28\bin;D:\tools\apache-maven-3.0.4\bin;C:\Program Files (x86)\IBM\WebSphere MQ\bin64;C:\Program Files (x86)\IBM\WebSphere MQ\bin;C:\Program Files (x86)\IBM\WebSphere MQ\tools\c\samples\bin;C:\Program Files (x86)\SlikSvn\bin;D:\tools\apache-maven-3.0.4\bin;C:\Program Files (x86)\QuickTime\QTSystem\;.
May 20, 2013 11:39:05 AM org.apache.coyote.http11.Http11Protocol init
INFO: Initializing Coyote HTTP/1.1 on http-8090
May 20, 2013 11:39:05 AM org.apache.catalina.startup.Catalina load
INFO: Initialization processed in 1462 ms
May 20, 2013 11:39:05 AM org.apache.catalina.core.StandardService start
INFO: Starting service Catalina
May 20, 2013 11:39:05 AM org.apache.catalina.core.StandardEngine start
INFO: Starting Servlet Engine: Apache Tomcat/6.0.35
May 20, 2013 11:39:05 AM org.apache.catalina.startup.HostConfig deployDescriptor
INFO: Deploying configuration descriptor host-manager.xml
May 20, 2013 11:39:05 AM org.apache.catalina.startup.HostConfig deployDescriptor
INFO: Deploying configuration descriptor manager.xml
May 20, 2013 11:39:05 AM org.apache.catalina.startup.HostConfig deployDescriptor
INFO: Deploying configuration descriptor messageprocessor.xml
May 20, 2013 11:39:06 AM org.apache.catalina.startup.HostConfig deployDescriptor
INFO: Deploying configuration descriptor repository.xml
May 20, 2013 11:39:07 AM org.apache.catalina.startup.HostConfig deployDirectory
INFO: Deploying web application directory docs
May 20, 2013 11:39:07 AM org.apache.catalina.startup.HostConfig deployDirectory
INFO: Deploying web application directory examples
May 20, 2013 11:39:07 AM org.apache.catalina.startup.HostConfig deployDirectory
INFO: Deploying web application directory ROOT
May 20, 2013 11:39:07 AM org.apache.coyote.http11.Http11Protocol start
INFO: Starting Coyote HTTP/1.1 on http-8090
May 20, 2013 11:39:07 AM org.apache.jk.common.ChannelSocket init
INFO: JK: ajp13 listening on /0.0.0.0:8009
May 20, 2013 11:39:07 AM org.apache.jk.server.JkMain start
INFO: Jk running ID=0 time=0/28  config=null
May 20, 2013 11:39:07 AM org.apache.catalina.startup.Catalina start
INFO: Server startup in 2465 ms
May 20, 2013 11:41:07 AM org.apache.catalina.startup.HostConfig deployDescriptor
INFO: Deploying configuration descriptor messageprocessor - Copy.xml
May 20, 2013 11:41:18 AM org.apache.catalina.startup.HostConfig checkResources
INFO: Undeploying context [/messageprocessor - Copy]
May 20, 2013 11:41:18 AM org.apache.catalina.startup.HostConfig deployDescriptor
INFO: Deploying configuration descriptor webformrepair.xml
May 20, 2013 11:41:28 AM org.apache.catalina.startup.HostConfig checkResources
INFO: Undeploying context [/webformrepair]
May 20, 2013 11:41:28 AM org.apache.catalina.startup.HostConfig deployDescriptor
INFO: Deploying configuration descriptor webformrepair.xml
May 20, 2013 11:41:48 AM org.apache.catalina.startup.HostConfig checkResources
INFO: Undeploying context [/webformrepair]
May 20, 2013 11:41:48 AM org.apache.catalina.startup.HostConfig deployDescriptor
INFO: Deploying configuration descriptor webformrepair.xml
May 20, 2013 11:41:48 AM org.apache.catalina.core.StandardContext resourcesStart
SEVERE: Error starting static Resources
java.lang.IllegalArgumentException: Document base F:\Volante\runtime\apache-tomcat\webapps\..\..\java\RepairReferenceImpl\src\Application\messageprocessor does not exist or is not a readable directory
	at org.apache.naming.resources.FileDirContext.setDocBase(FileDirContext.java:142)
	at org.apache.catalina.core.StandardContext.resourcesStart(StandardContext.java:4320)
	at org.apache.catalina.core.StandardContext.start(StandardContext.java:4489)
	at org.apache.catalina.core.ContainerBase.addChildInternal(ContainerBase.java:799)
	at org.apache.catalina.core.ContainerBase.addChild(ContainerBase.java:779)
	at org.apache.catalina.core.StandardHost.addChild(StandardHost.java:601)
	at org.apache.catalina.startup.HostConfig.deployDescriptor(HostConfig.java:675)
	at org.apache.catalina.startup.HostConfig.deployDescriptors(HostConfig.java:601)
	at org.apache.catalina.startup.HostConfig.deployApps(HostConfig.java:502)
	at org.apache.catalina.startup.HostConfig.check(HostConfig.java:1385)
	at org.apache.catalina.startup.HostConfig.lifecycleEvent(HostConfig.java:306)
	at org.apache.catalina.util.LifecycleSupport.fireLifecycleEvent(LifecycleSupport.java:142)
	at org.apache.catalina.core.ContainerBase.backgroundProcess(ContainerBase.java:1389)
	at org.apache.catalina.core.ContainerBase$ContainerBackgroundProcessor.processChildren(ContainerBase.java:1653)
	at org.apache.catalina.core.ContainerBase$ContainerBackgroundProcessor.processChildren(ContainerBase.java:1662)
	at org.apache.catalina.core.ContainerBase$ContainerBackgroundProcessor.run(ContainerBase.java:1642)
	at java.lang.Thread.run(Unknown Source)

May 20, 2013 11:41:48 AM org.apache.catalina.core.StandardContext start
SEVERE: Error in resourceStart()
May 20, 2013 11:41:48 AM org.apache.catalina.core.StandardContext start
SEVERE: Error getConfigured
May 20, 2013 11:41:48 AM org.apache.catalina.core.StandardContext start
SEVERE: Context [/webformrepair] startup failed due to previous errors
May 20, 2013 11:41:48 AM org.apache.catalina.core.StandardContext stop
INFO: Container org.apache.catalina.core.ContainerBase.[Catalina].[localhost].[/webformrepair] has not been started
May 20, 2013 11:54:24 AM org.apache.catalina.startup.HostConfig checkResources
INFO: Undeploying context [/webformrepair]
May 20, 2013 11:54:24 AM org.apache.catalina.startup.HostConfig deployDescriptor
INFO: Deploying configuration descriptor webformrepair.xml
May 20, 2013 11:54:34 AM org.apache.catalina.startup.HostConfig checkResources
INFO: Undeploying context [/webformrepair]
May 20, 2013 11:54:34 AM org.apache.catalina.startup.HostConfig deployDescriptor
INFO: Deploying configuration descriptor webformrepair.xml
May 20, 2013 11:54:34 AM org.apache.catalina.core.StandardContext resourcesStart
SEVERE: Error starting static Resources
java.lang.IllegalArgumentException: Document base F:\Volante\runtime\apache-tomcat\webapps\..\..\java\RepairReferenceImpl\src\Application\messageprocessor does not exist or is not a readable directory
	at org.apache.naming.resources.FileDirContext.setDocBase(FileDirContext.java:142)
	at org.apache.catalina.core.StandardContext.resourcesStart(StandardContext.java:4320)
	at org.apache.catalina.core.StandardContext.start(StandardContext.java:4489)
	at org.apache.catalina.core.ContainerBase.addChildInternal(ContainerBase.java:799)
	at org.apache.catalina.core.ContainerBase.addChild(ContainerBase.java:779)
	at org.apache.catalina.core.StandardHost.addChild(StandardHost.java:601)
	at org.apache.catalina.startup.HostConfig.deployDescriptor(HostConfig.java:675)
	at org.apache.catalina.startup.HostConfig.deployDescriptors(HostConfig.java:601)
	at org.apache.catalina.startup.HostConfig.deployApps(HostConfig.java:502)
	at org.apache.catalina.startup.HostConfig.check(HostConfig.java:1385)
	at org.apache.catalina.startup.HostConfig.lifecycleEvent(HostConfig.java:306)
	at org.apache.catalina.util.LifecycleSupport.fireLifecycleEvent(LifecycleSupport.java:142)
	at org.apache.catalina.core.ContainerBase.backgroundProcess(ContainerBase.java:1389)
	at org.apache.catalina.core.ContainerBase$ContainerBackgroundProcessor.processChildren(ContainerBase.java:1653)
	at org.apache.catalina.core.ContainerBase$ContainerBackgroundProcessor.processChildren(ContainerBase.java:1662)
	at org.apache.catalina.core.ContainerBase$ContainerBackgroundProcessor.run(ContainerBase.java:1642)
	at java.lang.Thread.run(Unknown Source)

May 20, 2013 11:54:34 AM org.apache.catalina.core.StandardContext start
SEVERE: Error in resourceStart()
May 20, 2013 11:54:34 AM org.apache.catalina.core.StandardContext start
SEVERE: Error getConfigured
May 20, 2013 11:54:34 AM org.apache.catalina.core.StandardContext start
SEVERE: Context [/webformrepair] startup failed due to previous errors
May 20, 2013 11:54:34 AM org.apache.catalina.core.StandardContext stop
INFO: Container org.apache.catalina.core.ContainerBase.[Catalina].[localhost].[/webformrepair] has not been started
May 20, 2013 11:54:44 AM org.apache.catalina.startup.HostConfig checkResources
INFO: Undeploying context [/webformrepair]
May 20, 2013 11:54:44 AM org.apache.catalina.startup.HostConfig deployDescriptor
INFO: Deploying configuration descriptor webformrepair.xml
May 20, 2013 11:54:44 AM org.apache.catalina.core.StandardContext resourcesStart
SEVERE: Error starting static Resources
java.lang.IllegalArgumentException: Document base F:\Volante\runtime\apache-tomcat\webapps\..\..\java\RepairReferenceImpl\Application\messageprocessor does not exist or is not a readable directory
	at org.apache.naming.resources.FileDirContext.setDocBase(FileDirContext.java:142)
	at org.apache.catalina.core.StandardContext.resourcesStart(StandardContext.java:4320)
	at org.apache.catalina.core.StandardContext.start(StandardContext.java:4489)
	at org.apache.catalina.core.ContainerBase.addChildInternal(ContainerBase.java:799)
	at org.apache.catalina.core.ContainerBase.addChild(ContainerBase.java:779)
	at org.apache.catalina.core.StandardHost.addChild(StandardHost.java:601)
	at org.apache.catalina.startup.HostConfig.deployDescriptor(HostConfig.java:675)
	at org.apache.catalina.startup.HostConfig.deployDescriptors(HostConfig.java:601)
	at org.apache.catalina.startup.HostConfig.deployApps(HostConfig.java:502)
	at org.apache.catalina.startup.HostConfig.check(HostConfig.java:1385)
	at org.apache.catalina.startup.HostConfig.lifecycleEvent(HostConfig.java:306)
	at org.apache.catalina.util.LifecycleSupport.fireLifecycleEvent(LifecycleSupport.java:142)
	at org.apache.catalina.core.ContainerBase.backgroundProcess(ContainerBase.java:1389)
	at org.apache.catalina.core.ContainerBase$ContainerBackgroundProcessor.processChildren(ContainerBase.java:1653)
	at org.apache.catalina.core.ContainerBase$ContainerBackgroundProcessor.processChildren(ContainerBase.java:1662)
	at org.apache.catalina.core.ContainerBase$ContainerBackgroundProcessor.run(ContainerBase.java:1642)
	at java.lang.Thread.run(Unknown Source)

May 20, 2013 11:54:44 AM org.apache.catalina.core.StandardContext start
SEVERE: Error in resourceStart()
May 20, 2013 11:54:44 AM org.apache.catalina.core.StandardContext start
SEVERE: Error getConfigured
May 20, 2013 11:54:44 AM org.apache.catalina.core.StandardContext start
SEVERE: Context [/webformrepair] startup failed due to previous errors
May 20, 2013 11:54:44 AM org.apache.catalina.core.StandardContext stop
INFO: Container org.apache.catalina.core.ContainerBase.[Catalina].[localhost].[/webformrepair] has not been started
May 20, 2013 11:54:53 AM org.apache.coyote.http11.Http11Protocol pause
INFO: Pausing Coyote HTTP/1.1 on http-8090
May 20, 2013 11:54:54 AM org.apache.catalina.core.StandardService stop
INFO: Stopping service Catalina
May 20, 2013 11:54:54 AM org.apache.catalina.loader.WebappClassLoader clearReferencesJdbc
SEVERE: The web application [/messageprocessor] registered the JDBC driver [org.hsqldb.jdbc.JDBCDriver] but failed to unregister it when the web application was stopped. To prevent a memory leak, the JDBC Driver has been forcibly unregistered.
May 20, 2013 11:54:54 AM org.apache.catalina.loader.WebappClassLoader clearThreadLocalMap
SEVERE: The web application [/messageprocessor] created a ThreadLocal with key of type [com.tplus.transform.runtime.vm.WeakThreadLocal] (value [com.tplus.transform.runtime.vm.WeakThreadLocal@1ba8c36]) and a value of type [java.lang.ref.WeakReference] (value [java.lang.ref.WeakReference@4b47c2]) but failed to remove it when the web application was stopped. This is very likely to create a memory leak.
May 20, 2013 11:54:55 AM org.apache.coyote.http11.Http11Protocol destroy
INFO: Stopping Coyote HTTP/1.1 on http-8090
May 20, 2013 11:55:15 AM org.apache.catalina.core.AprLifecycleListener init
INFO: The APR based Apache Tomcat Native library which allows optimal performance in production environments was not found on the java.library.path: F:\Volante\jre\bin;C:\Windows\Sun\Java\bin;C:\Windows\system32;C:\Windows;C:\Program Files (x86)\IBM\WebSphere MQ\Java\lib;C:\Program Files (x86)\IBM\WebSphere MQ\Java\lib64;C:\oraclexe\app\oracle\product\11.2.0\server\bin;;C:\Windows\system32;C:\Windows;C:\Windows\System32\Wbem;C:\Windows\System32\WindowsPowerShell\v1.0\;C:\j2sdk1.4.2_19\bin;C:\Program Files (x86)\Microsoft SQL Server\100\Tools\Binn\;C:\Program Files\Microsoft SQL Server\100\Tools\Binn\;C:\Program Files\Microsoft SQL Server\100\DTS\Binn\;C:\tools\apache-ant-1.7.1\bin;c:\tools;C:\Program Files (x86)\Graphviz 2.28\bin;D:\tools\apache-maven-3.0.4\bin;C:\Program Files (x86)\IBM\WebSphere MQ\bin64;C:\Program Files (x86)\IBM\WebSphere MQ\bin;C:\Program Files (x86)\IBM\WebSphere MQ\tools\c\samples\bin;C:\Program Files (x86)\SlikSvn\bin;D:\tools\apache-maven-3.0.4\bin;C:\Program Files (x86)\QuickTime\QTSystem\;.
May 20, 2013 11:55:15 AM org.apache.coyote.http11.Http11Protocol init
INFO: Initializing Coyote HTTP/1.1 on http-8090
May 20, 2013 11:55:15 AM org.apache.catalina.startup.Catalina load
INFO: Initialization processed in 272 ms
May 20, 2013 11:55:15 AM org.apache.catalina.core.StandardService start
INFO: Starting service Catalina
May 20, 2013 11:55:15 AM org.apache.catalina.core.StandardEngine start
INFO: Starting Servlet Engine: Apache Tomcat/6.0.35
May 20, 2013 11:55:15 AM org.apache.catalina.startup.HostConfig deployDescriptor
INFO: Deploying configuration descriptor host-manager.xml
May 20, 2013 11:55:15 AM org.apache.catalina.startup.HostConfig deployDescriptor
INFO: Deploying configuration descriptor manager.xml
May 20, 2013 11:55:15 AM org.apache.catalina.startup.HostConfig deployDescriptor
INFO: Deploying configuration descriptor messageprocessor.xml
May 20, 2013 11:55:15 AM org.apache.catalina.startup.HostConfig deployDescriptor
INFO: Deploying configuration descriptor repository.xml
May 20, 2013 11:55:16 AM org.apache.catalina.startup.HostConfig deployDescriptor
INFO: Deploying configuration descriptor webformrepair.xml
May 20, 2013 11:55:16 AM org.apache.catalina.startup.HostConfig deployDirectory
INFO: Deploying web application directory docs
May 20, 2013 11:55:16 AM org.apache.catalina.startup.HostConfig deployDirectory
INFO: Deploying web application directory examples
May 20, 2013 11:55:16 AM org.apache.catalina.startup.HostConfig deployDirectory
INFO: Deploying web application directory ROOT
May 20, 2013 11:55:16 AM org.apache.coyote.http11.Http11Protocol start
INFO: Starting Coyote HTTP/1.1 on http-8090
May 20, 2013 11:55:16 AM org.apache.jk.common.ChannelSocket init
INFO: JK: ajp13 listening on /0.0.0.0:8009
May 20, 2013 11:55:16 AM org.apache.jk.server.JkMain start
INFO: Jk running ID=0 time=0/19  config=null
May 20, 2013 11:55:16 AM org.apache.catalina.startup.Catalina start
INFO: Server startup in 723 ms
May 20, 2013 11:56:08 AM org.apache.coyote.http11.Http11Protocol pause
INFO: Pausing Coyote HTTP/1.1 on http-8090
May 20, 2013 11:56:09 AM org.apache.catalina.core.StandardService stop
INFO: Stopping service Catalina
May 20, 2013 11:56:09 AM org.apache.catalina.loader.WebappClassLoader clearReferencesJdbc
SEVERE: The web application [/messageprocessor] registered the JDBC driver [org.hsqldb.jdbc.JDBCDriver] but failed to unregister it when the web application was stopped. To prevent a memory leak, the JDBC Driver has been forcibly unregistered.
May 20, 2013 11:56:09 AM org.apache.catalina.loader.WebappClassLoader clearThreadLocalMap
SEVERE: The web application [/messageprocessor] created a ThreadLocal with key of type [com.tplus.transform.runtime.vm.WeakThreadLocal] (value [com.tplus.transform.runtime.vm.WeakThreadLocal@f00d9a]) and a value of type [java.lang.ref.WeakReference] (value [java.lang.ref.WeakReference@d1396]) but failed to remove it when the web application was stopped. This is very likely to create a memory leak.
May 20, 2013 11:56:09 AM org.apache.catalina.loader.WebappClassLoader clearThreadLocalMap
SEVERE: The web application [/webformrepair] created a ThreadLocal with key of type [com.tplus.transform.runtime.vm.WeakThreadLocal] (value [com.tplus.transform.runtime.vm.WeakThreadLocal@bf7db8]) and a value of type [java.lang.ref.WeakReference] (value [java.lang.ref.WeakReference@1d6e265]) but failed to remove it when the web application was stopped. This is very likely to create a memory leak.
May 20, 2013 11:56:09 AM org.apache.coyote.http11.Http11Protocol destroy
INFO: Stopping Coyote HTTP/1.1 on http-8090
May 20, 2013 11:56:18 AM org.apache.catalina.core.AprLifecycleListener init
INFO: The APR based Apache Tomcat Native library which allows optimal performance in production environments was not found on the java.library.path: F:\Volante\jre\bin;C:\Windows\Sun\Java\bin;C:\Windows\system32;C:\Windows;C:\Program Files (x86)\IBM\WebSphere MQ\Java\lib;C:\Program Files (x86)\IBM\WebSphere MQ\Java\lib64;C:\oraclexe\app\oracle\product\11.2.0\server\bin;;C:\Windows\system32;C:\Windows;C:\Windows\System32\Wbem;C:\Windows\System32\WindowsPowerShell\v1.0\;C:\j2sdk1.4.2_19\bin;C:\Program Files (x86)\Microsoft SQL Server\100\Tools\Binn\;C:\Program Files\Microsoft SQL Server\100\Tools\Binn\;C:\Program Files\Microsoft SQL Server\100\DTS\Binn\;C:\tools\apache-ant-1.7.1\bin;c:\tools;C:\Program Files (x86)\Graphviz 2.28\bin;D:\tools\apache-maven-3.0.4\bin;C:\Program Files (x86)\IBM\WebSphere MQ\bin64;C:\Program Files (x86)\IBM\WebSphere MQ\bin;C:\Program Files (x86)\IBM\WebSphere MQ\tools\c\samples\bin;C:\Program Files (x86)\SlikSvn\bin;D:\tools\apache-maven-3.0.4\bin;C:\Program Files (x86)\QuickTime\QTSystem\;.
May 20, 2013 11:56:18 AM org.apache.coyote.http11.Http11Protocol init
INFO: Initializing Coyote HTTP/1.1 on http-8090
May 20, 2013 11:56:18 AM org.apache.catalina.startup.Catalina load
INFO: Initialization processed in 266 ms
May 20, 2013 11:56:18 AM org.apache.catalina.core.StandardService start
INFO: Starting service Catalina
May 20, 2013 11:56:18 AM org.apache.catalina.core.StandardEngine start
INFO: Starting Servlet Engine: Apache Tomcat/6.0.35
May 20, 2013 11:56:18 AM org.apache.catalina.startup.HostConfig deployDescriptor
INFO: Deploying configuration descriptor host-manager.xml
May 20, 2013 11:56:19 AM org.apache.catalina.startup.HostConfig deployDescriptor
INFO: Deploying configuration descriptor manager.xml
May 20, 2013 11:56:19 AM org.apache.catalina.startup.HostConfig deployDescriptor
INFO: Deploying configuration descriptor messageprocessor.xml
May 20, 2013 11:56:19 AM org.apache.catalina.startup.HostConfig deployDescriptor
INFO: Deploying configuration descriptor repository.xml
May 20, 2013 11:56:19 AM org.apache.catalina.startup.HostConfig deployDescriptor
INFO: Deploying configuration descriptor webformrepair.xml
May 20, 2013 11:56:19 AM org.apache.catalina.startup.HostConfig deployDirectory
INFO: Deploying web application directory docs
May 20, 2013 11:56:19 AM org.apache.catalina.startup.HostConfig deployDirectory
INFO: Deploying web application directory examples
May 20, 2013 11:56:19 AM org.apache.catalina.startup.HostConfig deployDirectory
INFO: Deploying web application directory ROOT
May 20, 2013 11:56:19 AM org.apache.coyote.http11.Http11Protocol start
INFO: Starting Coyote HTTP/1.1 on http-8090
May 20, 2013 11:56:19 AM org.apache.jk.common.ChannelSocket init
INFO: JK: ajp13 listening on /0.0.0.0:8009
May 20, 2013 11:56:19 AM org.apache.jk.server.JkMain start
INFO: Jk running ID=0 time=0/20  config=null
May 20, 2013 11:56:19 AM org.apache.catalina.startup.Catalina start
INFO: Server startup in 693 ms
May 20, 2013 11:57:17 AM org.apache.coyote.http11.Http11Protocol pause
INFO: Pausing Coyote HTTP/1.1 on http-8090
May 20, 2013 11:57:18 AM org.apache.catalina.core.StandardService stop
INFO: Stopping service Catalina
May 20, 2013 11:57:18 AM org.apache.catalina.loader.WebappClassLoader clearThreadLocalMap
SEVERE: The web application [/webformrepair] created a ThreadLocal with key of type [java.lang.ThreadLocal] (value [java.lang.ThreadLocal@17de276]) and a value of type [com.volante.component.server.transaction.TransactionManagerImpl.ThreadInfo] (value [com.volante.component.server.transaction.TransactionManagerImpl$ThreadInfo@19eb5d8]) but failed to remove it when the web application was stopped. This is very likely to create a memory leak.
May 20, 2013 11:57:18 AM org.apache.catalina.loader.WebappClassLoader clearThreadLocalMap
SEVERE: The web application [/webformrepair] created a ThreadLocal with key of type [com.tplus.transform.runtime.vm.WeakThreadLocal] (value [com.tplus.transform.runtime.vm.WeakThreadLocal@b48c3a]) and a value of type [java.lang.ref.WeakReference] (value [java.lang.ref.WeakReference@16246a9]) but failed to remove it when the web application was stopped. This is very likely to create a memory leak.
May 20, 2013 11:57:18 AM org.apache.coyote.http11.Http11Protocol destroy
INFO: Stopping Coyote HTTP/1.1 on http-8090
May 20, 2013 11:57:22 AM org.apache.catalina.core.AprLifecycleListener init
INFO: The APR based Apache Tomcat Native library which allows optimal performance in production environments was not found on the java.library.path: F:\Volante\jre\bin;C:\Windows\Sun\Java\bin;C:\Windows\system32;C:\Windows;C:\Program Files (x86)\IBM\WebSphere MQ\Java\lib;C:\Program Files (x86)\IBM\WebSphere MQ\Java\lib64;C:\oraclexe\app\oracle\product\11.2.0\server\bin;;C:\Windows\system32;C:\Windows;C:\Windows\System32\Wbem;C:\Windows\System32\WindowsPowerShell\v1.0\;C:\j2sdk1.4.2_19\bin;C:\Program Files (x86)\Microsoft SQL Server\100\Tools\Binn\;C:\Program Files\Microsoft SQL Server\100\Tools\Binn\;C:\Program Files\Microsoft SQL Server\100\DTS\Binn\;C:\tools\apache-ant-1.7.1\bin;c:\tools;C:\Program Files (x86)\Graphviz 2.28\bin;D:\tools\apache-maven-3.0.4\bin;C:\Program Files (x86)\IBM\WebSphere MQ\bin64;C:\Program Files (x86)\IBM\WebSphere MQ\bin;C:\Program Files (x86)\IBM\WebSphere MQ\tools\c\samples\bin;C:\Program Files (x86)\SlikSvn\bin;D:\tools\apache-maven-3.0.4\bin;C:\Program Files (x86)\QuickTime\QTSystem\;.
May 20, 2013 11:57:22 AM org.apache.coyote.http11.Http11Protocol init
INFO: Initializing Coyote HTTP/1.1 on http-8090
May 20, 2013 11:57:22 AM org.apache.catalina.startup.Catalina load
INFO: Initialization processed in 264 ms
May 20, 2013 11:57:22 AM org.apache.catalina.core.StandardService start
INFO: Starting service Catalina
May 20, 2013 11:57:22 AM org.apache.catalina.core.StandardEngine start
INFO: Starting Servlet Engine: Apache Tomcat/6.0.35
May 20, 2013 11:57:22 AM org.apache.catalina.startup.HostConfig deployDescriptor
INFO: Deploying configuration descriptor host-manager.xml
May 20, 2013 11:57:22 AM org.apache.catalina.startup.HostConfig deployDescriptor
INFO: Deploying configuration descriptor manager.xml
May 20, 2013 11:57:22 AM org.apache.catalina.startup.HostConfig deployDescriptor
INFO: Deploying configuration descriptor messageprocessor.xml
May 20, 2013 11:57:22 AM org.apache.catalina.startup.HostConfig deployDescriptor
INFO: Deploying configuration descriptor repository.xml
May 20, 2013 11:57:22 AM org.apache.catalina.startup.HostConfig deployDescriptor
INFO: Deploying configuration descriptor webformrepair.xml
May 20, 2013 11:57:22 AM org.apache.catalina.startup.HostConfig deployDirectory
INFO: Deploying web application directory docs
May 20, 2013 11:57:22 AM org.apache.catalina.startup.HostConfig deployDirectory
INFO: Deploying web application directory examples
May 20, 2013 11:57:22 AM org.apache.catalina.startup.HostConfig deployDirectory
INFO: Deploying web application directory ROOT
May 20, 2013 11:57:23 AM org.apache.coyote.http11.Http11Protocol start
INFO: Starting Coyote HTTP/1.1 on http-8090
May 20, 2013 11:57:23 AM org.apache.jk.common.ChannelSocket init
INFO: JK: ajp13 listening on /0.0.0.0:8009
May 20, 2013 11:57:23 AM org.apache.jk.server.JkMain start
INFO: Jk running ID=0 time=0/20  config=null
May 20, 2013 11:57:23 AM org.apache.catalina.startup.Catalina start
INFO: Server startup in 703 ms
May 20, 2013 11:59:15 AM org.apache.coyote.http11.Http11Protocol pause
INFO: Pausing Coyote HTTP/1.1 on http-8090
May 20, 2013 11:59:16 AM org.apache.catalina.core.StandardService stop
INFO: Stopping service Catalina
May 20, 2013 11:59:16 AM org.apache.catalina.loader.WebappClassLoader clearThreadLocalMap
SEVERE: The web application [/webformrepair] created a ThreadLocal with key of type [java.lang.ThreadLocal] (value [java.lang.ThreadLocal@e55f58]) and a value of type [com.volante.component.server.transaction.TransactionManagerImpl.ThreadInfo] (value [com.volante.component.server.transaction.TransactionManagerImpl$ThreadInfo@d68df1]) but failed to remove it when the web application was stopped. This is very likely to create a memory leak.
May 20, 2013 11:59:16 AM org.apache.catalina.loader.WebappClassLoader clearThreadLocalMap
SEVERE: The web application [/webformrepair] created a ThreadLocal with key of type [com.tplus.transform.runtime.vm.WeakThreadLocal] (value [com.tplus.transform.runtime.vm.WeakThreadLocal@e86b]) and a value of type [java.lang.ref.WeakReference] (value [java.lang.ref.WeakReference@19ade58]) but failed to remove it when the web application was stopped. This is very likely to create a memory leak.
May 20, 2013 11:59:16 AM org.apache.coyote.http11.Http11Protocol destroy
INFO: Stopping Coyote HTTP/1.1 on http-8090
May 20, 2013 11:59:21 AM org.apache.catalina.core.AprLifecycleListener init
INFO: The APR based Apache Tomcat Native library which allows optimal performance in production environments was not found on the java.library.path: F:\Volante\jre\bin;C:\Windows\Sun\Java\bin;C:\Windows\system32;C:\Windows;C:\Program Files (x86)\IBM\WebSphere MQ\Java\lib;C:\Program Files (x86)\IBM\WebSphere MQ\Java\lib64;C:\oraclexe\app\oracle\product\11.2.0\server\bin;;C:\Windows\system32;C:\Windows;C:\Windows\System32\Wbem;C:\Windows\System32\WindowsPowerShell\v1.0\;C:\j2sdk1.4.2_19\bin;C:\Program Files (x86)\Microsoft SQL Server\100\Tools\Binn\;C:\Program Files\Microsoft SQL Server\100\Tools\Binn\;C:\Program Files\Microsoft SQL Server\100\DTS\Binn\;C:\tools\apache-ant-1.7.1\bin;c:\tools;C:\Program Files (x86)\Graphviz 2.28\bin;D:\tools\apache-maven-3.0.4\bin;C:\Program Files (x86)\IBM\WebSphere MQ\bin64;C:\Program Files (x86)\IBM\WebSphere MQ\bin;C:\Program Files (x86)\IBM\WebSphere MQ\tools\c\samples\bin;C:\Program Files (x86)\SlikSvn\bin;D:\tools\apache-maven-3.0.4\bin;C:\Program Files (x86)\QuickTime\QTSystem\;.
May 20, 2013 11:59:21 AM org.apache.coyote.http11.Http11Protocol init
INFO: Initializing Coyote HTTP/1.1 on http-8090
May 20, 2013 11:59:21 AM org.apache.catalina.startup.Catalina load
INFO: Initialization processed in 279 ms
May 20, 2013 11:59:21 AM org.apache.catalina.core.StandardService start
INFO: Starting service Catalina
May 20, 2013 11:59:21 AM org.apache.catalina.core.StandardEngine start
INFO: Starting Servlet Engine: Apache Tomcat/6.0.35
May 20, 2013 11:59:21 AM org.apache.catalina.startup.HostConfig deployDescriptor
INFO: Deploying configuration descriptor host-manager.xml
May 20, 2013 11:59:21 AM org.apache.catalina.startup.HostConfig deployDescriptor
INFO: Deploying configuration descriptor manager.xml
May 20, 2013 11:59:21 AM org.apache.catalina.startup.HostConfig deployDescriptor
INFO: Deploying configuration descriptor messageprocessor.xml
May 20, 2013 11:59:21 AM org.apache.catalina.startup.HostConfig deployDescriptor
INFO: Deploying configuration descriptor repository.xml
May 20, 2013 11:59:21 AM org.apache.catalina.startup.HostConfig deployDescriptor
INFO: Deploying configuration descriptor webformrepair.xml
May 20, 2013 11:59:21 AM org.apache.catalina.startup.HostConfig deployDirectory
INFO: Deploying web application directory docs
May 20, 2013 11:59:21 AM org.apache.catalina.startup.HostConfig deployDirectory
INFO: Deploying web application directory examples
May 20, 2013 11:59:21 AM org.apache.catalina.startup.HostConfig deployDirectory
INFO: Deploying web application directory ROOT
May 20, 2013 11:59:21 AM org.apache.coyote.http11.Http11Protocol start
INFO: Starting Coyote HTTP/1.1 on http-8090
May 20, 2013 11:59:21 AM org.apache.jk.common.ChannelSocket init
INFO: JK: ajp13 listening on /0.0.0.0:8009
May 20, 2013 11:59:21 AM org.apache.jk.server.JkMain start
INFO: Jk running ID=0 time=0/19  config=null
May 20, 2013 11:59:21 AM org.apache.catalina.startup.Catalina start
INFO: Server startup in 715 ms
May 20, 2013 11:59:55 AM org.apache.coyote.http11.Http11Protocol pause
INFO: Pausing Coyote HTTP/1.1 on http-8090
May 20, 2013 11:59:56 AM org.apache.catalina.core.StandardService stop
INFO: Stopping service Catalina
May 20, 2013 11:59:56 AM org.apache.catalina.loader.WebappClassLoader clearReferencesJdbc
SEVERE: The web application [/webformrepair] registered the JDBC driver [org.hsqldb.jdbc.JDBCDriver] but failed to unregister it when the web application was stopped. To prevent a memory leak, the JDBC Driver has been forcibly unregistered.
May 20, 2013 11:59:56 AM org.apache.catalina.loader.WebappClassLoader clearThreadLocalMap
SEVERE: The web application [/webformrepair] created a ThreadLocal with key of type [java.lang.ThreadLocal] (value [java.lang.ThreadLocal@1b0adfa]) and a value of type [com.volante.component.server.transaction.TransactionManagerImpl.ThreadInfo] (value [com.volante.component.server.transaction.TransactionManagerImpl$ThreadInfo@6e0128]) but failed to remove it when the web application was stopped. This is very likely to create a memory leak.
May 20, 2013 11:59:56 AM org.apache.catalina.loader.WebappClassLoader clearThreadLocalMap
SEVERE: The web application [/webformrepair] created a ThreadLocal with key of type [com.tplus.transform.runtime.vm.WeakThreadLocal] (value [com.tplus.transform.runtime.vm.WeakThreadLocal@e1da1]) and a value of type [java.lang.ref.WeakReference] (value [java.lang.ref.WeakReference@bb55e1]) but failed to remove it when the web application was stopped. This is very likely to create a memory leak.
May 20, 2013 11:59:56 AM org.apache.coyote.http11.Http11Protocol destroy
INFO: Stopping Coyote HTTP/1.1 on http-8090
May 20, 2013 12:00:52 PM org.apache.catalina.core.AprLifecycleListener init
INFO: The APR based Apache Tomcat Native library which allows optimal performance in production environments was not found on the java.library.path: F:\Volante\jre\bin;C:\Windows\Sun\Java\bin;C:\Windows\system32;C:\Windows;C:\Program Files (x86)\IBM\WebSphere MQ\Java\lib;C:\Program Files (x86)\IBM\WebSphere MQ\Java\lib64;C:\oraclexe\app\oracle\product\11.2.0\server\bin;;C:\Windows\system32;C:\Windows;C:\Windows\System32\Wbem;C:\Windows\System32\WindowsPowerShell\v1.0\;C:\j2sdk1.4.2_19\bin;C:\Program Files (x86)\Microsoft SQL Server\100\Tools\Binn\;C:\Program Files\Microsoft SQL Server\100\Tools\Binn\;C:\Program Files\Microsoft SQL Server\100\DTS\Binn\;C:\tools\apache-ant-1.7.1\bin;c:\tools;C:\Program Files (x86)\Graphviz 2.28\bin;D:\tools\apache-maven-3.0.4\bin;C:\Program Files (x86)\IBM\WebSphere MQ\bin64;C:\Program Files (x86)\IBM\WebSphere MQ\bin;C:\Program Files (x86)\IBM\WebSphere MQ\tools\c\samples\bin;C:\Program Files (x86)\SlikSvn\bin;D:\tools\apache-maven-3.0.4\bin;C:\Program Files (x86)\QuickTime\QTSystem\;.
May 20, 2013 12:00:52 PM org.apache.coyote.http11.Http11Protocol init
INFO: Initializing Coyote HTTP/1.1 on http-8090
May 20, 2013 12:00:52 PM org.apache.catalina.startup.Catalina load
INFO: Initialization processed in 271 ms
May 20, 2013 12:00:52 PM org.apache.catalina.core.StandardService start
INFO: Starting service Catalina
May 20, 2013 12:00:52 PM org.apache.catalina.core.StandardEngine start
INFO: Starting Servlet Engine: Apache Tomcat/6.0.35
May 20, 2013 12:00:52 PM org.apache.catalina.startup.HostConfig deployDescriptor
INFO: Deploying configuration descriptor host-manager.xml
May 20, 2013 12:00:52 PM org.apache.catalina.startup.HostConfig deployDescriptor
INFO: Deploying configuration descriptor manager.xml
May 20, 2013 12:00:52 PM org.apache.catalina.startup.HostConfig deployDescriptor
INFO: Deploying configuration descriptor messageprocessor.xml
May 20, 2013 12:00:52 PM org.apache.catalina.startup.HostConfig deployDescriptor
INFO: Deploying configuration descriptor repository.xml
May 20, 2013 12:00:52 PM org.apache.catalina.startup.HostConfig deployDescriptor
INFO: Deploying configuration descriptor webformrepair.xml
May 20, 2013 12:00:53 PM org.apache.catalina.startup.HostConfig deployDirectory
INFO: Deploying web application directory docs
May 20, 2013 12:00:53 PM org.apache.catalina.startup.HostConfig deployDirectory
INFO: Deploying web application directory examples
May 20, 2013 12:00:53 PM org.apache.catalina.startup.HostConfig deployDirectory
INFO: Deploying web application directory ROOT
May 20, 2013 12:00:53 PM org.apache.coyote.http11.Http11Protocol start
INFO: Starting Coyote HTTP/1.1 on http-8090
May 20, 2013 12:00:53 PM org.apache.jk.common.ChannelSocket init
INFO: JK: ajp13 listening on /0.0.0.0:8009
May 20, 2013 12:00:53 PM org.apache.jk.server.JkMain start
INFO: Jk running ID=0 time=0/20  config=null
May 20, 2013 12:00:53 PM org.apache.catalina.startup.Catalina start
INFO: Server startup in 822 ms
May 20, 2013 2:41:10 PM org.apache.coyote.http11.Http11Protocol pause
INFO: Pausing Coyote HTTP/1.1 on http-8090
May 20, 2013 2:41:11 PM org.apache.catalina.core.StandardService stop
INFO: Stopping service Catalina
May 20, 2013 2:41:11 PM org.apache.catalina.loader.WebappClassLoader clearReferencesJdbc
SEVERE: The web application [/messageprocessor] registered the JDBC driver [org.hsqldb.jdbc.JDBCDriver] but failed to unregister it when the web application was stopped. To prevent a memory leak, the JDBC Driver has been forcibly unregistered.
May 20, 2013 2:41:11 PM org.apache.catalina.loader.WebappClassLoader clearThreadLocalMap
SEVERE: The web application [/messageprocessor] created a ThreadLocal with key of type [com.tplus.transform.runtime.vm.WeakThreadLocal] (value [com.tplus.transform.runtime.vm.WeakThreadLocal@948855]) and a value of type [java.lang.ref.WeakReference] (value [java.lang.ref.WeakReference@182a699]) but failed to remove it when the web application was stopped. This is very likely to create a memory leak.
May 20, 2013 2:41:12 PM org.apache.catalina.loader.WebappClassLoader clearReferencesJdbc
SEVERE: The web application [/webformrepair] registered the JDBC driver [org.hsqldb.jdbc.JDBCDriver] but failed to unregister it when the web application was stopped. To prevent a memory leak, the JDBC Driver has been forcibly unregistered.
May 20, 2013 2:41:12 PM org.apache.catalina.loader.WebappClassLoader clearThreadLocalMap
SEVERE: The web application [/webformrepair] created a ThreadLocal with key of type [java.lang.ThreadLocal] (value [java.lang.ThreadLocal@9d85e0]) and a value of type [com.volante.component.server.transaction.TransactionManagerImpl.ThreadInfo] (value [com.volante.component.server.transaction.TransactionManagerImpl$ThreadInfo@1c047e7]) but failed to remove it when the web application was stopped. This is very likely to create a memory leak.
May 20, 2013 2:41:12 PM org.apache.catalina.loader.WebappClassLoader clearThreadLocalMap
SEVERE: The web application [/webformrepair] created a ThreadLocal with key of type [com.tplus.transform.runtime.vm.WeakThreadLocal] (value [com.tplus.transform.runtime.vm.WeakThreadLocal@b0c0d4]) and a value of type [java.lang.ref.WeakReference] (value [java.lang.ref.WeakReference@43a9ef]) but failed to remove it when the web application was stopped. This is very likely to create a memory leak.
May 20, 2013 2:41:12 PM org.apache.coyote.http11.Http11Protocol destroy
INFO: Stopping Coyote HTTP/1.1 on http-8090
