Jan 24, 2014 1:40:08 PM org.apache.catalina.core.AprLifecycleListener init
INFO: The APR based Apache Tomcat Native library which allows optimal performance in production environments was not found on the java.library.path: D:\Volante_Installs\Volante_R500B1400\jre\bin;C:\Windows\Sun\Java\bin;C:\Windows\system32;C:\Windows;D:\Sybase\ASE-15_0\jobscheduler\bin;D:\Sybase\ASE-15_0\dll;D:\Sybase\ASE-15_0\bin;D:\Sybase\SCC-3_2\bin;D:\Sybase\DBISQL\bin;D:\Sybase\DataAccess64\ADONET\dll;D:\Sybase\DataAccess\ADONET\dll;D:\Sybase\DataAccess64\ODBC\dll;D:\Sybase\DataAccess\ODBC\dll;D:\Sybase\OCS-15_0\lib3p64;D:\Sybase\OCS-15_0\lib3p;D:\Sybase\OCS-15_0\dll;D:\Sybase\OCS-15_0\bin;D:\Sybase\DataAccess64\OLEDB\dll;D:\Sybase\DataAccess\OLEDB\dll;D:\Oracle_XE\app\oracle\product\11.2.0\server\bin;C:\Program Files\Common Files\Microsoft Shared\Windows Live;C:\Program Files (x86)\Common Files\Microsoft Shared\Windows Live;C:\Program Files (x86)\Intel\iCLS Client\;C:\Program Files\Intel\iCLS Client\;C:\Program Files (x86)\NVIDIA Corporation\PhysX\Common;C:\Windows\system32;C:\Windows;C:\Windows\System32\Wbem;C:\Program Files\Intel\Intel(R) Management Engine Components\DAL;C:\Program Files\Intel\Intel(R) Management Engine Components\IPT;C:\Program Files (x86)\Intel\Intel(R) Management Engine Components\DAL;C:\Program Files (x86)\Intel\Intel(R) Management Engine Components\IPT;C:\Program Files (x86)\Windows Live\Shared;C:\Program Files (x86)\Intel\OpenCL SDK\2.0\bin\x86;C:\Program Files (x86)\Intel\OpenCL SDK\2.0\bin\x64;D:\Program Files (x86)\jZip;C:\Program Files (x86)\Java\jre7\bin;D:\Program Files (x86)\apache-ant-1.8.4\bin;C:\Windows\System32\WindowsPowerShell\v1.0\;D:\Volante_Installs\utils\apache-maven-3.0.4\bin;D:\Volante_Installs\utils\apache-ant-1.9.0\bin;C:\Windows\System32\WindowsPowerShell\v1.0\;D:\Program Files (x86)\UltraEdit-32;.;;.
Jan 24, 2014 1:40:09 PM org.apache.tomcat.util.digester.SetPropertiesRule begin
WARNING: [SetPropertiesRule]{Server/Service/Engine/Host/Context} Setting property 'debug' to 'true' did not find a matching property.
Jan 24, 2014 1:40:09 PM org.apache.tomcat.util.digester.SetPropertiesRule begin
WARNING: [SetPropertiesRule]{Server/Service/Engine/Host/Context} Setting property 'debug' to 'true' did not find a matching property.
Jan 24, 2014 1:40:09 PM org.apache.coyote.http11.Http11Protocol init
INFO: Initializing Coyote HTTP/1.1 on http-8090
Jan 24, 2014 1:40:09 PM org.apache.catalina.startup.Catalina load
INFO: Initialization processed in 2058 ms
Jan 24, 2014 1:40:09 PM org.apache.catalina.core.StandardService start
INFO: Starting service Catalina
Jan 24, 2014 1:40:09 PM org.apache.catalina.core.StandardEngine start
INFO: Starting Servlet Engine: Apache Tomcat/6.0.35
Jan 24, 2014 1:40:12 PM org.apache.catalina.startup.HostConfig deployDescriptor
INFO: Deploying configuration descriptor host-manager.xml
Jan 24, 2014 1:40:12 PM org.apache.catalina.startup.HostConfig deployDescriptor
INFO: Deploying configuration descriptor manager.xml
Jan 24, 2014 1:40:12 PM org.apache.catalina.startup.HostConfig deployWAR
INFO: Deploying web application archive vte.war
Jan 24, 2014 1:40:13 PM org.apache.catalina.startup.HostConfig deployDirectory
INFO: Deploying web application directory docs
Jan 24, 2014 1:40:13 PM org.apache.catalina.startup.HostConfig deployDirectory
INFO: Deploying web application directory examples
Jan 24, 2014 1:40:14 PM org.apache.catalina.startup.HostConfig deployDirectory
INFO: Deploying web application directory ROOT
Jan 24, 2014 1:40:14 PM org.apache.coyote.http11.Http11Protocol start
INFO: Starting Coyote HTTP/1.1 on http-8090
Jan 24, 2014 1:40:14 PM org.apache.jk.common.ChannelSocket init
INFO: JK: ajp13 listening on /0.0.0.0:8009
Jan 24, 2014 1:40:14 PM org.apache.jk.server.JkMain start
INFO: Jk running ID=0 time=0/52  config=null
Jan 24, 2014 1:40:14 PM org.apache.catalina.startup.Catalina start
INFO: Server startup in 4575 ms
Jan 24, 2014 1:45:43 PM org.apache.coyote.http11.Http11Protocol pause
INFO: Pausing Coyote HTTP/1.1 on http-8090
Jan 24, 2014 1:45:44 PM org.apache.catalina.core.StandardService stop
INFO: Stopping service Catalina
Jan 24, 2014 1:45:44 PM org.apache.catalina.loader.WebappClassLoader clearThreadLocalMap
SEVERE: The web application [/vte] created a ThreadLocal with key of type [com.tplus.transform.runtime.vm.WeakThreadLocal] (value [com.tplus.transform.runtime.vm.WeakThreadLocal@52b14b]) and a value of type [java.lang.ref.WeakReference] (value [java.lang.ref.WeakReference@f5e140]) but failed to remove it when the web application was stopped. This is very likely to create a memory leak.
Jan 24, 2014 1:45:45 PM org.apache.coyote.http11.Http11Protocol destroy
INFO: Stopping Coyote HTTP/1.1 on http-8090
Jan 24, 2014 1:46:26 PM org.apache.catalina.core.AprLifecycleListener init
INFO: The APR based Apache Tomcat Native library which allows optimal performance in production environments was not found on the java.library.path: D:\Volante_Installs\Volante_R500B1400\jre\bin;C:\Windows\Sun\Java\bin;C:\Windows\system32;C:\Windows;D:\Sybase\ASE-15_0\jobscheduler\bin;D:\Sybase\ASE-15_0\dll;D:\Sybase\ASE-15_0\bin;D:\Sybase\SCC-3_2\bin;D:\Sybase\DBISQL\bin;D:\Sybase\DataAccess64\ADONET\dll;D:\Sybase\DataAccess\ADONET\dll;D:\Sybase\DataAccess64\ODBC\dll;D:\Sybase\DataAccess\ODBC\dll;D:\Sybase\OCS-15_0\lib3p64;D:\Sybase\OCS-15_0\lib3p;D:\Sybase\OCS-15_0\dll;D:\Sybase\OCS-15_0\bin;D:\Sybase\DataAccess64\OLEDB\dll;D:\Sybase\DataAccess\OLEDB\dll;D:\Oracle_XE\app\oracle\product\11.2.0\server\bin;C:\Program Files\Common Files\Microsoft Shared\Windows Live;C:\Program Files (x86)\Common Files\Microsoft Shared\Windows Live;C:\Program Files (x86)\Intel\iCLS Client\;C:\Program Files\Intel\iCLS Client\;C:\Program Files (x86)\NVIDIA Corporation\PhysX\Common;C:\Windows\system32;C:\Windows;C:\Windows\System32\Wbem;C:\Program Files\Intel\Intel(R) Management Engine Components\DAL;C:\Program Files\Intel\Intel(R) Management Engine Components\IPT;C:\Program Files (x86)\Intel\Intel(R) Management Engine Components\DAL;C:\Program Files (x86)\Intel\Intel(R) Management Engine Components\IPT;C:\Program Files (x86)\Windows Live\Shared;C:\Program Files (x86)\Intel\OpenCL SDK\2.0\bin\x86;C:\Program Files (x86)\Intel\OpenCL SDK\2.0\bin\x64;D:\Program Files (x86)\jZip;C:\Program Files (x86)\Java\jre7\bin;D:\Program Files (x86)\apache-ant-1.8.4\bin;C:\Windows\System32\WindowsPowerShell\v1.0\;D:\Volante_Installs\utils\apache-maven-3.0.4\bin;D:\Volante_Installs\utils\apache-ant-1.9.0\bin;C:\Windows\System32\WindowsPowerShell\v1.0\;D:\Program Files (x86)\UltraEdit-32;.;;.
Jan 24, 2014 1:46:26 PM org.apache.tomcat.util.digester.SetPropertiesRule begin
WARNING: [SetPropertiesRule]{Server/Service/Engine/Host/Context} Setting property 'debug' to 'true' did not find a matching property.
Jan 24, 2014 1:46:26 PM org.apache.tomcat.util.digester.SetPropertiesRule begin
WARNING: [SetPropertiesRule]{Server/Service/Engine/Host/Context} Setting property 'debug' to 'true' did not find a matching property.
Jan 24, 2014 1:46:26 PM org.apache.coyote.http11.Http11Protocol init
INFO: Initializing Coyote HTTP/1.1 on http-8090
Jan 24, 2014 1:46:26 PM org.apache.catalina.startup.Catalina load
INFO: Initialization processed in 497 ms
Jan 24, 2014 1:46:26 PM org.apache.catalina.core.StandardService start
INFO: Starting service Catalina
Jan 24, 2014 1:46:26 PM org.apache.catalina.core.StandardEngine start
INFO: Starting Servlet Engine: Apache Tomcat/6.0.35
Jan 24, 2014 1:46:26 PM org.apache.catalina.startup.HostConfig deployDescriptor
INFO: Deploying configuration descriptor host-manager.xml
Jan 24, 2014 1:46:26 PM org.apache.catalina.startup.HostConfig deployDescriptor
INFO: Deploying configuration descriptor manager.xml
Jan 24, 2014 1:46:27 PM org.apache.catalina.startup.HostConfig deployWAR
INFO: Deploying web application archive vte.war
Jan 24, 2014 1:46:27 PM org.apache.catalina.startup.HostConfig deployDirectory
INFO: Deploying web application directory docs
Jan 24, 2014 1:46:27 PM org.apache.catalina.startup.HostConfig deployDirectory
INFO: Deploying web application directory examples
Jan 24, 2014 1:46:27 PM org.apache.catalina.startup.HostConfig deployDirectory
INFO: Deploying web application directory ROOT
Jan 24, 2014 1:46:27 PM org.apache.coyote.http11.Http11Protocol start
INFO: Starting Coyote HTTP/1.1 on http-8090
Jan 24, 2014 1:46:27 PM org.apache.jk.common.ChannelSocket init
INFO: JK: ajp13 listening on /0.0.0.0:8009
Jan 24, 2014 1:46:27 PM org.apache.jk.server.JkMain start
INFO: Jk running ID=0 time=0/25  config=null
Jan 24, 2014 1:46:27 PM org.apache.catalina.startup.Catalina start
INFO: Server startup in 1315 ms
Jan 24, 2014 2:19:36 PM org.apache.coyote.http11.Http11Protocol pause
INFO: Pausing Coyote HTTP/1.1 on http-8090
Jan 24, 2014 2:19:37 PM org.apache.catalina.core.StandardService stop
INFO: Stopping service Catalina
Jan 24, 2014 2:19:37 PM org.apache.catalina.loader.WebappClassLoader clearThreadLocalMap
SEVERE: The web application [/vte] created a ThreadLocal with key of type [com.tplus.transform.lang.FloatingDecimal$1] (value [com.tplus.transform.lang.FloatingDecimal$1@13d424c]) and a value of type [char[]] (value [[C@cb925e]) but failed to remove it when the web application was stopped. This is very likely to create a memory leak.
Jan 24, 2014 2:19:37 PM org.apache.catalina.loader.WebappClassLoader clearThreadLocalMap
SEVERE: The web application [/vte] created a ThreadLocal with key of type [java.lang.ThreadLocal] (value [java.lang.ThreadLocal@f67259]) and a value of type [com.volante.component.server.transaction.TransactionManagerImpl.ThreadInfo] (value [com.volante.component.server.transaction.TransactionManagerImpl$ThreadInfo@1cd339a]) but failed to remove it when the web application was stopped. This is very likely to create a memory leak.
Jan 24, 2014 2:19:37 PM org.apache.catalina.loader.WebappClassLoader clearThreadLocalMap
SEVERE: The web application [/vte] created a ThreadLocal with key of type [com.tplus.transform.runtime.vm.WeakThreadLocal] (value [com.tplus.transform.runtime.vm.WeakThreadLocal@f6ec64]) and a value of type [java.lang.ref.WeakReference] (value [java.lang.ref.WeakReference@119ae3e]) but failed to remove it when the web application was stopped. This is very likely to create a memory leak.
Jan 24, 2014 2:19:37 PM org.apache.catalina.loader.WebappClassLoader clearThreadLocalMap
SEVERE: The web application [/vte] created a ThreadLocal with key of type [com.tplus.transform.lang.FloatingDecimal$1] (value [com.tplus.transform.lang.FloatingDecimal$1@13d424c]) and a value of type [char[]] (value [[C@fe9f60]) but failed to remove it when the web application was stopped. This is very likely to create a memory leak.
Jan 24, 2014 2:19:37 PM org.apache.catalina.loader.WebappClassLoader clearThreadLocalMap
SEVERE: The web application [/vte] created a ThreadLocal with key of type [java.lang.ThreadLocal] (value [java.lang.ThreadLocal@f67259]) and a value of type [com.volante.component.server.transaction.TransactionManagerImpl.ThreadInfo] (value [com.volante.component.server.transaction.TransactionManagerImpl$ThreadInfo@918a66]) but failed to remove it when the web application was stopped. This is very likely to create a memory leak.
Jan 24, 2014 2:19:37 PM org.apache.catalina.loader.WebappClassLoader clearThreadLocalMap
SEVERE: The web application [/vte] created a ThreadLocal with key of type [com.tplus.transform.runtime.vm.WeakThreadLocal] (value [com.tplus.transform.runtime.vm.WeakThreadLocal@f6ec64]) and a value of type [java.lang.ref.WeakReference] (value [java.lang.ref.WeakReference@1154c94]) but failed to remove it when the web application was stopped. This is very likely to create a memory leak.
Jan 24, 2014 2:19:38 PM org.apache.coyote.http11.Http11Protocol destroy
INFO: Stopping Coyote HTTP/1.1 on http-8090
Jan 24, 2014 2:20:09 PM org.apache.catalina.core.AprLifecycleListener init
INFO: The APR based Apache Tomcat Native library which allows optimal performance in production environments was not found on the java.library.path: D:\Volante_Installs\Volante_R500B1400\jre\bin;C:\Windows\Sun\Java\bin;C:\Windows\system32;C:\Windows;D:\Sybase\ASE-15_0\jobscheduler\bin;D:\Sybase\ASE-15_0\dll;D:\Sybase\ASE-15_0\bin;D:\Sybase\SCC-3_2\bin;D:\Sybase\DBISQL\bin;D:\Sybase\DataAccess64\ADONET\dll;D:\Sybase\DataAccess\ADONET\dll;D:\Sybase\DataAccess64\ODBC\dll;D:\Sybase\DataAccess\ODBC\dll;D:\Sybase\OCS-15_0\lib3p64;D:\Sybase\OCS-15_0\lib3p;D:\Sybase\OCS-15_0\dll;D:\Sybase\OCS-15_0\bin;D:\Sybase\DataAccess64\OLEDB\dll;D:\Sybase\DataAccess\OLEDB\dll;D:\Oracle_XE\app\oracle\product\11.2.0\server\bin;C:\Program Files\Common Files\Microsoft Shared\Windows Live;C:\Program Files (x86)\Common Files\Microsoft Shared\Windows Live;C:\Program Files (x86)\Intel\iCLS Client\;C:\Program Files\Intel\iCLS Client\;C:\Program Files (x86)\NVIDIA Corporation\PhysX\Common;C:\Windows\system32;C:\Windows;C:\Windows\System32\Wbem;C:\Program Files\Intel\Intel(R) Management Engine Components\DAL;C:\Program Files\Intel\Intel(R) Management Engine Components\IPT;C:\Program Files (x86)\Intel\Intel(R) Management Engine Components\DAL;C:\Program Files (x86)\Intel\Intel(R) Management Engine Components\IPT;C:\Program Files (x86)\Windows Live\Shared;C:\Program Files (x86)\Intel\OpenCL SDK\2.0\bin\x86;C:\Program Files (x86)\Intel\OpenCL SDK\2.0\bin\x64;D:\Program Files (x86)\jZip;C:\Program Files (x86)\Java\jre7\bin;D:\Program Files (x86)\apache-ant-1.8.4\bin;C:\Windows\System32\WindowsPowerShell\v1.0\;D:\Volante_Installs\utils\apache-maven-3.0.4\bin;D:\Volante_Installs\utils\apache-ant-1.9.0\bin;C:\Windows\System32\WindowsPowerShell\v1.0\;D:\Program Files (x86)\UltraEdit-32;.;;.
Jan 24, 2014 2:20:09 PM org.apache.tomcat.util.digester.SetPropertiesRule begin
WARNING: [SetPropertiesRule]{Server/Service/Engine/Host/Context} Setting property 'debug' to 'true' did not find a matching property.
Jan 24, 2014 2:20:09 PM org.apache.tomcat.util.digester.SetPropertiesRule begin
WARNING: [SetPropertiesRule]{Server/Service/Engine/Host/Context} Setting property 'debug' to 'true' did not find a matching property.
Jan 24, 2014 2:20:09 PM org.apache.coyote.http11.Http11Protocol init
INFO: Initializing Coyote HTTP/1.1 on http-8090
Jan 24, 2014 2:20:09 PM org.apache.catalina.startup.Catalina load
INFO: Initialization processed in 535 ms
Jan 24, 2014 2:20:09 PM org.apache.catalina.core.StandardService start
INFO: Starting service Catalina
Jan 24, 2014 2:20:09 PM org.apache.catalina.core.StandardEngine start
INFO: Starting Servlet Engine: Apache Tomcat/6.0.35
Jan 24, 2014 2:20:09 PM org.apache.catalina.startup.HostConfig deployDescriptor
INFO: Deploying configuration descriptor host-manager.xml
Jan 24, 2014 2:20:09 PM org.apache.catalina.startup.HostConfig deployDescriptor
INFO: Deploying configuration descriptor manager.xml
Jan 24, 2014 2:20:09 PM org.apache.catalina.startup.HostConfig deployWAR
INFO: Deploying web application archive vte.war
Jan 24, 2014 2:20:10 PM org.apache.catalina.session.StandardManager doLoad
SEVERE: ClassNotFoundException while loading persisted sessions: java.lang.ClassNotFoundException: com.transform.internal.mt103im.MT103IMNormalizedObject
java.lang.ClassNotFoundException: com.transform.internal.mt103im.MT103IMNormalizedObject
	at org.apache.catalina.loader.WebappClassLoader.loadClass(WebappClassLoader.java:1680)
	at org.apache.catalina.loader.WebappClassLoader.loadClass(WebappClassLoader.java:1526)
	at java.lang.Class.forName0(Native Method)
	at java.lang.Class.forName(Unknown Source)
	at org.apache.catalina.util.CustomObjectInputStream.resolveClass(CustomObjectInputStream.java:75)
	at java.io.ObjectInputStream.readNonProxyDesc(Unknown Source)
	at java.io.ObjectInputStream.readClassDesc(Unknown Source)
	at java.io.ObjectInputStream.readOrdinaryObject(Unknown Source)
	at java.io.ObjectInputStream.readObject0(Unknown Source)
	at java.io.ObjectInputStream.readObject(Unknown Source)
	at org.apache.catalina.session.StandardSession.readObject(StandardSession.java:1509)
	at org.apache.catalina.session.StandardSession.readObjectData(StandardSession.java:998)
	at org.apache.catalina.session.StandardManager.doLoad(StandardManager.java:394)
	at org.apache.catalina.session.StandardManager.load(StandardManager.java:321)
	at org.apache.catalina.session.StandardManager.start(StandardManager.java:648)
	at org.apache.catalina.core.ContainerBase.setManager(ContainerBase.java:446)
	at org.apache.catalina.core.StandardContext.start(StandardContext.java:4631)
	at org.apache.catalina.core.ContainerBase.addChildInternal(ContainerBase.java:799)
	at org.apache.catalina.core.ContainerBase.addChild(ContainerBase.java:779)
	at org.apache.catalina.core.StandardHost.addChild(StandardHost.java:601)
	at org.apache.catalina.startup.HostConfig.deployWAR(HostConfig.java:943)
	at org.apache.catalina.startup.HostConfig.deployWARs(HostConfig.java:778)
	at org.apache.catalina.startup.HostConfig.deployApps(HostConfig.java:504)
	at org.apache.catalina.startup.HostConfig.start(HostConfig.java:1317)
	at org.apache.catalina.startup.HostConfig.lifecycleEvent(HostConfig.java:324)
	at org.apache.catalina.util.LifecycleSupport.fireLifecycleEvent(LifecycleSupport.java:142)
	at org.apache.catalina.core.ContainerBase.start(ContainerBase.java:1065)
	at org.apache.catalina.core.StandardHost.start(StandardHost.java:840)
	at org.apache.catalina.core.ContainerBase.start(ContainerBase.java:1057)
	at org.apache.catalina.core.StandardEngine.start(StandardEngine.java:463)
	at org.apache.catalina.core.StandardService.start(StandardService.java:525)
	at org.apache.catalina.core.StandardServer.start(StandardServer.java:754)
	at org.apache.catalina.startup.Catalina.start(Catalina.java:595)
	at sun.reflect.NativeMethodAccessorImpl.invoke0(Native Method)
	at sun.reflect.NativeMethodAccessorImpl.invoke(Unknown Source)
	at sun.reflect.DelegatingMethodAccessorImpl.invoke(Unknown Source)
	at java.lang.reflect.Method.invoke(Unknown Source)
	at org.apache.catalina.startup.Bootstrap.start(Bootstrap.java:289)
	at org.apache.catalina.startup.Bootstrap.main(Bootstrap.java:414)

Jan 24, 2014 2:20:10 PM org.apache.catalina.session.StandardManager start
SEVERE: Exception loading sessions from persistent storage
java.lang.ClassNotFoundException: com.transform.internal.mt103im.MT103IMNormalizedObject
	at org.apache.catalina.loader.WebappClassLoader.loadClass(WebappClassLoader.java:1680)
	at org.apache.catalina.loader.WebappClassLoader.loadClass(WebappClassLoader.java:1526)
	at java.lang.Class.forName0(Native Method)
	at java.lang.Class.forName(Unknown Source)
	at org.apache.catalina.util.CustomObjectInputStream.resolveClass(CustomObjectInputStream.java:75)
	at java.io.ObjectInputStream.readNonProxyDesc(Unknown Source)
	at java.io.ObjectInputStream.readClassDesc(Unknown Source)
	at java.io.ObjectInputStream.readOrdinaryObject(Unknown Source)
	at java.io.ObjectInputStream.readObject0(Unknown Source)
	at java.io.ObjectInputStream.readObject(Unknown Source)
	at org.apache.catalina.session.StandardSession.readObject(StandardSession.java:1509)
	at org.apache.catalina.session.StandardSession.readObjectData(StandardSession.java:998)
	at org.apache.catalina.session.StandardManager.doLoad(StandardManager.java:394)
	at org.apache.catalina.session.StandardManager.load(StandardManager.java:321)
	at org.apache.catalina.session.StandardManager.start(StandardManager.java:648)
	at org.apache.catalina.core.ContainerBase.setManager(ContainerBase.java:446)
	at org.apache.catalina.core.StandardContext.start(StandardContext.java:4631)
	at org.apache.catalina.core.ContainerBase.addChildInternal(ContainerBase.java:799)
	at org.apache.catalina.core.ContainerBase.addChild(ContainerBase.java:779)
	at org.apache.catalina.core.StandardHost.addChild(StandardHost.java:601)
	at org.apache.catalina.startup.HostConfig.deployWAR(HostConfig.java:943)
	at org.apache.catalina.startup.HostConfig.deployWARs(HostConfig.java:778)
	at org.apache.catalina.startup.HostConfig.deployApps(HostConfig.java:504)
	at org.apache.catalina.startup.HostConfig.start(HostConfig.java:1317)
	at org.apache.catalina.startup.HostConfig.lifecycleEvent(HostConfig.java:324)
	at org.apache.catalina.util.LifecycleSupport.fireLifecycleEvent(LifecycleSupport.java:142)
	at org.apache.catalina.core.ContainerBase.start(ContainerBase.java:1065)
	at org.apache.catalina.core.StandardHost.start(StandardHost.java:840)
	at org.apache.catalina.core.ContainerBase.start(ContainerBase.java:1057)
	at org.apache.catalina.core.StandardEngine.start(StandardEngine.java:463)
	at org.apache.catalina.core.StandardService.start(StandardService.java:525)
	at org.apache.catalina.core.StandardServer.start(StandardServer.java:754)
	at org.apache.catalina.startup.Catalina.start(Catalina.java:595)
	at sun.reflect.NativeMethodAccessorImpl.invoke0(Native Method)
	at sun.reflect.NativeMethodAccessorImpl.invoke(Unknown Source)
	at sun.reflect.DelegatingMethodAccessorImpl.invoke(Unknown Source)
	at java.lang.reflect.Method.invoke(Unknown Source)
	at org.apache.catalina.startup.Bootstrap.start(Bootstrap.java:289)
	at org.apache.catalina.startup.Bootstrap.main(Bootstrap.java:414)

Jan 24, 2014 2:20:10 PM org.apache.catalina.startup.HostConfig deployDirectory
INFO: Deploying web application directory docs
Jan 24, 2014 2:20:11 PM org.apache.catalina.startup.HostConfig deployDirectory
INFO: Deploying web application directory examples
Jan 24, 2014 2:20:11 PM org.apache.catalina.startup.HostConfig deployDirectory
INFO: Deploying web application directory ROOT
Jan 24, 2014 2:20:11 PM org.apache.coyote.http11.Http11Protocol start
INFO: Starting Coyote HTTP/1.1 on http-8090
Jan 24, 2014 2:20:11 PM org.apache.jk.common.ChannelSocket init
INFO: JK: ajp13 listening on /0.0.0.0:8009
Jan 24, 2014 2:20:11 PM org.apache.jk.server.JkMain start
INFO: Jk running ID=0 time=0/24  config=null
Jan 24, 2014 2:20:11 PM org.apache.catalina.startup.Catalina start
INFO: Server startup in 1845 ms
Jan 24, 2014 2:21:02 PM org.apache.coyote.http11.Http11Protocol pause
INFO: Pausing Coyote HTTP/1.1 on http-8090
Jan 24, 2014 2:21:03 PM org.apache.catalina.core.StandardService stop
INFO: Stopping service Catalina
Jan 24, 2014 2:21:03 PM org.apache.catalina.loader.WebappClassLoader clearThreadLocalMap
SEVERE: The web application [/vte] created a ThreadLocal with key of type [com.tplus.transform.runtime.vm.WeakThreadLocal] (value [com.tplus.transform.runtime.vm.WeakThreadLocal@1f28e4d]) and a value of type [java.lang.ref.WeakReference] (value [java.lang.ref.WeakReference@15c9aa6]) but failed to remove it when the web application was stopped. This is very likely to create a memory leak.
Jan 24, 2014 2:21:03 PM org.apache.coyote.http11.Http11Protocol destroy
INFO: Stopping Coyote HTTP/1.1 on http-8090
Jan 24, 2014 2:21:39 PM org.apache.catalina.core.AprLifecycleListener init
INFO: The APR based Apache Tomcat Native library which allows optimal performance in production environments was not found on the java.library.path: D:\Volante_Installs\Volante_R500B1400\jre\bin;C:\Windows\Sun\Java\bin;C:\Windows\system32;C:\Windows;D:\Sybase\ASE-15_0\jobscheduler\bin;D:\Sybase\ASE-15_0\dll;D:\Sybase\ASE-15_0\bin;D:\Sybase\SCC-3_2\bin;D:\Sybase\DBISQL\bin;D:\Sybase\DataAccess64\ADONET\dll;D:\Sybase\DataAccess\ADONET\dll;D:\Sybase\DataAccess64\ODBC\dll;D:\Sybase\DataAccess\ODBC\dll;D:\Sybase\OCS-15_0\lib3p64;D:\Sybase\OCS-15_0\lib3p;D:\Sybase\OCS-15_0\dll;D:\Sybase\OCS-15_0\bin;D:\Sybase\DataAccess64\OLEDB\dll;D:\Sybase\DataAccess\OLEDB\dll;D:\Oracle_XE\app\oracle\product\11.2.0\server\bin;C:\Program Files\Common Files\Microsoft Shared\Windows Live;C:\Program Files (x86)\Common Files\Microsoft Shared\Windows Live;C:\Program Files (x86)\Intel\iCLS Client\;C:\Program Files\Intel\iCLS Client\;C:\Program Files (x86)\NVIDIA Corporation\PhysX\Common;C:\Windows\system32;C:\Windows;C:\Windows\System32\Wbem;C:\Program Files\Intel\Intel(R) Management Engine Components\DAL;C:\Program Files\Intel\Intel(R) Management Engine Components\IPT;C:\Program Files (x86)\Intel\Intel(R) Management Engine Components\DAL;C:\Program Files (x86)\Intel\Intel(R) Management Engine Components\IPT;C:\Program Files (x86)\Windows Live\Shared;C:\Program Files (x86)\Intel\OpenCL SDK\2.0\bin\x86;C:\Program Files (x86)\Intel\OpenCL SDK\2.0\bin\x64;D:\Program Files (x86)\jZip;C:\Program Files (x86)\Java\jre7\bin;D:\Program Files (x86)\apache-ant-1.8.4\bin;C:\Windows\System32\WindowsPowerShell\v1.0\;D:\Volante_Installs\utils\apache-maven-3.0.4\bin;D:\Volante_Installs\utils\apache-ant-1.9.0\bin;C:\Windows\System32\WindowsPowerShell\v1.0\;D:\Program Files (x86)\UltraEdit-32;.;;.
Jan 24, 2014 2:21:39 PM org.apache.tomcat.util.digester.SetPropertiesRule begin
WARNING: [SetPropertiesRule]{Server/Service/Engine/Host/Context} Setting property 'debug' to 'true' did not find a matching property.
Jan 24, 2014 2:21:39 PM org.apache.tomcat.util.digester.SetPropertiesRule begin
WARNING: [SetPropertiesRule]{Server/Service/Engine/Host/Context} Setting property 'debug' to 'true' did not find a matching property.
Jan 24, 2014 2:21:39 PM org.apache.coyote.http11.Http11Protocol init
INFO: Initializing Coyote HTTP/1.1 on http-8090
Jan 24, 2014 2:21:39 PM org.apache.catalina.startup.Catalina load
INFO: Initialization processed in 631 ms
Jan 24, 2014 2:21:39 PM org.apache.catalina.core.StandardService start
INFO: Starting service Catalina
Jan 24, 2014 2:21:39 PM org.apache.catalina.core.StandardEngine start
INFO: Starting Servlet Engine: Apache Tomcat/6.0.35
Jan 24, 2014 2:21:40 PM org.apache.catalina.startup.HostConfig deployDescriptor
INFO: Deploying configuration descriptor host-manager.xml
Jan 24, 2014 2:21:40 PM org.apache.catalina.startup.HostConfig deployDescriptor
INFO: Deploying configuration descriptor manager.xml
Jan 24, 2014 2:21:40 PM org.apache.catalina.startup.HostConfig deployWAR
INFO: Deploying web application archive vte.war
Jan 24, 2014 2:21:40 PM org.apache.catalina.startup.HostConfig deployDirectory
INFO: Deploying web application directory docs
Jan 24, 2014 2:21:41 PM org.apache.catalina.startup.HostConfig deployDirectory
INFO: Deploying web application directory examples
Jan 24, 2014 2:21:41 PM org.apache.catalina.startup.HostConfig deployDirectory
INFO: Deploying web application directory ROOT
Jan 24, 2014 2:21:41 PM org.apache.coyote.http11.Http11Protocol start
INFO: Starting Coyote HTTP/1.1 on http-8090
Jan 24, 2014 2:21:41 PM org.apache.jk.common.ChannelSocket init
INFO: JK: ajp13 listening on /0.0.0.0:8009
Jan 24, 2014 2:21:41 PM org.apache.jk.server.JkMain start
INFO: Jk running ID=0 time=0/25  config=null
Jan 24, 2014 2:21:41 PM org.apache.catalina.startup.Catalina start
INFO: Server startup in 1342 ms
Jan 24, 2014 2:23:07 PM org.apache.coyote.http11.Http11Protocol pause
INFO: Pausing Coyote HTTP/1.1 on http-8090
Jan 24, 2014 2:23:08 PM org.apache.catalina.core.StandardService stop
INFO: Stopping service Catalina
Jan 24, 2014 2:23:08 PM org.apache.catalina.loader.WebappClassLoader clearThreadLocalMap
SEVERE: The web application [/vte] created a ThreadLocal with key of type [com.tplus.transform.runtime.vm.WeakThreadLocal] (value [com.tplus.transform.runtime.vm.WeakThreadLocal@5465c1]) and a value of type [java.lang.ref.WeakReference] (value [java.lang.ref.WeakReference@e47ecb]) but failed to remove it when the web application was stopped. This is very likely to create a memory leak.
Jan 24, 2014 2:23:08 PM org.apache.coyote.http11.Http11Protocol destroy
INFO: Stopping Coyote HTTP/1.1 on http-8090
Jan 24, 2014 2:25:19 PM org.apache.catalina.core.AprLifecycleListener init
INFO: The APR based Apache Tomcat Native library which allows optimal performance in production environments was not found on the java.library.path: D:\Volante_Installs\Volante_R500B1400\jre\bin;C:\Windows\Sun\Java\bin;C:\Windows\system32;C:\Windows;D:\Sybase\ASE-15_0\jobscheduler\bin;D:\Sybase\ASE-15_0\dll;D:\Sybase\ASE-15_0\bin;D:\Sybase\SCC-3_2\bin;D:\Sybase\DBISQL\bin;D:\Sybase\DataAccess64\ADONET\dll;D:\Sybase\DataAccess\ADONET\dll;D:\Sybase\DataAccess64\ODBC\dll;D:\Sybase\DataAccess\ODBC\dll;D:\Sybase\OCS-15_0\lib3p64;D:\Sybase\OCS-15_0\lib3p;D:\Sybase\OCS-15_0\dll;D:\Sybase\OCS-15_0\bin;D:\Sybase\DataAccess64\OLEDB\dll;D:\Sybase\DataAccess\OLEDB\dll;D:\Oracle_XE\app\oracle\product\11.2.0\server\bin;C:\Program Files\Common Files\Microsoft Shared\Windows Live;C:\Program Files (x86)\Common Files\Microsoft Shared\Windows Live;C:\Program Files (x86)\Intel\iCLS Client\;C:\Program Files\Intel\iCLS Client\;C:\Program Files (x86)\NVIDIA Corporation\PhysX\Common;C:\Windows\system32;C:\Windows;C:\Windows\System32\Wbem;C:\Program Files\Intel\Intel(R) Management Engine Components\DAL;C:\Program Files\Intel\Intel(R) Management Engine Components\IPT;C:\Program Files (x86)\Intel\Intel(R) Management Engine Components\DAL;C:\Program Files (x86)\Intel\Intel(R) Management Engine Components\IPT;C:\Program Files (x86)\Windows Live\Shared;C:\Program Files (x86)\Intel\OpenCL SDK\2.0\bin\x86;C:\Program Files (x86)\Intel\OpenCL SDK\2.0\bin\x64;D:\Program Files (x86)\jZip;C:\Program Files (x86)\Java\jre7\bin;D:\Program Files (x86)\apache-ant-1.8.4\bin;C:\Windows\System32\WindowsPowerShell\v1.0\;D:\Volante_Installs\utils\apache-maven-3.0.4\bin;D:\Volante_Installs\utils\apache-ant-1.9.0\bin;C:\Windows\System32\WindowsPowerShell\v1.0\;D:\Program Files (x86)\UltraEdit-32;.;;.
Jan 24, 2014 2:25:19 PM org.apache.tomcat.util.digester.SetPropertiesRule begin
WARNING: [SetPropertiesRule]{Server/Service/Engine/Host/Context} Setting property 'debug' to 'true' did not find a matching property.
Jan 24, 2014 2:25:19 PM org.apache.tomcat.util.digester.SetPropertiesRule begin
WARNING: [SetPropertiesRule]{Server/Service/Engine/Host/Context} Setting property 'debug' to 'true' did not find a matching property.
Jan 24, 2014 2:25:19 PM org.apache.coyote.http11.Http11Protocol init
INFO: Initializing Coyote HTTP/1.1 on http-8090
Jan 24, 2014 2:25:19 PM org.apache.catalina.startup.Catalina load
INFO: Initialization processed in 519 ms
Jan 24, 2014 2:25:19 PM org.apache.catalina.core.StandardService start
INFO: Starting service Catalina
Jan 24, 2014 2:25:19 PM org.apache.catalina.core.StandardEngine start
INFO: Starting Servlet Engine: Apache Tomcat/6.0.35
Jan 24, 2014 2:25:19 PM org.apache.catalina.startup.HostConfig deployDescriptor
INFO: Deploying configuration descriptor host-manager.xml
Jan 24, 2014 2:25:20 PM org.apache.catalina.startup.HostConfig deployDescriptor
INFO: Deploying configuration descriptor manager.xml
Jan 24, 2014 2:25:20 PM org.apache.catalina.startup.HostConfig deployWAR
INFO: Deploying web application archive vte.war
Jan 24, 2014 2:25:20 PM org.apache.catalina.startup.HostConfig deployDirectory
INFO: Deploying web application directory docs
Jan 24, 2014 2:25:20 PM org.apache.catalina.startup.HostConfig deployDirectory
INFO: Deploying web application directory examples
Jan 24, 2014 2:25:20 PM org.apache.catalina.startup.HostConfig deployDirectory
INFO: Deploying web application directory ROOT
Jan 24, 2014 2:25:20 PM org.apache.coyote.http11.Http11Protocol start
INFO: Starting Coyote HTTP/1.1 on http-8090
Jan 24, 2014 2:25:20 PM org.apache.jk.common.ChannelSocket init
INFO: JK: ajp13 listening on /0.0.0.0:8009
Jan 24, 2014 2:25:20 PM org.apache.jk.server.JkMain start
INFO: Jk running ID=0 time=0/25  config=null
Jan 24, 2014 2:25:20 PM org.apache.catalina.startup.Catalina start
INFO: Server startup in 1268 ms
