Mar 27, 2015 5:07:22 PM org.apache.coyote.http11.Http11Protocol pause
INFO: Pausing Coyote HTTP/1.1 on http-8090
Mar 27, 2015 5:07:23 PM org.apache.catalina.core.StandardService stop
INFO: Stopping service Catalina
Mar 27, 2015 5:07:23 PM org.apache.catalina.loader.WebappClassLoader clearReferencesJdbc
SEVERE: The web application [/messageprocessor] registered the JDBC driver [org.hsqldb.jdbc.JDBCDriver] but failed to unregister it when the web application was stopped. To prevent a memory leak, the JDBC Driver has been forcibly unregistered.
Mar 27, 2015 5:07:23 PM org.apache.catalina.loader.WebappClassLoader clearThreadLocalMap
SEVERE: The web application [/messageprocessor] created a ThreadLocal with key of type [java.lang.ThreadLocal] (value [java.lang.ThreadLocal@1092ccf]) and a value of type [com.volante.component.server.transaction.TransactionManagerImpl.ThreadInfo] (value [com.volante.component.server.transaction.TransactionManagerImpl$ThreadInfo@15d00ef]) but failed to remove it when the web application was stopped. This is very likely to create a memory leak.
Mar 27, 2015 5:07:23 PM org.apache.catalina.loader.WebappClassLoader clearThreadLocalMap
SEVERE: The web application [/messageprocessor] created a ThreadLocal with key of type [com.tplus.transform.lang.FloatingDecimal$1] (value [com.tplus.transform.lang.FloatingDecimal$1@e85f19]) and a value of type [char[]] (value [[C@1bb88ba]) but failed to remove it when the web application was stopped. This is very likely to create a memory leak.
Mar 27, 2015 5:07:23 PM org.apache.catalina.loader.WebappClassLoader clearThreadLocalMap
SEVERE: The web application [/messageprocessor] created a ThreadLocal with key of type [com.tplus.transform.runtime.vm.WeakThreadLocal] (value [com.tplus.transform.runtime.vm.WeakThreadLocal@10d9b69]) and a value of type [java.lang.ref.WeakReference] (value [java.lang.ref.WeakReference@562ce3]) but failed to remove it when the web application was stopped. This is very likely to create a memory leak.
Mar 27, 2015 5:07:23 PM org.apache.catalina.loader.WebappClassLoader clearThreadLocalMap
SEVERE: The web application [/messageprocessor] created a ThreadLocal with key of type [java.lang.ThreadLocal] (value [java.lang.ThreadLocal@1092ccf]) and a value of type [com.volante.component.server.transaction.TransactionManagerImpl.ThreadInfo] (value [com.volante.component.server.transaction.TransactionManagerImpl$ThreadInfo@19d04e6]) but failed to remove it when the web application was stopped. This is very likely to create a memory leak.
Mar 27, 2015 5:07:23 PM org.apache.catalina.loader.WebappClassLoader clearThreadLocalMap
SEVERE: The web application [/messageprocessor] created a ThreadLocal with key of type [com.tplus.transform.lang.FloatingDecimal$1] (value [com.tplus.transform.lang.FloatingDecimal$1@e85f19]) and a value of type [char[]] (value [[C@1acb490]) but failed to remove it when the web application was stopped. This is very likely to create a memory leak.
Mar 27, 2015 5:07:23 PM org.apache.catalina.loader.WebappClassLoader clearThreadLocalMap
SEVERE: The web application [/messageprocessor] created a ThreadLocal with key of type [com.tplus.transform.runtime.vm.WeakThreadLocal] (value [com.tplus.transform.runtime.vm.WeakThreadLocal@10d9b69]) and a value of type [java.lang.ref.WeakReference] (value [java.lang.ref.WeakReference@1826d42]) but failed to remove it when the web application was stopped. This is very likely to create a memory leak.
Mar 27, 2015 5:07:26 PM org.apache.coyote.http11.Http11Protocol destroy
INFO: Stopping Coyote HTTP/1.1 on http-8090
