Jul 18, 2014 10:22:21 AM org.apache.coyote.http11.Http11Protocol pause
INFO: Pausing Coyote HTTP/1.1 on http-8090
Jul 18, 2014 10:22:22 AM org.apache.catalina.core.StandardService stop
INFO: Stopping service Catalina
Jul 18, 2014 10:22:22 AM org.apache.catalina.loader.WebappClassLoader clearReferencesJdbc
SEVERE: The web application [/sadcdemodash] registered the JDBC driver [org.hsqldb.jdbc.JDBCDriver] but failed to unregister it when the web application was stopped. To prevent a memory leak, the JDBC Driver has been forcibly unregistered.
Jul 18, 2014 10:22:22 AM org.apache.catalina.loader.WebappClassLoader clearThreadLocalMap
SEVERE: The web application [/sadcdemodash] created a ThreadLocal with key of type [com.tplus.transform.runtime.vm.WeakThreadLocal] (value [com.tplus.transform.runtime.vm.WeakThreadLocal@18a2456]) and a value of type [java.lang.ref.WeakReference] (value [java.lang.ref.WeakReference@57962c]) but failed to remove it when the web application was stopped. This is very likely to create a memory leak.
Jul 18, 2014 10:22:22 AM org.apache.catalina.loader.WebappClassLoader clearThreadLocalMap
SEVERE: The web application [/sadcdemodash] created a ThreadLocal with key of type [java.lang.ThreadLocal] (value [java.lang.ThreadLocal@445b4c]) and a value of type [com.volante.component.server.transaction.TransactionManagerImpl.ThreadInfo] (value [com.volante.component.server.transaction.TransactionManagerImpl$ThreadInfo@1c5f770]) but failed to remove it when the web application was stopped. This is very likely to create a memory leak.
Jul 18, 2014 10:22:22 AM org.apache.catalina.loader.WebappClassLoader clearThreadLocalMap
SEVERE: The web application [/sadcdemodash] created a ThreadLocal with key of type [java.lang.ThreadLocal] (value [java.lang.ThreadLocal@445b4c]) and a value of type [com.volante.component.server.transaction.TransactionManagerImpl.ThreadInfo] (value [com.volante.component.server.transaction.TransactionManagerImpl$ThreadInfo@1f7e227]) but failed to remove it when the web application was stopped. This is very likely to create a memory leak.
Jul 18, 2014 10:22:22 AM org.apache.catalina.loader.WebappClassLoader clearThreadLocalMap
SEVERE: The web application [/sadcdemodash] created a ThreadLocal with key of type [com.tplus.transform.runtime.vm.WeakThreadLocal] (value [com.tplus.transform.runtime.vm.WeakThreadLocal@18a2456]) and a value of type [java.lang.ref.WeakReference] (value [java.lang.ref.WeakReference@120759b]) but failed to remove it when the web application was stopped. This is very likely to create a memory leak.
Jul 18, 2014 10:22:22 AM org.apache.catalina.loader.WebappClassLoader clearThreadLocalMap
SEVERE: The web application [/sadcdemodash] created a ThreadLocal with key of type [java.lang.ThreadLocal] (value [java.lang.ThreadLocal@445b4c]) and a value of type [com.volante.component.server.transaction.TransactionManagerImpl.ThreadInfo] (value [com.volante.component.server.transaction.TransactionManagerImpl$ThreadInfo@919d8]) but failed to remove it when the web application was stopped. This is very likely to create a memory leak.
Jul 18, 2014 10:22:24 AM org.apache.coyote.http11.Http11Protocol destroy
INFO: Stopping Coyote HTTP/1.1 on http-8090
Jul 18, 2014 10:22:35 AM org.apache.catalina.core.AprLifecycleListener init
INFO: The APR based Apache Tomcat Native library which allows optimal performance in production environments was not found on the java.library.path: D:\Volante_Installs\Volante_R500B1400\jre\bin;C:\Windows\Sun\Java\bin;C:\Windows\system32;C:\Windows;C:\Program Files (x86)\Intel\iCLS Client\;C:\Program Files\Intel\iCLS Client\;C:\Program Files (x86)\NVIDIA Corporation\PhysX\Common;C:\Windows\system32;C:\Windows;C:\Windows\System32\Wbem;C:\Windows\System32\WindowsPowerShell\v1.0\;C:\Program Files (x86)\Intel\OpenCL SDK\2.0\bin\x86;C:\Program Files (x86)\Intel\OpenCL SDK\2.0\bin\x64;C:\Program Files\Intel\Intel(R) Management Engine Components\DAL;C:\Program Files\Intel\Intel(R) Management Engine Components\IPT;C:\Program Files (x86)\Intel\Intel(R) Management Engine Components\DAL;C:\Program Files (x86)\Intel\Intel(R) Management Engine Components\IPT;C:\Program Files\Intel\WiFi\bin\;C:\Program Files\Common Files\Intel\WirelessCommon\;D:\Program Files (x86)\jZip\jZip;C:\Program Files\Java\jdk1.7.0_60\bin;D:\Volante_Installs\utils\apache-ant-1.9.0\bin;D:\Volante_Installs\utils\apache-maven-3.0.4\bin;C:\Program Files\Intel\WiFi\bin\;C:\Program Files\Common Files\Intel\WirelessCommon\;.;;.
Jul 18, 2014 10:22:35 AM org.apache.tomcat.util.digester.SetPropertiesRule begin
WARNING: [SetPropertiesRule]{Server/Service/Engine/Host/Context} Setting property 'debug' to 'true' did not find a matching property.
Jul 18, 2014 10:22:35 AM org.apache.tomcat.util.digester.SetPropertiesRule begin
WARNING: [SetPropertiesRule]{Server/Service/Engine/Host/Context} Setting property 'debug' to 'true' did not find a matching property.
Jul 18, 2014 10:22:36 AM org.apache.coyote.http11.Http11Protocol init
INFO: Initializing Coyote HTTP/1.1 on http-8090
Jul 18, 2014 10:22:36 AM org.apache.catalina.startup.Catalina load
INFO: Initialization processed in 1678 ms
Jul 18, 2014 10:22:36 AM org.apache.catalina.core.StandardService start
INFO: Starting service Catalina
Jul 18, 2014 10:22:36 AM org.apache.catalina.core.StandardEngine start
INFO: Starting Servlet Engine: Apache Tomcat/6.0.35
Jul 18, 2014 10:22:36 AM org.apache.catalina.startup.HostConfig deployDescriptor
INFO: Deploying configuration descriptor host-manager.xml
Jul 18, 2014 10:22:37 AM org.apache.catalina.startup.HostConfig deployDescriptor
INFO: Deploying configuration descriptor manager.xml
Jul 18, 2014 10:22:37 AM org.apache.catalina.startup.HostConfig deployWAR
INFO: Deploying web application archive messageprocessor.war
Jul 18, 2014 10:22:37 AM org.apache.catalina.startup.HostConfig deployWAR
INFO: Deploying web application archive sadcdemodash.war
Jul 18, 2014 10:22:38 AM org.apache.catalina.startup.HostConfig deployWAR
INFO: Deploying web application archive vte.war
Jul 18, 2014 10:22:38 AM org.apache.catalina.startup.HostConfig deployDirectory
INFO: Deploying web application directory docs
Jul 18, 2014 10:22:38 AM org.apache.catalina.startup.HostConfig deployDirectory
INFO: Deploying web application directory examples
Jul 18, 2014 10:22:38 AM org.apache.catalina.startup.HostConfig deployDirectory
INFO: Deploying web application directory ROOT
Jul 18, 2014 10:22:38 AM org.apache.coyote.http11.Http11Protocol start
INFO: Starting Coyote HTTP/1.1 on http-8090
Jul 18, 2014 10:22:38 AM org.apache.jk.common.ChannelSocket init
INFO: JK: ajp13 listening on /0.0.0.0:8009
Jul 18, 2014 10:22:38 AM org.apache.jk.server.JkMain start
INFO: Jk running ID=0 time=0/34  config=null
Jul 18, 2014 10:22:38 AM org.apache.catalina.startup.Catalina start
INFO: Server startup in 2790 ms
Jul 18, 2014 12:55:12 PM org.apache.coyote.http11.Http11Protocol pause
INFO: Pausing Coyote HTTP/1.1 on http-8090
Jul 18, 2014 12:55:13 PM org.apache.catalina.core.StandardService stop
INFO: Stopping service Catalina
Jul 18, 2014 12:55:13 PM org.apache.catalina.loader.WebappClassLoader clearReferencesJdbc
SEVERE: The web application [/sadcdemodash] registered the JDBC driver [org.hsqldb.jdbc.JDBCDriver] but failed to unregister it when the web application was stopped. To prevent a memory leak, the JDBC Driver has been forcibly unregistered.
Jul 18, 2014 12:55:13 PM org.apache.catalina.loader.WebappClassLoader clearThreadLocalMap
SEVERE: The web application [/sadcdemodash] created a ThreadLocal with key of type [java.lang.ThreadLocal] (value [java.lang.ThreadLocal@13eacab]) and a value of type [com.volante.component.server.transaction.TransactionManagerImpl.ThreadInfo] (value [com.volante.component.server.transaction.TransactionManagerImpl$ThreadInfo@1ba4174]) but failed to remove it when the web application was stopped. This is very likely to create a memory leak.
Jul 18, 2014 12:55:13 PM org.apache.catalina.loader.WebappClassLoader clearThreadLocalMap
SEVERE: The web application [/sadcdemodash] created a ThreadLocal with key of type [com.tplus.transform.runtime.vm.WeakThreadLocal] (value [com.tplus.transform.runtime.vm.WeakThreadLocal@11f3b0c]) and a value of type [java.lang.ref.WeakReference] (value [java.lang.ref.WeakReference@15dac13]) but failed to remove it when the web application was stopped. This is very likely to create a memory leak.
Jul 18, 2014 12:55:13 PM org.apache.coyote.http11.Http11Protocol destroy
INFO: Stopping Coyote HTTP/1.1 on http-8090
