Mar 26, 2015 12:45:01 PM org.apache.catalina.core.AprLifecycleListener init
INFO: The APR based Apache Tomcat Native library which allows optimal performance in production environments was not found on the java.library.path: D:\Volante_Installs\Volante_R500B1400\jre\bin;C:\Windows\Sun\Java\bin;C:\Windows\system32;C:\Windows;C:\Program Files\Common Files\Microsoft Shared\Microsoft Online Services;C:\Program Files (x86)\Common Files\Microsoft Shared\Microsoft Online Services;D:\Oracle_XE\app\oracle\product\11.2.0\server\bin;;C:\Program Files (x86)\NVIDIA Corporation\PhysX\Common;D:\IBM\MQ\java\lib;D:\IBM\MQ\java\lib64;C:\Program Files (x86)\Intel\iCLS Client\;C:\Program Files\Intel\iCLS Client\;C:\Windows\system32;C:\Windows;C:\Windows\System32\Wbem;C:\Windows\System32\WindowsPowerShell\v1.0\;C:\Program Files (x86)\Intel\OpenCL SDK\2.0\bin\x86;C:\Program Files (x86)\Intel\OpenCL SDK\2.0\bin\x64;C:\Program Files\Intel\Intel(R) Management Engine Components\DAL;C:\Program Files\Intel\Intel(R) Management Engine Components\IPT;C:\Program Files (x86)\Intel\Intel(R) Management Engine Components\DAL;C:\Program Files (x86)\Intel\Intel(R) Management Engine Components\IPT;C:\Program Files\Intel\WiFi\bin\;C:\Program Files\Common Files\Intel\WirelessCommon\;D:\Program Files (x86)\jZip\jZip;C:\Program Files\Java\jdk1.7.0_60\bin;D:\Volante_Installs\utils\apache-ant-1.9.0\bin;D:\Volante_Installs\utils\apache-maven-3.0.4\bin;D:\IBM\MQ\bin64;D:\IBM\MQ\bin;D:\IBM\MQ\tools\c\samples\bin;C:\Program Files (x86)\Microsoft SQL Server\100\Tools\Binn\;C:\Program Files\Microsoft SQL Server\100\Tools\Binn\;C:\Program Files\Microsoft SQL Server\100\DTS\Binn\;C:\Windows\Microsoft.NET\Framework64\v4.0.30319;C:\Program Files (x86)\Skype\Phone\;C:\Program Files\Intel\WiFi\bin\;C:\Program Files\Common Files\Intel\WirelessCommon\;.;;.
Mar 26, 2015 12:45:01 PM org.apache.tomcat.util.digester.SetPropertiesRule begin
WARNING: [SetPropertiesRule]{Server/Service/Engine/Host/Context} Setting property 'debug' to 'true' did not find a matching property.
Mar 26, 2015 12:45:02 PM org.apache.tomcat.util.digester.SetPropertiesRule begin
WARNING: [SetPropertiesRule]{Server/Service/Engine/Host/Context} Setting property 'debug' to 'true' did not find a matching property.
Mar 26, 2015 12:45:03 PM org.apache.coyote.http11.Http11Protocol init
INFO: Initializing Coyote HTTP/1.1 on http-8090
Mar 26, 2015 12:45:03 PM org.apache.catalina.startup.Catalina load
INFO: Initialization processed in 2457 ms
Mar 26, 2015 12:45:03 PM org.apache.catalina.core.StandardService start
INFO: Starting service Catalina
Mar 26, 2015 12:45:03 PM org.apache.catalina.core.StandardEngine start
INFO: Starting Servlet Engine: Apache Tomcat/6.0.35
Mar 26, 2015 12:45:05 PM org.apache.catalina.startup.HostConfig deployDescriptor
INFO: Deploying configuration descriptor host-manager.xml
Mar 26, 2015 12:45:05 PM org.apache.catalina.startup.HostConfig deployDescriptor
INFO: Deploying configuration descriptor manager.xml
Mar 26, 2015 12:45:05 PM org.apache.catalina.startup.HostConfig deployWAR
INFO: Deploying web application archive messageprocessor.war
Mar 26, 2015 12:45:06 PM org.apache.catalina.startup.HostConfig deployWAR
INFO: Deploying web application archive sadcdemodash.war
Mar 26, 2015 12:45:07 PM org.apache.catalina.startup.HostConfig deployWAR
INFO: Deploying web application archive vte.war
Mar 26, 2015 12:45:07 PM org.apache.catalina.startup.HostConfig deployDirectory
INFO: Deploying web application directory docs
Mar 26, 2015 12:45:07 PM org.apache.catalina.startup.HostConfig deployDirectory
INFO: Deploying web application directory examples
Mar 26, 2015 12:45:07 PM org.apache.catalina.startup.HostConfig deployDirectory
INFO: Deploying web application directory ROOT
Mar 26, 2015 12:45:08 PM org.apache.coyote.http11.Http11Protocol start
INFO: Starting Coyote HTTP/1.1 on http-8090
Mar 26, 2015 12:45:08 PM org.apache.jk.common.ChannelSocket init
INFO: JK: ajp13 listening on /0.0.0.0:8009
Mar 26, 2015 12:45:08 PM org.apache.jk.server.JkMain start
INFO: Jk running ID=0 time=0/50  config=null
Mar 26, 2015 12:45:08 PM org.apache.catalina.startup.Catalina start
INFO: Server startup in 5143 ms
Mar 26, 2015 12:45:12 PM org.apache.coyote.http11.Http11Protocol pause
INFO: Pausing Coyote HTTP/1.1 on http-8090
Mar 26, 2015 12:45:13 PM org.apache.catalina.core.StandardService stop
INFO: Stopping service Catalina
Mar 26, 2015 12:45:13 PM org.apache.coyote.http11.Http11Protocol destroy
INFO: Stopping Coyote HTTP/1.1 on http-8090
Mar 26, 2015 12:45:41 PM org.apache.catalina.core.AprLifecycleListener init
INFO: The APR based Apache Tomcat Native library which allows optimal performance in production environments was not found on the java.library.path: D:\Volante_Installs\Volante_R500B1400\jre\bin;C:\Windows\Sun\Java\bin;C:\Windows\system32;C:\Windows;C:\Program Files\Common Files\Microsoft Shared\Microsoft Online Services;C:\Program Files (x86)\Common Files\Microsoft Shared\Microsoft Online Services;D:\Oracle_XE\app\oracle\product\11.2.0\server\bin;;C:\Program Files (x86)\NVIDIA Corporation\PhysX\Common;D:\IBM\MQ\java\lib;D:\IBM\MQ\java\lib64;C:\Program Files (x86)\Intel\iCLS Client\;C:\Program Files\Intel\iCLS Client\;C:\Windows\system32;C:\Windows;C:\Windows\System32\Wbem;C:\Windows\System32\WindowsPowerShell\v1.0\;C:\Program Files (x86)\Intel\OpenCL SDK\2.0\bin\x86;C:\Program Files (x86)\Intel\OpenCL SDK\2.0\bin\x64;C:\Program Files\Intel\Intel(R) Management Engine Components\DAL;C:\Program Files\Intel\Intel(R) Management Engine Components\IPT;C:\Program Files (x86)\Intel\Intel(R) Management Engine Components\DAL;C:\Program Files (x86)\Intel\Intel(R) Management Engine Components\IPT;C:\Program Files\Intel\WiFi\bin\;C:\Program Files\Common Files\Intel\WirelessCommon\;D:\Program Files (x86)\jZip\jZip;C:\Program Files\Java\jdk1.7.0_60\bin;D:\Volante_Installs\utils\apache-ant-1.9.0\bin;D:\Volante_Installs\utils\apache-maven-3.0.4\bin;D:\IBM\MQ\bin64;D:\IBM\MQ\bin;D:\IBM\MQ\tools\c\samples\bin;C:\Program Files (x86)\Microsoft SQL Server\100\Tools\Binn\;C:\Program Files\Microsoft SQL Server\100\Tools\Binn\;C:\Program Files\Microsoft SQL Server\100\DTS\Binn\;C:\Windows\Microsoft.NET\Framework64\v4.0.30319;C:\Program Files (x86)\Skype\Phone\;C:\Program Files\Intel\WiFi\bin\;C:\Program Files\Common Files\Intel\WirelessCommon\;.;;.
Mar 26, 2015 12:45:41 PM org.apache.tomcat.util.digester.SetPropertiesRule begin
WARNING: [SetPropertiesRule]{Server/Service/Engine/Host/Context} Setting property 'debug' to 'true' did not find a matching property.
Mar 26, 2015 12:45:41 PM org.apache.tomcat.util.digester.SetPropertiesRule begin
WARNING: [SetPropertiesRule]{Server/Service/Engine/Host/Context} Setting property 'debug' to 'true' did not find a matching property.
Mar 26, 2015 12:45:41 PM org.apache.coyote.http11.Http11Protocol init
INFO: Initializing Coyote HTTP/1.1 on http-8090
Mar 26, 2015 12:45:41 PM org.apache.catalina.startup.Catalina load
INFO: Initialization processed in 928 ms
Mar 26, 2015 12:45:41 PM org.apache.catalina.core.StandardService start
INFO: Starting service Catalina
Mar 26, 2015 12:45:41 PM org.apache.catalina.core.StandardEngine start
INFO: Starting Servlet Engine: Apache Tomcat/6.0.35
Mar 26, 2015 12:45:42 PM org.apache.catalina.startup.HostConfig deployDescriptor
INFO: Deploying configuration descriptor host-manager.xml
Mar 26, 2015 12:45:42 PM org.apache.catalina.startup.HostConfig deployDescriptor
INFO: Deploying configuration descriptor manager.xml
Mar 26, 2015 12:45:42 PM org.apache.catalina.startup.HostConfig deployWAR
INFO: Deploying web application archive messageprocessor.war
Mar 26, 2015 12:45:44 PM org.apache.catalina.startup.HostConfig deployWAR
INFO: Deploying web application archive sadcdemodash.war
Mar 26, 2015 12:45:44 PM org.apache.catalina.startup.HostConfig deployWAR
INFO: Deploying web application archive vte.war
Mar 26, 2015 12:45:44 PM org.apache.catalina.startup.HostConfig deployDirectory
INFO: Deploying web application directory docs
Mar 26, 2015 12:45:44 PM org.apache.catalina.startup.HostConfig deployDirectory
INFO: Deploying web application directory examples
Mar 26, 2015 12:45:44 PM org.apache.catalina.startup.HostConfig deployDirectory
INFO: Deploying web application directory ROOT
Mar 26, 2015 12:45:44 PM org.apache.coyote.http11.Http11Protocol start
INFO: Starting Coyote HTTP/1.1 on http-8090
Mar 26, 2015 12:45:44 PM org.apache.jk.common.ChannelSocket init
INFO: JK: ajp13 listening on /0.0.0.0:8009
Mar 26, 2015 12:45:44 PM org.apache.jk.server.JkMain start
INFO: Jk running ID=0 time=0/35  config=null
Mar 26, 2015 12:45:44 PM org.apache.catalina.startup.Catalina start
INFO: Server startup in 3373 ms
Mar 26, 2015 12:48:26 PM org.apache.coyote.http11.Http11Protocol pause
INFO: Pausing Coyote HTTP/1.1 on http-8090
Mar 26, 2015 12:48:27 PM org.apache.catalina.core.StandardService stop
INFO: Stopping service Catalina
Mar 26, 2015 12:48:27 PM org.apache.catalina.loader.WebappClassLoader clearReferencesJdbc
SEVERE: The web application [/messageprocessor] registered the JDBC driver [org.hsqldb.jdbc.JDBCDriver] but failed to unregister it when the web application was stopped. To prevent a memory leak, the JDBC Driver has been forcibly unregistered.
Mar 26, 2015 12:48:27 PM org.apache.catalina.loader.WebappClassLoader clearThreadLocalMap
SEVERE: The web application [/messageprocessor] created a ThreadLocal with key of type [com.tplus.transform.runtime.vm.WeakThreadLocal] (value [com.tplus.transform.runtime.vm.WeakThreadLocal@1b7c8e7]) and a value of type [java.lang.ref.WeakReference] (value [java.lang.ref.WeakReference@e6ca10]) but failed to remove it when the web application was stopped. This is very likely to create a memory leak.
Mar 26, 2015 12:48:27 PM org.apache.catalina.loader.WebappClassLoader clearThreadLocalMap
SEVERE: The web application [/messageprocessor] created a ThreadLocal with key of type [com.tplus.transform.runtime.vm.WeakThreadLocal] (value [com.tplus.transform.runtime.vm.WeakThreadLocal@1b7c8e7]) and a value of type [java.lang.ref.WeakReference] (value [java.lang.ref.WeakReference@1dbea21]) but failed to remove it when the web application was stopped. This is very likely to create a memory leak.
Mar 26, 2015 12:48:27 PM org.apache.catalina.loader.WebappClassLoader clearThreadLocalMap
SEVERE: The web application [/messageprocessor] created a ThreadLocal with key of type [java.lang.ThreadLocal] (value [java.lang.ThreadLocal@e854e0]) and a value of type [com.volante.component.server.transaction.TransactionManagerImpl.ThreadInfo] (value [com.volante.component.server.transaction.TransactionManagerImpl$ThreadInfo@11c3e97]) but failed to remove it when the web application was stopped. This is very likely to create a memory leak.
Mar 26, 2015 12:48:28 PM org.apache.coyote.http11.Http11Protocol destroy
INFO: Stopping Coyote HTTP/1.1 on http-8090
Mar 26, 2015 12:55:21 PM org.apache.catalina.core.AprLifecycleListener init
INFO: The APR based Apache Tomcat Native library which allows optimal performance in production environments was not found on the java.library.path: D:\Volante_Installs\Volante_R500B1400\jre\bin;C:\Windows\Sun\Java\bin;C:\Windows\system32;C:\Windows;C:\Program Files\Common Files\Microsoft Shared\Microsoft Online Services;C:\Program Files (x86)\Common Files\Microsoft Shared\Microsoft Online Services;D:\Oracle_XE\app\oracle\product\11.2.0\server\bin;;C:\Program Files (x86)\NVIDIA Corporation\PhysX\Common;D:\IBM\MQ\java\lib;D:\IBM\MQ\java\lib64;C:\Program Files (x86)\Intel\iCLS Client\;C:\Program Files\Intel\iCLS Client\;C:\Windows\system32;C:\Windows;C:\Windows\System32\Wbem;C:\Windows\System32\WindowsPowerShell\v1.0\;C:\Program Files (x86)\Intel\OpenCL SDK\2.0\bin\x86;C:\Program Files (x86)\Intel\OpenCL SDK\2.0\bin\x64;C:\Program Files\Intel\Intel(R) Management Engine Components\DAL;C:\Program Files\Intel\Intel(R) Management Engine Components\IPT;C:\Program Files (x86)\Intel\Intel(R) Management Engine Components\DAL;C:\Program Files (x86)\Intel\Intel(R) Management Engine Components\IPT;C:\Program Files\Intel\WiFi\bin\;C:\Program Files\Common Files\Intel\WirelessCommon\;D:\Program Files (x86)\jZip\jZip;C:\Program Files\Java\jdk1.7.0_60\bin;D:\Volante_Installs\utils\apache-ant-1.9.0\bin;D:\Volante_Installs\utils\apache-maven-3.0.4\bin;D:\IBM\MQ\bin64;D:\IBM\MQ\bin;D:\IBM\MQ\tools\c\samples\bin;C:\Program Files (x86)\Microsoft SQL Server\100\Tools\Binn\;C:\Program Files\Microsoft SQL Server\100\Tools\Binn\;C:\Program Files\Microsoft SQL Server\100\DTS\Binn\;C:\Windows\Microsoft.NET\Framework64\v4.0.30319;C:\Program Files (x86)\Skype\Phone\;C:\Program Files\Intel\WiFi\bin\;C:\Program Files\Common Files\Intel\WirelessCommon\;.;;.
Mar 26, 2015 12:55:21 PM org.apache.tomcat.util.digester.SetPropertiesRule begin
WARNING: [SetPropertiesRule]{Server/Service/Engine/Host/Context} Setting property 'debug' to 'true' did not find a matching property.
Mar 26, 2015 12:55:22 PM org.apache.tomcat.util.digester.SetPropertiesRule begin
WARNING: [SetPropertiesRule]{Server/Service/Engine/Host/Context} Setting property 'debug' to 'true' did not find a matching property.
Mar 26, 2015 12:55:22 PM org.apache.coyote.http11.Http11Protocol init
INFO: Initializing Coyote HTTP/1.1 on http-8090
Mar 26, 2015 12:55:22 PM org.apache.catalina.startup.Catalina load
INFO: Initialization processed in 930 ms
Mar 26, 2015 12:55:22 PM org.apache.catalina.core.StandardService start
INFO: Starting service Catalina
Mar 26, 2015 12:55:22 PM org.apache.catalina.core.StandardEngine start
INFO: Starting Servlet Engine: Apache Tomcat/6.0.35
Mar 26, 2015 12:55:23 PM org.apache.catalina.startup.HostConfig deployDescriptor
INFO: Deploying configuration descriptor host-manager.xml
Mar 26, 2015 12:55:23 PM org.apache.catalina.startup.HostConfig deployDescriptor
INFO: Deploying configuration descriptor manager.xml
Mar 26, 2015 12:55:23 PM org.apache.catalina.startup.HostConfig deployWAR
INFO: Deploying web application archive messageprocessor.war
Mar 26, 2015 12:55:23 PM org.apache.catalina.startup.HostConfig deployWAR
INFO: Deploying web application archive sadcdemodash.war
Mar 26, 2015 12:55:24 PM org.apache.catalina.startup.HostConfig deployWAR
INFO: Deploying web application archive vte.war
Mar 26, 2015 12:55:24 PM org.apache.catalina.startup.HostConfig deployDirectory
INFO: Deploying web application directory docs
Mar 26, 2015 12:55:24 PM org.apache.catalina.startup.HostConfig deployDirectory
INFO: Deploying web application directory examples
Mar 26, 2015 12:55:24 PM org.apache.catalina.startup.HostConfig deployDirectory
INFO: Deploying web application directory ROOT
Mar 26, 2015 12:55:24 PM org.apache.coyote.http11.Http11Protocol start
INFO: Starting Coyote HTTP/1.1 on http-8090
Mar 26, 2015 12:55:24 PM org.apache.jk.common.ChannelSocket init
INFO: JK: ajp13 listening on /0.0.0.0:8009
Mar 26, 2015 12:55:24 PM org.apache.jk.server.JkMain start
INFO: Jk running ID=0 time=0/26  config=null
Mar 26, 2015 12:55:24 PM org.apache.catalina.startup.Catalina start
INFO: Server startup in 2307 ms
Mar 26, 2015 12:56:38 PM org.apache.coyote.http11.Http11Protocol pause
INFO: Pausing Coyote HTTP/1.1 on http-8090
Mar 26, 2015 12:56:39 PM org.apache.catalina.core.StandardService stop
INFO: Stopping service Catalina
Mar 26, 2015 12:56:39 PM org.apache.catalina.loader.WebappClassLoader clearReferencesJdbc
SEVERE: The web application [/messageprocessor] registered the JDBC driver [org.hsqldb.jdbc.JDBCDriver] but failed to unregister it when the web application was stopped. To prevent a memory leak, the JDBC Driver has been forcibly unregistered.
Mar 26, 2015 12:56:39 PM org.apache.catalina.loader.WebappClassLoader clearThreadLocalMap
SEVERE: The web application [/messageprocessor] created a ThreadLocal with key of type [java.lang.ThreadLocal] (value [java.lang.ThreadLocal@d6df62]) and a value of type [com.volante.component.server.transaction.TransactionManagerImpl.ThreadInfo] (value [com.volante.component.server.transaction.TransactionManagerImpl$ThreadInfo@e3d8e8]) but failed to remove it when the web application was stopped. This is very likely to create a memory leak.
Mar 26, 2015 12:56:39 PM org.apache.catalina.loader.WebappClassLoader clearThreadLocalMap
SEVERE: The web application [/messageprocessor] created a ThreadLocal with key of type [com.tplus.transform.runtime.vm.WeakThreadLocal] (value [com.tplus.transform.runtime.vm.WeakThreadLocal@b59a10]) and a value of type [java.lang.ref.WeakReference] (value [java.lang.ref.WeakReference@95bffd]) but failed to remove it when the web application was stopped. This is very likely to create a memory leak.
Mar 26, 2015 12:56:39 PM org.apache.catalina.loader.WebappClassLoader clearThreadLocalMap
SEVERE: The web application [/messageprocessor] created a ThreadLocal with key of type [java.lang.ThreadLocal] (value [java.lang.ThreadLocal@d6df62]) and a value of type [com.volante.component.server.transaction.TransactionManagerImpl.ThreadInfo] (value [com.volante.component.server.transaction.TransactionManagerImpl$ThreadInfo@ef93f0]) but failed to remove it when the web application was stopped. This is very likely to create a memory leak.
Mar 26, 2015 12:56:39 PM org.apache.catalina.loader.WebappClassLoader clearThreadLocalMap
SEVERE: The web application [/messageprocessor] created a ThreadLocal with key of type [com.tplus.transform.lang.FloatingDecimal$1] (value [com.tplus.transform.lang.FloatingDecimal$1@1ce2867]) and a value of type [char[]] (value [[C@1bead2d]) but failed to remove it when the web application was stopped. This is very likely to create a memory leak.
Mar 26, 2015 12:56:39 PM org.apache.catalina.loader.WebappClassLoader clearThreadLocalMap
SEVERE: The web application [/messageprocessor] created a ThreadLocal with key of type [com.tplus.transform.runtime.vm.WeakThreadLocal] (value [com.tplus.transform.runtime.vm.WeakThreadLocal@b59a10]) and a value of type [java.lang.ref.WeakReference] (value [java.lang.ref.WeakReference@15b6746]) but failed to remove it when the web application was stopped. This is very likely to create a memory leak.
Mar 26, 2015 12:56:40 PM org.apache.coyote.http11.Http11Protocol destroy
INFO: Stopping Coyote HTTP/1.1 on http-8090
Mar 26, 2015 12:57:14 PM org.apache.catalina.core.AprLifecycleListener init
INFO: The APR based Apache Tomcat Native library which allows optimal performance in production environments was not found on the java.library.path: D:\Volante_Installs\Volante_R500B1400\jre\bin;C:\Windows\Sun\Java\bin;C:\Windows\system32;C:\Windows;C:\Program Files\Common Files\Microsoft Shared\Microsoft Online Services;C:\Program Files (x86)\Common Files\Microsoft Shared\Microsoft Online Services;D:\Oracle_XE\app\oracle\product\11.2.0\server\bin;;C:\Program Files (x86)\NVIDIA Corporation\PhysX\Common;D:\IBM\MQ\java\lib;D:\IBM\MQ\java\lib64;C:\Program Files (x86)\Intel\iCLS Client\;C:\Program Files\Intel\iCLS Client\;C:\Windows\system32;C:\Windows;C:\Windows\System32\Wbem;C:\Windows\System32\WindowsPowerShell\v1.0\;C:\Program Files (x86)\Intel\OpenCL SDK\2.0\bin\x86;C:\Program Files (x86)\Intel\OpenCL SDK\2.0\bin\x64;C:\Program Files\Intel\Intel(R) Management Engine Components\DAL;C:\Program Files\Intel\Intel(R) Management Engine Components\IPT;C:\Program Files (x86)\Intel\Intel(R) Management Engine Components\DAL;C:\Program Files (x86)\Intel\Intel(R) Management Engine Components\IPT;C:\Program Files\Intel\WiFi\bin\;C:\Program Files\Common Files\Intel\WirelessCommon\;D:\Program Files (x86)\jZip\jZip;C:\Program Files\Java\jdk1.7.0_60\bin;D:\Volante_Installs\utils\apache-ant-1.9.0\bin;D:\Volante_Installs\utils\apache-maven-3.0.4\bin;D:\IBM\MQ\bin64;D:\IBM\MQ\bin;D:\IBM\MQ\tools\c\samples\bin;C:\Program Files (x86)\Microsoft SQL Server\100\Tools\Binn\;C:\Program Files\Microsoft SQL Server\100\Tools\Binn\;C:\Program Files\Microsoft SQL Server\100\DTS\Binn\;C:\Windows\Microsoft.NET\Framework64\v4.0.30319;C:\Program Files (x86)\Skype\Phone\;C:\Program Files\Intel\WiFi\bin\;C:\Program Files\Common Files\Intel\WirelessCommon\;.;;.
Mar 26, 2015 12:57:14 PM org.apache.tomcat.util.digester.SetPropertiesRule begin
WARNING: [SetPropertiesRule]{Server/Service/Engine/Host/Context} Setting property 'debug' to 'true' did not find a matching property.
Mar 26, 2015 12:57:14 PM org.apache.tomcat.util.digester.SetPropertiesRule begin
WARNING: [SetPropertiesRule]{Server/Service/Engine/Host/Context} Setting property 'debug' to 'true' did not find a matching property.
Mar 26, 2015 12:57:15 PM org.apache.coyote.http11.Http11Protocol init
INFO: Initializing Coyote HTTP/1.1 on http-8090
Mar 26, 2015 12:57:15 PM org.apache.catalina.startup.Catalina load
INFO: Initialization processed in 820 ms
Mar 26, 2015 12:57:15 PM org.apache.catalina.core.StandardService start
INFO: Starting service Catalina
Mar 26, 2015 12:57:15 PM org.apache.catalina.core.StandardEngine start
INFO: Starting Servlet Engine: Apache Tomcat/6.0.35
Mar 26, 2015 12:57:15 PM org.apache.catalina.startup.HostConfig deployDescriptor
INFO: Deploying configuration descriptor host-manager.xml
Mar 26, 2015 12:57:15 PM org.apache.catalina.startup.HostConfig deployDescriptor
INFO: Deploying configuration descriptor manager.xml
Mar 26, 2015 12:57:15 PM org.apache.catalina.startup.HostConfig deployWAR
INFO: Deploying web application archive messageprocessor.war
Mar 26, 2015 12:57:16 PM org.apache.catalina.startup.HostConfig deployWAR
INFO: Deploying web application archive sadcdemodash.war
Mar 26, 2015 12:57:16 PM org.apache.catalina.startup.HostConfig deployWAR
INFO: Deploying web application archive vte.war
Mar 26, 2015 12:57:16 PM org.apache.catalina.startup.HostConfig deployDirectory
INFO: Deploying web application directory docs
Mar 26, 2015 12:57:16 PM org.apache.catalina.startup.HostConfig deployDirectory
INFO: Deploying web application directory examples
Mar 26, 2015 12:57:16 PM org.apache.catalina.startup.HostConfig deployDirectory
INFO: Deploying web application directory ROOT
Mar 26, 2015 12:57:16 PM org.apache.coyote.http11.Http11Protocol start
INFO: Starting Coyote HTTP/1.1 on http-8090
Mar 26, 2015 12:57:16 PM org.apache.jk.common.ChannelSocket init
INFO: JK: ajp13 listening on /0.0.0.0:8009
Mar 26, 2015 12:57:16 PM org.apache.jk.server.JkMain start
INFO: Jk running ID=0 time=0/29  config=null
Mar 26, 2015 12:57:17 PM org.apache.catalina.startup.Catalina start
INFO: Server startup in 1919 ms
