Jul 27, 2017 10:45:08 AM org.apache.catalina.core.AprLifecycleListener init
INFO: The APR based Apache Tomcat Native library which allows optimal performance in production environments was not found on the java.library.path: C:\Program Files\Java\jre1.8.0_141\bin;C:\WINDOWS\Sun\Java\bin;C:\WINDOWS\system32;C:\WINDOWS;C:\ProgramData\Oracle\Java\javapath;C:\Program Files\IBM\WebSphere MQ\java\lib;C:\Program Files\IBM\WebSphere MQ\java\lib64;C:\Program Files (x86)\Intel\iCLS Client\;C:\Program Files\Intel\iCLS Client\;C:\Windows\system32;C:\Windows;C:\Windows\System32\Wbem;C:\Windows\System32\WindowsPowerShell\v1.0\;C:\Program Files (x86)\Intel\Intel(R) Management Engine Components\DAL;C:\Program Files\Intel\Intel(R) Management Engine Components\DAL;C:\Program Files (x86)\Intel\Intel(R) Management Engine Components\IPT;C:\Program Files\Intel\Intel(R) Management Engine Components\IPT;C:\Program Files (x86)\NVIDIA Corporation\PhysX\Common;C:\WINDOWS\system32;C:\WINDOWS;C:\WINDOWS\System32\Wbem;C:\WINDOWS\System32\WindowsPowerShell\v1.0\;C:\Program Files (x86)\Skype\Phone\;C:\Program Files\Java\jdk1.8.0_141\\bin;C:\Program Files\IBM\WebSphere MQ\bin64;C:\Program Files\IBM\WebSphere MQ\bin;C:\Program Files\IBM\WebSphere MQ\tools\c\samples\bin;C:\Program Files\nodejs\;C:\Program Files\Git\cmd;C:\Users\Anirudh\AppData\Local\Microsoft\WindowsApps;C:\Users\Anirudh\AppData\Roaming\npm;.
Jul 27, 2017 10:45:08 AM org.apache.tomcat.util.digester.SetPropertiesRule begin
WARNING: [SetPropertiesRule]{Server/Service/Engine/Host/Context} Setting property 'debug' to 'true' did not find a matching property.
Jul 27, 2017 10:45:08 AM org.apache.tomcat.util.digester.SetPropertiesRule begin
WARNING: [SetPropertiesRule]{Server/Service/Engine/Host/Context} Setting property 'debug' to 'true' did not find a matching property.
Jul 27, 2017 10:45:08 AM org.apache.coyote.http11.Http11Protocol init
INFO: Initializing Coyote HTTP/1.1 on http-8090
Jul 27, 2017 10:45:08 AM org.apache.catalina.startup.Catalina load
INFO: Initialization processed in 411 ms
Jul 27, 2017 10:45:08 AM org.apache.catalina.core.StandardService start
INFO: Starting service Catalina
Jul 27, 2017 10:45:08 AM org.apache.catalina.core.StandardEngine start
INFO: Starting Servlet Engine: Apache Tomcat/6.0.35
Jul 27, 2017 10:45:08 AM org.apache.catalina.core.StandardContext resourcesStart
SEVERE: Error starting static Resources
java.lang.IllegalArgumentException: Document base D:\Volante_Installs\Volante_40\runtime\repository does not exist or is not a readable directory
	at org.apache.naming.resources.FileDirContext.setDocBase(FileDirContext.java:142)
	at org.apache.catalina.core.StandardContext.resourcesStart(StandardContext.java:4320)
	at org.apache.catalina.core.StandardContext.start(StandardContext.java:4489)
	at org.apache.catalina.core.ContainerBase.start(ContainerBase.java:1057)
	at org.apache.catalina.core.StandardHost.start(StandardHost.java:840)
	at org.apache.catalina.core.ContainerBase.start(ContainerBase.java:1057)
	at org.apache.catalina.core.StandardEngine.start(StandardEngine.java:463)
	at org.apache.catalina.core.StandardService.start(StandardService.java:525)
	at org.apache.catalina.core.StandardServer.start(StandardServer.java:754)
	at org.apache.catalina.startup.Catalina.start(Catalina.java:595)
	at sun.reflect.NativeMethodAccessorImpl.invoke0(Native Method)
	at sun.reflect.NativeMethodAccessorImpl.invoke(Unknown Source)
	at sun.reflect.DelegatingMethodAccessorImpl.invoke(Unknown Source)
	at java.lang.reflect.Method.invoke(Unknown Source)
	at org.apache.catalina.startup.Bootstrap.start(Bootstrap.java:289)
	at org.apache.catalina.startup.Bootstrap.main(Bootstrap.java:414)

Jul 27, 2017 10:45:08 AM org.apache.catalina.core.StandardContext start
SEVERE: Error in resourceStart()
Jul 27, 2017 10:45:08 AM org.apache.catalina.core.StandardContext start
SEVERE: Error getConfigured
Jul 27, 2017 10:45:08 AM org.apache.catalina.core.StandardContext start
SEVERE: Context [/repository] startup failed due to previous errors
Jul 27, 2017 10:45:08 AM org.apache.catalina.core.StandardContext stop
INFO: Container org.apache.catalina.core.ContainerBase.[Catalina].[localhost].[/repository] has not been started
Jul 27, 2017 10:45:08 AM org.apache.catalina.core.StandardContext resourcesStart
SEVERE: Error starting static Resources
java.lang.IllegalArgumentException: Document base D:\Volante_Installs\Demos\Payment Hub Ref Imp\PaymentAppRuntime\Application\PaymentPOC does not exist or is not a readable directory
	at org.apache.naming.resources.FileDirContext.setDocBase(FileDirContext.java:142)
	at org.apache.catalina.core.StandardContext.resourcesStart(StandardContext.java:4320)
	at org.apache.catalina.core.StandardContext.start(StandardContext.java:4489)
	at org.apache.catalina.core.ContainerBase.start(ContainerBase.java:1057)
	at org.apache.catalina.core.StandardHost.start(StandardHost.java:840)
	at org.apache.catalina.core.ContainerBase.start(ContainerBase.java:1057)
	at org.apache.catalina.core.StandardEngine.start(StandardEngine.java:463)
	at org.apache.catalina.core.StandardService.start(StandardService.java:525)
	at org.apache.catalina.core.StandardServer.start(StandardServer.java:754)
	at org.apache.catalina.startup.Catalina.start(Catalina.java:595)
	at sun.reflect.NativeMethodAccessorImpl.invoke0(Native Method)
	at sun.reflect.NativeMethodAccessorImpl.invoke(Unknown Source)
	at sun.reflect.DelegatingMethodAccessorImpl.invoke(Unknown Source)
	at java.lang.reflect.Method.invoke(Unknown Source)
	at org.apache.catalina.startup.Bootstrap.start(Bootstrap.java:289)
	at org.apache.catalina.startup.Bootstrap.main(Bootstrap.java:414)

Jul 27, 2017 10:45:08 AM org.apache.catalina.core.StandardContext start
SEVERE: Error in resourceStart()
Jul 27, 2017 10:45:08 AM org.apache.catalina.core.StandardContext start
SEVERE: Error getConfigured
Jul 27, 2017 10:45:08 AM org.apache.catalina.core.StandardContext start
SEVERE: Context [/PaymentPOC] startup failed due to previous errors
Jul 27, 2017 10:45:08 AM org.apache.catalina.core.StandardContext stop
INFO: Container org.apache.catalina.core.ContainerBase.[Catalina].[localhost].[/PaymentPOC] has not been started
Jul 27, 2017 10:45:08 AM org.apache.catalina.startup.HostConfig deployDescriptor
INFO: Deploying configuration descriptor host-manager.xml
Jul 27, 2017 10:45:08 AM org.apache.catalina.startup.HostConfig deployDescriptor
INFO: Deploying configuration descriptor manager.xml
Jul 27, 2017 10:45:08 AM org.apache.catalina.startup.HostConfig deployWAR
INFO: Deploying web application archive CBLMT_REST.war
Jul 27, 2017 10:45:08 AM com.tplus.transform.runtime.rest.server.VolanteRestServlet init
INFO: Initializing REST Servlet at - /CBLMT_REST
Jul 27, 2017 10:45:08 AM org.apache.catalina.startup.HostConfig deployDirectory
INFO: Deploying web application directory docs
Jul 27, 2017 10:45:08 AM org.apache.catalina.startup.HostConfig deployDirectory
INFO: Deploying web application directory examples
Jul 27, 2017 10:45:08 AM org.apache.catalina.startup.HostConfig deployDirectory
INFO: Deploying web application directory ROOT
Jul 27, 2017 10:45:09 AM org.apache.coyote.http11.Http11Protocol start
INFO: Starting Coyote HTTP/1.1 on http-8090
Jul 27, 2017 10:45:09 AM org.apache.jk.common.ChannelSocket init
INFO: JK: ajp13 listening on /0.0.0.0:8009
Jul 27, 2017 10:45:09 AM org.apache.jk.server.JkMain start
INFO: Jk running ID=0 time=0/13  config=null
Jul 27, 2017 10:45:09 AM org.apache.catalina.startup.Catalina start
INFO: Server startup in 565 ms
Jul 27, 2017 10:49:09 AM com.tplus.transform.runtime.rest.server.RestServer info
INFO: REST RequestURI=/CBLMT_REST/rest/convertcbtomt
Jul 27, 2017 10:49:09 AM com.tplus.transform.runtime.rest.server.RestServer handleImpl
INFO: Matching operation CobCbToMTFlow
Jul 27, 2017 10:49:09 AM com.tplus.transform.runtime.simple.SimpleServer getInstance
INFO: Starting Simple runtime ...
Jul 27, 2017 10:49:09 AM com.tplus.transform.runtime.rest.server.RestServer handleImpl
INFO: Param Value = <?xml version="1.0" encoding="UTF-8"?>__<Input>__	<Payload>PTSAIN10-103-NVR-0006 0000            000000USD091120  000000000015000SPXAIN N                                                                      RECEIVERS CORRESPONDENT           NEW YORK BRANCH                                                                                                                                                                      RECEIVERS CORRESPONDENTNEW YORK BRA                                                                                                                                                                                                                                                              BENEFICIARY CUSTOMER NAME                                                                                                               BENEFICIARY CUSTOMER NAME                                                                                                                          /REC/INSTRUCTION FOR RECEIVER                                                                                                                                           00015000USD    SHAUSD</Payload>__</Input>__
Jul 27, 2017 10:49:36 AM com.tplus.transform.runtime.rest.server.RestServer info
INFO: REST RequestURI=/CBLMT_REST/rest/convertcbtomt
Jul 27, 2017 10:49:36 AM com.tplus.transform.runtime.rest.server.RestServer handleImpl
INFO: Matching operation null
Jul 27, 2017 10:49:42 AM com.tplus.transform.runtime.rest.server.RestServer info
INFO: REST RequestURI=/CBLMT_REST/rest
Jul 27, 2017 10:49:42 AM com.tplus.transform.runtime.rest.server.RestServer handleImpl
INFO: Matching operation null
Jul 27, 2017 10:50:26 AM org.apache.coyote.http11.Http11Protocol pause
INFO: Pausing Coyote HTTP/1.1 on http-8090
Jul 27, 2017 10:50:28 AM org.apache.catalina.core.StandardService stop
INFO: Stopping service Catalina
Jul 27, 2017 10:50:28 AM org.apache.catalina.loader.WebappClassLoader clearThreadLocalMap
SEVERE: The web application [/CBLMT_REST] created a ThreadLocal with key of type [com.tplus.transform.lang.FloatingDecimal$1] (value [com.tplus.transform.lang.FloatingDecimal$1@24209d4c]) and a value of type [char[]] (value [[C@3c0c8fc2]) but failed to remove it when the web application was stopped. This is very likely to create a memory leak.
Jul 27, 2017 10:50:28 AM org.apache.catalina.loader.WebappClassLoader clearThreadLocalMap
SEVERE: The web application [/CBLMT_REST] created a ThreadLocal with key of type [com.tplus.transform.runtime.vm.WeakThreadLocal] (value [com.tplus.transform.runtime.vm.WeakThreadLocal@13c6020a]) and a value of type [java.lang.ref.WeakReference] (value [java.lang.ref.WeakReference@28208a57]) but failed to remove it when the web application was stopped. This is very likely to create a memory leak.
Jul 27, 2017 10:50:28 AM org.apache.catalina.loader.WebappClassLoader clearThreadLocalMap
SEVERE: The web application [/CBLMT_REST] created a ThreadLocal with key of type [java.lang.ThreadLocal] (value [java.lang.ThreadLocal@84aa8e2]) and a value of type [com.volante.component.server.transaction.TransactionManagerImpl.ThreadInfo] (value [com.volante.component.server.transaction.TransactionManagerImpl$ThreadInfo@506044b6]) but failed to remove it when the web application was stopped. This is very likely to create a memory leak.
Jul 27, 2017 10:50:28 AM org.apache.catalina.loader.WebappClassLoader clearThreadLocalMap
SEVERE: The web application [/CBLMT_REST] created a ThreadLocal with key of type [com.tplus.transform.runtime.formula.DateFunctions$1] (value [com.tplus.transform.runtime.formula.DateFunctions$1@7315cae2]) and a value of type [java.util.GregorianCalendar] (value [java.util.GregorianCalendar[time=1501099200000,areFieldsSet=true,areAllFieldsSet=false,lenient=true,zone=sun.util.calendar.ZoneInfo[id="Asia/Muscat",offset=14400000,dstSavings=0,useDaylight=false,transitions=3,lastRule=null],firstDayOfWeek=1,minimalDaysInFirstWeek=1,ERA=?,YEAR=2017,MONTH=6,WEEK_OF_YEAR=?,WEEK_OF_MONTH=?,DAY_OF_MONTH=27,DAY_OF_YEAR=?,DAY_OF_WEEK=?,DAY_OF_WEEK_IN_MONTH=?,AM_PM=?,HOUR=?,HOUR_OF_DAY=?,MINUTE=?,SECOND=?,MILLISECOND=?,ZONE_OFFSET=?,DST_OFFSET=?]]) but failed to remove it when the web application was stopped. This is very likely to create a memory leak.
Jul 27, 2017 10:50:28 AM org.apache.catalina.core.StandardContext stop
INFO: Container org.apache.catalina.core.ContainerBase.[Catalina].[localhost].[/repository] has not been started
Jul 27, 2017 10:50:28 AM org.apache.catalina.core.StandardContext stop
INFO: Container org.apache.catalina.core.ContainerBase.[Catalina].[localhost].[/PaymentPOC] has not been started
Jul 27, 2017 10:50:28 AM org.apache.coyote.http11.Http11Protocol destroy
INFO: Stopping Coyote HTTP/1.1 on http-8090
