Nov 06, 2014 9:54:48 AM org.apache.catalina.core.AprLifecycleListener init
INFO: The APR based Apache Tomcat Native library which allows optimal performance in production environments was not found on the java.library.path: D:\Volante_Installs\Volante_R500B1400\jre\bin;C:\Windows\Sun\Java\bin;C:\Windows\system32;C:\Windows;C:\Program Files (x86)\NVIDIA Corporation\PhysX\Common;D:\IBM\MQ\java\lib;D:\IBM\MQ\java\lib64;C:\Program Files (x86)\Intel\iCLS Client\;C:\Program Files\Intel\iCLS Client\;C:\Windows\system32;C:\Windows;C:\Windows\System32\Wbem;C:\Windows\System32\WindowsPowerShell\v1.0\;C:\Program Files (x86)\Intel\OpenCL SDK\2.0\bin\x86;C:\Program Files (x86)\Intel\OpenCL SDK\2.0\bin\x64;C:\Program Files\Intel\Intel(R) Management Engine Components\DAL;C:\Program Files\Intel\Intel(R) Management Engine Components\IPT;C:\Program Files (x86)\Intel\Intel(R) Management Engine Components\DAL;C:\Program Files (x86)\Intel\Intel(R) Management Engine Components\IPT;C:\Program Files\Intel\WiFi\bin\;C:\Program Files\Common Files\Intel\WirelessCommon\;D:\Program Files (x86)\jZip\jZip;C:\Program Files\Java\jdk1.7.0_60\bin;D:\Volante_Installs\utils\apache-ant-1.9.0\bin;D:\Volante_Installs\utils\apache-maven-3.0.4\bin;D:\IBM\MQ\bin64;D:\IBM\MQ\bin;D:\IBM\MQ\tools\c\samples\bin;C:\Program Files\Intel\WiFi\bin\;C:\Program Files\Common Files\Intel\WirelessCommon\;.
Nov 06, 2014 9:54:48 AM org.apache.tomcat.util.digester.SetPropertiesRule begin
WARNING: [SetPropertiesRule]{Server/Service/Engine/Host/Context} Setting property 'debug' to 'true' did not find a matching property.
Nov 06, 2014 9:54:48 AM org.apache.tomcat.util.digester.SetPropertiesRule begin
WARNING: [SetPropertiesRule]{Server/Service/Engine/Host/Context} Setting property 'debug' to 'true' did not find a matching property.
Nov 06, 2014 9:54:49 AM org.apache.coyote.http11.Http11Protocol init
INFO: Initializing Coyote HTTP/1.1 on http-8090
Nov 06, 2014 9:54:49 AM org.apache.catalina.startup.Catalina load
INFO: Initialization processed in 2049 ms
Nov 06, 2014 9:54:49 AM org.apache.catalina.core.StandardService start
INFO: Starting service Catalina
Nov 06, 2014 9:54:49 AM org.apache.catalina.core.StandardEngine start
INFO: Starting Servlet Engine: Apache Tomcat/6.0.35
Nov 06, 2014 9:54:52 AM org.apache.catalina.startup.HostConfig deployDescriptor
INFO: Deploying configuration descriptor host-manager.xml
Nov 06, 2014 9:54:52 AM org.apache.catalina.startup.HostConfig deployDescriptor
INFO: Deploying configuration descriptor manager.xml
Nov 06, 2014 9:54:52 AM org.apache.catalina.startup.HostConfig deployWAR
INFO: Deploying web application archive messageprocessor.war
Nov 06, 2014 9:54:53 AM org.apache.catalina.startup.HostConfig deployWAR
INFO: Deploying web application archive sadcdemodash.war
Nov 06, 2014 9:54:54 AM org.apache.catalina.startup.HostConfig deployWAR
INFO: Deploying web application archive vte.war
Nov 06, 2014 9:54:55 AM org.apache.catalina.startup.HostConfig deployDirectory
INFO: Deploying web application directory docs
Nov 06, 2014 9:54:55 AM org.apache.catalina.startup.HostConfig deployDirectory
INFO: Deploying web application directory examples
Nov 06, 2014 9:54:55 AM org.apache.catalina.startup.HostConfig deployDirectory
INFO: Deploying web application directory ROOT
Nov 06, 2014 9:54:55 AM org.apache.coyote.http11.Http11Protocol start
INFO: Starting Coyote HTTP/1.1 on http-8090
Nov 06, 2014 9:54:55 AM org.apache.jk.common.ChannelSocket init
INFO: JK: ajp13 listening on /0.0.0.0:8009
Nov 06, 2014 9:54:55 AM org.apache.jk.server.JkMain start
INFO: Jk running ID=0 time=1/39  config=null
Nov 06, 2014 9:54:55 AM org.apache.catalina.startup.Catalina start
INFO: Server startup in 5822 ms
Nov 06, 2014 3:45:56 PM org.apache.coyote.http11.Http11Protocol pause
INFO: Pausing Coyote HTTP/1.1 on http-8090
Nov 06, 2014 3:45:57 PM org.apache.catalina.core.StandardService stop
INFO: Stopping service Catalina
Nov 06, 2014 3:45:58 PM org.apache.catalina.loader.WebappClassLoader clearReferencesJdbc
SEVERE: The web application [/sadcdemodash] registered the JDBC driver [org.hsqldb.jdbc.JDBCDriver] but failed to unregister it when the web application was stopped. To prevent a memory leak, the JDBC Driver has been forcibly unregistered.
Nov 06, 2014 3:45:58 PM org.apache.catalina.loader.WebappClassLoader clearThreadLocalMap
SEVERE: The web application [/sadcdemodash] created a ThreadLocal with key of type [com.tplus.transform.runtime.vm.WeakThreadLocal] (value [com.tplus.transform.runtime.vm.WeakThreadLocal@69c7b0]) and a value of type [java.lang.ref.WeakReference] (value [java.lang.ref.WeakReference@b51c08]) but failed to remove it when the web application was stopped. This is very likely to create a memory leak.
Nov 06, 2014 3:45:58 PM org.apache.catalina.loader.WebappClassLoader clearThreadLocalMap
SEVERE: The web application [/sadcdemodash] created a ThreadLocal with key of type [java.lang.ThreadLocal] (value [java.lang.ThreadLocal@43529b]) and a value of type [com.volante.component.server.transaction.TransactionManagerImpl.ThreadInfo] (value [com.volante.component.server.transaction.TransactionManagerImpl$ThreadInfo@1e45f13]) but failed to remove it when the web application was stopped. This is very likely to create a memory leak.
Nov 06, 2014 3:45:58 PM org.apache.catalina.loader.WebappClassLoader clearThreadLocalMap
SEVERE: The web application [/sadcdemodash] created a ThreadLocal with key of type [java.lang.ThreadLocal] (value [java.lang.ThreadLocal@43529b]) and a value of type [com.volante.component.server.transaction.TransactionManagerImpl.ThreadInfo] (value [com.volante.component.server.transaction.TransactionManagerImpl$ThreadInfo@1dda64]) but failed to remove it when the web application was stopped. This is very likely to create a memory leak.
Nov 06, 2014 3:45:58 PM org.apache.catalina.loader.WebappClassLoader clearThreadLocalMap
SEVERE: The web application [/sadcdemodash] created a ThreadLocal with key of type [com.tplus.transform.runtime.vm.WeakThreadLocal] (value [com.tplus.transform.runtime.vm.WeakThreadLocal@69c7b0]) and a value of type [java.lang.ref.WeakReference] (value [java.lang.ref.WeakReference@1ecde5f]) but failed to remove it when the web application was stopped. This is very likely to create a memory leak.
Nov 06, 2014 3:45:58 PM org.apache.catalina.loader.WebappClassLoader clearThreadLocalMap
SEVERE: The web application [/sadcdemodash] created a ThreadLocal with key of type [java.lang.ThreadLocal] (value [java.lang.ThreadLocal@43529b]) and a value of type [com.volante.component.server.transaction.TransactionManagerImpl.ThreadInfo] (value [com.volante.component.server.transaction.TransactionManagerImpl$ThreadInfo@1fb382a]) but failed to remove it when the web application was stopped. This is very likely to create a memory leak.
Nov 06, 2014 3:46:01 PM org.apache.coyote.http11.Http11Protocol destroy
INFO: Stopping Coyote HTTP/1.1 on http-8090
Nov 06, 2014 4:39:07 PM org.apache.catalina.core.AprLifecycleListener init
INFO: The APR based Apache Tomcat Native library which allows optimal performance in production environments was not found on the java.library.path: D:\Volante_Installs\Volante_R500B1400\jre\bin;C:\Windows\Sun\Java\bin;C:\Windows\system32;C:\Windows;C:\Program Files (x86)\NVIDIA Corporation\PhysX\Common;D:\IBM\MQ\java\lib;D:\IBM\MQ\java\lib64;C:\Program Files (x86)\Intel\iCLS Client\;C:\Program Files\Intel\iCLS Client\;C:\Windows\system32;C:\Windows;C:\Windows\System32\Wbem;C:\Windows\System32\WindowsPowerShell\v1.0\;C:\Program Files (x86)\Intel\OpenCL SDK\2.0\bin\x86;C:\Program Files (x86)\Intel\OpenCL SDK\2.0\bin\x64;C:\Program Files\Intel\Intel(R) Management Engine Components\DAL;C:\Program Files\Intel\Intel(R) Management Engine Components\IPT;C:\Program Files (x86)\Intel\Intel(R) Management Engine Components\DAL;C:\Program Files (x86)\Intel\Intel(R) Management Engine Components\IPT;C:\Program Files\Intel\WiFi\bin\;C:\Program Files\Common Files\Intel\WirelessCommon\;D:\Program Files (x86)\jZip\jZip;C:\Program Files\Java\jdk1.7.0_60\bin;D:\Volante_Installs\utils\apache-ant-1.9.0\bin;D:\Volante_Installs\utils\apache-maven-3.0.4\bin;D:\IBM\MQ\bin64;D:\IBM\MQ\bin;D:\IBM\MQ\tools\c\samples\bin;C:\Program Files\Intel\WiFi\bin\;C:\Program Files\Common Files\Intel\WirelessCommon\;.
Nov 06, 2014 4:39:08 PM org.apache.tomcat.util.digester.SetPropertiesRule begin
WARNING: [SetPropertiesRule]{Server/Service/Engine/Host/Context} Setting property 'debug' to 'true' did not find a matching property.
Nov 06, 2014 4:39:08 PM org.apache.tomcat.util.digester.SetPropertiesRule begin
WARNING: [SetPropertiesRule]{Server/Service/Engine/Host/Context} Setting property 'debug' to 'true' did not find a matching property.
Nov 06, 2014 4:39:09 PM org.apache.coyote.http11.Http11Protocol init
INFO: Initializing Coyote HTTP/1.1 on http-8090
Nov 06, 2014 4:39:09 PM org.apache.catalina.startup.Catalina load
INFO: Initialization processed in 2127 ms
Nov 06, 2014 4:39:09 PM org.apache.catalina.core.StandardService start
INFO: Starting service Catalina
Nov 06, 2014 4:39:09 PM org.apache.catalina.core.StandardEngine start
INFO: Starting Servlet Engine: Apache Tomcat/6.0.35
Nov 06, 2014 4:39:11 PM org.apache.catalina.startup.HostConfig deployDescriptor
INFO: Deploying configuration descriptor host-manager.xml
Nov 06, 2014 4:39:11 PM org.apache.catalina.startup.HostConfig deployDescriptor
INFO: Deploying configuration descriptor manager.xml
Nov 06, 2014 4:39:12 PM org.apache.catalina.startup.HostConfig deployWAR
INFO: Deploying web application archive messageprocessor.war
Nov 06, 2014 4:39:13 PM org.apache.catalina.startup.HostConfig deployWAR
INFO: Deploying web application archive sadcdemodash.war
Nov 06, 2014 4:39:15 PM org.apache.catalina.startup.HostConfig deployWAR
INFO: Deploying web application archive vte.war
Nov 06, 2014 4:39:16 PM org.apache.catalina.startup.HostConfig deployDirectory
INFO: Deploying web application directory docs
Nov 06, 2014 4:39:16 PM org.apache.catalina.startup.HostConfig deployDirectory
INFO: Deploying web application directory examples
Nov 06, 2014 4:39:16 PM org.apache.catalina.startup.HostConfig deployDirectory
INFO: Deploying web application directory ROOT
Nov 06, 2014 4:39:16 PM org.apache.coyote.http11.Http11Protocol start
INFO: Starting Coyote HTTP/1.1 on http-8090
Nov 06, 2014 4:39:16 PM org.apache.jk.common.ChannelSocket init
INFO: JK: ajp13 listening on /0.0.0.0:8009
Nov 06, 2014 4:39:16 PM org.apache.jk.server.JkMain start
INFO: Jk running ID=0 time=0/50  config=null
Nov 06, 2014 4:39:16 PM org.apache.catalina.startup.Catalina start
INFO: Server startup in 7827 ms
Nov 06, 2014 5:04:14 PM org.apache.coyote.http11.Http11Protocol pause
INFO: Pausing Coyote HTTP/1.1 on http-8090
Nov 06, 2014 5:04:15 PM org.apache.catalina.core.StandardService stop
INFO: Stopping service Catalina
Nov 06, 2014 5:04:15 PM org.apache.catalina.loader.WebappClassLoader clearReferencesJdbc
SEVERE: The web application [/sadcdemodash] registered the JDBC driver [org.hsqldb.jdbc.JDBCDriver] but failed to unregister it when the web application was stopped. To prevent a memory leak, the JDBC Driver has been forcibly unregistered.
Nov 06, 2014 5:04:15 PM org.apache.catalina.loader.WebappClassLoader clearThreadLocalMap
SEVERE: The web application [/sadcdemodash] created a ThreadLocal with key of type [java.lang.ThreadLocal] (value [java.lang.ThreadLocal@1e16071]) and a value of type [com.volante.component.server.transaction.TransactionManagerImpl.ThreadInfo] (value [com.volante.component.server.transaction.TransactionManagerImpl$ThreadInfo@182db47]) but failed to remove it when the web application was stopped. This is very likely to create a memory leak.
Nov 06, 2014 5:04:15 PM org.apache.catalina.loader.WebappClassLoader clearThreadLocalMap
SEVERE: The web application [/sadcdemodash] created a ThreadLocal with key of type [com.tplus.transform.runtime.vm.WeakThreadLocal] (value [com.tplus.transform.runtime.vm.WeakThreadLocal@a3f33]) and a value of type [java.lang.ref.WeakReference] (value [java.lang.ref.WeakReference@bb5652]) but failed to remove it when the web application was stopped. This is very likely to create a memory leak.
Nov 06, 2014 5:04:15 PM org.apache.catalina.loader.WebappClassLoader clearThreadLocalMap
SEVERE: The web application [/sadcdemodash] created a ThreadLocal with key of type [java.lang.ThreadLocal] (value [java.lang.ThreadLocal@1e16071]) and a value of type [com.volante.component.server.transaction.TransactionManagerImpl.ThreadInfo] (value [com.volante.component.server.transaction.TransactionManagerImpl$ThreadInfo@1204ae6]) but failed to remove it when the web application was stopped. This is very likely to create a memory leak.
Nov 06, 2014 5:04:15 PM org.apache.catalina.loader.WebappClassLoader clearThreadLocalMap
SEVERE: The web application [/sadcdemodash] created a ThreadLocal with key of type [com.tplus.transform.runtime.vm.WeakThreadLocal] (value [com.tplus.transform.runtime.vm.WeakThreadLocal@a3f33]) and a value of type [java.lang.ref.WeakReference] (value [java.lang.ref.WeakReference@115605d]) but failed to remove it when the web application was stopped. This is very likely to create a memory leak.
Nov 06, 2014 5:04:16 PM org.apache.coyote.http11.Http11Protocol destroy
INFO: Stopping Coyote HTTP/1.1 on http-8090
Nov 06, 2014 5:04:28 PM org.apache.catalina.core.AprLifecycleListener init
INFO: The APR based Apache Tomcat Native library which allows optimal performance in production environments was not found on the java.library.path: D:\Volante_Installs\Volante_R500B1400\jre\bin;C:\Windows\Sun\Java\bin;C:\Windows\system32;C:\Windows;C:\Program Files (x86)\NVIDIA Corporation\PhysX\Common;D:\IBM\MQ\java\lib;D:\IBM\MQ\java\lib64;C:\Program Files (x86)\Intel\iCLS Client\;C:\Program Files\Intel\iCLS Client\;C:\Windows\system32;C:\Windows;C:\Windows\System32\Wbem;C:\Windows\System32\WindowsPowerShell\v1.0\;C:\Program Files (x86)\Intel\OpenCL SDK\2.0\bin\x86;C:\Program Files (x86)\Intel\OpenCL SDK\2.0\bin\x64;C:\Program Files\Intel\Intel(R) Management Engine Components\DAL;C:\Program Files\Intel\Intel(R) Management Engine Components\IPT;C:\Program Files (x86)\Intel\Intel(R) Management Engine Components\DAL;C:\Program Files (x86)\Intel\Intel(R) Management Engine Components\IPT;C:\Program Files\Intel\WiFi\bin\;C:\Program Files\Common Files\Intel\WirelessCommon\;D:\Program Files (x86)\jZip\jZip;C:\Program Files\Java\jdk1.7.0_60\bin;D:\Volante_Installs\utils\apache-ant-1.9.0\bin;D:\Volante_Installs\utils\apache-maven-3.0.4\bin;D:\IBM\MQ\bin64;D:\IBM\MQ\bin;D:\IBM\MQ\tools\c\samples\bin;C:\Program Files\Intel\WiFi\bin\;C:\Program Files\Common Files\Intel\WirelessCommon\;.
Nov 06, 2014 5:04:28 PM org.apache.tomcat.util.digester.SetPropertiesRule begin
WARNING: [SetPropertiesRule]{Server/Service/Engine/Host/Context} Setting property 'debug' to 'true' did not find a matching property.
Nov 06, 2014 5:04:28 PM org.apache.tomcat.util.digester.SetPropertiesRule begin
WARNING: [SetPropertiesRule]{Server/Service/Engine/Host/Context} Setting property 'debug' to 'true' did not find a matching property.
Nov 06, 2014 5:04:28 PM org.apache.coyote.http11.Http11Protocol init
INFO: Initializing Coyote HTTP/1.1 on http-8090
Nov 06, 2014 5:04:28 PM org.apache.catalina.startup.Catalina load
INFO: Initialization processed in 540 ms
Nov 06, 2014 5:04:28 PM org.apache.catalina.core.StandardService start
INFO: Starting service Catalina
Nov 06, 2014 5:04:28 PM org.apache.catalina.core.StandardEngine start
INFO: Starting Servlet Engine: Apache Tomcat/6.0.35
Nov 06, 2014 5:04:29 PM org.apache.catalina.startup.HostConfig deployDescriptor
INFO: Deploying configuration descriptor host-manager.xml
Nov 06, 2014 5:04:29 PM org.apache.catalina.startup.HostConfig deployDescriptor
INFO: Deploying configuration descriptor manager.xml
Nov 06, 2014 5:04:29 PM org.apache.catalina.startup.HostConfig deployWAR
INFO: Deploying web application archive messageprocessor.war
Nov 06, 2014 5:04:29 PM org.apache.catalina.startup.HostConfig deployWAR
INFO: Deploying web application archive sadcdemodash.war
Nov 06, 2014 5:04:29 PM org.apache.catalina.startup.HostConfig deployWAR
INFO: Deploying web application archive vte.war
Nov 06, 2014 5:04:29 PM org.apache.catalina.startup.HostConfig deployDirectory
INFO: Deploying web application directory docs
Nov 06, 2014 5:04:30 PM org.apache.catalina.startup.HostConfig deployDirectory
INFO: Deploying web application directory examples
Nov 06, 2014 5:04:30 PM org.apache.catalina.startup.HostConfig deployDirectory
INFO: Deploying web application directory ROOT
Nov 06, 2014 5:04:30 PM org.apache.coyote.http11.Http11Protocol start
INFO: Starting Coyote HTTP/1.1 on http-8090
Nov 06, 2014 5:04:30 PM org.apache.jk.common.ChannelSocket init
INFO: JK: ajp13 listening on /0.0.0.0:8009
Nov 06, 2014 5:04:30 PM org.apache.jk.server.JkMain start
INFO: Jk running ID=0 time=0/24  config=null
Nov 06, 2014 5:04:30 PM org.apache.catalina.startup.Catalina start
INFO: Server startup in 1440 ms
