May 12, 2015 2:55:28 PM org.apache.catalina.core.ApplicationContext log
INFO: SessionListener: contextDestroyed()
May 12, 2015 2:55:28 PM org.apache.catalina.core.ApplicationContext log
INFO: ContextListener: contextDestroyed()
May 12, 2015 2:56:58 PM org.apache.catalina.core.ApplicationContext log
INFO: ContextListener: contextInitialized()
May 12, 2015 2:56:58 PM org.apache.catalina.core.ApplicationContext log
INFO: SessionListener: contextInitialized()
May 12, 2015 3:28:34 PM org.apache.catalina.core.ApplicationContext log
INFO: SessionListener: contextDestroyed()
May 12, 2015 3:28:34 PM org.apache.catalina.core.ApplicationContext log
INFO: ContextListener: contextDestroyed()
May 12, 2015 3:29:58 PM org.apache.catalina.core.ApplicationContext log
INFO: ContextListener: contextInitialized()
May 12, 2015 3:29:58 PM org.apache.catalina.core.ApplicationContext log
INFO: SessionListener: contextInitialized()
May 12, 2015 3:56:28 PM org.apache.catalina.core.ApplicationContext log
INFO: SessionListener: contextDestroyed()
May 12, 2015 3:56:28 PM org.apache.catalina.core.ApplicationContext log
INFO: ContextListener: contextDestroyed()
May 12, 2015 3:57:39 PM org.apache.catalina.core.ApplicationContext log
INFO: ContextListener: contextInitialized()
May 12, 2015 3:57:39 PM org.apache.catalina.core.ApplicationContext log
INFO: SessionListener: contextInitialized()
