May 07, 2014 10:50:18 AM org.apache.catalina.core.ApplicationContext log
INFO: ContextListener: contextInitialized()
May 07, 2014 10:50:18 AM org.apache.catalina.core.ApplicationContext log
INFO: SessionListener: contextInitialized()
May 07, 2014 11:32:40 AM org.apache.catalina.core.ApplicationContext log
INFO: SessionListener: contextDestroyed()
May 07, 2014 11:32:40 AM org.apache.catalina.core.ApplicationContext log
INFO: ContextListener: contextDestroyed()
May 07, 2014 11:32:46 AM org.apache.catalina.core.ApplicationContext log
INFO: ContextListener: contextInitialized()
May 07, 2014 11:32:46 AM org.apache.catalina.core.ApplicationContext log
INFO: SessionListener: contextInitialized()
May 07, 2014 11:35:30 AM org.apache.catalina.core.ApplicationContext log
INFO: SessionListener: contextDestroyed()
May 07, 2014 11:35:30 AM org.apache.catalina.core.ApplicationContext log
INFO: ContextListener: contextDestroyed()
May 07, 2014 11:35:56 AM org.apache.catalina.core.ApplicationContext log
INFO: ContextListener: contextInitialized()
May 07, 2014 11:35:56 AM org.apache.catalina.core.ApplicationContext log
INFO: SessionListener: contextInitialized()
May 07, 2014 11:52:51 AM org.apache.catalina.core.ApplicationContext log
INFO: SessionListener: contextDestroyed()
May 07, 2014 11:52:51 AM org.apache.catalina.core.ApplicationContext log
INFO: ContextListener: contextDestroyed()
May 07, 2014 11:54:42 AM org.apache.catalina.core.ApplicationContext log
INFO: ContextListener: contextInitialized()
May 07, 2014 11:54:42 AM org.apache.catalina.core.ApplicationContext log
INFO: SessionListener: contextInitialized()
May 07, 2014 11:55:18 AM org.apache.catalina.core.ApplicationContext log
INFO: SessionListener: contextDestroyed()
May 07, 2014 11:55:18 AM org.apache.catalina.core.ApplicationContext log
INFO: ContextListener: contextDestroyed()
May 07, 2014 11:55:29 AM org.apache.catalina.core.ApplicationContext log
INFO: ContextListener: contextInitialized()
May 07, 2014 11:55:29 AM org.apache.catalina.core.ApplicationContext log
INFO: SessionListener: contextInitialized()
May 07, 2014 11:55:48 AM org.apache.catalina.core.ApplicationContext log
INFO: SessionListener: contextDestroyed()
May 07, 2014 11:55:48 AM org.apache.catalina.core.ApplicationContext log
INFO: ContextListener: contextDestroyed()
May 07, 2014 11:56:03 AM org.apache.catalina.core.ApplicationContext log
INFO: ContextListener: contextInitialized()
May 07, 2014 11:56:03 AM org.apache.catalina.core.ApplicationContext log
INFO: SessionListener: contextInitialized()
May 07, 2014 11:57:47 AM org.apache.catalina.core.ApplicationContext log
INFO: SessionListener: contextDestroyed()
May 07, 2014 11:57:47 AM org.apache.catalina.core.ApplicationContext log
INFO: ContextListener: contextDestroyed()
May 07, 2014 11:59:27 AM org.apache.catalina.core.ApplicationContext log
INFO: ContextListener: contextInitialized()
May 07, 2014 11:59:27 AM org.apache.catalina.core.ApplicationContext log
INFO: SessionListener: contextInitialized()
May 07, 2014 5:52:25 PM org.apache.catalina.core.ApplicationContext log
INFO: SessionListener: contextDestroyed()
May 07, 2014 5:52:25 PM org.apache.catalina.core.ApplicationContext log
INFO: ContextListener: contextDestroyed()
