Nov 06, 2014 9:54:55 AM org.apache.catalina.core.ApplicationContext log
INFO: ContextListener: contextInitialized()
Nov 06, 2014 9:54:55 AM org.apache.catalina.core.ApplicationContext log
INFO: SessionListener: contextInitialized()
Nov 06, 2014 3:45:59 PM org.apache.catalina.core.ApplicationContext log
INFO: SessionListener: contextDestroyed()
Nov 06, 2014 3:45:59 PM org.apache.catalina.core.ApplicationContext log
INFO: ContextListener: contextDestroyed()
Nov 06, 2014 4:39:16 PM org.apache.catalina.core.ApplicationContext log
INFO: ContextListener: contextInitialized()
Nov 06, 2014 4:39:16 PM org.apache.catalina.core.ApplicationContext log
INFO: SessionListener: contextInitialized()
Nov 06, 2014 4:58:31 PM org.apache.catalina.core.StandardWrapperValve invoke
SEVERE: Servlet.service() for servlet jsp threw exception
org.hsqldb.HsqlException: connection exception: connection failure: java.net.SocketException: Connection reset by peer: socket write error
	at org.hsqldb.error.Error.error(Unknown Source)
	at org.hsqldb.error.Error.error(Unknown Source)
	at org.hsqldb.ClientConnection.execute(Unknown Source)
	at org.hsqldb.jdbc.JDBCPreparedStatement.<init>(Unknown Source)
	at org.hsqldb.jdbc.JDBCConnection.prepareStatement(Unknown Source)
	at com.tplus.transform.runtime.PersistenceSession$StatementInfo.<init>(AbstractPersistenceManager.java:1344)
	at com.tplus.transform.runtime.PersistenceSession.createPreparedStatement(AbstractPersistenceManager.java:1260)
	at com.tplus.transform.runtime.AbstractPersistenceManager.createPreparedStatement(AbstractPersistenceManager.java:141)
	at com.tplus.transform.runtime.AbstractPersistenceManager.selectCollection0(AbstractPersistenceManager.java:738)
	at com.tplus.transform.runtime.AbstractPersistenceManager.selectCollection(AbstractPersistenceManager.java:690)
	at com.tplus.transform.runtime.AbstractPersistenceManager.find(AbstractPersistenceManager.java:581)
	at com.tplus.transform.runtime.AbstractPersistenceManager.find(AbstractPersistenceManager.java:574)
	at com.tplus.transform.runtime.volante.PersistenceManagerVolante$24.run(PersistenceManagerVolante.java:259)
	at com.tplus.transform.runtime.volante.DeclarativeTransactionalExecutor.start0(DeclarativeTransactionalExecutor.java:137)
	at com.tplus.transform.runtime.volante.DeclarativeTransactionalExecutor.start(DeclarativeTransactionalExecutor.java:113)
	at com.tplus.transform.runtime.volante.PersistenceManagerVolante.find(PersistenceManagerVolante.java:257)
	at com.tplus.transform.runtime.proxy.PersistenceManagerProxy.find(PersistenceManagerProxy.java:32)
	at org.apache.jsp.application.Search.master_jsp._jspService(master_jsp.java:502)
	at org.apache.jasper.runtime.HttpJspBase.service(HttpJspBase.java:70)
	at javax.servlet.http.HttpServlet.service(HttpServlet.java:717)
	at org.apache.jasper.servlet.JspServletWrapper.service(JspServletWrapper.java:388)
	at org.apache.jasper.servlet.JspServlet.serviceJspFile(JspServlet.java:313)
	at org.apache.jasper.servlet.JspServlet.service(JspServlet.java:260)
	at javax.servlet.http.HttpServlet.service(HttpServlet.java:717)
	at org.apache.catalina.core.ApplicationFilterChain.internalDoFilter(ApplicationFilterChain.java:290)
	at org.apache.catalina.core.ApplicationFilterChain.doFilter(ApplicationFilterChain.java:206)
	at org.apache.catalina.core.StandardWrapperValve.invoke(StandardWrapperValve.java:233)
	at org.apache.catalina.core.StandardContextValve.invoke(StandardContextValve.java:191)
	at org.apache.catalina.core.StandardHostValve.invoke(StandardHostValve.java:127)
	at org.apache.catalina.valves.ErrorReportValve.invoke(ErrorReportValve.java:102)
	at org.apache.catalina.core.StandardEngineValve.invoke(StandardEngineValve.java:109)
	at org.apache.catalina.connector.CoyoteAdapter.service(CoyoteAdapter.java:293)
	at org.apache.coyote.http11.Http11Processor.process(Http11Processor.java:859)
	at org.apache.coyote.http11.Http11Protocol$Http11ConnectionHandler.process(Http11Protocol.java:602)
	at org.apache.tomcat.util.net.JIoEndpoint$Worker.run(JIoEndpoint.java:489)
	at java.lang.Thread.run(Unknown Source)

Nov 06, 2014 5:04:04 PM org.apache.catalina.core.StandardWrapperValve invoke
SEVERE: Servlet.service() for servlet jsp threw exception
java.net.ConnectException: Connection refused: connect
	at java.net.DualStackPlainSocketImpl.connect0(Native Method)
	at java.net.DualStackPlainSocketImpl.socketConnect(Unknown Source)
	at java.net.AbstractPlainSocketImpl.doConnect(Unknown Source)
	at java.net.AbstractPlainSocketImpl.connectToAddress(Unknown Source)
	at java.net.AbstractPlainSocketImpl.connect(Unknown Source)
	at java.net.PlainSocketImpl.connect(Unknown Source)
	at java.net.SocksSocketImpl.connect(Unknown Source)
	at java.net.Socket.connect(Unknown Source)
	at java.net.Socket.connect(Unknown Source)
	at java.net.Socket.<init>(Unknown Source)
	at java.net.Socket.<init>(Unknown Source)
	at org.hsqldb.server.HsqlSocketFactory.createSocket(Unknown Source)
	at org.hsqldb.ClientConnection.openConnection(Unknown Source)
	at org.hsqldb.ClientConnection.initConnection(Unknown Source)
	at org.hsqldb.ClientConnection.<init>(Unknown Source)
	at org.hsqldb.jdbc.JDBCConnection.<init>(Unknown Source)
	at org.hsqldb.jdbc.JDBCDriver.getConnection(Unknown Source)
	at org.hsqldb.jdbc.JDBCDriver.connect(Unknown Source)
	at com.volante.component.server.jdbc.AbstractJDBCDriverConnectionPool.connect(AbstractJDBCDriverConnectionPool.java:130)
	at com.volante.component.server.jdbc.AbstractJDBCDriverConnectionPool.getConnection(AbstractJDBCDriverConnectionPool.java:109)
	at com.volante.component.server.jdbc.AbstractManagedConnectionPool.getConnection(AbstractManagedConnectionPool.java:55)
	at com.tplus.transform.runtime.AbstractPersistenceManager.getConnection(AbstractPersistenceManager.java:904)
	at com.tplus.transform.runtime.AbstractPersistenceManager.initConnection(AbstractPersistenceManager.java:879)
	at com.tplus.transform.runtime.AbstractPersistenceManager.initSession(AbstractPersistenceManager.java:250)
	at com.tplus.transform.runtime.AbstractPersistenceManager.selectCollection(AbstractPersistenceManager.java:688)
	at com.tplus.transform.runtime.AbstractPersistenceManager.find(AbstractPersistenceManager.java:581)
	at com.tplus.transform.runtime.AbstractPersistenceManager.find(AbstractPersistenceManager.java:574)
	at com.tplus.transform.runtime.volante.PersistenceManagerVolante$24.run(PersistenceManagerVolante.java:259)
	at com.tplus.transform.runtime.volante.DeclarativeTransactionalExecutor.start0(DeclarativeTransactionalExecutor.java:137)
	at com.tplus.transform.runtime.volante.DeclarativeTransactionalExecutor.start(DeclarativeTransactionalExecutor.java:113)
	at com.tplus.transform.runtime.volante.PersistenceManagerVolante.find(PersistenceManagerVolante.java:257)
	at com.tplus.transform.runtime.proxy.PersistenceManagerProxy.find(PersistenceManagerProxy.java:32)
	at org.apache.jsp.application.Search.master_jsp._jspService(master_jsp.java:502)
	at org.apache.jasper.runtime.HttpJspBase.service(HttpJspBase.java:70)
	at javax.servlet.http.HttpServlet.service(HttpServlet.java:717)
	at org.apache.jasper.servlet.JspServletWrapper.service(JspServletWrapper.java:388)
	at org.apache.jasper.servlet.JspServlet.serviceJspFile(JspServlet.java:313)
	at org.apache.jasper.servlet.JspServlet.service(JspServlet.java:260)
	at javax.servlet.http.HttpServlet.service(HttpServlet.java:717)
	at org.apache.catalina.core.ApplicationFilterChain.internalDoFilter(ApplicationFilterChain.java:290)
	at org.apache.catalina.core.ApplicationFilterChain.doFilter(ApplicationFilterChain.java:206)
	at org.apache.catalina.core.StandardWrapperValve.invoke(StandardWrapperValve.java:233)
	at org.apache.catalina.core.StandardContextValve.invoke(StandardContextValve.java:191)
	at org.apache.catalina.core.StandardHostValve.invoke(StandardHostValve.java:127)
	at org.apache.catalina.valves.ErrorReportValve.invoke(ErrorReportValve.java:102)
	at org.apache.catalina.core.StandardEngineValve.invoke(StandardEngineValve.java:109)
	at org.apache.catalina.connector.CoyoteAdapter.service(CoyoteAdapter.java:293)
	at org.apache.coyote.http11.Http11Processor.process(Http11Processor.java:859)
	at org.apache.coyote.http11.Http11Protocol$Http11ConnectionHandler.process(Http11Protocol.java:602)
	at org.apache.tomcat.util.net.JIoEndpoint$Worker.run(JIoEndpoint.java:489)
	at java.lang.Thread.run(Unknown Source)

Nov 06, 2014 5:04:15 PM org.apache.catalina.core.ApplicationContext log
INFO: SessionListener: contextDestroyed()
Nov 06, 2014 5:04:15 PM org.apache.catalina.core.ApplicationContext log
INFO: ContextListener: contextDestroyed()
Nov 06, 2014 5:04:30 PM org.apache.catalina.core.ApplicationContext log
INFO: ContextListener: contextInitialized()
Nov 06, 2014 5:04:30 PM org.apache.catalina.core.ApplicationContext log
INFO: SessionListener: contextInitialized()
Nov 06, 2014 5:04:41 PM org.apache.catalina.core.StandardWrapperValve invoke
SEVERE: Servlet.service() for servlet jsp threw exception
java.net.ConnectException: Connection refused: connect
	at java.net.DualStackPlainSocketImpl.connect0(Native Method)
	at java.net.DualStackPlainSocketImpl.socketConnect(Unknown Source)
	at java.net.AbstractPlainSocketImpl.doConnect(Unknown Source)
	at java.net.AbstractPlainSocketImpl.connectToAddress(Unknown Source)
	at java.net.AbstractPlainSocketImpl.connect(Unknown Source)
	at java.net.PlainSocketImpl.connect(Unknown Source)
	at java.net.SocksSocketImpl.connect(Unknown Source)
	at java.net.Socket.connect(Unknown Source)
	at java.net.Socket.connect(Unknown Source)
	at java.net.Socket.<init>(Unknown Source)
	at java.net.Socket.<init>(Unknown Source)
	at org.hsqldb.server.HsqlSocketFactory.createSocket(Unknown Source)
	at org.hsqldb.ClientConnection.openConnection(Unknown Source)
	at org.hsqldb.ClientConnection.initConnection(Unknown Source)
	at org.hsqldb.ClientConnection.<init>(Unknown Source)
	at org.hsqldb.jdbc.JDBCConnection.<init>(Unknown Source)
	at org.hsqldb.jdbc.JDBCDriver.getConnection(Unknown Source)
	at org.hsqldb.jdbc.JDBCDriver.connect(Unknown Source)
	at com.volante.component.server.jdbc.AbstractJDBCDriverConnectionPool.connect(AbstractJDBCDriverConnectionPool.java:130)
	at com.volante.component.server.jdbc.AbstractJDBCDriverConnectionPool.getConnection(AbstractJDBCDriverConnectionPool.java:109)
	at com.volante.component.server.jdbc.AbstractManagedConnectionPool.getConnection(AbstractManagedConnectionPool.java:55)
	at com.tplus.transform.runtime.AbstractPersistenceManager.getConnection(AbstractPersistenceManager.java:904)
	at com.tplus.transform.runtime.AbstractPersistenceManager.initConnection(AbstractPersistenceManager.java:879)
	at com.tplus.transform.runtime.AbstractPersistenceManager.initSession(AbstractPersistenceManager.java:250)
	at com.tplus.transform.runtime.AbstractPersistenceManager.selectCollection(AbstractPersistenceManager.java:688)
	at com.tplus.transform.runtime.AbstractPersistenceManager.find(AbstractPersistenceManager.java:581)
	at com.tplus.transform.runtime.AbstractPersistenceManager.find(AbstractPersistenceManager.java:574)
	at com.tplus.transform.runtime.volante.PersistenceManagerVolante$24.run(PersistenceManagerVolante.java:259)
	at com.tplus.transform.runtime.volante.DeclarativeTransactionalExecutor.start0(DeclarativeTransactionalExecutor.java:137)
	at com.tplus.transform.runtime.volante.DeclarativeTransactionalExecutor.start(DeclarativeTransactionalExecutor.java:113)
	at com.tplus.transform.runtime.volante.PersistenceManagerVolante.find(PersistenceManagerVolante.java:257)
	at com.tplus.transform.runtime.proxy.PersistenceManagerProxy.find(PersistenceManagerProxy.java:32)
	at org.apache.jsp.application.Search.master_jsp._jspService(master_jsp.java:502)
	at org.apache.jasper.runtime.HttpJspBase.service(HttpJspBase.java:70)
	at javax.servlet.http.HttpServlet.service(HttpServlet.java:717)
	at org.apache.jasper.servlet.JspServletWrapper.service(JspServletWrapper.java:388)
	at org.apache.jasper.servlet.JspServlet.serviceJspFile(JspServlet.java:313)
	at org.apache.jasper.servlet.JspServlet.service(JspServlet.java:260)
	at javax.servlet.http.HttpServlet.service(HttpServlet.java:717)
	at org.apache.catalina.core.ApplicationFilterChain.internalDoFilter(ApplicationFilterChain.java:290)
	at org.apache.catalina.core.ApplicationFilterChain.doFilter(ApplicationFilterChain.java:206)
	at org.apache.catalina.core.StandardWrapperValve.invoke(StandardWrapperValve.java:233)
	at org.apache.catalina.core.StandardContextValve.invoke(StandardContextValve.java:191)
	at org.apache.catalina.core.StandardHostValve.invoke(StandardHostValve.java:127)
	at org.apache.catalina.valves.ErrorReportValve.invoke(ErrorReportValve.java:102)
	at org.apache.catalina.core.StandardEngineValve.invoke(StandardEngineValve.java:109)
	at org.apache.catalina.connector.CoyoteAdapter.service(CoyoteAdapter.java:293)
	at org.apache.coyote.http11.Http11Processor.process(Http11Processor.java:859)
	at org.apache.coyote.http11.Http11Protocol$Http11ConnectionHandler.process(Http11Protocol.java:602)
	at org.apache.tomcat.util.net.JIoEndpoint$Worker.run(JIoEndpoint.java:489)
	at java.lang.Thread.run(Unknown Source)

Nov 06, 2014 5:04:50 PM org.apache.catalina.core.StandardWrapperValve invoke
SEVERE: Servlet.service() for servlet jsp threw exception
java.net.ConnectException: Connection refused: connect
	at java.net.DualStackPlainSocketImpl.connect0(Native Method)
	at java.net.DualStackPlainSocketImpl.socketConnect(Unknown Source)
	at java.net.AbstractPlainSocketImpl.doConnect(Unknown Source)
	at java.net.AbstractPlainSocketImpl.connectToAddress(Unknown Source)
	at java.net.AbstractPlainSocketImpl.connect(Unknown Source)
	at java.net.PlainSocketImpl.connect(Unknown Source)
	at java.net.SocksSocketImpl.connect(Unknown Source)
	at java.net.Socket.connect(Unknown Source)
	at java.net.Socket.connect(Unknown Source)
	at java.net.Socket.<init>(Unknown Source)
	at java.net.Socket.<init>(Unknown Source)
	at org.hsqldb.server.HsqlSocketFactory.createSocket(Unknown Source)
	at org.hsqldb.ClientConnection.openConnection(Unknown Source)
	at org.hsqldb.ClientConnection.initConnection(Unknown Source)
	at org.hsqldb.ClientConnection.<init>(Unknown Source)
	at org.hsqldb.jdbc.JDBCConnection.<init>(Unknown Source)
	at org.hsqldb.jdbc.JDBCDriver.getConnection(Unknown Source)
	at org.hsqldb.jdbc.JDBCDriver.connect(Unknown Source)
	at com.volante.component.server.jdbc.AbstractJDBCDriverConnectionPool.connect(AbstractJDBCDriverConnectionPool.java:130)
	at com.volante.component.server.jdbc.AbstractJDBCDriverConnectionPool.getConnection(AbstractJDBCDriverConnectionPool.java:109)
	at com.volante.component.server.jdbc.AbstractManagedConnectionPool.getConnection(AbstractManagedConnectionPool.java:55)
	at com.tplus.transform.runtime.AbstractPersistenceManager.getConnection(AbstractPersistenceManager.java:904)
	at com.tplus.transform.runtime.AbstractPersistenceManager.initConnection(AbstractPersistenceManager.java:879)
	at com.tplus.transform.runtime.AbstractPersistenceManager.initSession(AbstractPersistenceManager.java:250)
	at com.tplus.transform.runtime.AbstractPersistenceManager.selectCollection(AbstractPersistenceManager.java:688)
	at com.tplus.transform.runtime.AbstractPersistenceManager.find(AbstractPersistenceManager.java:581)
	at com.tplus.transform.runtime.AbstractPersistenceManager.find(AbstractPersistenceManager.java:574)
	at com.tplus.transform.runtime.volante.PersistenceManagerVolante$24.run(PersistenceManagerVolante.java:259)
	at com.tplus.transform.runtime.volante.DeclarativeTransactionalExecutor.start0(DeclarativeTransactionalExecutor.java:137)
	at com.tplus.transform.runtime.volante.DeclarativeTransactionalExecutor.start(DeclarativeTransactionalExecutor.java:113)
	at com.tplus.transform.runtime.volante.PersistenceManagerVolante.find(PersistenceManagerVolante.java:257)
	at com.tplus.transform.runtime.proxy.PersistenceManagerProxy.find(PersistenceManagerProxy.java:32)
	at org.apache.jsp.application.Search.master_jsp._jspService(master_jsp.java:502)
	at org.apache.jasper.runtime.HttpJspBase.service(HttpJspBase.java:70)
	at javax.servlet.http.HttpServlet.service(HttpServlet.java:717)
	at org.apache.jasper.servlet.JspServletWrapper.service(JspServletWrapper.java:388)
	at org.apache.jasper.servlet.JspServlet.serviceJspFile(JspServlet.java:313)
	at org.apache.jasper.servlet.JspServlet.service(JspServlet.java:260)
	at javax.servlet.http.HttpServlet.service(HttpServlet.java:717)
	at org.apache.catalina.core.ApplicationFilterChain.internalDoFilter(ApplicationFilterChain.java:290)
	at org.apache.catalina.core.ApplicationFilterChain.doFilter(ApplicationFilterChain.java:206)
	at org.apache.catalina.core.StandardWrapperValve.invoke(StandardWrapperValve.java:233)
	at org.apache.catalina.core.StandardContextValve.invoke(StandardContextValve.java:191)
	at org.apache.catalina.core.StandardHostValve.invoke(StandardHostValve.java:127)
	at org.apache.catalina.valves.ErrorReportValve.invoke(ErrorReportValve.java:102)
	at org.apache.catalina.core.StandardEngineValve.invoke(StandardEngineValve.java:109)
	at org.apache.catalina.connector.CoyoteAdapter.service(CoyoteAdapter.java:293)
	at org.apache.coyote.http11.Http11Processor.process(Http11Processor.java:859)
	at org.apache.coyote.http11.Http11Protocol$Http11ConnectionHandler.process(Http11Protocol.java:602)
	at org.apache.tomcat.util.net.JIoEndpoint$Worker.run(JIoEndpoint.java:489)
	at java.lang.Thread.run(Unknown Source)

Nov 06, 2014 5:05:28 PM org.apache.catalina.core.StandardWrapperValve invoke
SEVERE: Servlet.service() for servlet jsp threw exception
java.net.ConnectException: Connection refused: connect
	at java.net.DualStackPlainSocketImpl.connect0(Native Method)
	at java.net.DualStackPlainSocketImpl.socketConnect(Unknown Source)
	at java.net.AbstractPlainSocketImpl.doConnect(Unknown Source)
	at java.net.AbstractPlainSocketImpl.connectToAddress(Unknown Source)
	at java.net.AbstractPlainSocketImpl.connect(Unknown Source)
	at java.net.PlainSocketImpl.connect(Unknown Source)
	at java.net.SocksSocketImpl.connect(Unknown Source)
	at java.net.Socket.connect(Unknown Source)
	at java.net.Socket.connect(Unknown Source)
	at java.net.Socket.<init>(Unknown Source)
	at java.net.Socket.<init>(Unknown Source)
	at org.hsqldb.server.HsqlSocketFactory.createSocket(Unknown Source)
	at org.hsqldb.ClientConnection.openConnection(Unknown Source)
	at org.hsqldb.ClientConnection.initConnection(Unknown Source)
	at org.hsqldb.ClientConnection.<init>(Unknown Source)
	at org.hsqldb.jdbc.JDBCConnection.<init>(Unknown Source)
	at org.hsqldb.jdbc.JDBCDriver.getConnection(Unknown Source)
	at org.hsqldb.jdbc.JDBCDriver.connect(Unknown Source)
	at com.volante.component.server.jdbc.AbstractJDBCDriverConnectionPool.connect(AbstractJDBCDriverConnectionPool.java:130)
	at com.volante.component.server.jdbc.AbstractJDBCDriverConnectionPool.getConnection(AbstractJDBCDriverConnectionPool.java:109)
	at com.volante.component.server.jdbc.AbstractManagedConnectionPool.getConnection(AbstractManagedConnectionPool.java:55)
	at com.tplus.transform.runtime.AbstractPersistenceManager.getConnection(AbstractPersistenceManager.java:904)
	at com.tplus.transform.runtime.AbstractPersistenceManager.initConnection(AbstractPersistenceManager.java:879)
	at com.tplus.transform.runtime.AbstractPersistenceManager.initSession(AbstractPersistenceManager.java:250)
	at com.tplus.transform.runtime.AbstractPersistenceManager.selectCollection(AbstractPersistenceManager.java:688)
	at com.tplus.transform.runtime.AbstractPersistenceManager.find(AbstractPersistenceManager.java:606)
	at com.tplus.transform.runtime.AbstractPersistenceManager.find(AbstractPersistenceManager.java:669)
	at com.tplus.transform.runtime.AbstractPersistenceManager.find(AbstractPersistenceManager.java:663)
	at com.tplus.transform.runtime.volante.PersistenceManagerVolante$20.run(PersistenceManagerVolante.java:223)
	at com.tplus.transform.runtime.volante.DeclarativeTransactionalExecutor.start0(DeclarativeTransactionalExecutor.java:137)
	at com.tplus.transform.runtime.volante.DeclarativeTransactionalExecutor.start(DeclarativeTransactionalExecutor.java:113)
	at com.tplus.transform.runtime.volante.PersistenceManagerVolante.find(PersistenceManagerVolante.java:221)
	at com.tplus.transform.runtime.proxy.PersistenceManagerProxy.find(PersistenceManagerProxy.java:77)
	at com.tplus.transform.runtime.webforms.core.QueryTag.doEndTag(QueryTag.java:64)
	at org.apache.jsp.index_jsp._jspService(index_jsp.java:191)
	at org.apache.jasper.runtime.HttpJspBase.service(HttpJspBase.java:70)
	at javax.servlet.http.HttpServlet.service(HttpServlet.java:717)
	at org.apache.jasper.servlet.JspServletWrapper.service(JspServletWrapper.java:388)
	at org.apache.jasper.servlet.JspServlet.serviceJspFile(JspServlet.java:313)
	at org.apache.jasper.servlet.JspServlet.service(JspServlet.java:260)
	at javax.servlet.http.HttpServlet.service(HttpServlet.java:717)
	at org.apache.catalina.core.ApplicationFilterChain.internalDoFilter(ApplicationFilterChain.java:290)
	at org.apache.catalina.core.ApplicationFilterChain.doFilter(ApplicationFilterChain.java:206)
	at org.apache.catalina.core.StandardWrapperValve.invoke(StandardWrapperValve.java:233)
	at org.apache.catalina.core.StandardContextValve.invoke(StandardContextValve.java:191)
	at org.apache.catalina.core.StandardHostValve.invoke(StandardHostValve.java:127)
	at org.apache.catalina.valves.ErrorReportValve.invoke(ErrorReportValve.java:102)
	at org.apache.catalina.core.StandardEngineValve.invoke(StandardEngineValve.java:109)
	at org.apache.catalina.connector.CoyoteAdapter.service(CoyoteAdapter.java:293)
	at org.apache.coyote.http11.Http11Processor.process(Http11Processor.java:859)
	at org.apache.coyote.http11.Http11Protocol$Http11ConnectionHandler.process(Http11Protocol.java:602)
	at org.apache.tomcat.util.net.JIoEndpoint$Worker.run(JIoEndpoint.java:489)
	at java.lang.Thread.run(Unknown Source)

