Jun 08, 2015 8:22:31 AM org.apache.catalina.core.ApplicationContext log
INFO: ContextListener: contextInitialized()
Jun 08, 2015 8:22:31 AM org.apache.catalina.core.ApplicationContext log
INFO: SessionListener: contextInitialized()
Jun 08, 2015 8:22:37 AM org.apache.catalina.core.ApplicationContext log
INFO: SessionListener: contextDestroyed()
Jun 08, 2015 8:22:37 AM org.apache.catalina.core.ApplicationContext log
INFO: ContextListener: contextDestroyed()
Jun 08, 2015 8:23:36 AM org.apache.catalina.core.ApplicationContext log
INFO: ContextListener: contextInitialized()
Jun 08, 2015 8:23:36 AM org.apache.catalina.core.ApplicationContext log
INFO: SessionListener: contextInitialized()
Jun 08, 2015 8:24:39 AM org.apache.catalina.core.ApplicationContext log
INFO: SessionListener: contextDestroyed()
Jun 08, 2015 8:24:39 AM org.apache.catalina.core.ApplicationContext log
INFO: ContextListener: contextDestroyed()
Jun 08, 2015 8:25:54 AM org.apache.catalina.core.ApplicationContext log
INFO: ContextListener: contextInitialized()
Jun 08, 2015 8:25:54 AM org.apache.catalina.core.ApplicationContext log
INFO: SessionListener: contextInitialized()
Jun 08, 2015 9:04:20 AM org.apache.catalina.core.ApplicationContext log
INFO: SessionListener: contextDestroyed()
Jun 08, 2015 9:04:20 AM org.apache.catalina.core.ApplicationContext log
INFO: ContextListener: contextDestroyed()
Jun 08, 2015 9:06:24 AM org.apache.catalina.core.ApplicationContext log
INFO: ContextListener: contextInitialized()
Jun 08, 2015 9:06:24 AM org.apache.catalina.core.ApplicationContext log
INFO: SessionListener: contextInitialized()
Jun 08, 2015 9:08:18 AM org.apache.catalina.core.ApplicationContext log
INFO: SessionListener: contextDestroyed()
Jun 08, 2015 9:08:18 AM org.apache.catalina.core.ApplicationContext log
INFO: ContextListener: contextDestroyed()
Jun 08, 2015 9:09:43 AM org.apache.catalina.core.ApplicationContext log
INFO: ContextListener: contextInitialized()
Jun 08, 2015 9:09:43 AM org.apache.catalina.core.ApplicationContext log
INFO: SessionListener: contextInitialized()
Jun 08, 2015 9:12:26 AM org.apache.catalina.core.ApplicationContext log
INFO: SessionListener: contextDestroyed()
Jun 08, 2015 9:12:26 AM org.apache.catalina.core.ApplicationContext log
INFO: ContextListener: contextDestroyed()
Jun 08, 2015 9:13:11 AM org.apache.catalina.core.ApplicationContext log
INFO: ContextListener: contextInitialized()
Jun 08, 2015 9:13:11 AM org.apache.catalina.core.ApplicationContext log
INFO: SessionListener: contextInitialized()
Jun 08, 2015 9:14:47 AM org.apache.catalina.core.ApplicationContext log
INFO: SessionListener: contextDestroyed()
Jun 08, 2015 9:14:47 AM org.apache.catalina.core.ApplicationContext log
INFO: ContextListener: contextDestroyed()
Jun 08, 2015 9:15:10 AM org.apache.catalina.core.ApplicationContext log
INFO: ContextListener: contextInitialized()
Jun 08, 2015 9:15:10 AM org.apache.catalina.core.ApplicationContext log
INFO: SessionListener: contextInitialized()
Jun 08, 2015 5:02:03 PM org.apache.catalina.core.ApplicationContext log
INFO: ContextListener: contextInitialized()
Jun 08, 2015 5:02:03 PM org.apache.catalina.core.ApplicationContext log
INFO: SessionListener: contextInitialized()
