Aug 13, 2015 9:58:11 AM org.apache.catalina.core.ApplicationContext log
INFO: ContextListener: contextInitialized()
Aug 13, 2015 9:58:11 AM org.apache.catalina.core.ApplicationContext log
INFO: SessionListener: contextInitialized()
Aug 13, 2015 9:59:14 AM org.apache.catalina.core.ApplicationContext log
INFO: SessionListener: contextDestroyed()
Aug 13, 2015 9:59:14 AM org.apache.catalina.core.ApplicationContext log
INFO: ContextListener: contextDestroyed()
Aug 13, 2015 9:59:44 AM org.apache.catalina.core.ApplicationContext log
INFO: ContextListener: contextInitialized()
Aug 13, 2015 9:59:44 AM org.apache.catalina.core.ApplicationContext log
INFO: SessionListener: contextInitialized()
Aug 13, 2015 10:23:47 AM org.apache.catalina.core.ApplicationContext log
INFO: SessionListener: contextDestroyed()
Aug 13, 2015 10:23:47 AM org.apache.catalina.core.ApplicationContext log
INFO: ContextListener: contextDestroyed()
Aug 13, 2015 10:28:15 AM org.apache.catalina.core.ApplicationContext log
INFO: ContextListener: contextInitialized()
Aug 13, 2015 10:28:15 AM org.apache.catalina.core.ApplicationContext log
INFO: SessionListener: contextInitialized()
Aug 13, 2015 10:28:34 AM org.apache.catalina.core.ApplicationContext log
INFO: SessionListener: contextDestroyed()
Aug 13, 2015 10:28:34 AM org.apache.catalina.core.ApplicationContext log
INFO: ContextListener: contextDestroyed()
Aug 13, 2015 10:29:09 AM org.apache.catalina.core.ApplicationContext log
INFO: ContextListener: contextInitialized()
Aug 13, 2015 10:29:09 AM org.apache.catalina.core.ApplicationContext log
INFO: SessionListener: contextInitialized()
Aug 13, 2015 10:31:12 AM org.apache.catalina.core.ApplicationContext log
INFO: SessionListener: contextDestroyed()
Aug 13, 2015 10:31:12 AM org.apache.catalina.core.ApplicationContext log
INFO: ContextListener: contextDestroyed()
Aug 13, 2015 10:32:07 AM org.apache.catalina.core.ApplicationContext log
INFO: ContextListener: contextInitialized()
Aug 13, 2015 10:32:07 AM org.apache.catalina.core.ApplicationContext log
INFO: SessionListener: contextInitialized()
Aug 13, 2015 10:34:57 AM org.apache.catalina.core.ApplicationContext log
INFO: SessionListener: contextDestroyed()
Aug 13, 2015 10:34:57 AM org.apache.catalina.core.ApplicationContext log
INFO: ContextListener: contextDestroyed()
Aug 13, 2015 10:36:29 AM org.apache.catalina.core.ApplicationContext log
INFO: ContextListener: contextInitialized()
Aug 13, 2015 10:36:29 AM org.apache.catalina.core.ApplicationContext log
INFO: SessionListener: contextInitialized()
Aug 13, 2015 10:38:25 AM org.apache.catalina.core.ApplicationContext log
INFO: SessionListener: contextDestroyed()
Aug 13, 2015 10:38:25 AM org.apache.catalina.core.ApplicationContext log
INFO: ContextListener: contextDestroyed()
Aug 13, 2015 10:39:40 AM org.apache.catalina.core.ApplicationContext log
INFO: ContextListener: contextInitialized()
Aug 13, 2015 10:39:40 AM org.apache.catalina.core.ApplicationContext log
INFO: SessionListener: contextInitialized()
Aug 13, 2015 10:40:03 AM org.apache.catalina.core.ApplicationContext log
INFO: SessionListener: contextDestroyed()
Aug 13, 2015 10:40:03 AM org.apache.catalina.core.ApplicationContext log
INFO: ContextListener: contextDestroyed()
Aug 13, 2015 10:42:13 AM org.apache.catalina.core.ApplicationContext log
INFO: ContextListener: contextInitialized()
Aug 13, 2015 10:42:13 AM org.apache.catalina.core.ApplicationContext log
INFO: SessionListener: contextInitialized()
Aug 13, 2015 10:48:22 AM org.apache.catalina.core.ApplicationContext log
INFO: SessionListener: contextDestroyed()
Aug 13, 2015 10:48:22 AM org.apache.catalina.core.ApplicationContext log
INFO: ContextListener: contextDestroyed()
Aug 13, 2015 10:55:17 AM org.apache.catalina.core.ApplicationContext log
INFO: ContextListener: contextInitialized()
Aug 13, 2015 10:55:17 AM org.apache.catalina.core.ApplicationContext log
INFO: SessionListener: contextInitialized()
Aug 13, 2015 11:04:18 AM org.apache.catalina.core.ApplicationContext log
INFO: SessionListener: contextDestroyed()
Aug 13, 2015 11:04:18 AM org.apache.catalina.core.ApplicationContext log
INFO: ContextListener: contextDestroyed()
Aug 13, 2015 11:07:57 AM org.apache.catalina.core.ApplicationContext log
INFO: ContextListener: contextInitialized()
Aug 13, 2015 11:07:57 AM org.apache.catalina.core.ApplicationContext log
INFO: SessionListener: contextInitialized()
Aug 13, 2015 11:09:36 AM org.apache.catalina.core.ApplicationContext log
INFO: SessionListener: contextDestroyed()
Aug 13, 2015 11:09:36 AM org.apache.catalina.core.ApplicationContext log
INFO: ContextListener: contextDestroyed()
Aug 13, 2015 11:10:06 AM org.apache.catalina.core.ApplicationContext log
INFO: ContextListener: contextInitialized()
Aug 13, 2015 11:10:06 AM org.apache.catalina.core.ApplicationContext log
INFO: SessionListener: contextInitialized()
Aug 13, 2015 11:10:49 AM org.apache.catalina.core.ApplicationContext log
INFO: SessionListener: contextDestroyed()
Aug 13, 2015 11:10:49 AM org.apache.catalina.core.ApplicationContext log
INFO: ContextListener: contextDestroyed()
