May 20, 2013 11:39:07 AM org.apache.catalina.core.ApplicationContext log
INFO: ContextListener: contextInitialized()
May 20, 2013 11:39:07 AM org.apache.catalina.core.ApplicationContext log
INFO: SessionListener: contextInitialized()
May 20, 2013 11:54:55 AM org.apache.catalina.core.ApplicationContext log
INFO: SessionListener: contextDestroyed()
May 20, 2013 11:54:55 AM org.apache.catalina.core.ApplicationContext log
INFO: ContextListener: contextDestroyed()
May 20, 2013 11:55:16 AM org.apache.catalina.core.ApplicationContext log
INFO: ContextListener: contextInitialized()
May 20, 2013 11:55:16 AM org.apache.catalina.core.ApplicationContext log
INFO: SessionListener: contextInitialized()
May 20, 2013 11:56:09 AM org.apache.catalina.core.ApplicationContext log
INFO: SessionListener: contextDestroyed()
May 20, 2013 11:56:09 AM org.apache.catalina.core.ApplicationContext log
INFO: ContextListener: contextDestroyed()
May 20, 2013 11:56:19 AM org.apache.catalina.core.ApplicationContext log
INFO: ContextListener: contextInitialized()
May 20, 2013 11:56:19 AM org.apache.catalina.core.ApplicationContext log
INFO: SessionListener: contextInitialized()
May 20, 2013 11:57:18 AM org.apache.catalina.core.ApplicationContext log
INFO: SessionListener: contextDestroyed()
May 20, 2013 11:57:18 AM org.apache.catalina.core.ApplicationContext log
INFO: ContextListener: contextDestroyed()
May 20, 2013 11:57:22 AM org.apache.catalina.core.ApplicationContext log
INFO: ContextListener: contextInitialized()
May 20, 2013 11:57:22 AM org.apache.catalina.core.ApplicationContext log
INFO: SessionListener: contextInitialized()
May 20, 2013 11:59:16 AM org.apache.catalina.core.ApplicationContext log
INFO: SessionListener: contextDestroyed()
May 20, 2013 11:59:16 AM org.apache.catalina.core.ApplicationContext log
INFO: ContextListener: contextDestroyed()
May 20, 2013 11:59:21 AM org.apache.catalina.core.ApplicationContext log
INFO: ContextListener: contextInitialized()
May 20, 2013 11:59:21 AM org.apache.catalina.core.ApplicationContext log
INFO: SessionListener: contextInitialized()
May 20, 2013 11:59:56 AM org.apache.catalina.core.ApplicationContext log
INFO: SessionListener: contextDestroyed()
May 20, 2013 11:59:56 AM org.apache.catalina.core.ApplicationContext log
INFO: ContextListener: contextDestroyed()
May 20, 2013 12:00:53 PM org.apache.catalina.core.ApplicationContext log
INFO: ContextListener: contextInitialized()
May 20, 2013 12:00:53 PM org.apache.catalina.core.ApplicationContext log
INFO: SessionListener: contextInitialized()
May 20, 2013 2:41:12 PM org.apache.catalina.core.ApplicationContext log
INFO: SessionListener: contextDestroyed()
May 20, 2013 2:41:12 PM org.apache.catalina.core.ApplicationContext log
INFO: ContextListener: contextDestroyed()
