Aug 20, 2014 11:59:27 AM org.apache.catalina.core.StandardWrapperValve invoke
SEVERE: Servlet.service() for servlet jsp threw exception
java.sql.SQLSyntaxErrorException: user lacks privilege or object not found: TBL_MESSAGEINFO
	at org.hsqldb.jdbc.Util.sqlException(Unknown Source)
	at org.hsqldb.jdbc.Util.sqlException(Unknown Source)
	at org.hsqldb.jdbc.JDBCPreparedStatement.<init>(Unknown Source)
	at org.hsqldb.jdbc.JDBCConnection.prepareStatement(Unknown Source)
	at com.tplus.transform.runtime.PersistenceSession$StatementInfo.<init>(AbstractPersistenceManager.java:1344)
	at com.tplus.transform.runtime.PersistenceSession.createPreparedStatement(AbstractPersistenceManager.java:1260)
	at com.tplus.transform.runtime.AbstractPersistenceManager.createPreparedStatement(AbstractPersistenceManager.java:141)
	at com.tplus.transform.runtime.AbstractPersistenceManager.selectCollection0(AbstractPersistenceManager.java:738)
	at com.tplus.transform.runtime.AbstractPersistenceManager.selectCollection(AbstractPersistenceManager.java:690)
	at com.tplus.transform.runtime.AbstractPersistenceManager.find(AbstractPersistenceManager.java:581)
	at com.tplus.transform.runtime.AbstractPersistenceManager.find(AbstractPersistenceManager.java:574)
	at com.tplus.transform.runtime.volante.PersistenceManagerVolante$24.run(PersistenceManagerVolante.java:259)
	at com.tplus.transform.runtime.volante.DeclarativeTransactionalExecutor.start0(DeclarativeTransactionalExecutor.java:137)
	at com.tplus.transform.runtime.volante.DeclarativeTransactionalExecutor.start(DeclarativeTransactionalExecutor.java:113)
	at com.tplus.transform.runtime.volante.PersistenceManagerVolante.find(PersistenceManagerVolante.java:257)
	at com.tplus.transform.runtime.proxy.PersistenceManagerProxy.find(PersistenceManagerProxy.java:32)
	at org.apache.jsp.application.Search.master_jsp._jspService(master_jsp.java:499)
	at org.apache.jasper.runtime.HttpJspBase.service(HttpJspBase.java:70)
	at javax.servlet.http.HttpServlet.service(HttpServlet.java:717)
	at org.apache.jasper.servlet.JspServletWrapper.service(JspServletWrapper.java:388)
	at org.apache.jasper.servlet.JspServlet.serviceJspFile(JspServlet.java:313)
	at org.apache.jasper.servlet.JspServlet.service(JspServlet.java:260)
	at javax.servlet.http.HttpServlet.service(HttpServlet.java:717)
	at org.apache.catalina.core.ApplicationFilterChain.internalDoFilter(ApplicationFilterChain.java:290)
	at org.apache.catalina.core.ApplicationFilterChain.doFilter(ApplicationFilterChain.java:206)
	at org.apache.catalina.core.StandardWrapperValve.invoke(StandardWrapperValve.java:233)
	at org.apache.catalina.core.StandardContextValve.invoke(StandardContextValve.java:191)
	at org.apache.catalina.core.StandardHostValve.invoke(StandardHostValve.java:127)
	at org.apache.catalina.valves.ErrorReportValve.invoke(ErrorReportValve.java:102)
	at org.apache.catalina.core.StandardEngineValve.invoke(StandardEngineValve.java:109)
	at org.apache.catalina.connector.CoyoteAdapter.service(CoyoteAdapter.java:293)
	at org.apache.coyote.http11.Http11Processor.process(Http11Processor.java:859)
	at org.apache.coyote.http11.Http11Protocol$Http11ConnectionHandler.process(Http11Protocol.java:602)
	at org.apache.tomcat.util.net.JIoEndpoint$Worker.run(JIoEndpoint.java:489)
	at java.lang.Thread.run(Unknown Source)

