Mar 04, 2014 9:21:10 AM org.apache.catalina.core.ApplicationContext log
INFO: ContextListener: contextInitialized()
Mar 04, 2014 9:21:10 AM org.apache.catalina.core.ApplicationContext log
INFO: SessionListener: contextInitialized()
Mar 04, 2014 9:27:04 AM org.apache.catalina.core.ApplicationContext log
INFO: SessionListener: contextDestroyed()
Mar 04, 2014 9:27:04 AM org.apache.catalina.core.ApplicationContext log
INFO: ContextListener: contextDestroyed()
Mar 04, 2014 9:27:14 AM org.apache.catalina.core.ApplicationContext log
INFO: ContextListener: contextInitialized()
Mar 04, 2014 9:27:14 AM org.apache.catalina.core.ApplicationContext log
INFO: SessionListener: contextInitialized()
Mar 04, 2014 4:35:32 PM org.apache.catalina.core.ApplicationContext log
INFO: SessionListener: contextDestroyed()
Mar 04, 2014 4:35:32 PM org.apache.catalina.core.ApplicationContext log
INFO: ContextListener: contextDestroyed()
Mar 04, 2014 4:54:27 PM org.apache.catalina.core.ApplicationContext log
INFO: ContextListener: contextInitialized()
Mar 04, 2014 4:54:27 PM org.apache.catalina.core.ApplicationContext log
INFO: SessionListener: contextInitialized()
Mar 04, 2014 5:04:57 PM org.apache.catalina.core.ApplicationContext log
INFO: SessionListener: contextDestroyed()
Mar 04, 2014 5:04:57 PM org.apache.catalina.core.ApplicationContext log
INFO: ContextListener: contextDestroyed()
Mar 04, 2014 5:08:52 PM org.apache.catalina.core.ApplicationContext log
INFO: ContextListener: contextInitialized()
Mar 04, 2014 5:08:52 PM org.apache.catalina.core.ApplicationContext log
INFO: SessionListener: contextInitialized()
