May 11, 2015 4:57:54 PM org.apache.catalina.core.ApplicationContext log
INFO: ContextListener: contextInitialized()
May 11, 2015 4:57:54 PM org.apache.catalina.core.ApplicationContext log
INFO: SessionListener: contextInitialized()
May 11, 2015 5:01:58 PM org.apache.catalina.core.ApplicationContext log
INFO: SessionListener: contextDestroyed()
May 11, 2015 5:01:58 PM org.apache.catalina.core.ApplicationContext log
INFO: ContextListener: contextDestroyed()
May 11, 2015 5:05:22 PM org.apache.catalina.core.ApplicationContext log
INFO: ContextListener: contextInitialized()
May 11, 2015 5:05:22 PM org.apache.catalina.core.ApplicationContext log
INFO: SessionListener: contextInitialized()
May 11, 2015 5:07:23 PM org.apache.catalina.core.ApplicationContext log
INFO: SessionListener: contextDestroyed()
May 11, 2015 5:07:23 PM org.apache.catalina.core.ApplicationContext log
INFO: ContextListener: contextDestroyed()
May 11, 2015 5:08:11 PM org.apache.catalina.core.ApplicationContext log
INFO: ContextListener: contextInitialized()
May 11, 2015 5:08:11 PM org.apache.catalina.core.ApplicationContext log
INFO: SessionListener: contextInitialized()
May 11, 2015 5:16:02 PM org.apache.catalina.core.ApplicationContext log
INFO: SessionListener: contextDestroyed()
May 11, 2015 5:16:02 PM org.apache.catalina.core.ApplicationContext log
INFO: ContextListener: contextDestroyed()
May 11, 2015 5:19:36 PM org.apache.catalina.core.ApplicationContext log
INFO: ContextListener: contextInitialized()
May 11, 2015 5:19:36 PM org.apache.catalina.core.ApplicationContext log
INFO: SessionListener: contextInitialized()
May 11, 2015 5:25:18 PM org.apache.catalina.core.ApplicationContext log
INFO: SessionListener: contextDestroyed()
May 11, 2015 5:25:18 PM org.apache.catalina.core.ApplicationContext log
INFO: ContextListener: contextDestroyed()
May 11, 2015 5:26:21 PM org.apache.catalina.core.ApplicationContext log
INFO: ContextListener: contextInitialized()
May 11, 2015 5:26:21 PM org.apache.catalina.core.ApplicationContext log
INFO: SessionListener: contextInitialized()
May 11, 2015 5:28:30 PM org.apache.catalina.core.ApplicationContext log
INFO: SessionListener: contextDestroyed()
May 11, 2015 5:28:30 PM org.apache.catalina.core.ApplicationContext log
INFO: ContextListener: contextDestroyed()
May 11, 2015 5:29:43 PM org.apache.catalina.core.ApplicationContext log
INFO: ContextListener: contextInitialized()
May 11, 2015 5:29:43 PM org.apache.catalina.core.ApplicationContext log
INFO: SessionListener: contextInitialized()
May 11, 2015 5:53:21 PM org.apache.catalina.core.ApplicationContext log
INFO: SessionListener: contextDestroyed()
May 11, 2015 5:53:21 PM org.apache.catalina.core.ApplicationContext log
INFO: ContextListener: contextDestroyed()
May 11, 2015 5:53:32 PM org.apache.catalina.core.ApplicationContext log
INFO: ContextListener: contextInitialized()
May 11, 2015 5:53:32 PM org.apache.catalina.core.ApplicationContext log
INFO: SessionListener: contextInitialized()
May 11, 2015 7:06:00 PM org.apache.catalina.core.ApplicationContext log
INFO: SessionListener: contextDestroyed()
May 11, 2015 7:06:00 PM org.apache.catalina.core.ApplicationContext log
INFO: ContextListener: contextDestroyed()
May 11, 2015 7:07:08 PM org.apache.catalina.core.ApplicationContext log
INFO: ContextListener: contextInitialized()
May 11, 2015 7:07:08 PM org.apache.catalina.core.ApplicationContext log
INFO: SessionListener: contextInitialized()
