Oct 21, 2014 1:32:34 PM org.apache.catalina.core.ApplicationContext log
INFO: ContextListener: contextInitialized()
Oct 21, 2014 1:32:34 PM org.apache.catalina.core.ApplicationContext log
INFO: SessionListener: contextInitialized()
Oct 21, 2014 1:32:41 PM org.apache.catalina.core.ApplicationContext log
INFO: SessionListener: contextDestroyed()
Oct 21, 2014 1:32:41 PM org.apache.catalina.core.ApplicationContext log
INFO: ContextListener: contextDestroyed()
Oct 21, 2014 1:33:15 PM org.apache.catalina.core.ApplicationContext log
INFO: ContextListener: contextInitialized()
Oct 21, 2014 1:33:15 PM org.apache.catalina.core.ApplicationContext log
INFO: SessionListener: contextInitialized()
Oct 21, 2014 4:57:05 PM org.apache.catalina.core.ApplicationContext log
INFO: SessionListener: contextDestroyed()
Oct 21, 2014 4:57:05 PM org.apache.catalina.core.ApplicationContext log
INFO: ContextListener: contextDestroyed()
Oct 21, 2014 5:54:29 PM org.apache.catalina.core.ApplicationContext log
INFO: ContextListener: contextInitialized()
Oct 21, 2014 5:54:29 PM org.apache.catalina.core.ApplicationContext log
INFO: SessionListener: contextInitialized()
Oct 21, 2014 8:17:35 PM org.apache.catalina.core.ApplicationContext log
INFO: SessionListener: contextDestroyed()
Oct 21, 2014 8:17:35 PM org.apache.catalina.core.ApplicationContext log
INFO: ContextListener: contextDestroyed()
Oct 21, 2014 8:17:48 PM org.apache.catalina.core.ApplicationContext log
INFO: ContextListener: contextInitialized()
Oct 21, 2014 8:17:48 PM org.apache.catalina.core.ApplicationContext log
INFO: SessionListener: contextInitialized()
Oct 21, 2014 9:40:39 PM org.apache.catalina.core.ApplicationContext log
INFO: SessionListener: contextDestroyed()
Oct 21, 2014 9:40:39 PM org.apache.catalina.core.ApplicationContext log
INFO: ContextListener: contextDestroyed()
Oct 21, 2014 9:41:35 PM org.apache.catalina.core.ApplicationContext log
INFO: ContextListener: contextInitialized()
Oct 21, 2014 9:41:35 PM org.apache.catalina.core.ApplicationContext log
INFO: SessionListener: contextInitialized()
Oct 21, 2014 9:46:55 PM org.apache.catalina.core.ApplicationContext log
INFO: SessionListener: contextDestroyed()
Oct 21, 2014 9:46:55 PM org.apache.catalina.core.ApplicationContext log
INFO: ContextListener: contextDestroyed()
Oct 21, 2014 9:47:00 PM org.apache.catalina.core.ApplicationContext log
INFO: ContextListener: contextInitialized()
Oct 21, 2014 9:47:00 PM org.apache.catalina.core.ApplicationContext log
INFO: SessionListener: contextInitialized()
Oct 21, 2014 10:57:53 PM org.apache.catalina.core.ApplicationContext log
INFO: SessionListener: contextDestroyed()
Oct 21, 2014 10:57:53 PM org.apache.catalina.core.ApplicationContext log
INFO: ContextListener: contextDestroyed()
